#***************************************************************************

#sjplacer

#Version:            1.1

#Build Date:         Dec  5 2017 15:35:27

#File Generated:     May 8 2019 18:01:20

#Purpose:            

#Copyright (C) 2010-2011 by Softjin Technologies Pvt Ltd. All rights reserved.

#***************************************************************************

Executing : C:\Program Files (x86)\Cypress\PSoC Creator\4.2\PSoC Creator\bin/sjplacer.exe --proj-name Motorstyring --netlist-vh2 Motorstyring_p.vh2 --arch p35_udb4x6 --arch-file C:\Program Files (x86)\Cypress\PSoC Creator\4.2\PSoC Creator\dev\arch/udbdsi_4x6_24.cydata --ip-file C:\Program Files (x86)\Cypress\PSoC Creator\4.2\PSoC Creator\dev\psoc5/psoc5lp/ip_blocks.cydata --rrg-file C:\Program Files (x86)\Cypress\PSoC Creator\4.2\PSoC Creator\dev\psoc5/psoc5lp/route_arch-rrg.cydata --irq-file C:\Program Files (x86)\Cypress\PSoC Creator\4.2\PSoC Creator\dev\psoc5/psoc5lp/irqconn.cydata --drq-file C:\Program Files (x86)\Cypress\PSoC Creator\4.2\PSoC Creator\dev\psoc5/psoc5lp/dmaconn.cydata --dsi-conn-file C:\Program Files (x86)\Cypress\PSoC Creator\4.2\PSoC Creator\dev\psoc5/psoc5lp/dsiconn.cydata --pins-file pins_68-QFN.xml --lib-file Motorstyring_p.lib --sdc-file Motorstyring.sdc --io-pcf Motorstyring.pci --outdir .

		Softjin Techologies Placer, Version 1.1

Build Date : Dec  5 2017	15:33:41

D2004: Option and Settings Summary
=============================================================
Netlist vh2 file          - Motorstyring_p.vh2
Architecture file         - C:\Program Files (x86)\Cypress\PSoC Creator\4.2\PSoC Creator\dev\arch/udbdsi_4x6_24.cydata
Package                   - 
Defparam file             - 
SDC file                  - Motorstyring.sdc
Output directory          - .
Timing library            - Motorstyring_p.lib
IO Placement file         - Motorstyring.pci

D2050: Starting reading inputs for placer
=============================================================
D2065: Reading netlist file : "Motorstyring_p.vh2"
D2065: Reading arch file : "C:\Program Files (x86)\Cypress\PSoC Creator\4.2\PSoC Creator\dev\arch/udbdsi_4x6_24.cydata"
D2051: Reading of inputs for placer completed successfully

D2053: Starting placement of the design
=============================================================

Phase 2
Phase 3

Design Statistics after Packing
    Number of Combinational MCs 	:	32
    Number of Sequential MCs    	:	37
    Number of DPs               	:	6
    Number of Controls          	:	7
    Number of Status            	:	6
    Number of SyncCells         	:	4
    Number of count7cells       	:	2

Device Utilization Summary after Packing
    Macrocells                  :	69/192
    UDBS                        :	11/24
    IOs                         :	21/72


D2088: Phase 3, elapsed time : 0.0 (sec)

Phase 4
D2088: Phase 4, elapsed time : 0.0 (sec)

Phase 5
D2088: Phase 5, elapsed time : 0.0 (sec)

Phase 6

######################################################################
Placement Timing Summary

The timing summary is based on estimated routing delays after
placement. For final timing report, please carry out the timing
analysis after routing.
======================================================================

######################################################################
                     Clock Summary 
======================================================================
Number of clocks: 16
Clock: ADC_calL_theACLK     | Frequency: N/A       | Target:   1.6 MHz
Clock: ADC_calL_theACLK(fixed-function) | Frequency: N/A       | Target:   1.6 MHz
Clock: ADC_calR_theACLK     | Frequency: N/A       | Target:   1.6 MHz
Clock: ADC_calR_theACLK(fixed-function) | Frequency: N/A       | Target:   1.6 MHz
Clock: Clock_1              | Frequency:  85.3 MHz | Target:  12.0 MHz
Clock: Clock_2              | Frequency:  84.0 MHz | Target:   0.0 MHz
Clock: Clock_3              | Frequency:  47.0 MHz | Target:   0.0 MHz
Clock: CyBUS_CLK            | Frequency:  47.0 MHz | Target:  24.0 MHz
Clock: CyBUS_CLK(fixed-function) | Frequency: N/A       | Target:  24.0 MHz
Clock: CyBUS_CLK(routed)    | Frequency:  43.6 MHz | Target:  24.0 MHz
Clock: CyILO                | Frequency: N/A       | Target:   0.0 MHz
Clock: CyIMO                | Frequency: N/A       | Target:   3.0 MHz
Clock: CyMASTER_CLK         | Frequency: N/A       | Target:  24.0 MHz
Clock: CyPLL_OUT            | Frequency: N/A       | Target:  24.0 MHz
Clock: SCLK_1(0)_PAD        | Frequency:  45.2 MHz | Target:   0.1 MHz
Clock: UART_1_IntClock      | Frequency:  51.4 MHz | Target:   0.5 MHz

======================================================================
                     End of Clock Summary
######################################################################

D2088: Phase 6, elapsed time : 0.1 (sec)

Phase 7
######################################################################
                     Clock Summary 
======================================================================
Number of clocks: 16
Clock: ADC_calL_theACLK     | Frequency: N/A       | Target:   1.6 MHz
Clock: ADC_calL_theACLK(fixed-function) | Frequency: N/A       | Target:   1.6 MHz
Clock: ADC_calR_theACLK     | Frequency: N/A       | Target:   1.6 MHz
Clock: ADC_calR_theACLK(fixed-function) | Frequency: N/A       | Target:   1.6 MHz
Clock: Clock_1              | Frequency:  85.3 MHz | Target:  12.0 MHz
Clock: Clock_2              | Frequency:  84.0 MHz | Target:   0.0 MHz
Clock: Clock_3              | Frequency:   2.3 MHz | Target:   0.0 MHz
Clock: CyBUS_CLK            | Frequency:   2.3 MHz | Target:  24.0 MHz
Clock: CyBUS_CLK(fixed-function) | Frequency: N/A       | Target:  24.0 MHz
Clock: CyBUS_CLK(routed)    | Frequency:  42.3 MHz | Target:  24.0 MHz
Clock: CyILO                | Frequency: N/A       | Target:   0.0 MHz
Clock: CyIMO                | Frequency: N/A       | Target:   3.0 MHz
Clock: CyMASTER_CLK         | Frequency: N/A       | Target:  24.0 MHz
Clock: CyPLL_OUT            | Frequency: N/A       | Target:  24.0 MHz
Clock: SCLK_1(0)_PAD        | Frequency:  45.2 MHz | Target:   0.1 MHz
Clock: UART_1_IntClock      | Frequency:   2.8 MHz | Target:   0.5 MHz

======================================================================
                     End of Clock Summary
######################################################################
D2088: Phase 7, elapsed time : 1.1 (sec)

Final Design Statistics
    Number of Combinational MCs 	:	32
    Number of Sequential MCs    	:	37
    Number of DPs               	:	6
    Number of Controls          	:	7
    Number of Status            	:	6
    Number of SyncCells         	:	4
    Number of count7cells       	:	2
    Number of IOs       	:	21

Device Utilization Summary
    Macrocells                  :	69/192
    IOs                         :	21/72



######################################################################
Placement Timing Summary

The timing summary is based on estimated routing delays after
placement. For final timing report, please carry out the timing
analysis after routing.
======================================================================


######################################################################
                     Clock Summary 
======================================================================
Number of clocks: 16
Clock: ADC_calL_theACLK     | Frequency: N/A       | Target:   1.6 MHz
Clock: ADC_calL_theACLK(fixed-function) | Frequency: N/A       | Target:   1.6 MHz
Clock: ADC_calR_theACLK     | Frequency: N/A       | Target:   1.6 MHz
Clock: ADC_calR_theACLK(fixed-function) | Frequency: N/A       | Target:   1.6 MHz
Clock: Clock_1              | Frequency:  77.2 MHz | Target:  12.0 MHz
Clock: Clock_2              | Frequency:  81.7 MHz | Target:   0.0 MHz
Clock: Clock_3              | Frequency:   2.4 MHz | Target:   0.0 MHz
Clock: CyBUS_CLK            | Frequency:   2.4 MHz | Target:  24.0 MHz
Clock: CyBUS_CLK(fixed-function) | Frequency: N/A       | Target:  24.0 MHz
Clock: CyBUS_CLK(routed)    | Frequency:  43.0 MHz | Target:  24.0 MHz
Clock: CyILO                | Frequency: N/A       | Target:   0.0 MHz
Clock: CyIMO                | Frequency: N/A       | Target:   3.0 MHz
Clock: CyMASTER_CLK         | Frequency: N/A       | Target:  24.0 MHz
Clock: CyPLL_OUT            | Frequency: N/A       | Target:  24.0 MHz
Clock: SCLK_1(0)_PAD        | Frequency:  41.7 MHz | Target:   0.1 MHz
Clock: UART_1_IntClock      | Frequency:   2.9 MHz | Target:   0.5 MHz

======================================================================
                     End of Clock Summary
######################################################################

Phase 8
D2088: Phase 8, elapsed time : 0.0 (sec)

D2054: Placement of the design completed successfully

I2076: Total run-time: 2.5 sec.

