ARM GAS  C:\Users\bella\AppData\Local\Temp\cccTo0GT.s 			page 1


   1              		.syntax unified
   2              		.cpu cortex-m3
   3              		.fpu softvfp
   4              		.eabi_attribute 20, 1
   5              		.eabi_attribute 21, 1
   6              		.eabi_attribute 23, 3
   7              		.eabi_attribute 24, 1
   8              		.eabi_attribute 25, 1
   9              		.eabi_attribute 26, 1
  10              		.eabi_attribute 30, 1
  11              		.eabi_attribute 34, 1
  12              		.eabi_attribute 18, 4
  13              		.thumb
  14              		.syntax unified
  15              		.file	"cymetadata.c"
  16              		.text
  17              	.Ltext0:
  18              		.cfi_sections	.debug_frame
  19              		.global	cy_metadata
  20              		.global	cy_meta_flashprotect
  21              		.global	cy_meta_wonvl
  22              		.global	cy_meta_custnvl
  23              		.global	cy_meta_configecc
  24              		.section	.cyconfigecc,"a",%progbits
  25              		.align	2
  26              		.type	cy_meta_configecc, %object
  27              		.size	cy_meta_configecc, 1832
  28              	cy_meta_configecc:
  29 0000 02       		.byte	2
  30 0001 52       		.byte	82
  31 0002 00       		.byte	0
  32 0003 40       		.byte	64
  33 0004 01       		.byte	1
  34 0005 5B       		.byte	91
  35 0006 00       		.byte	0
  36 0007 40       		.byte	64
  37 0008 05       		.byte	5
  38 0009 64       		.byte	100
  39 000a 00       		.byte	0
  40 000b 40       		.byte	64
  41 000c 03       		.byte	3
  42 000d 65       		.byte	101
  43 000e 00       		.byte	0
  44 000f 40       		.byte	64
  45 0010 49       		.byte	73
  46 0011 04       		.byte	4
  47 0012 01       		.byte	1
  48 0013 40       		.byte	64
  49 0014 3E       		.byte	62
  50 0015 05       		.byte	5
  51 0016 01       		.byte	1
  52 0017 40       		.byte	64
  53 0018 08       		.byte	8
  54 0019 06       		.byte	6
  55 001a 01       		.byte	1
  56 001b 40       		.byte	64
  57 001c 40       		.byte	64
ARM GAS  C:\Users\bella\AppData\Local\Temp\cccTo0GT.s 			page 2


  58 001d 07       		.byte	7
  59 001e 01       		.byte	1
  60 001f 40       		.byte	64
  61 0020 02       		.byte	2
  62 0021 09       		.byte	9
  63 0022 01       		.byte	1
  64 0023 40       		.byte	64
  65 0024 07       		.byte	7
  66 0025 0B       		.byte	11
  67 0026 01       		.byte	1
  68 0027 40       		.byte	64
  69 0028 61       		.byte	97
  70 0029 0C       		.byte	12
  71 002a 01       		.byte	1
  72 002b 40       		.byte	64
  73 002c 3B       		.byte	59
  74 002d 0D       		.byte	13
  75 002e 01       		.byte	1
  76 002f 40       		.byte	64
  77 0030 4D       		.byte	77
  78 0031 14       		.byte	20
  79 0032 01       		.byte	1
  80 0033 40       		.byte	64
  81 0034 4C       		.byte	76
  82 0035 15       		.byte	21
  83 0036 01       		.byte	1
  84 0037 40       		.byte	64
  85 0038 05       		.byte	5
  86 0039 16       		.byte	22
  87 003a 01       		.byte	1
  88 003b 40       		.byte	64
  89 003c 4D       		.byte	77
  90 003d 17       		.byte	23
  91 003e 01       		.byte	1
  92 003f 40       		.byte	64
  93 0040 01       		.byte	1
  94 0041 19       		.byte	25
  95 0042 01       		.byte	1
  96 0043 40       		.byte	64
  97 0044 02       		.byte	2
  98 0045 1B       		.byte	27
  99 0046 01       		.byte	1
 100 0047 40       		.byte	64
 101 0048 07       		.byte	7
 102 0049 40       		.byte	64
 103 004a 01       		.byte	1
 104 004b 40       		.byte	64
 105 004c 03       		.byte	3
 106 004d 41       		.byte	65
 107 004e 01       		.byte	1
 108 004f 40       		.byte	64
 109 0050 05       		.byte	5
 110 0051 42       		.byte	66
 111 0052 01       		.byte	1
 112 0053 40       		.byte	64
 113 0054 05       		.byte	5
 114 0055 43       		.byte	67
ARM GAS  C:\Users\bella\AppData\Local\Temp\cccTo0GT.s 			page 3


 115 0056 01       		.byte	1
 116 0057 40       		.byte	64
 117 0058 02       		.byte	2
 118 0059 44       		.byte	68
 119 005a 01       		.byte	1
 120 005b 40       		.byte	64
 121 005c 0F       		.byte	15
 122 005d 45       		.byte	69
 123 005e 01       		.byte	1
 124 005f 40       		.byte	64
 125 0060 06       		.byte	6
 126 0061 46       		.byte	70
 127 0062 01       		.byte	1
 128 0063 40       		.byte	64
 129 0064 04       		.byte	4
 130 0065 47       		.byte	71
 131 0066 01       		.byte	1
 132 0067 40       		.byte	64
 133 0068 02       		.byte	2
 134 0069 48       		.byte	72
 135 006a 01       		.byte	1
 136 006b 40       		.byte	64
 137 006c 0E       		.byte	14
 138 006d 49       		.byte	73
 139 006e 01       		.byte	1
 140 006f 40       		.byte	64
 141 0070 04       		.byte	4
 142 0071 4C       		.byte	76
 143 0072 01       		.byte	1
 144 0073 40       		.byte	64
 145 0074 08       		.byte	8
 146 0075 4D       		.byte	77
 147 0076 01       		.byte	1
 148 0077 40       		.byte	64
 149 0078 05       		.byte	5
 150 0079 50       		.byte	80
 151 007a 01       		.byte	1
 152 007b 40       		.byte	64
 153 007c 01       		.byte	1
 154 007d 51       		.byte	81
 155 007e 01       		.byte	1
 156 007f 40       		.byte	64
 157 0080 10       		.byte	16
 158 0081 35       		.byte	53
 159 0082 11       		.byte	17
 160 0083 26       		.byte	38
 161 0084 27       		.byte	39
 162 0085 21       		.byte	33
 163 0086 85       		.byte	-123
 164 0087 47       		.byte	71
 165 0088 86       		.byte	-122
 166 0089 0F       		.byte	15
 167 008a 87       		.byte	-121
 168 008b 07       		.byte	7
 169 008c 8C       		.byte	-116
 170 008d 0D       		.byte	13
 171 008e 8D       		.byte	-115
ARM GAS  C:\Users\bella\AppData\Local\Temp\cccTo0GT.s 			page 4


 172 008f 0D       		.byte	13
 173 0090 84       		.byte	-124
 174 0091 38       		.byte	56
 175 0092 85       		.byte	-123
 176 0093 78       		.byte	120
 177 0094 87       		.byte	-121
 178 0095 72       		.byte	114
 179 0096 04       		.byte	4
 180 0097 14       		.byte	20
 181 0098 08       		.byte	8
 182 0099 10       		.byte	16
 183 009a 09       		.byte	9
 184 009b 80       		.byte	-128
 185 009c 0A       		.byte	10
 186 009d AC       		.byte	-84
 187 009e 0B       		.byte	11
 188 009f 13       		.byte	19
 189 00a0 0C       		.byte	12
 190 00a1 0C       		.byte	12
 191 00a2 0E       		.byte	14
 192 00a3 71       		.byte	113
 193 00a4 0F       		.byte	15
 194 00a5 08       		.byte	8
 195 00a6 10       		.byte	16
 196 00a7 10       		.byte	16
 197 00a8 12       		.byte	18
 198 00a9 40       		.byte	64
 199 00aa 14       		.byte	20
 200 00ab DC       		.byte	-36
 201 00ac 15       		.byte	21
 202 00ad 2C       		.byte	44
 203 00ae 16       		.byte	22
 204 00af 22       		.byte	34
 205 00b0 17       		.byte	23
 206 00b1 43       		.byte	67
 207 00b2 1A       		.byte	26
 208 00b3 03       		.byte	3
 209 00b4 1F       		.byte	31
 210 00b5 0C       		.byte	12
 211 00b6 20       		.byte	32
 212 00b7 09       		.byte	9
 213 00b8 21       		.byte	33
 214 00b9 71       		.byte	113
 215 00ba 22       		.byte	34
 216 00bb D0       		.byte	-48
 217 00bc 23       		.byte	35
 218 00bd 0E       		.byte	14
 219 00be 26       		.byte	38
 220 00bf 20       		.byte	32
 221 00c0 29       		.byte	41
 222 00c1 71       		.byte	113
 223 00c2 2B       		.byte	43
 224 00c3 06       		.byte	6
 225 00c4 30       		.byte	48
 226 00c5 E0       		.byte	-32
 227 00c6 33       		.byte	51
 228 00c7 0F       		.byte	15
ARM GAS  C:\Users\bella\AppData\Local\Temp\cccTo0GT.s 			page 5


 229 00c8 34       		.byte	52
 230 00c9 1F       		.byte	31
 231 00ca 35       		.byte	53
 232 00cb 30       		.byte	48
 233 00cc 37       		.byte	55
 234 00cd C0       		.byte	-64
 235 00ce 39       		.byte	57
 236 00cf A0       		.byte	-96
 237 00d0 3A       		.byte	58
 238 00d1 02       		.byte	2
 239 00d2 3B       		.byte	59
 240 00d3 08       		.byte	8
 241 00d4 3F       		.byte	63
 242 00d5 10       		.byte	16
 243 00d6 40       		.byte	64
 244 00d7 02       		.byte	2
 245 00d8 46       		.byte	70
 246 00d9 04       		.byte	4
 247 00da 49       		.byte	73
 248 00db FF       		.byte	-1
 249 00dc 4A       		.byte	74
 250 00dd 07       		.byte	7
 251 00de 4B       		.byte	75
 252 00df FF       		.byte	-1
 253 00e0 4C       		.byte	76
 254 00e1 40       		.byte	64
 255 00e2 4D       		.byte	77
 256 00e3 20       		.byte	32
 257 00e4 4E       		.byte	78
 258 00e5 F0       		.byte	-16
 259 00e6 4F       		.byte	79
 260 00e7 05       		.byte	5
 261 00e8 50       		.byte	80
 262 00e9 08       		.byte	8
 263 00ea 56       		.byte	86
 264 00eb 08       		.byte	8
 265 00ec 58       		.byte	88
 266 00ed 04       		.byte	4
 267 00ee 59       		.byte	89
 268 00ef 04       		.byte	4
 269 00f0 5A       		.byte	90
 270 00f1 04       		.byte	4
 271 00f2 5B       		.byte	91
 272 00f3 04       		.byte	4
 273 00f4 5C       		.byte	92
 274 00f5 11       		.byte	17
 275 00f6 5D       		.byte	93
 276 00f7 21       		.byte	33
 277 00f8 5F       		.byte	95
 278 00f9 01       		.byte	1
 279 00fa 60       		.byte	96
 280 00fb 40       		.byte	64
 281 00fc 61       		.byte	97
 282 00fd A8       		.byte	-88
 283 00fe 62       		.byte	98
 284 00ff 40       		.byte	64
 285 0100 63       		.byte	99
ARM GAS  C:\Users\bella\AppData\Local\Temp\cccTo0GT.s 			page 6


 286 0101 20       		.byte	32
 287 0102 83       		.byte	-125
 288 0103 01       		.byte	1
 289 0104 84       		.byte	-124
 290 0105 08       		.byte	8
 291 0106 8E       		.byte	-114
 292 0107 07       		.byte	7
 293 0108 90       		.byte	-112
 294 0109 05       		.byte	5
 295 010a A2       		.byte	-94
 296 010b 08       		.byte	8
 297 010c A6       		.byte	-90
 298 010d 01       		.byte	1
 299 010e B0       		.byte	-80
 300 010f 02       		.byte	2
 301 0110 B2       		.byte	-78
 302 0111 08       		.byte	8
 303 0112 B3       		.byte	-77
 304 0113 01       		.byte	1
 305 0114 B4       		.byte	-76
 306 0115 04       		.byte	4
 307 0116 B6       		.byte	-74
 308 0117 01       		.byte	1
 309 0118 BE       		.byte	-66
 310 0119 54       		.byte	84
 311 011a D4       		.byte	-44
 312 011b 41       		.byte	65
 313 011c D8       		.byte	-40
 314 011d 04       		.byte	4
 315 011e D9       		.byte	-39
 316 011f 04       		.byte	4
 317 0120 DB       		.byte	-37
 318 0121 04       		.byte	4
 319 0122 DC       		.byte	-36
 320 0123 22       		.byte	34
 321 0124 DD       		.byte	-35
 322 0125 20       		.byte	32
 323 0126 DF       		.byte	-33
 324 0127 01       		.byte	1
 325 0128 00       		.byte	0
 326 0129 40       		.byte	64
 327 012a 01       		.byte	1
 328 012b 20       		.byte	32
 329 012c 02       		.byte	2
 330 012d 20       		.byte	32
 331 012e 06       		.byte	6
 332 012f 01       		.byte	1
 333 0130 07       		.byte	7
 334 0131 20       		.byte	32
 335 0132 08       		.byte	8
 336 0133 10       		.byte	16
 337 0134 09       		.byte	9
 338 0135 08       		.byte	8
 339 0136 0A       		.byte	10
 340 0137 04       		.byte	4
 341 0138 0B       		.byte	11
 342 0139 80       		.byte	-128
ARM GAS  C:\Users\bella\AppData\Local\Temp\cccTo0GT.s 			page 7


 343 013a 0E       		.byte	14
 344 013b 40       		.byte	64
 345 013c 12       		.byte	18
 346 013d 90       		.byte	-112
 347 013e 14       		.byte	20
 348 013f 24       		.byte	36
 349 0140 15       		.byte	21
 350 0141 20       		.byte	32
 351 0142 16       		.byte	22
 352 0143 40       		.byte	64
 353 0144 17       		.byte	23
 354 0145 08       		.byte	8
 355 0146 18       		.byte	24
 356 0147 40       		.byte	64
 357 0148 19       		.byte	25
 358 0149 01       		.byte	1
 359 014a 1A       		.byte	26
 360 014b 04       		.byte	4
 361 014c 1E       		.byte	30
 362 014d 42       		.byte	66
 363 014e 1F       		.byte	31
 364 014f 14       		.byte	20
 365 0150 20       		.byte	32
 366 0151 04       		.byte	4
 367 0152 21       		.byte	33
 368 0153 08       		.byte	8
 369 0154 22       		.byte	34
 370 0155 80       		.byte	-128
 371 0156 27       		.byte	39
 372 0157 20       		.byte	32
 373 0158 29       		.byte	41
 374 0159 21       		.byte	33
 375 015a 31       		.byte	49
 376 015b 08       		.byte	8
 377 015c 32       		.byte	50
 378 015d 80       		.byte	-128
 379 015e 38       		.byte	56
 380 015f 20       		.byte	32
 381 0160 3A       		.byte	58
 382 0161 08       		.byte	8
 383 0162 3B       		.byte	59
 384 0163 84       		.byte	-124
 385 0164 3F       		.byte	63
 386 0165 02       		.byte	2
 387 0166 40       		.byte	64
 388 0167 04       		.byte	4
 389 0168 50       		.byte	80
 390 0169 10       		.byte	16
 391 016a 52       		.byte	82
 392 016b 10       		.byte	16
 393 016c 53       		.byte	83
 394 016d 60       		.byte	96
 395 016e 58       		.byte	88
 396 016f 04       		.byte	4
 397 0170 59       		.byte	89
 398 0171 50       		.byte	80
 399 0172 5B       		.byte	91
ARM GAS  C:\Users\bella\AppData\Local\Temp\cccTo0GT.s 			page 8


 400 0173 01       		.byte	1
 401 0174 5C       		.byte	92
 402 0175 80       		.byte	-128
 403 0176 5E       		.byte	94
 404 0177 20       		.byte	32
 405 0178 5F       		.byte	95
 406 0179 08       		.byte	8
 407 017a 60       		.byte	96
 408 017b 20       		.byte	32
 409 017c 62       		.byte	98
 410 017d 41       		.byte	65
 411 017e 63       		.byte	99
 412 017f 06       		.byte	6
 413 0180 67       		.byte	103
 414 0181 20       		.byte	32
 415 0182 6A       		.byte	106
 416 0183 A0       		.byte	-96
 417 0184 6B       		.byte	107
 418 0185 10       		.byte	16
 419 0186 78       		.byte	120
 420 0187 80       		.byte	-128
 421 0188 7A       		.byte	122
 422 0189 01       		.byte	1
 423 018a 83       		.byte	-125
 424 018b 10       		.byte	16
 425 018c 96       		.byte	-106
 426 018d A0       		.byte	-96
 427 018e B6       		.byte	-74
 428 018f 50       		.byte	80
 429 0190 C0       		.byte	-64
 430 0191 A7       		.byte	-89
 431 0192 C2       		.byte	-62
 432 0193 1E       		.byte	30
 433 0194 C4       		.byte	-60
 434 0195 3C       		.byte	60
 435 0196 CA       		.byte	-54
 436 0197 05       		.byte	5
 437 0198 CC       		.byte	-52
 438 0199 0A       		.byte	10
 439 019a CE       		.byte	-50
 440 019b 8C       		.byte	-116
 441 019c D0       		.byte	-48
 442 019d 04       		.byte	4
 443 019e D6       		.byte	-42
 444 019f 7F       		.byte	127
 445 01a0 D8       		.byte	-40
 446 01a1 4F       		.byte	79
 447 01a2 E0       		.byte	-32
 448 01a3 04       		.byte	4
 449 01a4 04       		.byte	4
 450 01a5 01       		.byte	1
 451 01a6 34       		.byte	52
 452 01a7 01       		.byte	1
 453 01a8 3E       		.byte	62
 454 01a9 10       		.byte	16
 455 01aa 54       		.byte	84
 456 01ab 01       		.byte	1
ARM GAS  C:\Users\bella\AppData\Local\Temp\cccTo0GT.s 			page 9


 457 01ac 58       		.byte	88
 458 01ad 04       		.byte	4
 459 01ae 5B       		.byte	91
 460 01af 04       		.byte	4
 461 01b0 5D       		.byte	93
 462 01b1 10       		.byte	16
 463 01b2 5F       		.byte	95
 464 01b3 01       		.byte	1
 465 01b4 00       		.byte	0
 466 01b5 60       		.byte	96
 467 01b6 03       		.byte	3
 468 01b7 10       		.byte	16
 469 01b8 04       		.byte	4
 470 01b9 08       		.byte	8
 471 01ba 09       		.byte	9
 472 01bb 08       		.byte	8
 473 01bc 0A       		.byte	10
 474 01bd 48       		.byte	72
 475 01be 0B       		.byte	11
 476 01bf 02       		.byte	2
 477 01c0 10       		.byte	16
 478 01c1 04       		.byte	4
 479 01c2 12       		.byte	18
 480 01c3 92       		.byte	-110
 481 01c4 18       		.byte	24
 482 01c5 80       		.byte	-128
 483 01c6 19       		.byte	25
 484 01c7 A0       		.byte	-96
 485 01c8 1A       		.byte	26
 486 01c9 48       		.byte	72
 487 01ca 1E       		.byte	30
 488 01cb 08       		.byte	8
 489 01cc 20       		.byte	32
 490 01cd 06       		.byte	6
 491 01ce 21       		.byte	33
 492 01cf 01       		.byte	1
 493 01d0 23       		.byte	35
 494 01d1 10       		.byte	16
 495 01d2 28       		.byte	40
 496 01d3 90       		.byte	-112
 497 01d4 2A       		.byte	42
 498 01d5 80       		.byte	-128
 499 01d6 30       		.byte	48
 500 01d7 01       		.byte	1
 501 01d8 31       		.byte	49
 502 01d9 81       		.byte	-127
 503 01da 33       		.byte	51
 504 01db 14       		.byte	20
 505 01dc 39       		.byte	57
 506 01dd 59       		.byte	89
 507 01de 40       		.byte	64
 508 01df 40       		.byte	64
 509 01e0 43       		.byte	67
 510 01e1 20       		.byte	32
 511 01e2 49       		.byte	73
 512 01e3 20       		.byte	32
 513 01e4 4A       		.byte	74
ARM GAS  C:\Users\bella\AppData\Local\Temp\cccTo0GT.s 			page 10


 514 01e5 20       		.byte	32
 515 01e6 50       		.byte	80
 516 01e7 04       		.byte	4
 517 01e8 51       		.byte	81
 518 01e9 02       		.byte	2
 519 01ea 52       		.byte	82
 520 01eb 04       		.byte	4
 521 01ec 53       		.byte	83
 522 01ed 01       		.byte	1
 523 01ee 5D       		.byte	93
 524 01ef 80       		.byte	-128
 525 01f0 5E       		.byte	94
 526 01f1 08       		.byte	8
 527 01f2 5F       		.byte	95
 528 01f3 21       		.byte	33
 529 01f4 63       		.byte	99
 530 01f5 10       		.byte	16
 531 01f6 68       		.byte	104
 532 01f7 40       		.byte	64
 533 01f8 69       		.byte	105
 534 01f9 59       		.byte	89
 535 01fa 6A       		.byte	106
 536 01fb 04       		.byte	4
 537 01fc 6B       		.byte	107
 538 01fd 0A       		.byte	10
 539 01fe 78       		.byte	120
 540 01ff 01       		.byte	1
 541 0200 7B       		.byte	123
 542 0201 04       		.byte	4
 543 0202 8C       		.byte	-116
 544 0203 04       		.byte	4
 545 0204 90       		.byte	-112
 546 0205 40       		.byte	64
 547 0206 93       		.byte	-109
 548 0207 08       		.byte	8
 549 0208 95       		.byte	-107
 550 0209 20       		.byte	32
 551 020a 98       		.byte	-104
 552 020b 10       		.byte	16
 553 020c 9A       		.byte	-102
 554 020d 18       		.byte	24
 555 020e 9D       		.byte	-99
 556 020f 70       		.byte	112
 557 0210 9F       		.byte	-97
 558 0211 01       		.byte	1
 559 0212 A1       		.byte	-95
 560 0213 08       		.byte	8
 561 0214 A2       		.byte	-94
 562 0215 80       		.byte	-128
 563 0216 A3       		.byte	-93
 564 0217 24       		.byte	36
 565 0218 A6       		.byte	-90
 566 0219 30       		.byte	48
 567 021a AB       		.byte	-85
 568 021b 04       		.byte	4
 569 021c C0       		.byte	-64
 570 021d 27       		.byte	39
ARM GAS  C:\Users\bella\AppData\Local\Temp\cccTo0GT.s 			page 11


 571 021e C2       		.byte	-62
 572 021f 0F       		.byte	15
 573 0220 C4       		.byte	-60
 574 0221 0F       		.byte	15
 575 0222 CA       		.byte	-54
 576 0223 0B       		.byte	11
 577 0224 CC       		.byte	-52
 578 0225 0F       		.byte	15
 579 0226 CE       		.byte	-50
 580 0227 0F       		.byte	15
 581 0228 D0       		.byte	-48
 582 0229 05       		.byte	5
 583 022a D2       		.byte	-46
 584 022b 04       		.byte	4
 585 022c D6       		.byte	-42
 586 022d F0       		.byte	-16
 587 022e D8       		.byte	-40
 588 022f 02       		.byte	2
 589 0230 DE       		.byte	-34
 590 0231 05       		.byte	5
 591 0232 EE       		.byte	-18
 592 0233 01       		.byte	1
 593 0234 E4       		.byte	-28
 594 0235 40       		.byte	64
 595 0236 EE       		.byte	-18
 596 0237 01       		.byte	1
 597 0238 81       		.byte	-127
 598 0239 04       		.byte	4
 599 023a A5       		.byte	-91
 600 023b 04       		.byte	4
 601 023c AF       		.byte	-81
 602 023d 20       		.byte	32
 603 023e B3       		.byte	-77
 604 023f 04       		.byte	4
 605 0240 B6       		.byte	-74
 606 0241 01       		.byte	1
 607 0242 B7       		.byte	-73
 608 0243 09       		.byte	9
 609 0244 E8       		.byte	-24
 610 0245 52       		.byte	82
 611 0246 01       		.byte	1
 612 0247 02       		.byte	2
 613 0248 05       		.byte	5
 614 0249 08       		.byte	8
 615 024a 07       		.byte	7
 616 024b 04       		.byte	4
 617 024c 0B       		.byte	11
 618 024d 01       		.byte	1
 619 024e 11       		.byte	17
 620 024f 0E       		.byte	14
 621 0250 12       		.byte	18
 622 0251 05       		.byte	5
 623 0252 1E       		.byte	30
 624 0253 04       		.byte	4
 625 0254 26       		.byte	38
 626 0255 09       		.byte	9
 627 0256 29       		.byte	41
ARM GAS  C:\Users\bella\AppData\Local\Temp\cccTo0GT.s 			page 12


 628 0257 01       		.byte	1
 629 0258 2E       		.byte	46
 630 0259 02       		.byte	2
 631 025a 30       		.byte	48
 632 025b 02       		.byte	2
 633 025c 31       		.byte	49
 634 025d 08       		.byte	8
 635 025e 32       		.byte	50
 636 025f 08       		.byte	8
 637 0260 33       		.byte	51
 638 0261 04       		.byte	4
 639 0262 34       		.byte	52
 640 0263 04       		.byte	4
 641 0264 35       		.byte	53
 642 0265 01       		.byte	1
 643 0266 36       		.byte	54
 644 0267 01       		.byte	1
 645 0268 37       		.byte	55
 646 0269 02       		.byte	2
 647 026a 39       		.byte	57
 648 026b 8A       		.byte	-118
 649 026c 3E       		.byte	62
 650 026d 10       		.byte	16
 651 026e 3F       		.byte	63
 652 026f 45       		.byte	69
 653 0270 40       		.byte	64
 654 0271 50       		.byte	80
 655 0272 41       		.byte	65
 656 0273 01       		.byte	1
 657 0274 45       		.byte	69
 658 0275 D0       		.byte	-48
 659 0276 46       		.byte	70
 660 0277 10       		.byte	16
 661 0278 47       		.byte	71
 662 0279 20       		.byte	32
 663 027a 48       		.byte	72
 664 027b 2A       		.byte	42
 665 027c 49       		.byte	73
 666 027d FF       		.byte	-1
 667 027e 4A       		.byte	74
 668 027f FF       		.byte	-1
 669 0280 4B       		.byte	75
 670 0281 FF       		.byte	-1
 671 0282 4D       		.byte	77
 672 0283 A0       		.byte	-96
 673 0284 4F       		.byte	79
 674 0285 04       		.byte	4
 675 0286 50       		.byte	80
 676 0287 18       		.byte	24
 677 0288 52       		.byte	82
 678 0289 80       		.byte	-128
 679 028a 54       		.byte	84
 680 028b 05       		.byte	5
 681 028c 58       		.byte	88
 682 028d 04       		.byte	4
 683 028e 59       		.byte	89
 684 028f 04       		.byte	4
ARM GAS  C:\Users\bella\AppData\Local\Temp\cccTo0GT.s 			page 13


 685 0290 5A       		.byte	90
 686 0291 04       		.byte	4
 687 0292 5B       		.byte	91
 688 0293 04       		.byte	4
 689 0294 5F       		.byte	95
 690 0295 01       		.byte	1
 691 0296 60       		.byte	96
 692 0297 40       		.byte	64
 693 0298 62       		.byte	98
 694 0299 C0       		.byte	-64
 695 029a 64       		.byte	100
 696 029b 40       		.byte	64
 697 029c 65       		.byte	101
 698 029d 40       		.byte	64
 699 029e 66       		.byte	102
 700 029f C0       		.byte	-64
 701 02a0 68       		.byte	104
 702 02a1 C0       		.byte	-64
 703 02a2 6A       		.byte	106
 704 02a3 C0       		.byte	-64
 705 02a4 6C       		.byte	108
 706 02a5 C0       		.byte	-64
 707 02a6 6E       		.byte	110
 708 02a7 C0       		.byte	-64
 709 02a8 81       		.byte	-127
 710 02a9 04       		.byte	4
 711 02aa 83       		.byte	-125
 712 02ab 08       		.byte	8
 713 02ac 89       		.byte	-119
 714 02ad 02       		.byte	2
 715 02ae 8E       		.byte	-114
 716 02af 05       		.byte	5
 717 02b0 92       		.byte	-110
 718 02b1 02       		.byte	2
 719 02b2 97       		.byte	-105
 720 02b3 01       		.byte	1
 721 02b4 9D       		.byte	-99
 722 02b5 01       		.byte	1
 723 02b6 A6       		.byte	-90
 724 02b7 04       		.byte	4
 725 02b8 A9       		.byte	-87
 726 02b9 0E       		.byte	14
 727 02ba AA       		.byte	-86
 728 02bb 09       		.byte	9
 729 02bc B0       		.byte	-80
 730 02bd 02       		.byte	2
 731 02be B1       		.byte	-79
 732 02bf 01       		.byte	1
 733 02c0 B2       		.byte	-78
 734 02c1 01       		.byte	1
 735 02c2 B3       		.byte	-77
 736 02c3 08       		.byte	8
 737 02c4 B4       		.byte	-76
 738 02c5 04       		.byte	4
 739 02c6 B5       		.byte	-75
 740 02c7 04       		.byte	4
 741 02c8 B6       		.byte	-74
ARM GAS  C:\Users\bella\AppData\Local\Temp\cccTo0GT.s 			page 14


 742 02c9 08       		.byte	8
 743 02ca B7       		.byte	-73
 744 02cb 02       		.byte	2
 745 02cc B9       		.byte	-71
 746 02cd A8       		.byte	-88
 747 02ce BE       		.byte	-66
 748 02cf 10       		.byte	16
 749 02d0 BF       		.byte	-65
 750 02d1 54       		.byte	84
 751 02d2 C0       		.byte	-64
 752 02d3 40       		.byte	64
 753 02d4 C1       		.byte	-63
 754 02d5 02       		.byte	2
 755 02d6 C5       		.byte	-59
 756 02d7 D2       		.byte	-46
 757 02d8 C7       		.byte	-57
 758 02d9 01       		.byte	1
 759 02da C8       		.byte	-56
 760 02db 13       		.byte	19
 761 02dc C9       		.byte	-55
 762 02dd FF       		.byte	-1
 763 02de CA       		.byte	-54
 764 02df FF       		.byte	-1
 765 02e0 CB       		.byte	-53
 766 02e1 FF       		.byte	-1
 767 02e2 CD       		.byte	-51
 768 02e3 A0       		.byte	-96
 769 02e4 CF       		.byte	-49
 770 02e5 04       		.byte	4
 771 02e6 D0       		.byte	-48
 772 02e7 18       		.byte	24
 773 02e8 D2       		.byte	-46
 774 02e9 80       		.byte	-128
 775 02ea D4       		.byte	-44
 776 02eb 05       		.byte	5
 777 02ec D8       		.byte	-40
 778 02ed 04       		.byte	4
 779 02ee D9       		.byte	-39
 780 02ef 04       		.byte	4
 781 02f0 DA       		.byte	-38
 782 02f1 04       		.byte	4
 783 02f2 DB       		.byte	-37
 784 02f3 04       		.byte	4
 785 02f4 DF       		.byte	-33
 786 02f5 01       		.byte	1
 787 02f6 E0       		.byte	-32
 788 02f7 40       		.byte	64
 789 02f8 E2       		.byte	-30
 790 02f9 C0       		.byte	-64
 791 02fa E4       		.byte	-28
 792 02fb 40       		.byte	64
 793 02fc E5       		.byte	-27
 794 02fd 40       		.byte	64
 795 02fe E6       		.byte	-26
 796 02ff C0       		.byte	-64
 797 0300 E8       		.byte	-24
 798 0301 C0       		.byte	-64
ARM GAS  C:\Users\bella\AppData\Local\Temp\cccTo0GT.s 			page 15


 799 0302 EA       		.byte	-22
 800 0303 C0       		.byte	-64
 801 0304 EC       		.byte	-20
 802 0305 C0       		.byte	-64
 803 0306 EE       		.byte	-18
 804 0307 C0       		.byte	-64
 805 0308 00       		.byte	0
 806 0309 40       		.byte	64
 807 030a 09       		.byte	9
 808 030b 02       		.byte	2
 809 030c 0E       		.byte	14
 810 030d 40       		.byte	64
 811 030e 0F       		.byte	15
 812 030f 42       		.byte	66
 813 0310 10       		.byte	16
 814 0311 28       		.byte	40
 815 0312 16       		.byte	22
 816 0313 20       		.byte	32
 817 0314 17       		.byte	23
 818 0315 40       		.byte	64
 819 0316 18       		.byte	24
 820 0317 50       		.byte	80
 821 0318 19       		.byte	25
 822 0319 40       		.byte	64
 823 031a 1A       		.byte	26
 824 031b 04       		.byte	4
 825 031c 1E       		.byte	30
 826 031d 49       		.byte	73
 827 031e 1F       		.byte	31
 828 031f 04       		.byte	4
 829 0320 20       		.byte	32
 830 0321 02       		.byte	2
 831 0322 22       		.byte	34
 832 0323 04       		.byte	4
 833 0324 23       		.byte	35
 834 0325 84       		.byte	-124
 835 0326 26       		.byte	38
 836 0327 02       		.byte	2
 837 0328 27       		.byte	39
 838 0329 29       		.byte	41
 839 032a 2B       		.byte	43
 840 032b 08       		.byte	8
 841 032c 2F       		.byte	47
 842 032d 04       		.byte	4
 843 032e 30       		.byte	48
 844 032f 28       		.byte	40
 845 0330 31       		.byte	49
 846 0331 60       		.byte	96
 847 0332 36       		.byte	54
 848 0333 01       		.byte	1
 849 0334 38       		.byte	56
 850 0335 10       		.byte	16
 851 0336 3B       		.byte	59
 852 0337 02       		.byte	2
 853 0338 3D       		.byte	61
 854 0339 08       		.byte	8
 855 033a 3E       		.byte	62
ARM GAS  C:\Users\bella\AppData\Local\Temp\cccTo0GT.s 			page 16


 856 033b 21       		.byte	33
 857 033c 40       		.byte	64
 858 033d 40       		.byte	64
 859 033e 41       		.byte	65
 860 033f 20       		.byte	32
 861 0340 46       		.byte	70
 862 0341 02       		.byte	2
 863 0342 48       		.byte	72
 864 0343 20       		.byte	32
 865 0344 49       		.byte	73
 866 0345 01       		.byte	1
 867 0346 4F       		.byte	79
 868 0347 41       		.byte	65
 869 0348 50       		.byte	80
 870 0349 08       		.byte	8
 871 034a 56       		.byte	86
 872 034b 22       		.byte	34
 873 034c 57       		.byte	87
 874 034d 01       		.byte	1
 875 034e 59       		.byte	89
 876 034f 01       		.byte	1
 877 0350 5A       		.byte	90
 878 0351 04       		.byte	4
 879 0352 5B       		.byte	91
 880 0353 80       		.byte	-128
 881 0354 5D       		.byte	93
 882 0355 80       		.byte	-128
 883 0356 5E       		.byte	94
 884 0357 08       		.byte	8
 885 0358 5F       		.byte	95
 886 0359 01       		.byte	1
 887 035a 71       		.byte	113
 888 035b 02       		.byte	2
 889 035c 77       		.byte	119
 890 035d 40       		.byte	64
 891 035e 82       		.byte	-126
 892 035f 02       		.byte	2
 893 0360 86       		.byte	-122
 894 0361 04       		.byte	4
 895 0362 88       		.byte	-120
 896 0363 01       		.byte	1
 897 0364 89       		.byte	-119
 898 0365 80       		.byte	-128
 899 0366 8B       		.byte	-117
 900 0367 09       		.byte	9
 901 0368 C0       		.byte	-64
 902 0369 01       		.byte	1
 903 036a C2       		.byte	-62
 904 036b 98       		.byte	-104
 905 036c C4       		.byte	-60
 906 036d A6       		.byte	-90
 907 036e CA       		.byte	-54
 908 036f 24       		.byte	36
 909 0370 CC       		.byte	-52
 910 0371 8A       		.byte	-118
 911 0372 CE       		.byte	-50
 912 0373 E5       		.byte	-27
ARM GAS  C:\Users\bella\AppData\Local\Temp\cccTo0GT.s 			page 17


 913 0374 D0       		.byte	-48
 914 0375 15       		.byte	21
 915 0376 D2       		.byte	-46
 916 0377 10       		.byte	16
 917 0378 D6       		.byte	-42
 918 0379 DB       		.byte	-37
 919 037a E0       		.byte	-32
 920 037b 01       		.byte	1
 921 037c E4       		.byte	-28
 922 037d 08       		.byte	8
 923 037e 02       		.byte	2
 924 037f 08       		.byte	8
 925 0380 06       		.byte	6
 926 0381 04       		.byte	4
 927 0382 09       		.byte	9
 928 0383 03       		.byte	3
 929 0384 0A       		.byte	10
 930 0385 08       		.byte	8
 931 0386 0C       		.byte	12
 932 0387 03       		.byte	3
 933 0388 0F       		.byte	15
 934 0389 08       		.byte	8
 935 038a 12       		.byte	18
 936 038b 01       		.byte	1
 937 038c 13       		.byte	19
 938 038d 04       		.byte	4
 939 038e 15       		.byte	21
 940 038f 02       		.byte	2
 941 0390 16       		.byte	22
 942 0391 04       		.byte	4
 943 0392 17       		.byte	23
 944 0393 11       		.byte	17
 945 0394 18       		.byte	24
 946 0395 03       		.byte	3
 947 0396 19       		.byte	25
 948 0397 03       		.byte	3
 949 0398 1C       		.byte	28
 950 0399 04       		.byte	4
 951 039a 1F       		.byte	31
 952 039b 04       		.byte	4
 953 039c 22       		.byte	34
 954 039d 03       		.byte	3
 955 039e 24       		.byte	36
 956 039f 03       		.byte	3
 957 03a0 29       		.byte	41
 958 03a1 01       		.byte	1
 959 03a2 2B       		.byte	43
 960 03a3 32       		.byte	50
 961 03a4 2C       		.byte	44
 962 03a5 04       		.byte	4
 963 03a6 30       		.byte	48
 964 03a7 02       		.byte	2
 965 03a8 31       		.byte	49
 966 03a9 20       		.byte	32
 967 03aa 32       		.byte	50
 968 03ab 04       		.byte	4
 969 03ac 33       		.byte	51
ARM GAS  C:\Users\bella\AppData\Local\Temp\cccTo0GT.s 			page 18


 970 03ad 03       		.byte	3
 971 03ae 34       		.byte	52
 972 03af 08       		.byte	8
 973 03b0 35       		.byte	53
 974 03b1 18       		.byte	24
 975 03b2 36       		.byte	54
 976 03b3 01       		.byte	1
 977 03b4 37       		.byte	55
 978 03b5 04       		.byte	4
 979 03b6 38       		.byte	56
 980 03b7 08       		.byte	8
 981 03b8 3E       		.byte	62
 982 03b9 51       		.byte	81
 983 03ba 3F       		.byte	63
 984 03bb 50       		.byte	80
 985 03bc 40       		.byte	64
 986 03bd 14       		.byte	20
 987 03be 41       		.byte	65
 988 03bf 05       		.byte	5
 989 03c0 42       		.byte	66
 990 03c1 06       		.byte	6
 991 03c2 44       		.byte	68
 992 03c3 02       		.byte	2
 993 03c4 45       		.byte	69
 994 03c5 C0       		.byte	-64
 995 03c6 46       		.byte	70
 996 03c7 0E       		.byte	14
 997 03c8 48       		.byte	72
 998 03c9 06       		.byte	6
 999 03ca 49       		.byte	73
 1000 03cb FF       		.byte	-1
 1001 03cc 4A       		.byte	74
 1002 03cd FF       		.byte	-1
 1003 03ce 4B       		.byte	75
 1004 03cf FF       		.byte	-1
 1005 03d0 4C       		.byte	76
 1006 03d1 62       		.byte	98
 1007 03d2 4D       		.byte	77
 1008 03d3 A0       		.byte	-96
 1009 03d4 4E       		.byte	78
 1010 03d5 F0       		.byte	-16
 1011 03d6 4F       		.byte	79
 1012 03d7 41       		.byte	65
 1013 03d8 50       		.byte	80
 1014 03d9 0C       		.byte	12
 1015 03da 54       		.byte	84
 1016 03db 18       		.byte	24
 1017 03dc 58       		.byte	88
 1018 03dd 04       		.byte	4
 1019 03de 59       		.byte	89
 1020 03df 04       		.byte	4
 1021 03e0 5A       		.byte	90
 1022 03e1 04       		.byte	4
 1023 03e2 5B       		.byte	91
 1024 03e3 04       		.byte	4
 1025 03e4 5C       		.byte	92
 1026 03e5 11       		.byte	17
ARM GAS  C:\Users\bella\AppData\Local\Temp\cccTo0GT.s 			page 19


 1027 03e6 5D       		.byte	93
 1028 03e7 11       		.byte	17
 1029 03e8 5F       		.byte	95
 1030 03e9 01       		.byte	1
 1031 03ea 66       		.byte	102
 1032 03eb 40       		.byte	64
 1033 03ec 67       		.byte	103
 1034 03ed 02       		.byte	2
 1035 03ee 69       		.byte	105
 1036 03ef 10       		.byte	16
 1037 03f0 6A       		.byte	106
 1038 03f1 30       		.byte	48
 1039 03f2 6B       		.byte	107
 1040 03f3 10       		.byte	16
 1041 03f4 6D       		.byte	109
 1042 03f5 10       		.byte	16
 1043 03f6 6E       		.byte	110
 1044 03f7 10       		.byte	16
 1045 03f8 6F       		.byte	111
 1046 03f9 12       		.byte	18
 1047 03fa 90       		.byte	-112
 1048 03fb 01       		.byte	1
 1049 03fc 9E       		.byte	-98
 1050 03fd 01       		.byte	1
 1051 03fe A4       		.byte	-92
 1052 03ff 02       		.byte	2
 1053 0400 B0       		.byte	-80
 1054 0401 02       		.byte	2
 1055 0402 B2       		.byte	-78
 1056 0403 01       		.byte	1
 1057 0404 BB       		.byte	-69
 1058 0405 02       		.byte	2
 1059 0406 BE       		.byte	-66
 1060 0407 05       		.byte	5
 1061 0408 D4       		.byte	-44
 1062 0409 20       		.byte	32
 1063 040a D6       		.byte	-42
 1064 040b 04       		.byte	4
 1065 040c D8       		.byte	-40
 1066 040d 04       		.byte	4
 1067 040e D9       		.byte	-39
 1068 040f 04       		.byte	4
 1069 0410 DB       		.byte	-37
 1070 0411 04       		.byte	4
 1071 0412 DC       		.byte	-36
 1072 0413 10       		.byte	16
 1073 0414 DD       		.byte	-35
 1074 0415 20       		.byte	32
 1075 0416 DF       		.byte	-33
 1076 0417 01       		.byte	1
 1077 0418 00       		.byte	0
 1078 0419 80       		.byte	-128
 1079 041a 03       		.byte	3
 1080 041b A8       		.byte	-88
 1081 041c 09       		.byte	9
 1082 041d 02       		.byte	2
 1083 041e 0A       		.byte	10
ARM GAS  C:\Users\bella\AppData\Local\Temp\cccTo0GT.s 			page 20


 1084 041f 25       		.byte	37
 1085 0420 0C       		.byte	12
 1086 0421 01       		.byte	1
 1087 0422 0F       		.byte	15
 1088 0423 01       		.byte	1
 1089 0424 13       		.byte	19
 1090 0425 8A       		.byte	-118
 1091 0426 14       		.byte	20
 1092 0427 10       		.byte	16
 1093 0428 15       		.byte	21
 1094 0429 08       		.byte	8
 1095 042a 18       		.byte	24
 1096 042b 04       		.byte	4
 1097 042c 19       		.byte	25
 1098 042d 40       		.byte	64
 1099 042e 1A       		.byte	26
 1100 042f 40       		.byte	64
 1101 0430 1B       		.byte	27
 1102 0431 08       		.byte	8
 1103 0432 1E       		.byte	30
 1104 0433 10       		.byte	16
 1105 0434 1F       		.byte	31
 1106 0435 01       		.byte	1
 1107 0436 20       		.byte	32
 1108 0437 20       		.byte	32
 1109 0438 21       		.byte	33
 1110 0439 18       		.byte	24
 1111 043a 22       		.byte	34
 1112 043b 82       		.byte	-126
 1113 043c 26       		.byte	38
 1114 043d 01       		.byte	1
 1115 043e 27       		.byte	39
 1116 043f 80       		.byte	-128
 1117 0440 28       		.byte	40
 1118 0441 04       		.byte	4
 1119 0442 31       		.byte	49
 1120 0443 09       		.byte	9
 1121 0444 32       		.byte	50
 1122 0445 40       		.byte	64
 1123 0446 33       		.byte	51
 1124 0447 10       		.byte	16
 1125 0448 38       		.byte	56
 1126 0449 80       		.byte	-128
 1127 044a 39       		.byte	57
 1128 044b 10       		.byte	16
 1129 044c 41       		.byte	65
 1130 044d 11       		.byte	17
 1131 044e 42       		.byte	66
 1132 044f 01       		.byte	1
 1133 0450 49       		.byte	73
 1134 0451 21       		.byte	33
 1135 0452 4A       		.byte	74
 1136 0453 01       		.byte	1
 1137 0454 53       		.byte	83
 1138 0455 80       		.byte	-128
 1139 0456 5A       		.byte	90
 1140 0457 02       		.byte	2
ARM GAS  C:\Users\bella\AppData\Local\Temp\cccTo0GT.s 			page 21


 1141 0458 5C       		.byte	92
 1142 0459 02       		.byte	2
 1143 045a 60       		.byte	96
 1144 045b 04       		.byte	4
 1145 045c 62       		.byte	98
 1146 045d 80       		.byte	-128
 1147 045e 64       		.byte	100
 1148 045f 80       		.byte	-128
 1149 0460 66       		.byte	102
 1150 0461 08       		.byte	8
 1151 0462 67       		.byte	103
 1152 0463 0A       		.byte	10
 1153 0464 81       		.byte	-127
 1154 0465 20       		.byte	32
 1155 0466 82       		.byte	-126
 1156 0467 C0       		.byte	-64
 1157 0468 84       		.byte	-124
 1158 0469 80       		.byte	-128
 1159 046a 87       		.byte	-121
 1160 046b 20       		.byte	32
 1161 046c 88       		.byte	-120
 1162 046d 16       		.byte	22
 1163 046e 8E       		.byte	-114
 1164 046f 10       		.byte	16
 1165 0470 90       		.byte	-112
 1166 0471 80       		.byte	-128
 1167 0472 91       		.byte	-111
 1168 0473 1A       		.byte	26
 1169 0474 92       		.byte	-110
 1170 0475 A7       		.byte	-89
 1171 0476 93       		.byte	-109
 1172 0477 09       		.byte	9
 1173 0478 96       		.byte	-106
 1174 0479 40       		.byte	64
 1175 047a 98       		.byte	-104
 1176 047b 01       		.byte	1
 1177 047c 9A       		.byte	-102
 1178 047d 08       		.byte	8
 1179 047e 9B       		.byte	-101
 1180 047f 1A       		.byte	26
 1181 0480 9C       		.byte	-100
 1182 0481 04       		.byte	4
 1183 0482 9D       		.byte	-99
 1184 0483 40       		.byte	64
 1185 0484 9E       		.byte	-98
 1186 0485 80       		.byte	-128
 1187 0486 9F       		.byte	-97
 1188 0487 A0       		.byte	-96
 1189 0488 A0       		.byte	-96
 1190 0489 40       		.byte	64
 1191 048a A1       		.byte	-95
 1192 048b 02       		.byte	2
 1193 048c A3       		.byte	-93
 1194 048d 20       		.byte	32
 1195 048e A4       		.byte	-92
 1196 048f 10       		.byte	16
 1197 0490 A5       		.byte	-91
ARM GAS  C:\Users\bella\AppData\Local\Temp\cccTo0GT.s 			page 22


 1198 0491 08       		.byte	8
 1199 0492 A6       		.byte	-90
 1200 0493 02       		.byte	2
 1201 0494 B5       		.byte	-75
 1202 0495 10       		.byte	16
 1203 0496 B7       		.byte	-73
 1204 0497 01       		.byte	1
 1205 0498 C0       		.byte	-64
 1206 0499 0F       		.byte	15
 1207 049a C2       		.byte	-62
 1208 049b 9F       		.byte	-97
 1209 049c C4       		.byte	-60
 1210 049d 2D       		.byte	45
 1211 049e CA       		.byte	-54
 1212 049f 04       		.byte	4
 1213 04a0 CC       		.byte	-52
 1214 04a1 0F       		.byte	15
 1215 04a2 CE       		.byte	-50
 1216 04a3 0C       		.byte	12
 1217 04a4 D0       		.byte	-48
 1218 04a5 0D       		.byte	13
 1219 04a6 D2       		.byte	-46
 1220 04a7 0C       		.byte	12
 1221 04a8 D6       		.byte	-42
 1222 04a9 81       		.byte	-127
 1223 04aa D8       		.byte	-40
 1224 04ab FC       		.byte	-4
 1225 04ac E6       		.byte	-26
 1226 04ad 10       		.byte	16
 1227 04ae EE       		.byte	-18
 1228 04af 02       		.byte	2
 1229 04b0 1B       		.byte	27
 1230 04b1 01       		.byte	1
 1231 04b2 37       		.byte	55
 1232 04b3 01       		.byte	1
 1233 04b4 59       		.byte	89
 1234 04b5 04       		.byte	4
 1235 04b6 5C       		.byte	92
 1236 04b7 80       		.byte	-128
 1237 04b8 5F       		.byte	95
 1238 04b9 11       		.byte	17
 1239 04ba 00       		.byte	0
 1240 04bb 04       		.byte	4
 1241 04bc 01       		.byte	1
 1242 04bd A0       		.byte	-96
 1243 04be 08       		.byte	8
 1244 04bf 40       		.byte	64
 1245 04c0 09       		.byte	9
 1246 04c1 08       		.byte	8
 1247 04c2 0A       		.byte	10
 1248 04c3 08       		.byte	8
 1249 04c4 0B       		.byte	11
 1250 04c5 40       		.byte	64
 1251 04c6 10       		.byte	16
 1252 04c7 A8       		.byte	-88
 1253 04c8 12       		.byte	18
 1254 04c9 01       		.byte	1
ARM GAS  C:\Users\bella\AppData\Local\Temp\cccTo0GT.s 			page 23


 1255 04ca 13       		.byte	19
 1256 04cb 80       		.byte	-128
 1257 04cc 14       		.byte	20
 1258 04cd 40       		.byte	64
 1259 04ce 15       		.byte	21
 1260 04cf 02       		.byte	2
 1261 04d0 19       		.byte	25
 1262 04d1 82       		.byte	-126
 1263 04d2 1A       		.byte	26
 1264 04d3 09       		.byte	9
 1265 04d4 1B       		.byte	27
 1266 04d5 20       		.byte	32
 1267 04d6 20       		.byte	32
 1268 04d7 04       		.byte	4
 1269 04d8 22       		.byte	34
 1270 04d9 51       		.byte	81
 1271 04da 25       		.byte	37
 1272 04db 80       		.byte	-128
 1273 04dc 28       		.byte	40
 1274 04dd 44       		.byte	68
 1275 04de 29       		.byte	41
 1276 04df A0       		.byte	-96
 1277 04e0 2B       		.byte	43
 1278 04e1 20       		.byte	32
 1279 04e2 30       		.byte	48
 1280 04e3 80       		.byte	-128
 1281 04e4 31       		.byte	49
 1282 04e5 08       		.byte	8
 1283 04e6 32       		.byte	50
 1284 04e7 12       		.byte	18
 1285 04e8 37       		.byte	55
 1286 04e9 20       		.byte	32
 1287 04ea 38       		.byte	56
 1288 04eb A8       		.byte	-88
 1289 04ec 3A       		.byte	58
 1290 04ed 01       		.byte	1
 1291 04ee 3B       		.byte	59
 1292 04ef 40       		.byte	64
 1293 04f0 42       		.byte	66
 1294 04f1 40       		.byte	64
 1295 04f2 43       		.byte	67
 1296 04f3 01       		.byte	1
 1297 04f4 48       		.byte	72
 1298 04f5 01       		.byte	1
 1299 04f6 4A       		.byte	74
 1300 04f7 10       		.byte	16
 1301 04f8 4B       		.byte	75
 1302 04f9 11       		.byte	17
 1303 04fa 51       		.byte	81
 1304 04fb 16       		.byte	22
 1305 04fc 53       		.byte	83
 1306 04fd 01       		.byte	1
 1307 04fe 59       		.byte	89
 1308 04ff 02       		.byte	2
 1309 0500 69       		.byte	105
 1310 0501 50       		.byte	80
 1311 0502 6B       		.byte	107
ARM GAS  C:\Users\bella\AppData\Local\Temp\cccTo0GT.s 			page 24


 1312 0503 14       		.byte	20
 1313 0504 70       		.byte	112
 1314 0505 BC       		.byte	-68
 1315 0506 7B       		.byte	123
 1316 0507 0C       		.byte	12
 1317 0508 7C       		.byte	124
 1318 0509 80       		.byte	-128
 1319 050a 7D       		.byte	125
 1320 050b 40       		.byte	64
 1321 050c 7F       		.byte	127
 1322 050d 08       		.byte	8
 1323 050e 90       		.byte	-112
 1324 050f 80       		.byte	-128
 1325 0510 91       		.byte	-111
 1326 0511 02       		.byte	2
 1327 0512 92       		.byte	-110
 1328 0513 04       		.byte	4
 1329 0514 93       		.byte	-109
 1330 0515 18       		.byte	24
 1331 0516 95       		.byte	-107
 1332 0517 20       		.byte	32
 1333 0518 98       		.byte	-104
 1334 0519 01       		.byte	1
 1335 051a 9A       		.byte	-102
 1336 051b 08       		.byte	8
 1337 051c 9B       		.byte	-101
 1338 051d 0A       		.byte	10
 1339 051e 9C       		.byte	-100
 1340 051f 84       		.byte	-124
 1341 0520 9D       		.byte	-99
 1342 0521 50       		.byte	80
 1343 0522 9E       		.byte	-98
 1344 0523 80       		.byte	-128
 1345 0524 9F       		.byte	-97
 1346 0525 15       		.byte	21
 1347 0526 A0       		.byte	-96
 1348 0527 41       		.byte	65
 1349 0528 A3       		.byte	-93
 1350 0529 04       		.byte	4
 1351 052a A4       		.byte	-92
 1352 052b 10       		.byte	16
 1353 052c A5       		.byte	-91
 1354 052d 80       		.byte	-128
 1355 052e A6       		.byte	-90
 1356 052f 10       		.byte	16
 1357 0530 A9       		.byte	-87
 1358 0531 01       		.byte	1
 1359 0532 AA       		.byte	-86
 1360 0533 02       		.byte	2
 1361 0534 AB       		.byte	-85
 1362 0535 04       		.byte	4
 1363 0536 B1       		.byte	-79
 1364 0537 02       		.byte	2
 1365 0538 B3       		.byte	-77
 1366 0539 20       		.byte	32
 1367 053a B6       		.byte	-74
 1368 053b 04       		.byte	4
ARM GAS  C:\Users\bella\AppData\Local\Temp\cccTo0GT.s 			page 25


 1369 053c B7       		.byte	-73
 1370 053d 01       		.byte	1
 1371 053e C0       		.byte	-64
 1372 053f 07       		.byte	7
 1373 0540 C2       		.byte	-62
 1374 0541 0F       		.byte	15
 1375 0542 C4       		.byte	-60
 1376 0543 0F       		.byte	15
 1377 0544 CA       		.byte	-54
 1378 0545 0F       		.byte	15
 1379 0546 CC       		.byte	-52
 1380 0547 2F       		.byte	47
 1381 0548 CE       		.byte	-50
 1382 0549 0F       		.byte	15
 1383 054a D0       		.byte	-48
 1384 054b 01       		.byte	1
 1385 054c D2       		.byte	-46
 1386 054d 0C       		.byte	12
 1387 054e D6       		.byte	-42
 1388 054f 01       		.byte	1
 1389 0550 DE       		.byte	-34
 1390 0551 24       		.byte	36
 1391 0552 EA       		.byte	-22
 1392 0553 04       		.byte	4
 1393 0554 EA       		.byte	-22
 1394 0555 04       		.byte	4
 1395 0556 E6       		.byte	-26
 1396 0557 80       		.byte	-128
 1397 0558 EE       		.byte	-18
 1398 0559 02       		.byte	2
 1399 055a 31       		.byte	49
 1400 055b 40       		.byte	64
 1401 055c 33       		.byte	51
 1402 055d 08       		.byte	8
 1403 055e 34       		.byte	52
 1404 055f 02       		.byte	2
 1405 0560 37       		.byte	55
 1406 0561 40       		.byte	64
 1407 0562 5C       		.byte	92
 1408 0563 02       		.byte	2
 1409 0564 65       		.byte	101
 1410 0565 40       		.byte	64
 1411 0566 CC       		.byte	-52
 1412 0567 F0       		.byte	-16
 1413 0568 9C       		.byte	-100
 1414 0569 02       		.byte	2
 1415 056a 9F       		.byte	-97
 1416 056b 40       		.byte	64
 1417 056c A7       		.byte	-89
 1418 056d 08       		.byte	8
 1419 056e 03       		.byte	3
 1420 056f 20       		.byte	32
 1421 0570 9C       		.byte	-100
 1422 0571 02       		.byte	2
 1423 0572 9F       		.byte	-97
 1424 0573 40       		.byte	64
 1425 0574 A7       		.byte	-89
ARM GAS  C:\Users\bella\AppData\Local\Temp\cccTo0GT.s 			page 26


 1426 0575 08       		.byte	8
 1427 0576 C0       		.byte	-64
 1428 0577 10       		.byte	16
 1429 0578 9C       		.byte	-100
 1430 0579 02       		.byte	2
 1431 057a A7       		.byte	-89
 1432 057b 08       		.byte	8
 1433 057c AB       		.byte	-85
 1434 057d 60       		.byte	96
 1435 057e EC       		.byte	-20
 1436 057f 20       		.byte	32
 1437 0580 EE       		.byte	-18
 1438 0581 80       		.byte	-128
 1439 0582 10       		.byte	16
 1440 0583 80       		.byte	-128
 1441 0584 C4       		.byte	-60
 1442 0585 08       		.byte	8
 1443 0586 52       		.byte	82
 1444 0587 80       		.byte	-128
 1445 0588 56       		.byte	86
 1446 0589 10       		.byte	16
 1447 058a 59       		.byte	89
 1448 058b 40       		.byte	64
 1449 058c 5F       		.byte	95
 1450 058d 20       		.byte	32
 1451 058e 64       		.byte	100
 1452 058f 01       		.byte	1
 1453 0590 66       		.byte	102
 1454 0591 04       		.byte	4
 1455 0592 82       		.byte	-126
 1456 0593 04       		.byte	4
 1457 0594 85       		.byte	-123
 1458 0595 40       		.byte	64
 1459 0596 8A       		.byte	-118
 1460 0597 90       		.byte	-112
 1461 0598 A0       		.byte	-96
 1462 0599 80       		.byte	-128
 1463 059a D4       		.byte	-44
 1464 059b 07       		.byte	7
 1465 059c D6       		.byte	-42
 1466 059d 05       		.byte	5
 1467 059e D8       		.byte	-40
 1468 059f 01       		.byte	1
 1469 05a0 E0       		.byte	-32
 1470 05a1 01       		.byte	1
 1471 05a2 E4       		.byte	-28
 1472 05a3 04       		.byte	4
 1473 05a4 1A       		.byte	26
 1474 05a5 80       		.byte	-128
 1475 05a6 A0       		.byte	-96
 1476 05a7 80       		.byte	-128
 1477 05a8 AC       		.byte	-84
 1478 05a9 01       		.byte	1
 1479 05aa B3       		.byte	-77
 1480 05ab 20       		.byte	32
 1481 05ac C6       		.byte	-58
 1482 05ad 08       		.byte	8
ARM GAS  C:\Users\bella\AppData\Local\Temp\cccTo0GT.s 			page 27


 1483 05ae EC       		.byte	-20
 1484 05af 04       		.byte	4
 1485 05b0 8F       		.byte	-113
 1486 05b1 10       		.byte	16
 1487 05b2 A0       		.byte	-96
 1488 05b3 80       		.byte	-128
 1489 05b4 AA       		.byte	-86
 1490 05b5 40       		.byte	64
 1491 05b6 E4       		.byte	-28
 1492 05b7 02       		.byte	2
 1493 05b8 9C       		.byte	-100
 1494 05b9 02       		.byte	2
 1495 05ba A7       		.byte	-89
 1496 05bb 08       		.byte	8
 1497 05bc 16       		.byte	22
 1498 05bd 10       		.byte	16
 1499 05be 17       		.byte	23
 1500 05bf 04       		.byte	4
 1501 05c0 71       		.byte	113
 1502 05c1 02       		.byte	2
 1503 05c2 83       		.byte	-125
 1504 05c3 04       		.byte	4
 1505 05c4 84       		.byte	-124
 1506 05c5 02       		.byte	2
 1507 05c6 86       		.byte	-122
 1508 05c7 10       		.byte	16
 1509 05c8 8D       		.byte	-115
 1510 05c9 02       		.byte	2
 1511 05ca 9C       		.byte	-100
 1512 05cb 02       		.byte	2
 1513 05cc AF       		.byte	-81
 1514 05cd 08       		.byte	8
 1515 05ce C4       		.byte	-60
 1516 05cf 20       		.byte	32
 1517 05d0 DC       		.byte	-36
 1518 05d1 80       		.byte	-128
 1519 05d2 E0       		.byte	-32
 1520 05d3 C0       		.byte	-64
 1521 05d4 E6       		.byte	-26
 1522 05d5 40       		.byte	64
 1523 05d6 EE       		.byte	-18
 1524 05d7 40       		.byte	64
 1525 05d8 1F       		.byte	31
 1526 05d9 10       		.byte	16
 1527 05da 9B       		.byte	-101
 1528 05db 10       		.byte	16
 1529 05dc A8       		.byte	-88
 1530 05dd 80       		.byte	-128
 1531 05de C6       		.byte	-58
 1532 05df 01       		.byte	1
 1533 05e0 10       		.byte	16
 1534 05e1 80       		.byte	-128
 1535 05e2 77       		.byte	119
 1536 05e3 10       		.byte	16
 1537 05e4 88       		.byte	-120
 1538 05e5 80       		.byte	-128
 1539 05e6 9B       		.byte	-101
ARM GAS  C:\Users\bella\AppData\Local\Temp\cccTo0GT.s 			page 28


 1540 05e7 10       		.byte	16
 1541 05e8 AF       		.byte	-81
 1542 05e9 10       		.byte	16
 1543 05ea C4       		.byte	-60
 1544 05eb 08       		.byte	8
 1545 05ec DE       		.byte	-34
 1546 05ed 04       		.byte	4
 1547 05ee E6       		.byte	-26
 1548 05ef 01       		.byte	1
 1549 05f0 00       		.byte	0
 1550 05f1 07       		.byte	7
 1551 05f2 0A       		.byte	10
 1552 05f3 06       		.byte	6
 1553 05f4 0E       		.byte	14
 1554 05f5 01       		.byte	1
 1555 05f6 10       		.byte	16
 1556 05f7 06       		.byte	6
 1557 05f8 1A       		.byte	26
 1558 05f9 06       		.byte	6
 1559 05fa 00       		.byte	0
 1560 05fb FF       		.byte	-1
 1561 05fc 80       		.byte	-128
 1562 05fd 80       		.byte	-128
 1563 05fe 00       		.byte	0
 1564 05ff 00       		.byte	0
 1565 0600 40       		.byte	64
 1566 0601 00       		.byte	0
 1567 0602 00       		.byte	0
 1568 0603 00       		.byte	0
 1569 0604 00       		.byte	0
 1570 0605 01       		.byte	1
 1571 0606 00       		.byte	0
 1572 0607 02       		.byte	2
 1573 0608 E0       		.byte	-32
 1574 0609 01       		.byte	1
 1575 060a 00       		.byte	0
 1576 060b 04       		.byte	4
 1577 060c 80       		.byte	-128
 1578 060d 01       		.byte	1
 1579 060e 20       		.byte	32
 1580 060f 08       		.byte	8
 1581 0610 13       		.byte	19
 1582 0611 10       		.byte	16
 1583 0612 04       		.byte	4
 1584 0613 01       		.byte	1
 1585 0614 20       		.byte	32
 1586 0615 80       		.byte	-128
 1587 0616 C0       		.byte	-64
 1588 0617 00       		.byte	0
 1589 0618 0A       		.byte	10
 1590 0619 40       		.byte	64
 1591 061a 14       		.byte	20
 1592 061b 00       		.byte	0
 1593 061c 13       		.byte	19
 1594 061d 40       		.byte	64
 1595 061e 0C       		.byte	12
 1596 061f 00       		.byte	0
ARM GAS  C:\Users\bella\AppData\Local\Temp\cccTo0GT.s 			page 29


 1597 0620 03       		.byte	3
 1598 0621 00       		.byte	0
 1599 0622 14       		.byte	20
 1600 0623 1E       		.byte	30
 1601 0624 00       		.byte	0
 1602 0625 40       		.byte	64
 1603 0626 08       		.byte	8
 1604 0627 00       		.byte	0
 1605 0628 00       		.byte	0
 1606 0629 20       		.byte	32
 1607 062a 15       		.byte	21
 1608 062b 00       		.byte	0
 1609 062c 40       		.byte	64
 1610 062d 00       		.byte	0
 1611 062e 20       		.byte	32
 1612 062f 00       		.byte	0
 1613 0630 E0       		.byte	-32
 1614 0631 00       		.byte	0
 1615 0632 00       		.byte	0
 1616 0633 01       		.byte	1
 1617 0634 E0       		.byte	-32
 1618 0635 40       		.byte	64
 1619 0636 00       		.byte	0
 1620 0637 80       		.byte	-128
 1621 0638 0F       		.byte	15
 1622 0639 20       		.byte	32
 1623 063a 10       		.byte	16
 1624 063b 1F       		.byte	31
 1625 063c 00       		.byte	0
 1626 063d 00       		.byte	0
 1627 063e 20       		.byte	32
 1628 063f 00       		.byte	0
 1629 0640 00       		.byte	0
 1630 0641 00       		.byte	0
 1631 0642 40       		.byte	64
 1632 0643 54       		.byte	84
 1633 0644 62       		.byte	98
 1634 0645 04       		.byte	4
 1635 0646 00       		.byte	0
 1636 0647 00       		.byte	0
 1637 0648 00       		.byte	0
 1638 0649 0B       		.byte	11
 1639 064a 00       		.byte	0
 1640 064b CE       		.byte	-50
 1641 064c 31       		.byte	49
 1642 064d FF       		.byte	-1
 1643 064e FF       		.byte	-1
 1644 064f FF       		.byte	-1
 1645 0650 00       		.byte	0
 1646 0651 00       		.byte	0
 1647 0652 F0       		.byte	-16
 1648 0653 44       		.byte	68
 1649 0654 0C       		.byte	12
 1650 0655 00       		.byte	0
 1651 0656 00       		.byte	0
 1652 0657 00       		.byte	0
 1653 0658 00       		.byte	0
ARM GAS  C:\Users\bella\AppData\Local\Temp\cccTo0GT.s 			page 30


 1654 0659 00       		.byte	0
 1655 065a 02       		.byte	2
 1656 065b 28       		.byte	40
 1657 065c 04       		.byte	4
 1658 065d 04       		.byte	4
 1659 065e 04       		.byte	4
 1660 065f 24       		.byte	36
 1661 0660 11       		.byte	17
 1662 0661 81       		.byte	-127
 1663 0662 08       		.byte	8
 1664 0663 11       		.byte	17
 1665 0664 00       		.byte	0
 1666 0665 00       		.byte	0
 1667 0666 00       		.byte	0
 1668 0667 00       		.byte	0
 1669 0668 00       		.byte	0
 1670 0669 00       		.byte	0
 1671 066a C0       		.byte	-64
 1672 066b 00       		.byte	0
 1673 066c 00       		.byte	0
 1674 066d 00       		.byte	0
 1675 066e 40       		.byte	64
 1676 066f 02       		.byte	2
 1677 0670 00       		.byte	0
 1678 0671 00       		.byte	0
 1679 0672 00       		.byte	0
 1680 0673 00       		.byte	0
 1681 0674 00       		.byte	0
 1682 0675 00       		.byte	0
 1683 0676 00       		.byte	0
 1684 0677 00       		.byte	0
 1685 0678 00       		.byte	0
 1686 0679 00       		.byte	0
 1687 067a 00       		.byte	0
 1688 067b 00       		.byte	0
 1689 067c 00       		.byte	0
 1690 067d 00       		.byte	0
 1691 067e 00       		.byte	0
 1692 067f 00       		.byte	0
 1693 0680 00       		.byte	0
 1694 0681 00       		.byte	0
 1695 0682 00       		.byte	0
 1696 0683 00       		.byte	0
 1697 0684 00       		.byte	0
 1698 0685 FF       		.byte	-1
 1699 0686 00       		.byte	0
 1700 0687 00       		.byte	0
 1701 0688 1C       		.byte	28
 1702 0689 18       		.byte	24
 1703 068a 23       		.byte	35
 1704 068b 00       		.byte	0
 1705 068c 01       		.byte	1
 1706 068d 08       		.byte	8
 1707 068e 00       		.byte	0
 1708 068f 00       		.byte	0
 1709 0690 33       		.byte	51
 1710 0691 C0       		.byte	-64
ARM GAS  C:\Users\bella\AppData\Local\Temp\cccTo0GT.s 			page 31


 1711 0692 0C       		.byte	12
 1712 0693 00       		.byte	0
 1713 0694 03       		.byte	3
 1714 0695 00       		.byte	0
 1715 0696 00       		.byte	0
 1716 0697 04       		.byte	4
 1717 0698 02       		.byte	2
 1718 0699 80       		.byte	-128
 1719 069a 00       		.byte	0
 1720 069b 00       		.byte	0
 1721 069c 1F       		.byte	31
 1722 069d 3C       		.byte	60
 1723 069e 20       		.byte	32
 1724 069f C2       		.byte	-62
 1725 06a0 00       		.byte	0
 1726 06a1 10       		.byte	16
 1727 06a2 23       		.byte	35
 1728 06a3 00       		.byte	0
 1729 06a4 08       		.byte	8
 1730 06a5 00       		.byte	0
 1731 06a6 00       		.byte	0
 1732 06a7 E3       		.byte	-29
 1733 06a8 04       		.byte	4
 1734 06a9 1C       		.byte	28
 1735 06aa 00       		.byte	0
 1736 06ab E1       		.byte	-31
 1737 06ac 0C       		.byte	12
 1738 06ad 44       		.byte	68
 1739 06ae 00       		.byte	0
 1740 06af 00       		.byte	0
 1741 06b0 3F       		.byte	63
 1742 06b1 E7       		.byte	-25
 1743 06b2 00       		.byte	0
 1744 06b3 18       		.byte	24
 1745 06b4 10       		.byte	16
 1746 06b5 C0       		.byte	-64
 1747 06b6 00       		.byte	0
 1748 06b7 00       		.byte	0
 1749 06b8 2C       		.byte	44
 1750 06b9 1F       		.byte	31
 1751 06ba 0F       		.byte	15
 1752 06bb 38       		.byte	56
 1753 06bc 00       		.byte	0
 1754 06bd 00       		.byte	0
 1755 06be A0       		.byte	-96
 1756 06bf 20       		.byte	32
 1757 06c0 00       		.byte	0
 1758 06c1 00       		.byte	0
 1759 06c2 01       		.byte	1
 1760 06c3 00       		.byte	0
 1761 06c4 04       		.byte	4
 1762 06c5 06       		.byte	6
 1763 06c6 40       		.byte	64
 1764 06c7 00       		.byte	0
 1765 06c8 05       		.byte	5
 1766 06c9 BE       		.byte	-66
 1767 06ca C0       		.byte	-64
ARM GAS  C:\Users\bella\AppData\Local\Temp\cccTo0GT.s 			page 32


 1768 06cb DF       		.byte	-33
 1769 06cc 3B       		.byte	59
 1770 06cd FF       		.byte	-1
 1771 06ce FF       		.byte	-1
 1772 06cf FF       		.byte	-1
 1773 06d0 22       		.byte	34
 1774 06d1 00       		.byte	0
 1775 06d2 F0       		.byte	-16
 1776 06d3 0C       		.byte	12
 1777 06d4 8C       		.byte	-116
 1778 06d5 10       		.byte	16
 1779 06d6 00       		.byte	0
 1780 06d7 00       		.byte	0
 1781 06d8 00       		.byte	0
 1782 06d9 00       		.byte	0
 1783 06da 02       		.byte	2
 1784 06db 13       		.byte	19
 1785 06dc 04       		.byte	4
 1786 06dd 04       		.byte	4
 1787 06de 24       		.byte	36
 1788 06df 04       		.byte	4
 1789 06e0 11       		.byte	17
 1790 06e1 18       		.byte	24
 1791 06e2 00       		.byte	0
 1792 06e3 11       		.byte	17
 1793 06e4 00       		.byte	0
 1794 06e5 00       		.byte	0
 1795 06e6 00       		.byte	0
 1796 06e7 00       		.byte	0
 1797 06e8 00       		.byte	0
 1798 06e9 00       		.byte	0
 1799 06ea 00       		.byte	0
 1800 06eb 00       		.byte	0
 1801 06ec 40       		.byte	64
 1802 06ed 01       		.byte	1
 1803 06ee C0       		.byte	-64
 1804 06ef 01       		.byte	1
 1805 06f0 00       		.byte	0
 1806 06f1 00       		.byte	0
 1807 06f2 00       		.byte	0
 1808 06f3 00       		.byte	0
 1809 06f4 00       		.byte	0
 1810 06f5 00       		.byte	0
 1811 06f6 00       		.byte	0
 1812 06f7 00       		.byte	0
 1813 06f8 00       		.byte	0
 1814 06f9 00       		.byte	0
 1815 06fa 00       		.byte	0
 1816 06fb 00       		.byte	0
 1817 06fc 00       		.byte	0
 1818 06fd 00       		.byte	0
 1819 06fe 00       		.byte	0
 1820 06ff 00       		.byte	0
 1821 0700 00       		.byte	0
 1822 0701 00       		.byte	0
 1823 0702 00       		.byte	0
 1824 0703 00       		.byte	0
ARM GAS  C:\Users\bella\AppData\Local\Temp\cccTo0GT.s 			page 33


 1825 0704 80       		.byte	-128
 1826 0705 00       		.byte	0
 1827 0706 56       		.byte	86
 1828 0707 81       		.byte	-127
 1829 0708 81       		.byte	-127
 1830 0709 00       		.byte	0
 1831 070a 81       		.byte	-127
 1832 070b 00       		.byte	0
 1833 070c 00       		.byte	0
 1834 070d 00       		.byte	0
 1835 070e 00       		.byte	0
 1836 070f 00       		.byte	0
 1837 0710 00       		.byte	0
 1838 0711 0B       		.byte	11
 1839 0712 0B       		.byte	11
 1840 0713 00       		.byte	0
 1841 0714 00       		.byte	0
 1842 0715 00       		.byte	0
 1843 0716 00       		.byte	0
 1844 0717 00       		.byte	0
 1845 0718 00       		.byte	0
 1846 0719 3F       		.byte	63
 1847 071a 3F       		.byte	63
 1848 071b 00       		.byte	0
 1849 071c 3F       		.byte	63
 1850 071d 00       		.byte	0
 1851 071e C0       		.byte	-64
 1852 071f 00       		.byte	0
 1853 0720 0E       		.byte	14
 1854 0721 00       		.byte	0
 1855 0722 18       		.byte	24
 1856 0723 01       		.byte	1
 1857 0724 0E       		.byte	14
 1858 0725 00       		.byte	0
 1859 0726 18       		.byte	24
 1860 0727 01       		.byte	1
 1861              		.section	.cywolatch,"a",%progbits
 1862              		.align	2
 1863              		.type	cy_meta_wonvl, %object
 1864              		.size	cy_meta_wonvl, 4
 1865              	cy_meta_wonvl:
 1866 0000 BC       		.byte	-68
 1867 0001 90       		.byte	-112
 1868 0002 AC       		.byte	-84
 1869 0003 AF       		.byte	-81
 1870              		.section	.cycustnvl,"a",%progbits
 1871              		.align	2
 1872              		.type	cy_meta_custnvl, %object
 1873              		.size	cy_meta_custnvl, 4
 1874              	cy_meta_custnvl:
 1875 0000 00       		.byte	0
 1876 0001 00       		.byte	0
 1877 0002 40       		.byte	64
 1878 0003 05       		.byte	5
 1879              		.section	.cymeta,"a",%progbits
 1880              		.align	2
 1881              		.type	cy_metadata, %object
ARM GAS  C:\Users\bella\AppData\Local\Temp\cccTo0GT.s 			page 34


 1882              		.size	cy_metadata, 12
 1883              	cy_metadata:
 1884 0000 00       		.byte	0
 1885 0001 01       		.byte	1
 1886 0002 2E       		.byte	46
 1887 0003 16       		.byte	22
 1888 0004 10       		.byte	16
 1889 0005 69       		.byte	105
 1890 0006 00       		.byte	0
 1891 0007 01       		.byte	1
 1892 0008 00       		.byte	0
 1893 0009 00       		.byte	0
 1894 000a 00       		.byte	0
 1895 000b 00       		.byte	0
 1896              		.section	.cyflashprotect,"a",%progbits
 1897              		.align	2
 1898              		.type	cy_meta_flashprotect, %object
 1899              		.size	cy_meta_flashprotect, 256
 1900              	cy_meta_flashprotect:
 1901 0000 00000000 		.space	256
 1901      00000000 
 1901      00000000 
 1901      00000000 
 1901      00000000 
 1902              		.text
 1903              	.Letext0:
 1904              		.file 1 "c:\\program files (x86)\\cypress\\psoc creator\\4.2\\psoc creator\\import\\gnu\\arm\\5.4.
 1905              		.file 2 "c:\\program files (x86)\\cypress\\psoc creator\\4.2\\psoc creator\\import\\gnu\\arm\\5.4.
 1906              		.file 3 "Generated_Source\\PSoC5\\cymetadata.c"
 1907              		.section	.debug_info,"",%progbits
 1908              	.Ldebug_info0:
 1909 0000 35010000 		.4byte	0x135
 1910 0004 0400     		.2byte	0x4
 1911 0006 00000000 		.4byte	.Ldebug_abbrev0
 1912 000a 04       		.byte	0x4
 1913 000b 01       		.uleb128 0x1
 1914 000c 24000000 		.4byte	.LASF17
 1915 0010 0C       		.byte	0xc
 1916 0011 E3010000 		.4byte	.LASF18
 1917 0015 D7000000 		.4byte	.LASF19
 1918 0019 00000000 		.4byte	.Ldebug_line0
 1919 001d 02       		.uleb128 0x2
 1920 001e 01       		.byte	0x1
 1921 001f 06       		.byte	0x6
 1922 0020 D7010000 		.4byte	.LASF0
 1923 0024 03       		.uleb128 0x3
 1924 0025 00000000 		.4byte	.LASF9
 1925 0029 01       		.byte	0x1
 1926 002a 1D       		.byte	0x1d
 1927 002b 2F000000 		.4byte	0x2f
 1928 002f 02       		.uleb128 0x2
 1929 0030 01       		.byte	0x1
 1930 0031 08       		.byte	0x8
 1931 0032 16000000 		.4byte	.LASF1
 1932 0036 02       		.uleb128 0x2
 1933 0037 02       		.byte	0x2
 1934 0038 05       		.byte	0x5
ARM GAS  C:\Users\bella\AppData\Local\Temp\cccTo0GT.s 			page 35


 1935 0039 C4010000 		.4byte	.LASF2
 1936 003d 02       		.uleb128 0x2
 1937 003e 02       		.byte	0x2
 1938 003f 07       		.byte	0x7
 1939 0040 C4000000 		.4byte	.LASF3
 1940 0044 02       		.uleb128 0x2
 1941 0045 04       		.byte	0x4
 1942 0046 05       		.byte	0x5
 1943 0047 CE010000 		.4byte	.LASF4
 1944 004b 02       		.uleb128 0x2
 1945 004c 04       		.byte	0x4
 1946 004d 07       		.byte	0x7
 1947 004e B2000000 		.4byte	.LASF5
 1948 0052 02       		.uleb128 0x2
 1949 0053 08       		.byte	0x8
 1950 0054 05       		.byte	0x5
 1951 0055 B6010000 		.4byte	.LASF6
 1952 0059 02       		.uleb128 0x2
 1953 005a 08       		.byte	0x8
 1954 005b 07       		.byte	0x7
 1955 005c 6B010000 		.4byte	.LASF7
 1956 0060 04       		.uleb128 0x4
 1957 0061 04       		.byte	0x4
 1958 0062 05       		.byte	0x5
 1959 0063 696E7400 		.ascii	"int\000"
 1960 0067 02       		.uleb128 0x2
 1961 0068 04       		.byte	0x4
 1962 0069 07       		.byte	0x7
 1963 006a 5E010000 		.4byte	.LASF8
 1964 006e 03       		.uleb128 0x3
 1965 006f 82010000 		.4byte	.LASF10
 1966 0073 02       		.byte	0x2
 1967 0074 18       		.byte	0x18
 1968 0075 24000000 		.4byte	0x24
 1969 0079 05       		.uleb128 0x5
 1970 007a 91000000 		.4byte	0x91
 1971 007e 8A000000 		.4byte	0x8a
 1972 0082 06       		.uleb128 0x6
 1973 0083 8A000000 		.4byte	0x8a
 1974 0087 2707     		.2byte	0x727
 1975 0089 00       		.byte	0
 1976 008a 02       		.uleb128 0x2
 1977 008b 04       		.byte	0x4
 1978 008c 07       		.byte	0x7
 1979 008d AD010000 		.4byte	.LASF11
 1980 0091 07       		.uleb128 0x7
 1981 0092 6E000000 		.4byte	0x6e
 1982 0096 08       		.uleb128 0x8
 1983 0097 4C010000 		.4byte	.LASF12
 1984 009b 03       		.byte	0x3
 1985 009c 1F       		.byte	0x1f
 1986 009d A7000000 		.4byte	0xa7
 1987 00a1 05       		.uleb128 0x5
 1988 00a2 03       		.byte	0x3
 1989 00a3 00000000 		.4byte	cy_meta_configecc
 1990 00a7 07       		.uleb128 0x7
 1991 00a8 79000000 		.4byte	0x79
ARM GAS  C:\Users\bella\AppData\Local\Temp\cccTo0GT.s 			page 36


 1992 00ac 05       		.uleb128 0x5
 1993 00ad 91000000 		.4byte	0x91
 1994 00b1 BC000000 		.4byte	0xbc
 1995 00b5 09       		.uleb128 0x9
 1996 00b6 8A000000 		.4byte	0x8a
 1997 00ba 03       		.byte	0x3
 1998 00bb 00       		.byte	0
 1999 00bc 0A       		.uleb128 0xa
 2000 00bd 3C010000 		.4byte	.LASF13
 2001 00c1 03       		.byte	0x3
 2002 00c2 1101     		.2byte	0x111
 2003 00c4 CE000000 		.4byte	0xce
 2004 00c8 05       		.uleb128 0x5
 2005 00c9 03       		.byte	0x3
 2006 00ca 00000000 		.4byte	cy_meta_custnvl
 2007 00ce 07       		.uleb128 0x7
 2008 00cf AC000000 		.4byte	0xac
 2009 00d3 0A       		.uleb128 0xa
 2010 00d4 9F010000 		.4byte	.LASF14
 2011 00d8 03       		.byte	0x3
 2012 00d9 1F01     		.2byte	0x11f
 2013 00db E5000000 		.4byte	0xe5
 2014 00df 05       		.uleb128 0x5
 2015 00e0 03       		.byte	0x3
 2016 00e1 00000000 		.4byte	cy_meta_wonvl
 2017 00e5 07       		.uleb128 0x7
 2018 00e6 AC000000 		.4byte	0xac
 2019 00ea 05       		.uleb128 0x5
 2020 00eb 91000000 		.4byte	0x91
 2021 00ef FA000000 		.4byte	0xfa
 2022 00f3 09       		.uleb128 0x9
 2023 00f4 8A000000 		.4byte	0x8a
 2024 00f8 FF       		.byte	0xff
 2025 00f9 00       		.byte	0
 2026 00fa 0A       		.uleb128 0xa
 2027 00fb 8A010000 		.4byte	.LASF15
 2028 00ff 03       		.byte	0x3
 2029 0100 2D01     		.2byte	0x12d
 2030 0102 0C010000 		.4byte	0x10c
 2031 0106 05       		.uleb128 0x5
 2032 0107 03       		.byte	0x3
 2033 0108 00000000 		.4byte	cy_meta_flashprotect
 2034 010c 07       		.uleb128 0x7
 2035 010d EA000000 		.4byte	0xea
 2036 0111 05       		.uleb128 0x5
 2037 0112 91000000 		.4byte	0x91
 2038 0116 21010000 		.4byte	0x121
 2039 011a 09       		.uleb128 0x9
 2040 011b 8A000000 		.4byte	0x8a
 2041 011f 0B       		.byte	0xb
 2042 0120 00       		.byte	0
 2043 0121 0A       		.uleb128 0xa
 2044 0122 0A000000 		.4byte	.LASF16
 2045 0126 03       		.byte	0x3
 2046 0127 5A01     		.2byte	0x15a
 2047 0129 33010000 		.4byte	0x133
 2048 012d 05       		.uleb128 0x5
ARM GAS  C:\Users\bella\AppData\Local\Temp\cccTo0GT.s 			page 37


 2049 012e 03       		.byte	0x3
 2050 012f 00000000 		.4byte	cy_metadata
 2051 0133 07       		.uleb128 0x7
 2052 0134 11010000 		.4byte	0x111
 2053 0138 00       		.byte	0
 2054              		.section	.debug_abbrev,"",%progbits
 2055              	.Ldebug_abbrev0:
 2056 0000 01       		.uleb128 0x1
 2057 0001 11       		.uleb128 0x11
 2058 0002 01       		.byte	0x1
 2059 0003 25       		.uleb128 0x25
 2060 0004 0E       		.uleb128 0xe
 2061 0005 13       		.uleb128 0x13
 2062 0006 0B       		.uleb128 0xb
 2063 0007 03       		.uleb128 0x3
 2064 0008 0E       		.uleb128 0xe
 2065 0009 1B       		.uleb128 0x1b
 2066 000a 0E       		.uleb128 0xe
 2067 000b 10       		.uleb128 0x10
 2068 000c 17       		.uleb128 0x17
 2069 000d 00       		.byte	0
 2070 000e 00       		.byte	0
 2071 000f 02       		.uleb128 0x2
 2072 0010 24       		.uleb128 0x24
 2073 0011 00       		.byte	0
 2074 0012 0B       		.uleb128 0xb
 2075 0013 0B       		.uleb128 0xb
 2076 0014 3E       		.uleb128 0x3e
 2077 0015 0B       		.uleb128 0xb
 2078 0016 03       		.uleb128 0x3
 2079 0017 0E       		.uleb128 0xe
 2080 0018 00       		.byte	0
 2081 0019 00       		.byte	0
 2082 001a 03       		.uleb128 0x3
 2083 001b 16       		.uleb128 0x16
 2084 001c 00       		.byte	0
 2085 001d 03       		.uleb128 0x3
 2086 001e 0E       		.uleb128 0xe
 2087 001f 3A       		.uleb128 0x3a
 2088 0020 0B       		.uleb128 0xb
 2089 0021 3B       		.uleb128 0x3b
 2090 0022 0B       		.uleb128 0xb
 2091 0023 49       		.uleb128 0x49
 2092 0024 13       		.uleb128 0x13
 2093 0025 00       		.byte	0
 2094 0026 00       		.byte	0
 2095 0027 04       		.uleb128 0x4
 2096 0028 24       		.uleb128 0x24
 2097 0029 00       		.byte	0
 2098 002a 0B       		.uleb128 0xb
 2099 002b 0B       		.uleb128 0xb
 2100 002c 3E       		.uleb128 0x3e
 2101 002d 0B       		.uleb128 0xb
 2102 002e 03       		.uleb128 0x3
 2103 002f 08       		.uleb128 0x8
 2104 0030 00       		.byte	0
 2105 0031 00       		.byte	0
ARM GAS  C:\Users\bella\AppData\Local\Temp\cccTo0GT.s 			page 38


 2106 0032 05       		.uleb128 0x5
 2107 0033 01       		.uleb128 0x1
 2108 0034 01       		.byte	0x1
 2109 0035 49       		.uleb128 0x49
 2110 0036 13       		.uleb128 0x13
 2111 0037 01       		.uleb128 0x1
 2112 0038 13       		.uleb128 0x13
 2113 0039 00       		.byte	0
 2114 003a 00       		.byte	0
 2115 003b 06       		.uleb128 0x6
 2116 003c 21       		.uleb128 0x21
 2117 003d 00       		.byte	0
 2118 003e 49       		.uleb128 0x49
 2119 003f 13       		.uleb128 0x13
 2120 0040 2F       		.uleb128 0x2f
 2121 0041 05       		.uleb128 0x5
 2122 0042 00       		.byte	0
 2123 0043 00       		.byte	0
 2124 0044 07       		.uleb128 0x7
 2125 0045 26       		.uleb128 0x26
 2126 0046 00       		.byte	0
 2127 0047 49       		.uleb128 0x49
 2128 0048 13       		.uleb128 0x13
 2129 0049 00       		.byte	0
 2130 004a 00       		.byte	0
 2131 004b 08       		.uleb128 0x8
 2132 004c 34       		.uleb128 0x34
 2133 004d 00       		.byte	0
 2134 004e 03       		.uleb128 0x3
 2135 004f 0E       		.uleb128 0xe
 2136 0050 3A       		.uleb128 0x3a
 2137 0051 0B       		.uleb128 0xb
 2138 0052 3B       		.uleb128 0x3b
 2139 0053 0B       		.uleb128 0xb
 2140 0054 49       		.uleb128 0x49
 2141 0055 13       		.uleb128 0x13
 2142 0056 3F       		.uleb128 0x3f
 2143 0057 19       		.uleb128 0x19
 2144 0058 02       		.uleb128 0x2
 2145 0059 18       		.uleb128 0x18
 2146 005a 00       		.byte	0
 2147 005b 00       		.byte	0
 2148 005c 09       		.uleb128 0x9
 2149 005d 21       		.uleb128 0x21
 2150 005e 00       		.byte	0
 2151 005f 49       		.uleb128 0x49
 2152 0060 13       		.uleb128 0x13
 2153 0061 2F       		.uleb128 0x2f
 2154 0062 0B       		.uleb128 0xb
 2155 0063 00       		.byte	0
 2156 0064 00       		.byte	0
 2157 0065 0A       		.uleb128 0xa
 2158 0066 34       		.uleb128 0x34
 2159 0067 00       		.byte	0
 2160 0068 03       		.uleb128 0x3
 2161 0069 0E       		.uleb128 0xe
 2162 006a 3A       		.uleb128 0x3a
ARM GAS  C:\Users\bella\AppData\Local\Temp\cccTo0GT.s 			page 39


 2163 006b 0B       		.uleb128 0xb
 2164 006c 3B       		.uleb128 0x3b
 2165 006d 05       		.uleb128 0x5
 2166 006e 49       		.uleb128 0x49
 2167 006f 13       		.uleb128 0x13
 2168 0070 3F       		.uleb128 0x3f
 2169 0071 19       		.uleb128 0x19
 2170 0072 02       		.uleb128 0x2
 2171 0073 18       		.uleb128 0x18
 2172 0074 00       		.byte	0
 2173 0075 00       		.byte	0
 2174 0076 00       		.byte	0
 2175              		.section	.debug_aranges,"",%progbits
 2176 0000 14000000 		.4byte	0x14
 2177 0004 0200     		.2byte	0x2
 2178 0006 00000000 		.4byte	.Ldebug_info0
 2179 000a 04       		.byte	0x4
 2180 000b 00       		.byte	0
 2181 000c 0000     		.2byte	0
 2182 000e 0000     		.2byte	0
 2183 0010 00000000 		.4byte	0
 2184 0014 00000000 		.4byte	0
 2185              		.section	.debug_line,"",%progbits
 2186              	.Ldebug_line0:
 2187 0000 3D010000 		.section	.debug_str,"MS",%progbits,1
 2187      02003701 
 2187      00000201 
 2187      FB0E0D00 
 2187      01010101 
 2188              	.LASF9:
 2189 0000 5F5F7569 		.ascii	"__uint8_t\000"
 2189      6E74385F 
 2189      7400
 2190              	.LASF16:
 2191 000a 63795F6D 		.ascii	"cy_metadata\000"
 2191      65746164 
 2191      61746100 
 2192              	.LASF1:
 2193 0016 756E7369 		.ascii	"unsigned char\000"
 2193      676E6564 
 2193      20636861 
 2193      7200
 2194              	.LASF17:
 2195 0024 474E5520 		.ascii	"GNU C11 5.4.1 20160609 (release) [ARM/embedded-5-br"
 2195      43313120 
 2195      352E342E 
 2195      31203230 
 2195      31363036 
 2196 0057 616E6368 		.ascii	"anch revision 237715] -mcpu=cortex-m3 -mthumb -g -O"
 2196      20726576 
 2196      6973696F 
 2196      6E203233 
 2196      37373135 
 2197 008a 67202D66 		.ascii	"g -ffunction-sections -ffat-lto-objects\000"
 2197      66756E63 
 2197      74696F6E 
 2197      2D736563 
ARM GAS  C:\Users\bella\AppData\Local\Temp\cccTo0GT.s 			page 40


 2197      74696F6E 
 2198              	.LASF5:
 2199 00b2 6C6F6E67 		.ascii	"long unsigned int\000"
 2199      20756E73 
 2199      69676E65 
 2199      6420696E 
 2199      7400
 2200              	.LASF3:
 2201 00c4 73686F72 		.ascii	"short unsigned int\000"
 2201      7420756E 
 2201      7369676E 
 2201      65642069 
 2201      6E7400
 2202              	.LASF19:
 2203 00d7 433A5C55 		.ascii	"C:\\Users\\bella\\OneDrive\\Skrivebord\\H-bro\\seme"
 2203      73657273 
 2203      5C62656C 
 2203      6C615C4F 
 2203      6E654472 
 2204 0104 73746572 		.ascii	"ster3_prj_motorstyring\\semester3_prj_motorstyring."
 2204      335F7072 
 2204      6A5F6D6F 
 2204      746F7273 
 2204      74797269 
 2205 0136 63796473 		.ascii	"cydsn\000"
 2205      6E00
 2206              	.LASF13:
 2207 013c 63795F6D 		.ascii	"cy_meta_custnvl\000"
 2207      6574615F 
 2207      63757374 
 2207      6E766C00 
 2208              	.LASF12:
 2209 014c 63795F6D 		.ascii	"cy_meta_configecc\000"
 2209      6574615F 
 2209      636F6E66 
 2209      69676563 
 2209      6300
 2210              	.LASF8:
 2211 015e 756E7369 		.ascii	"unsigned int\000"
 2211      676E6564 
 2211      20696E74 
 2211      00
 2212              	.LASF7:
 2213 016b 6C6F6E67 		.ascii	"long long unsigned int\000"
 2213      206C6F6E 
 2213      6720756E 
 2213      7369676E 
 2213      65642069 
 2214              	.LASF10:
 2215 0182 75696E74 		.ascii	"uint8_t\000"
 2215      385F7400 
 2216              	.LASF15:
 2217 018a 63795F6D 		.ascii	"cy_meta_flashprotect\000"
 2217      6574615F 
 2217      666C6173 
 2217      6870726F 
 2217      74656374 
ARM GAS  C:\Users\bella\AppData\Local\Temp\cccTo0GT.s 			page 41


 2218              	.LASF14:
 2219 019f 63795F6D 		.ascii	"cy_meta_wonvl\000"
 2219      6574615F 
 2219      776F6E76 
 2219      6C00
 2220              	.LASF11:
 2221 01ad 73697A65 		.ascii	"sizetype\000"
 2221      74797065 
 2221      00
 2222              	.LASF6:
 2223 01b6 6C6F6E67 		.ascii	"long long int\000"
 2223      206C6F6E 
 2223      6720696E 
 2223      7400
 2224              	.LASF2:
 2225 01c4 73686F72 		.ascii	"short int\000"
 2225      7420696E 
 2225      7400
 2226              	.LASF4:
 2227 01ce 6C6F6E67 		.ascii	"long int\000"
 2227      20696E74 
 2227      00
 2228              	.LASF0:
 2229 01d7 7369676E 		.ascii	"signed char\000"
 2229      65642063 
 2229      68617200 
 2230              	.LASF18:
 2231 01e3 47656E65 		.ascii	"Generated_Source\\PSoC5\\cymetadata.c\000"
 2231      72617465 
 2231      645F536F 
 2231      75726365 
 2231      5C50536F 
 2232              		.ident	"GCC: (GNU Tools for ARM Embedded Processors) 5.4.1 20160609 (release) [ARM/embedded-5-bran
