ARM GAS  C:\Users\bella\AppData\Local\Temp\ccOJDLHD.s 			page 1


   1              		.syntax unified
   2              		.cpu cortex-m3
   3              		.fpu softvfp
   4              		.eabi_attribute 20, 1
   5              		.eabi_attribute 21, 1
   6              		.eabi_attribute 23, 3
   7              		.eabi_attribute 24, 1
   8              		.eabi_attribute 25, 1
   9              		.eabi_attribute 26, 1
  10              		.eabi_attribute 30, 1
  11              		.eabi_attribute 34, 1
  12              		.eabi_attribute 18, 4
  13              		.thumb
  14              		.syntax unified
  15              		.file	"main.c"
  16              		.text
  17              	.Ltext0:
  18              		.cfi_sections	.debug_frame
  19              		.section	.text.ISR_SPIS_rx_handler,"ax",%progbits
  20              		.align	2
  21              		.global	ISR_SPIS_rx_handler
  22              		.thumb
  23              		.thumb_func
  24              		.type	ISR_SPIS_rx_handler, %function
  25              	ISR_SPIS_rx_handler:
  26              	.LFB65:
  27              		.file 1 "main.c"
   1:main.c        **** /* ========================================
   2:main.c        ****  *
   3:main.c        ****  * Copyright YOUR COMPANY, THE YEAR
   4:main.c        ****  * All Rights Reserved
   5:main.c        ****  * UNPUBLISHED, LICENSED SOFTWARE.
   6:main.c        ****  *
   7:main.c        ****  * CONFIDENTIAL AND PROPRIETARY INFORMATION
   8:main.c        ****  * WHICH IS THE PROPERTY OF your company.
   9:main.c        ****  *
  10:main.c        ****  * ========================================
  11:main.c        **** */
  12:main.c        **** #include "project.h"
  13:main.c        **** #include "motorFunktioner.h"
  14:main.c        **** #include "stdio.h"
  15:main.c        **** CY_ISR_PROTO(ISR_SPIS_rx_handler);
  16:main.c        **** uint8_t sendB_ = 0;
  17:main.c        **** int main(void)
  18:main.c        **** {
  19:main.c        ****     CyGlobalIntEnable; /* Enable global interrupts. */
  20:main.c        ****     Motorpwm_Left_Init();
  21:main.c        ****     Motorpwm_right_Init();
  22:main.c        ****     Motorpwm_right_Start();
  23:main.c        ****     Motorpwm_Left_Start();
  24:main.c        ****     ADC_calL_Init();
  25:main.c        ****     ADC_calR_Init();
  26:main.c        ****     ADC_calL_Start();
  27:main.c        ****     ADC_calR_Start();
  28:main.c        ****     ADC_calL_StartConvert();
  29:main.c        ****     ADC_calR_StartConvert();
  30:main.c        ****     SPIS_1_Start();
ARM GAS  C:\Users\bella\AppData\Local\Temp\ccOJDLHD.s 			page 2


  31:main.c        ****     SPIS_1_FIFO_CLR;
  32:main.c        ****     ISR_SLAVE_RX_StartEx(ISR_SPIS_rx_handler);
  33:main.c        ****     UART_1_Start();
  34:main.c        ****         
  35:main.c        ****     /* Place your initialization/startup code here (e.g. MyInst_Start()) */
  36:main.c        **** 
  37:main.c        ****     for(;;)
  38:main.c        ****     {
  39:main.c        ****         
  40:main.c        ****         
  41:main.c        ****         //korFrem(ADC_calL_GetResult8(), ADC_calR_GetResult8(), 0, 0);
  42:main.c        ****     }
  43:main.c        **** }
  44:main.c        **** 
  45:main.c        **** CY_ISR(ISR_SPIS_rx_handler){
  28              		.loc 1 45 0
  29              		.cfi_startproc
  30              		@ args = 0, pretend = 0, frame = 128
  31              		@ frame_needed = 0, uses_anonymous_args = 0
  32 0000 00B5     		push	{lr}
  33              		.cfi_def_cfa_offset 4
  34              		.cfi_offset 14, -4
  35 0002 A1B0     		sub	sp, sp, #132
  36              		.cfi_def_cfa_offset 136
  46:main.c        ****         uint8_t slave_bytesReceived = SPIS_1_ReadRxData(); //Læser dataen fra SPIS rx
  37              		.loc 1 46 0
  38 0004 FFF7FEFF 		bl	SPIS_1_ReadRxData
  39              	.LVL0:
  47:main.c        ****         char buff[128];
  48:main.c        ****         snprintf(buff,sizeof(buff),"Byte received: %d\n",slave_bytesReceived); //Formaterer data fr
  40              		.loc 1 48 0
  41 0008 0346     		mov	r3, r0
  42 000a 0A4A     		ldr	r2, .L3
  43 000c 8021     		movs	r1, #128
  44 000e 6846     		mov	r0, sp
  45              	.LVL1:
  46 0010 FFF7FEFF 		bl	snprintf
  47              	.LVL2:
  49:main.c        ****         UART_1_PutString(buff); //Skriver dataen ud på UART
  48              		.loc 1 49 0
  49 0014 6846     		mov	r0, sp
  50 0016 FFF7FEFF 		bl	UART_1_PutString
  51              	.LVL3:
  50:main.c        **** 
  51:main.c        ****         uint8_t num = 75;
  52:main.c        ****         SPIS_1_WriteTxData(num);
  52              		.loc 1 52 0
  53 001a 4B20     		movs	r0, #75
  54 001c FFF7FEFF 		bl	SPIS_1_WriteTxData
  55              	.LVL4:
  53:main.c        ****         //sendB_++;
  54:main.c        ****         SPIS_1_ClearFIFO();
  56              		.loc 1 54 0
  57 0020 FFF7FEFF 		bl	SPIS_1_ClearFIFO
  58              	.LVL5:
  55:main.c        ****         
  56:main.c        ****     
ARM GAS  C:\Users\bella\AppData\Local\Temp\ccOJDLHD.s 			page 3


  57:main.c        ****     CyDelay(300);
  59              		.loc 1 57 0
  60 0024 4FF49670 		mov	r0, #300
  61 0028 FFF7FEFF 		bl	CyDelay
  62              	.LVL6:
  58:main.c        **** }   
  63              		.loc 1 58 0
  64 002c 21B0     		add	sp, sp, #132
  65              		.cfi_def_cfa_offset 4
  66              		@ sp needed
  67 002e 5DF804FB 		ldr	pc, [sp], #4
  68              	.L4:
  69 0032 00BF     		.align	2
  70              	.L3:
  71 0034 00000000 		.word	.LC0
  72              		.cfi_endproc
  73              	.LFE65:
  74              		.size	ISR_SPIS_rx_handler, .-ISR_SPIS_rx_handler
  75              		.section	.text.main,"ax",%progbits
  76              		.align	2
  77              		.global	main
  78              		.thumb
  79              		.thumb_func
  80              		.type	main, %function
  81              	main:
  82              	.LFB64:
  18:main.c        ****     CyGlobalIntEnable; /* Enable global interrupts. */
  83              		.loc 1 18 0
  84              		.cfi_startproc
  85              		@ Volatile: function does not return.
  86              		@ args = 0, pretend = 0, frame = 0
  87              		@ frame_needed = 0, uses_anonymous_args = 0
  88 0000 08B5     		push	{r3, lr}
  89              		.cfi_def_cfa_offset 8
  90              		.cfi_offset 3, -8
  91              		.cfi_offset 14, -4
  19:main.c        ****     Motorpwm_Left_Init();
  92              		.loc 1 19 0
  93              		.syntax unified
  94              	@ 19 "main.c" 1
  95 0002 62B6     		CPSIE   i
  96              	@ 0 "" 2
  20:main.c        ****     Motorpwm_right_Init();
  97              		.loc 1 20 0
  98              		.thumb
  99              		.syntax unified
 100 0004 FFF7FEFF 		bl	Motorpwm_Left_Init
 101              	.LVL7:
  21:main.c        ****     Motorpwm_right_Start();
 102              		.loc 1 21 0
 103 0008 FFF7FEFF 		bl	Motorpwm_right_Init
 104              	.LVL8:
  22:main.c        ****     Motorpwm_Left_Start();
 105              		.loc 1 22 0
 106 000c FFF7FEFF 		bl	Motorpwm_right_Start
 107              	.LVL9:
  23:main.c        ****     ADC_calL_Init();
ARM GAS  C:\Users\bella\AppData\Local\Temp\ccOJDLHD.s 			page 4


 108              		.loc 1 23 0
 109 0010 FFF7FEFF 		bl	Motorpwm_Left_Start
 110              	.LVL10:
  24:main.c        ****     ADC_calR_Init();
 111              		.loc 1 24 0
 112 0014 FFF7FEFF 		bl	ADC_calL_Init
 113              	.LVL11:
  25:main.c        ****     ADC_calL_Start();
 114              		.loc 1 25 0
 115 0018 FFF7FEFF 		bl	ADC_calR_Init
 116              	.LVL12:
  26:main.c        ****     ADC_calR_Start();
 117              		.loc 1 26 0
 118 001c FFF7FEFF 		bl	ADC_calL_Start
 119              	.LVL13:
  27:main.c        ****     ADC_calL_StartConvert();
 120              		.loc 1 27 0
 121 0020 FFF7FEFF 		bl	ADC_calR_Start
 122              	.LVL14:
  28:main.c        ****     ADC_calR_StartConvert();
 123              		.loc 1 28 0
 124 0024 FFF7FEFF 		bl	ADC_calL_StartConvert
 125              	.LVL15:
  29:main.c        ****     SPIS_1_Start();
 126              		.loc 1 29 0
 127 0028 FFF7FEFF 		bl	ADC_calR_StartConvert
 128              	.LVL16:
  30:main.c        ****     SPIS_1_FIFO_CLR;
 129              		.loc 1 30 0
 130 002c FFF7FEFF 		bl	SPIS_1_Start
 131              	.LVL17:
  32:main.c        ****     UART_1_Start();
 132              		.loc 1 32 0
 133 0030 0248     		ldr	r0, .L8
 134 0032 FFF7FEFF 		bl	ISR_SLAVE_RX_StartEx
 135              	.LVL18:
  33:main.c        ****         
 136              		.loc 1 33 0
 137 0036 FFF7FEFF 		bl	UART_1_Start
 138              	.LVL19:
 139              	.L6:
 140 003a FEE7     		b	.L6
 141              	.L9:
 142              		.align	2
 143              	.L8:
 144 003c 00000000 		.word	ISR_SPIS_rx_handler
 145              		.cfi_endproc
 146              	.LFE64:
 147              		.size	main, .-main
 148              		.global	sendB_
 149              		.section	.rodata.str1.4,"aMS",%progbits,1
 150              		.align	2
 151              	.LC0:
 152 0000 42797465 		.ascii	"Byte received: %d\012\000"
 152      20726563 
 152      65697665 
 152      643A2025 
ARM GAS  C:\Users\bella\AppData\Local\Temp\ccOJDLHD.s 			page 5


 152      640A00
 153              		.bss
 154              		.type	sendB_, %object
 155              		.size	sendB_, 1
 156              	sendB_:
 157 0000 00       		.space	1
 158              		.text
 159              	.Letext0:
 160              		.file 2 "c:\\program files (x86)\\cypress\\psoc creator\\4.2\\psoc creator\\import\\gnu\\arm\\5.4.
 161              		.file 3 "c:\\program files (x86)\\cypress\\psoc creator\\4.2\\psoc creator\\import\\gnu\\arm\\5.4.
 162              		.file 4 "Generated_Source\\PSoC5/core_cm3.h"
 163              		.file 5 "Generated_Source\\PSoC5/SPIS_1.h"
 164              		.file 6 "c:\\program files (x86)\\cypress\\psoc creator\\4.2\\psoc creator\\import\\gnu\\arm\\5.4.
 165              		.file 7 "Generated_Source\\PSoC5/UART_1.h"
 166              		.file 8 "Generated_Source\\PSoC5/CyLib.h"
 167              		.file 9 "Generated_Source\\PSoC5/Motorpwm_Left.h"
 168              		.file 10 "Generated_Source\\PSoC5/Motorpwm_right.h"
 169              		.file 11 "Generated_Source\\PSoC5/ADC_calL.h"
 170              		.file 12 "Generated_Source\\PSoC5/ADC_calR.h"
 171              		.file 13 "Generated_Source\\PSoC5/ISR_SLAVE_RX.h"
 172              		.section	.debug_info,"",%progbits
 173              	.Ldebug_info0:
 174 0000 05030000 		.4byte	0x305
 175 0004 0400     		.2byte	0x4
 176 0006 00000000 		.4byte	.Ldebug_abbrev0
 177 000a 04       		.byte	0x4
 178 000b 01       		.uleb128 0x1
 179 000c 68000000 		.4byte	.LASF41
 180 0010 0C       		.byte	0xc
 181 0011 9E020000 		.4byte	.LASF42
 182 0015 4F010000 		.4byte	.LASF43
 183 0019 00000000 		.4byte	.Ldebug_ranges0+0
 184 001d 00000000 		.4byte	0
 185 0021 00000000 		.4byte	.Ldebug_line0
 186 0025 02       		.uleb128 0x2
 187 0026 01       		.byte	0x1
 188 0027 06       		.byte	0x6
 189 0028 DD020000 		.4byte	.LASF0
 190 002c 03       		.uleb128 0x3
 191 002d 0D000000 		.4byte	.LASF4
 192 0031 02       		.byte	0x2
 193 0032 1D       		.byte	0x1d
 194 0033 37000000 		.4byte	0x37
 195 0037 02       		.uleb128 0x2
 196 0038 01       		.byte	0x1
 197 0039 08       		.byte	0x8
 198 003a 5A000000 		.4byte	.LASF1
 199 003e 02       		.uleb128 0x2
 200 003f 02       		.byte	0x2
 201 0040 05       		.byte	0x5
 202 0041 AA020000 		.4byte	.LASF2
 203 0045 02       		.uleb128 0x2
 204 0046 02       		.byte	0x2
 205 0047 07       		.byte	0x7
 206 0048 08010000 		.4byte	.LASF3
 207 004c 03       		.uleb128 0x3
 208 004d 17000000 		.4byte	.LASF5
ARM GAS  C:\Users\bella\AppData\Local\Temp\ccOJDLHD.s 			page 6


 209 0051 02       		.byte	0x2
 210 0052 3F       		.byte	0x3f
 211 0053 57000000 		.4byte	0x57
 212 0057 02       		.uleb128 0x2
 213 0058 04       		.byte	0x4
 214 0059 05       		.byte	0x5
 215 005a C8020000 		.4byte	.LASF6
 216 005e 02       		.uleb128 0x2
 217 005f 04       		.byte	0x4
 218 0060 07       		.byte	0x7
 219 0061 F6000000 		.4byte	.LASF7
 220 0065 02       		.uleb128 0x2
 221 0066 08       		.byte	0x8
 222 0067 05       		.byte	0x5
 223 0068 82020000 		.4byte	.LASF8
 224 006c 02       		.uleb128 0x2
 225 006d 08       		.byte	0x8
 226 006e 07       		.byte	0x7
 227 006f 0F020000 		.4byte	.LASF9
 228 0073 04       		.uleb128 0x4
 229 0074 04       		.byte	0x4
 230 0075 05       		.byte	0x5
 231 0076 696E7400 		.ascii	"int\000"
 232 007a 02       		.uleb128 0x2
 233 007b 04       		.byte	0x4
 234 007c 07       		.byte	0x7
 235 007d F1010000 		.4byte	.LASF10
 236 0081 03       		.uleb128 0x3
 237 0082 26020000 		.4byte	.LASF11
 238 0086 03       		.byte	0x3
 239 0087 18       		.byte	0x18
 240 0088 2C000000 		.4byte	0x2c
 241 008c 03       		.uleb128 0x3
 242 008d 56020000 		.4byte	.LASF12
 243 0091 03       		.byte	0x3
 244 0092 2C       		.byte	0x2c
 245 0093 4C000000 		.4byte	0x4c
 246 0097 02       		.uleb128 0x2
 247 0098 04       		.byte	0x4
 248 0099 04       		.byte	0x4
 249 009a 3E000000 		.4byte	.LASF13
 250 009e 02       		.uleb128 0x2
 251 009f 08       		.byte	0x8
 252 00a0 04       		.byte	0x4
 253 00a1 48010000 		.4byte	.LASF14
 254 00a5 02       		.uleb128 0x2
 255 00a6 01       		.byte	0x1
 256 00a7 08       		.byte	0x8
 257 00a8 A5020000 		.4byte	.LASF15
 258 00ac 02       		.uleb128 0x2
 259 00ad 08       		.byte	0x8
 260 00ae 04       		.byte	0x4
 261 00af D1020000 		.4byte	.LASF16
 262 00b3 02       		.uleb128 0x2
 263 00b4 04       		.byte	0x4
 264 00b5 07       		.byte	0x7
 265 00b6 79020000 		.4byte	.LASF17
ARM GAS  C:\Users\bella\AppData\Local\Temp\ccOJDLHD.s 			page 7


 266 00ba 05       		.uleb128 0x5
 267 00bb B4020000 		.4byte	.LASF44
 268 00bf 01       		.byte	0x1
 269 00c0 2D       		.byte	0x2d
 270 00c1 00000000 		.4byte	.LFB65
 271 00c5 38000000 		.4byte	.LFE65-.LFB65
 272 00c9 01       		.uleb128 0x1
 273 00ca 9C       		.byte	0x9c
 274 00cb 68010000 		.4byte	0x168
 275 00cf 06       		.uleb128 0x6
 276 00d0 2A000000 		.4byte	.LASF18
 277 00d4 01       		.byte	0x1
 278 00d5 2E       		.byte	0x2e
 279 00d6 81000000 		.4byte	0x81
 280 00da 00000000 		.4byte	.LLST0
 281 00de 07       		.uleb128 0x7
 282 00df 43010000 		.4byte	.LASF19
 283 00e3 01       		.byte	0x1
 284 00e4 2F       		.byte	0x2f
 285 00e5 68010000 		.4byte	0x168
 286 00e9 03       		.uleb128 0x3
 287 00ea 91       		.byte	0x91
 288 00eb F87E     		.sleb128 -136
 289 00ed 08       		.uleb128 0x8
 290 00ee 6E756D00 		.ascii	"num\000"
 291 00f2 01       		.byte	0x1
 292 00f3 33       		.byte	0x33
 293 00f4 81000000 		.4byte	0x81
 294 00f8 4B       		.byte	0x4b
 295 00f9 09       		.uleb128 0x9
 296 00fa 08000000 		.4byte	.LVL0
 297 00fe 37020000 		.4byte	0x237
 298 0102 0A       		.uleb128 0xa
 299 0103 14000000 		.4byte	.LVL2
 300 0107 42020000 		.4byte	0x242
 301 010b 25010000 		.4byte	0x125
 302 010f 0B       		.uleb128 0xb
 303 0110 01       		.uleb128 0x1
 304 0111 50       		.byte	0x50
 305 0112 02       		.uleb128 0x2
 306 0113 7D       		.byte	0x7d
 307 0114 00       		.sleb128 0
 308 0115 0B       		.uleb128 0xb
 309 0116 01       		.uleb128 0x1
 310 0117 51       		.byte	0x51
 311 0118 02       		.uleb128 0x2
 312 0119 08       		.byte	0x8
 313 011a 80       		.byte	0x80
 314 011b 0B       		.uleb128 0xb
 315 011c 01       		.uleb128 0x1
 316 011d 52       		.byte	0x52
 317 011e 05       		.uleb128 0x5
 318 011f 03       		.byte	0x3
 319 0120 00000000 		.4byte	.LC0
 320 0124 00       		.byte	0
 321 0125 0A       		.uleb128 0xa
 322 0126 1A000000 		.4byte	.LVL3
ARM GAS  C:\Users\bella\AppData\Local\Temp\ccOJDLHD.s 			page 8


 323 012a 4D020000 		.4byte	0x24d
 324 012e 39010000 		.4byte	0x139
 325 0132 0B       		.uleb128 0xb
 326 0133 01       		.uleb128 0x1
 327 0134 50       		.byte	0x50
 328 0135 02       		.uleb128 0x2
 329 0136 7D       		.byte	0x7d
 330 0137 00       		.sleb128 0
 331 0138 00       		.byte	0
 332 0139 0A       		.uleb128 0xa
 333 013a 20000000 		.4byte	.LVL4
 334 013e 58020000 		.4byte	0x258
 335 0142 4D010000 		.4byte	0x14d
 336 0146 0B       		.uleb128 0xb
 337 0147 01       		.uleb128 0x1
 338 0148 50       		.byte	0x50
 339 0149 02       		.uleb128 0x2
 340 014a 08       		.byte	0x8
 341 014b 4B       		.byte	0x4b
 342 014c 00       		.byte	0
 343 014d 09       		.uleb128 0x9
 344 014e 24000000 		.4byte	.LVL5
 345 0152 63020000 		.4byte	0x263
 346 0156 0C       		.uleb128 0xc
 347 0157 2C000000 		.4byte	.LVL6
 348 015b 6E020000 		.4byte	0x26e
 349 015f 0B       		.uleb128 0xb
 350 0160 01       		.uleb128 0x1
 351 0161 50       		.byte	0x50
 352 0162 03       		.uleb128 0x3
 353 0163 0A       		.byte	0xa
 354 0164 2C01     		.2byte	0x12c
 355 0166 00       		.byte	0
 356 0167 00       		.byte	0
 357 0168 0D       		.uleb128 0xd
 358 0169 A5000000 		.4byte	0xa5
 359 016d 78010000 		.4byte	0x178
 360 0171 0E       		.uleb128 0xe
 361 0172 B3000000 		.4byte	0xb3
 362 0176 7F       		.byte	0x7f
 363 0177 00       		.byte	0
 364 0178 0F       		.uleb128 0xf
 365 0179 B4010000 		.4byte	.LASF45
 366 017d 01       		.byte	0x1
 367 017e 11       		.byte	0x11
 368 017f 73000000 		.4byte	0x73
 369 0183 00000000 		.4byte	.LFB64
 370 0187 40000000 		.4byte	.LFE64-.LFB64
 371 018b 01       		.uleb128 0x1
 372 018c 9C       		.byte	0x9c
 373 018d 15020000 		.4byte	0x215
 374 0191 09       		.uleb128 0x9
 375 0192 08000000 		.4byte	.LVL7
 376 0196 79020000 		.4byte	0x279
 377 019a 09       		.uleb128 0x9
 378 019b 0C000000 		.4byte	.LVL8
 379 019f 84020000 		.4byte	0x284
ARM GAS  C:\Users\bella\AppData\Local\Temp\ccOJDLHD.s 			page 9


 380 01a3 09       		.uleb128 0x9
 381 01a4 10000000 		.4byte	.LVL9
 382 01a8 8F020000 		.4byte	0x28f
 383 01ac 09       		.uleb128 0x9
 384 01ad 14000000 		.4byte	.LVL10
 385 01b1 9A020000 		.4byte	0x29a
 386 01b5 09       		.uleb128 0x9
 387 01b6 18000000 		.4byte	.LVL11
 388 01ba A5020000 		.4byte	0x2a5
 389 01be 09       		.uleb128 0x9
 390 01bf 1C000000 		.4byte	.LVL12
 391 01c3 B0020000 		.4byte	0x2b0
 392 01c7 09       		.uleb128 0x9
 393 01c8 20000000 		.4byte	.LVL13
 394 01cc BB020000 		.4byte	0x2bb
 395 01d0 09       		.uleb128 0x9
 396 01d1 24000000 		.4byte	.LVL14
 397 01d5 C6020000 		.4byte	0x2c6
 398 01d9 09       		.uleb128 0x9
 399 01da 28000000 		.4byte	.LVL15
 400 01de D1020000 		.4byte	0x2d1
 401 01e2 09       		.uleb128 0x9
 402 01e3 2C000000 		.4byte	.LVL16
 403 01e7 DC020000 		.4byte	0x2dc
 404 01eb 09       		.uleb128 0x9
 405 01ec 30000000 		.4byte	.LVL17
 406 01f0 E7020000 		.4byte	0x2e7
 407 01f4 0A       		.uleb128 0xa
 408 01f5 36000000 		.4byte	.LVL18
 409 01f9 F2020000 		.4byte	0x2f2
 410 01fd 0B020000 		.4byte	0x20b
 411 0201 0B       		.uleb128 0xb
 412 0202 01       		.uleb128 0x1
 413 0203 50       		.byte	0x50
 414 0204 05       		.uleb128 0x5
 415 0205 03       		.byte	0x3
 416 0206 00000000 		.4byte	ISR_SPIS_rx_handler
 417 020a 00       		.byte	0
 418 020b 09       		.uleb128 0x9
 419 020c 3A000000 		.4byte	.LVL19
 420 0210 FD020000 		.4byte	0x2fd
 421 0214 00       		.byte	0
 422 0215 10       		.uleb128 0x10
 423 0216 36010000 		.4byte	.LASF20
 424 021a 04       		.byte	0x4
 425 021b 1207     		.2byte	0x712
 426 021d 21020000 		.4byte	0x221
 427 0221 11       		.uleb128 0x11
 428 0222 8C000000 		.4byte	0x8c
 429 0226 12       		.uleb128 0x12
 430 0227 72020000 		.4byte	.LASF21
 431 022b 01       		.byte	0x1
 432 022c 10       		.byte	0x10
 433 022d 81000000 		.4byte	0x81
 434 0231 05       		.uleb128 0x5
 435 0232 03       		.byte	0x3
 436 0233 00000000 		.4byte	sendB_
ARM GAS  C:\Users\bella\AppData\Local\Temp\ccOJDLHD.s 			page 10


 437 0237 13       		.uleb128 0x13
 438 0238 3A030000 		.4byte	.LASF22
 439 023c 3A030000 		.4byte	.LASF22
 440 0240 05       		.byte	0x5
 441 0241 57       		.byte	0x57
 442 0242 13       		.uleb128 0x13
 443 0243 21000000 		.4byte	.LASF23
 444 0247 21000000 		.4byte	.LASF23
 445 024b 06       		.byte	0x6
 446 024c FD       		.byte	0xfd
 447 024d 13       		.uleb128 0x13
 448 024e E9020000 		.4byte	.LASF24
 449 0252 E9020000 		.4byte	.LASF24
 450 0256 07       		.byte	0x7
 451 0257 8B       		.byte	0x8b
 452 0258 13       		.uleb128 0x13
 453 0259 FA020000 		.4byte	.LASF25
 454 025d FA020000 		.4byte	.LASF25
 455 0261 05       		.byte	0x5
 456 0262 50       		.byte	0x50
 457 0263 13       		.uleb128 0x13
 458 0264 FE010000 		.4byte	.LASF26
 459 0268 FE010000 		.4byte	.LASF26
 460 026c 05       		.byte	0x5
 461 026d 63       		.byte	0x63
 462 026e 13       		.uleb128 0x13
 463 026f 32030000 		.4byte	.LASF27
 464 0273 32030000 		.4byte	.LASF27
 465 0277 08       		.byte	0x8
 466 0278 76       		.byte	0x76
 467 0279 13       		.uleb128 0x13
 468 027a 2E020000 		.4byte	.LASF28
 469 027e 2E020000 		.4byte	.LASF28
 470 0282 09       		.byte	0x9
 471 0283 DA       		.byte	0xda
 472 0284 13       		.uleb128 0x13
 473 0285 5E020000 		.4byte	.LASF29
 474 0289 5E020000 		.4byte	.LASF29
 475 028d 0A       		.byte	0xa
 476 028e DA       		.byte	0xda
 477 028f 13       		.uleb128 0x13
 478 0290 DC010000 		.4byte	.LASF30
 479 0294 DC010000 		.4byte	.LASF30
 480 0298 0A       		.byte	0xa
 481 0299 92       		.byte	0x92
 482 029a 13       		.uleb128 0x13
 483 029b C8010000 		.4byte	.LASF31
 484 029f C8010000 		.4byte	.LASF31
 485 02a3 09       		.byte	0x9
 486 02a4 92       		.byte	0x92
 487 02a5 13       		.uleb128 0x13
 488 02a6 90020000 		.4byte	.LASF32
 489 02aa 90020000 		.4byte	.LASF32
 490 02ae 0B       		.byte	0xb
 491 02af 43       		.byte	0x43
 492 02b0 13       		.uleb128 0x13
 493 02b1 28010000 		.4byte	.LASF33
ARM GAS  C:\Users\bella\AppData\Local\Temp\ccOJDLHD.s 			page 11


 494 02b5 28010000 		.4byte	.LASF33
 495 02b9 0C       		.byte	0xc
 496 02ba 43       		.byte	0x43
 497 02bb 13       		.uleb128 0x13
 498 02bc 0D030000 		.4byte	.LASF34
 499 02c0 0D030000 		.4byte	.LASF34
 500 02c4 0B       		.byte	0xb
 501 02c5 34       		.byte	0x34
 502 02c6 13       		.uleb128 0x13
 503 02c7 B9010000 		.4byte	.LASF35
 504 02cb B9010000 		.4byte	.LASF35
 505 02cf 0C       		.byte	0xc
 506 02d0 34       		.byte	0x34
 507 02d1 13       		.uleb128 0x13
 508 02d2 1C030000 		.4byte	.LASF36
 509 02d6 1C030000 		.4byte	.LASF36
 510 02da 0B       		.byte	0xb
 511 02db D1       		.byte	0xd1
 512 02dc 13       		.uleb128 0x13
 513 02dd 44000000 		.4byte	.LASF37
 514 02e1 44000000 		.4byte	.LASF37
 515 02e5 0C       		.byte	0xc
 516 02e6 D1       		.byte	0xd1
 517 02e7 13       		.uleb128 0x13
 518 02e8 1B010000 		.4byte	.LASF38
 519 02ec 1B010000 		.4byte	.LASF38
 520 02f0 05       		.byte	0x5
 521 02f1 46       		.byte	0x46
 522 02f2 13       		.uleb128 0x13
 523 02f3 41020000 		.4byte	.LASF39
 524 02f7 41020000 		.4byte	.LASF39
 525 02fb 0D       		.byte	0xd
 526 02fc 18       		.byte	0x18
 527 02fd 13       		.uleb128 0x13
 528 02fe 00000000 		.4byte	.LASF40
 529 0302 00000000 		.4byte	.LASF40
 530 0306 07       		.byte	0x7
 531 0307 54       		.byte	0x54
 532 0308 00       		.byte	0
 533              		.section	.debug_abbrev,"",%progbits
 534              	.Ldebug_abbrev0:
 535 0000 01       		.uleb128 0x1
 536 0001 11       		.uleb128 0x11
 537 0002 01       		.byte	0x1
 538 0003 25       		.uleb128 0x25
 539 0004 0E       		.uleb128 0xe
 540 0005 13       		.uleb128 0x13
 541 0006 0B       		.uleb128 0xb
 542 0007 03       		.uleb128 0x3
 543 0008 0E       		.uleb128 0xe
 544 0009 1B       		.uleb128 0x1b
 545 000a 0E       		.uleb128 0xe
 546 000b 55       		.uleb128 0x55
 547 000c 17       		.uleb128 0x17
 548 000d 11       		.uleb128 0x11
 549 000e 01       		.uleb128 0x1
 550 000f 10       		.uleb128 0x10
ARM GAS  C:\Users\bella\AppData\Local\Temp\ccOJDLHD.s 			page 12


 551 0010 17       		.uleb128 0x17
 552 0011 00       		.byte	0
 553 0012 00       		.byte	0
 554 0013 02       		.uleb128 0x2
 555 0014 24       		.uleb128 0x24
 556 0015 00       		.byte	0
 557 0016 0B       		.uleb128 0xb
 558 0017 0B       		.uleb128 0xb
 559 0018 3E       		.uleb128 0x3e
 560 0019 0B       		.uleb128 0xb
 561 001a 03       		.uleb128 0x3
 562 001b 0E       		.uleb128 0xe
 563 001c 00       		.byte	0
 564 001d 00       		.byte	0
 565 001e 03       		.uleb128 0x3
 566 001f 16       		.uleb128 0x16
 567 0020 00       		.byte	0
 568 0021 03       		.uleb128 0x3
 569 0022 0E       		.uleb128 0xe
 570 0023 3A       		.uleb128 0x3a
 571 0024 0B       		.uleb128 0xb
 572 0025 3B       		.uleb128 0x3b
 573 0026 0B       		.uleb128 0xb
 574 0027 49       		.uleb128 0x49
 575 0028 13       		.uleb128 0x13
 576 0029 00       		.byte	0
 577 002a 00       		.byte	0
 578 002b 04       		.uleb128 0x4
 579 002c 24       		.uleb128 0x24
 580 002d 00       		.byte	0
 581 002e 0B       		.uleb128 0xb
 582 002f 0B       		.uleb128 0xb
 583 0030 3E       		.uleb128 0x3e
 584 0031 0B       		.uleb128 0xb
 585 0032 03       		.uleb128 0x3
 586 0033 08       		.uleb128 0x8
 587 0034 00       		.byte	0
 588 0035 00       		.byte	0
 589 0036 05       		.uleb128 0x5
 590 0037 2E       		.uleb128 0x2e
 591 0038 01       		.byte	0x1
 592 0039 3F       		.uleb128 0x3f
 593 003a 19       		.uleb128 0x19
 594 003b 03       		.uleb128 0x3
 595 003c 0E       		.uleb128 0xe
 596 003d 3A       		.uleb128 0x3a
 597 003e 0B       		.uleb128 0xb
 598 003f 3B       		.uleb128 0x3b
 599 0040 0B       		.uleb128 0xb
 600 0041 27       		.uleb128 0x27
 601 0042 19       		.uleb128 0x19
 602 0043 11       		.uleb128 0x11
 603 0044 01       		.uleb128 0x1
 604 0045 12       		.uleb128 0x12
 605 0046 06       		.uleb128 0x6
 606 0047 40       		.uleb128 0x40
 607 0048 18       		.uleb128 0x18
ARM GAS  C:\Users\bella\AppData\Local\Temp\ccOJDLHD.s 			page 13


 608 0049 9742     		.uleb128 0x2117
 609 004b 19       		.uleb128 0x19
 610 004c 01       		.uleb128 0x1
 611 004d 13       		.uleb128 0x13
 612 004e 00       		.byte	0
 613 004f 00       		.byte	0
 614 0050 06       		.uleb128 0x6
 615 0051 34       		.uleb128 0x34
 616 0052 00       		.byte	0
 617 0053 03       		.uleb128 0x3
 618 0054 0E       		.uleb128 0xe
 619 0055 3A       		.uleb128 0x3a
 620 0056 0B       		.uleb128 0xb
 621 0057 3B       		.uleb128 0x3b
 622 0058 0B       		.uleb128 0xb
 623 0059 49       		.uleb128 0x49
 624 005a 13       		.uleb128 0x13
 625 005b 02       		.uleb128 0x2
 626 005c 17       		.uleb128 0x17
 627 005d 00       		.byte	0
 628 005e 00       		.byte	0
 629 005f 07       		.uleb128 0x7
 630 0060 34       		.uleb128 0x34
 631 0061 00       		.byte	0
 632 0062 03       		.uleb128 0x3
 633 0063 0E       		.uleb128 0xe
 634 0064 3A       		.uleb128 0x3a
 635 0065 0B       		.uleb128 0xb
 636 0066 3B       		.uleb128 0x3b
 637 0067 0B       		.uleb128 0xb
 638 0068 49       		.uleb128 0x49
 639 0069 13       		.uleb128 0x13
 640 006a 02       		.uleb128 0x2
 641 006b 18       		.uleb128 0x18
 642 006c 00       		.byte	0
 643 006d 00       		.byte	0
 644 006e 08       		.uleb128 0x8
 645 006f 34       		.uleb128 0x34
 646 0070 00       		.byte	0
 647 0071 03       		.uleb128 0x3
 648 0072 08       		.uleb128 0x8
 649 0073 3A       		.uleb128 0x3a
 650 0074 0B       		.uleb128 0xb
 651 0075 3B       		.uleb128 0x3b
 652 0076 0B       		.uleb128 0xb
 653 0077 49       		.uleb128 0x49
 654 0078 13       		.uleb128 0x13
 655 0079 1C       		.uleb128 0x1c
 656 007a 0B       		.uleb128 0xb
 657 007b 00       		.byte	0
 658 007c 00       		.byte	0
 659 007d 09       		.uleb128 0x9
 660 007e 898201   		.uleb128 0x4109
 661 0081 00       		.byte	0
 662 0082 11       		.uleb128 0x11
 663 0083 01       		.uleb128 0x1
 664 0084 31       		.uleb128 0x31
ARM GAS  C:\Users\bella\AppData\Local\Temp\ccOJDLHD.s 			page 14


 665 0085 13       		.uleb128 0x13
 666 0086 00       		.byte	0
 667 0087 00       		.byte	0
 668 0088 0A       		.uleb128 0xa
 669 0089 898201   		.uleb128 0x4109
 670 008c 01       		.byte	0x1
 671 008d 11       		.uleb128 0x11
 672 008e 01       		.uleb128 0x1
 673 008f 31       		.uleb128 0x31
 674 0090 13       		.uleb128 0x13
 675 0091 01       		.uleb128 0x1
 676 0092 13       		.uleb128 0x13
 677 0093 00       		.byte	0
 678 0094 00       		.byte	0
 679 0095 0B       		.uleb128 0xb
 680 0096 8A8201   		.uleb128 0x410a
 681 0099 00       		.byte	0
 682 009a 02       		.uleb128 0x2
 683 009b 18       		.uleb128 0x18
 684 009c 9142     		.uleb128 0x2111
 685 009e 18       		.uleb128 0x18
 686 009f 00       		.byte	0
 687 00a0 00       		.byte	0
 688 00a1 0C       		.uleb128 0xc
 689 00a2 898201   		.uleb128 0x4109
 690 00a5 01       		.byte	0x1
 691 00a6 11       		.uleb128 0x11
 692 00a7 01       		.uleb128 0x1
 693 00a8 31       		.uleb128 0x31
 694 00a9 13       		.uleb128 0x13
 695 00aa 00       		.byte	0
 696 00ab 00       		.byte	0
 697 00ac 0D       		.uleb128 0xd
 698 00ad 01       		.uleb128 0x1
 699 00ae 01       		.byte	0x1
 700 00af 49       		.uleb128 0x49
 701 00b0 13       		.uleb128 0x13
 702 00b1 01       		.uleb128 0x1
 703 00b2 13       		.uleb128 0x13
 704 00b3 00       		.byte	0
 705 00b4 00       		.byte	0
 706 00b5 0E       		.uleb128 0xe
 707 00b6 21       		.uleb128 0x21
 708 00b7 00       		.byte	0
 709 00b8 49       		.uleb128 0x49
 710 00b9 13       		.uleb128 0x13
 711 00ba 2F       		.uleb128 0x2f
 712 00bb 0B       		.uleb128 0xb
 713 00bc 00       		.byte	0
 714 00bd 00       		.byte	0
 715 00be 0F       		.uleb128 0xf
 716 00bf 2E       		.uleb128 0x2e
 717 00c0 01       		.byte	0x1
 718 00c1 3F       		.uleb128 0x3f
 719 00c2 19       		.uleb128 0x19
 720 00c3 03       		.uleb128 0x3
 721 00c4 0E       		.uleb128 0xe
ARM GAS  C:\Users\bella\AppData\Local\Temp\ccOJDLHD.s 			page 15


 722 00c5 3A       		.uleb128 0x3a
 723 00c6 0B       		.uleb128 0xb
 724 00c7 3B       		.uleb128 0x3b
 725 00c8 0B       		.uleb128 0xb
 726 00c9 27       		.uleb128 0x27
 727 00ca 19       		.uleb128 0x19
 728 00cb 49       		.uleb128 0x49
 729 00cc 13       		.uleb128 0x13
 730 00cd 8701     		.uleb128 0x87
 731 00cf 19       		.uleb128 0x19
 732 00d0 11       		.uleb128 0x11
 733 00d1 01       		.uleb128 0x1
 734 00d2 12       		.uleb128 0x12
 735 00d3 06       		.uleb128 0x6
 736 00d4 40       		.uleb128 0x40
 737 00d5 18       		.uleb128 0x18
 738 00d6 9742     		.uleb128 0x2117
 739 00d8 19       		.uleb128 0x19
 740 00d9 01       		.uleb128 0x1
 741 00da 13       		.uleb128 0x13
 742 00db 00       		.byte	0
 743 00dc 00       		.byte	0
 744 00dd 10       		.uleb128 0x10
 745 00de 34       		.uleb128 0x34
 746 00df 00       		.byte	0
 747 00e0 03       		.uleb128 0x3
 748 00e1 0E       		.uleb128 0xe
 749 00e2 3A       		.uleb128 0x3a
 750 00e3 0B       		.uleb128 0xb
 751 00e4 3B       		.uleb128 0x3b
 752 00e5 05       		.uleb128 0x5
 753 00e6 49       		.uleb128 0x49
 754 00e7 13       		.uleb128 0x13
 755 00e8 3F       		.uleb128 0x3f
 756 00e9 19       		.uleb128 0x19
 757 00ea 3C       		.uleb128 0x3c
 758 00eb 19       		.uleb128 0x19
 759 00ec 00       		.byte	0
 760 00ed 00       		.byte	0
 761 00ee 11       		.uleb128 0x11
 762 00ef 35       		.uleb128 0x35
 763 00f0 00       		.byte	0
 764 00f1 49       		.uleb128 0x49
 765 00f2 13       		.uleb128 0x13
 766 00f3 00       		.byte	0
 767 00f4 00       		.byte	0
 768 00f5 12       		.uleb128 0x12
 769 00f6 34       		.uleb128 0x34
 770 00f7 00       		.byte	0
 771 00f8 03       		.uleb128 0x3
 772 00f9 0E       		.uleb128 0xe
 773 00fa 3A       		.uleb128 0x3a
 774 00fb 0B       		.uleb128 0xb
 775 00fc 3B       		.uleb128 0x3b
 776 00fd 0B       		.uleb128 0xb
 777 00fe 49       		.uleb128 0x49
 778 00ff 13       		.uleb128 0x13
ARM GAS  C:\Users\bella\AppData\Local\Temp\ccOJDLHD.s 			page 16


 779 0100 3F       		.uleb128 0x3f
 780 0101 19       		.uleb128 0x19
 781 0102 02       		.uleb128 0x2
 782 0103 18       		.uleb128 0x18
 783 0104 00       		.byte	0
 784 0105 00       		.byte	0
 785 0106 13       		.uleb128 0x13
 786 0107 2E       		.uleb128 0x2e
 787 0108 00       		.byte	0
 788 0109 3F       		.uleb128 0x3f
 789 010a 19       		.uleb128 0x19
 790 010b 3C       		.uleb128 0x3c
 791 010c 19       		.uleb128 0x19
 792 010d 6E       		.uleb128 0x6e
 793 010e 0E       		.uleb128 0xe
 794 010f 03       		.uleb128 0x3
 795 0110 0E       		.uleb128 0xe
 796 0111 3A       		.uleb128 0x3a
 797 0112 0B       		.uleb128 0xb
 798 0113 3B       		.uleb128 0x3b
 799 0114 0B       		.uleb128 0xb
 800 0115 00       		.byte	0
 801 0116 00       		.byte	0
 802 0117 00       		.byte	0
 803              		.section	.debug_loc,"",%progbits
 804              	.Ldebug_loc0:
 805              	.LLST0:
 806 0000 08000000 		.4byte	.LVL0
 807 0004 10000000 		.4byte	.LVL1
 808 0008 0100     		.2byte	0x1
 809 000a 50       		.byte	0x50
 810 000b 00000000 		.4byte	0
 811 000f 00000000 		.4byte	0
 812              		.section	.debug_aranges,"",%progbits
 813 0000 24000000 		.4byte	0x24
 814 0004 0200     		.2byte	0x2
 815 0006 00000000 		.4byte	.Ldebug_info0
 816 000a 04       		.byte	0x4
 817 000b 00       		.byte	0
 818 000c 0000     		.2byte	0
 819 000e 0000     		.2byte	0
 820 0010 00000000 		.4byte	.LFB65
 821 0014 38000000 		.4byte	.LFE65-.LFB65
 822 0018 00000000 		.4byte	.LFB64
 823 001c 40000000 		.4byte	.LFE64-.LFB64
 824 0020 00000000 		.4byte	0
 825 0024 00000000 		.4byte	0
 826              		.section	.debug_ranges,"",%progbits
 827              	.Ldebug_ranges0:
 828 0000 00000000 		.4byte	.LFB65
 829 0004 38000000 		.4byte	.LFE65
 830 0008 00000000 		.4byte	.LFB64
 831 000c 40000000 		.4byte	.LFE64
 832 0010 00000000 		.4byte	0
 833 0014 00000000 		.4byte	0
 834              		.section	.debug_line,"",%progbits
 835              	.Ldebug_line0:
ARM GAS  C:\Users\bella\AppData\Local\Temp\ccOJDLHD.s 			page 17


 836 0000 63020000 		.section	.debug_str,"MS",%progbits,1
 836      02002A02 
 836      00000201 
 836      FB0E0D00 
 836      01010101 
 837              	.LASF40:
 838 0000 55415254 		.ascii	"UART_1_Start\000"
 838      5F315F53 
 838      74617274 
 838      00
 839              	.LASF4:
 840 000d 5F5F7569 		.ascii	"__uint8_t\000"
 840      6E74385F 
 840      7400
 841              	.LASF5:
 842 0017 5F5F696E 		.ascii	"__int32_t\000"
 842      7433325F 
 842      7400
 843              	.LASF23:
 844 0021 736E7072 		.ascii	"snprintf\000"
 844      696E7466 
 844      00
 845              	.LASF18:
 846 002a 736C6176 		.ascii	"slave_bytesReceived\000"
 846      655F6279 
 846      74657352 
 846      65636569 
 846      76656400 
 847              	.LASF13:
 848 003e 666C6F61 		.ascii	"float\000"
 848      7400
 849              	.LASF37:
 850 0044 4144435F 		.ascii	"ADC_calR_StartConvert\000"
 850      63616C52 
 850      5F537461 
 850      7274436F 
 850      6E766572 
 851              	.LASF1:
 852 005a 756E7369 		.ascii	"unsigned char\000"
 852      676E6564 
 852      20636861 
 852      7200
 853              	.LASF41:
 854 0068 474E5520 		.ascii	"GNU C11 5.4.1 20160609 (release) [ARM/embedded-5-br"
 854      43313120 
 854      352E342E 
 854      31203230 
 854      31363036 
 855 009b 616E6368 		.ascii	"anch revision 237715] -mcpu=cortex-m3 -mthumb -g -O"
 855      20726576 
 855      6973696F 
 855      6E203233 
 855      37373135 
 856 00ce 67202D66 		.ascii	"g -ffunction-sections -ffat-lto-objects\000"
 856      66756E63 
 856      74696F6E 
 856      2D736563 
ARM GAS  C:\Users\bella\AppData\Local\Temp\ccOJDLHD.s 			page 18


 856      74696F6E 
 857              	.LASF7:
 858 00f6 6C6F6E67 		.ascii	"long unsigned int\000"
 858      20756E73 
 858      69676E65 
 858      6420696E 
 858      7400
 859              	.LASF3:
 860 0108 73686F72 		.ascii	"short unsigned int\000"
 860      7420756E 
 860      7369676E 
 860      65642069 
 860      6E7400
 861              	.LASF38:
 862 011b 53504953 		.ascii	"SPIS_1_Start\000"
 862      5F315F53 
 862      74617274 
 862      00
 863              	.LASF33:
 864 0128 4144435F 		.ascii	"ADC_calR_Init\000"
 864      63616C52 
 864      5F496E69 
 864      7400
 865              	.LASF20:
 866 0136 49544D5F 		.ascii	"ITM_RxBuffer\000"
 866      52784275 
 866      66666572 
 866      00
 867              	.LASF19:
 868 0143 62756666 		.ascii	"buff\000"
 868      00
 869              	.LASF14:
 870 0148 646F7562 		.ascii	"double\000"
 870      6C6500
 871              	.LASF43:
 872 014f 433A5C55 		.ascii	"C:\\Users\\bella\\OneDrive\\Skrivebord\\H-bro\\seme"
 872      73657273 
 872      5C62656C 
 872      6C615C4F 
 872      6E654472 
 873 017c 73746572 		.ascii	"ster3_prj_motorstyring\\semester3_prj_motorstyring."
 873      335F7072 
 873      6A5F6D6F 
 873      746F7273 
 873      74797269 
 874 01ae 63796473 		.ascii	"cydsn\000"
 874      6E00
 875              	.LASF45:
 876 01b4 6D61696E 		.ascii	"main\000"
 876      00
 877              	.LASF35:
 878 01b9 4144435F 		.ascii	"ADC_calR_Start\000"
 878      63616C52 
 878      5F537461 
 878      727400
 879              	.LASF31:
 880 01c8 4D6F746F 		.ascii	"Motorpwm_Left_Start\000"
ARM GAS  C:\Users\bella\AppData\Local\Temp\ccOJDLHD.s 			page 19


 880      7270776D 
 880      5F4C6566 
 880      745F5374 
 880      61727400 
 881              	.LASF30:
 882 01dc 4D6F746F 		.ascii	"Motorpwm_right_Start\000"
 882      7270776D 
 882      5F726967 
 882      68745F53 
 882      74617274 
 883              	.LASF10:
 884 01f1 756E7369 		.ascii	"unsigned int\000"
 884      676E6564 
 884      20696E74 
 884      00
 885              	.LASF26:
 886 01fe 53504953 		.ascii	"SPIS_1_ClearFIFO\000"
 886      5F315F43 
 886      6C656172 
 886      4649464F 
 886      00
 887              	.LASF9:
 888 020f 6C6F6E67 		.ascii	"long long unsigned int\000"
 888      206C6F6E 
 888      6720756E 
 888      7369676E 
 888      65642069 
 889              	.LASF11:
 890 0226 75696E74 		.ascii	"uint8_t\000"
 890      385F7400 
 891              	.LASF28:
 892 022e 4D6F746F 		.ascii	"Motorpwm_Left_Init\000"
 892      7270776D 
 892      5F4C6566 
 892      745F496E 
 892      697400
 893              	.LASF39:
 894 0241 4953525F 		.ascii	"ISR_SLAVE_RX_StartEx\000"
 894      534C4156 
 894      455F5258 
 894      5F537461 
 894      72744578 
 895              	.LASF12:
 896 0256 696E7433 		.ascii	"int32_t\000"
 896      325F7400 
 897              	.LASF29:
 898 025e 4D6F746F 		.ascii	"Motorpwm_right_Init\000"
 898      7270776D 
 898      5F726967 
 898      68745F49 
 898      6E697400 
 899              	.LASF21:
 900 0272 73656E64 		.ascii	"sendB_\000"
 900      425F00
 901              	.LASF17:
 902 0279 73697A65 		.ascii	"sizetype\000"
 902      74797065 
ARM GAS  C:\Users\bella\AppData\Local\Temp\ccOJDLHD.s 			page 20


 902      00
 903              	.LASF8:
 904 0282 6C6F6E67 		.ascii	"long long int\000"
 904      206C6F6E 
 904      6720696E 
 904      7400
 905              	.LASF32:
 906 0290 4144435F 		.ascii	"ADC_calL_Init\000"
 906      63616C4C 
 906      5F496E69 
 906      7400
 907              	.LASF42:
 908 029e 6D61696E 		.ascii	"main.c\000"
 908      2E6300
 909              	.LASF15:
 910 02a5 63686172 		.ascii	"char\000"
 910      00
 911              	.LASF2:
 912 02aa 73686F72 		.ascii	"short int\000"
 912      7420696E 
 912      7400
 913              	.LASF44:
 914 02b4 4953525F 		.ascii	"ISR_SPIS_rx_handler\000"
 914      53504953 
 914      5F72785F 
 914      68616E64 
 914      6C657200 
 915              	.LASF6:
 916 02c8 6C6F6E67 		.ascii	"long int\000"
 916      20696E74 
 916      00
 917              	.LASF16:
 918 02d1 6C6F6E67 		.ascii	"long double\000"
 918      20646F75 
 918      626C6500 
 919              	.LASF0:
 920 02dd 7369676E 		.ascii	"signed char\000"
 920      65642063 
 920      68617200 
 921              	.LASF24:
 922 02e9 55415254 		.ascii	"UART_1_PutString\000"
 922      5F315F50 
 922      75745374 
 922      72696E67 
 922      00
 923              	.LASF25:
 924 02fa 53504953 		.ascii	"SPIS_1_WriteTxData\000"
 924      5F315F57 
 924      72697465 
 924      54784461 
 924      746100
 925              	.LASF34:
 926 030d 4144435F 		.ascii	"ADC_calL_Start\000"
 926      63616C4C 
 926      5F537461 
 926      727400
 927              	.LASF36:
ARM GAS  C:\Users\bella\AppData\Local\Temp\ccOJDLHD.s 			page 21


 928 031c 4144435F 		.ascii	"ADC_calL_StartConvert\000"
 928      63616C4C 
 928      5F537461 
 928      7274436F 
 928      6E766572 
 929              	.LASF27:
 930 0332 43794465 		.ascii	"CyDelay\000"
 930      6C617900 
 931              	.LASF22:
 932 033a 53504953 		.ascii	"SPIS_1_ReadRxData\000"
 932      5F315F52 
 932      65616452 
 932      78446174 
 932      6100
 933              		.ident	"GCC: (GNU Tools for ARM Embedded Processors) 5.4.1 20160609 (release) [ARM/embedded-5-bran
