ARM GAS  C:\Users\bella\AppData\Local\Temp\ccmflVix.s 			page 1


   1              		.syntax unified
   2              		.cpu cortex-m3
   3              		.fpu softvfp
   4              		.eabi_attribute 20, 1
   5              		.eabi_attribute 21, 1
   6              		.eabi_attribute 23, 3
   7              		.eabi_attribute 24, 1
   8              		.eabi_attribute 25, 1
   9              		.eabi_attribute 26, 1
  10              		.eabi_attribute 30, 1
  11              		.eabi_attribute 34, 1
  12              		.eabi_attribute 18, 4
  13              		.thumb
  14              		.syntax unified
  15              		.file	"motorFunktioner.c"
  16              		.text
  17              	.Ltext0:
  18              		.cfi_sections	.debug_frame
  19              		.section	.text.korFrem,"ax",%progbits
  20              		.align	2
  21              		.global	korFrem
  22              		.thumb
  23              		.thumb_func
  24              		.type	korFrem, %function
  25              	korFrem:
  26              	.LFB63:
  27              		.file 1 "motorFunktioner.c"
   1:motorFunktioner.c **** /* ========================================
   2:motorFunktioner.c ****  *
   3:motorFunktioner.c ****  * Copyright YOUR COMPANY, THE YEAR
   4:motorFunktioner.c ****  * All Rights Reserved
   5:motorFunktioner.c ****  * UNPUBLISHED, LICENSED SOFTWARE.
   6:motorFunktioner.c ****  *
   7:motorFunktioner.c ****  * CONFIDENTIAL AND PROPRIETARY INFORMATION
   8:motorFunktioner.c ****  * WHICH IS THE PROPERTY OF your company.
   9:motorFunktioner.c ****  *
  10:motorFunktioner.c ****  * ========================================
  11:motorFunktioner.c **** */
  12:motorFunktioner.c **** #include "motorFunktioner.h"
  13:motorFunktioner.c **** 
  14:motorFunktioner.c **** void korFrem(int calL, int calR, int PWML, int PWMR) {
  28              		.loc 1 14 0
  29              		.cfi_startproc
  30              		@ args = 0, pretend = 0, frame = 0
  31              		@ frame_needed = 0, uses_anonymous_args = 0
  32              	.LVL0:
  33 0000 F8B5     		push	{r3, r4, r5, r6, r7, lr}
  34              		.cfi_def_cfa_offset 24
  35              		.cfi_offset 3, -24
  36              		.cfi_offset 4, -20
  37              		.cfi_offset 5, -16
  38              		.cfi_offset 6, -12
  39              		.cfi_offset 7, -8
  40              		.cfi_offset 14, -4
  41 0002 0746     		mov	r7, r0
  42 0004 0E46     		mov	r6, r1
  43 0006 1546     		mov	r5, r2
ARM GAS  C:\Users\bella\AppData\Local\Temp\ccmflVix.s 			page 2


  44 0008 1C46     		mov	r4, r3
  15:motorFunktioner.c **** mode_Write(0b00000000);
  45              		.loc 1 15 0
  46 000a 0020     		movs	r0, #0
  47              	.LVL1:
  48 000c FFF7FEFF 		bl	mode_Write
  49              	.LVL2:
  16:motorFunktioner.c **** Motorpwm_Left_WriteCompare (calL + PWML);
  50              		.loc 1 16 0
  51 0010 7819     		adds	r0, r7, r5
  52 0012 C0B2     		uxtb	r0, r0
  53 0014 FFF7FEFF 		bl	Motorpwm_Left_WriteCompare
  54              	.LVL3:
  17:motorFunktioner.c **** Motorpwm_right_WriteCompare(calR + PWMR);
  55              		.loc 1 17 0
  56 0018 3019     		adds	r0, r6, r4
  57 001a C0B2     		uxtb	r0, r0
  58 001c FFF7FEFF 		bl	Motorpwm_right_WriteCompare
  59              	.LVL4:
  18:motorFunktioner.c **** 
  19:motorFunktioner.c **** Enable_Right_Write(1);
  60              		.loc 1 19 0
  61 0020 0120     		movs	r0, #1
  62 0022 FFF7FEFF 		bl	Enable_Right_Write
  63              	.LVL5:
  20:motorFunktioner.c **** Enable_Left_Write(1);
  64              		.loc 1 20 0
  65 0026 0120     		movs	r0, #1
  66 0028 FFF7FEFF 		bl	Enable_Left_Write
  67              	.LVL6:
  68 002c F8BD     		pop	{r3, r4, r5, r6, r7, pc}
  69              		.cfi_endproc
  70              	.LFE63:
  71              		.size	korFrem, .-korFrem
  72 002e 00BF     		.section	.text.fastStop,"ax",%progbits
  73              		.align	2
  74              		.global	fastStop
  75              		.thumb
  76              		.thumb_func
  77              		.type	fastStop, %function
  78              	fastStop:
  79              	.LFB64:
  21:motorFunktioner.c **** }
  22:motorFunktioner.c **** 
  23:motorFunktioner.c **** void fastStop() {
  80              		.loc 1 23 0
  81              		.cfi_startproc
  82              		@ args = 0, pretend = 0, frame = 0
  83              		@ frame_needed = 0, uses_anonymous_args = 0
  84 0000 08B5     		push	{r3, lr}
  85              		.cfi_def_cfa_offset 8
  86              		.cfi_offset 3, -8
  87              		.cfi_offset 14, -4
  24:motorFunktioner.c **** 
  25:motorFunktioner.c **** Enable_Right_Write(1);
  88              		.loc 1 25 0
  89 0002 0120     		movs	r0, #1
ARM GAS  C:\Users\bella\AppData\Local\Temp\ccmflVix.s 			page 3


  90 0004 FFF7FEFF 		bl	Enable_Right_Write
  91              	.LVL7:
  26:motorFunktioner.c **** Enable_Left_Write(1);
  92              		.loc 1 26 0
  93 0008 0120     		movs	r0, #1
  94 000a FFF7FEFF 		bl	Enable_Left_Write
  95              	.LVL8:
  27:motorFunktioner.c **** mode_Write(0b00000001);
  96              		.loc 1 27 0
  97 000e 0120     		movs	r0, #1
  98 0010 FFF7FEFF 		bl	mode_Write
  99              	.LVL9:
 100 0014 08BD     		pop	{r3, pc}
 101              		.cfi_endproc
 102              	.LFE64:
 103              		.size	fastStop, .-fastStop
 104 0016 00BF     		.section	.text.stop,"ax",%progbits
 105              		.align	2
 106              		.global	stop
 107              		.thumb
 108              		.thumb_func
 109              		.type	stop, %function
 110              	stop:
 111              	.LFB65:
  28:motorFunktioner.c **** }
  29:motorFunktioner.c **** 
  30:motorFunktioner.c **** void stop(){
 112              		.loc 1 30 0
 113              		.cfi_startproc
 114              		@ args = 0, pretend = 0, frame = 0
 115              		@ frame_needed = 0, uses_anonymous_args = 0
 116 0000 08B5     		push	{r3, lr}
 117              		.cfi_def_cfa_offset 8
 118              		.cfi_offset 3, -8
 119              		.cfi_offset 14, -4
  31:motorFunktioner.c **** Enable_Right_Write(0);
 120              		.loc 1 31 0
 121 0002 0020     		movs	r0, #0
 122 0004 FFF7FEFF 		bl	Enable_Right_Write
 123              	.LVL10:
  32:motorFunktioner.c **** Enable_Left_Write(0);
 124              		.loc 1 32 0
 125 0008 0020     		movs	r0, #0
 126 000a FFF7FEFF 		bl	Enable_Left_Write
 127              	.LVL11:
 128 000e 08BD     		pop	{r3, pc}
 129              		.cfi_endproc
 130              	.LFE65:
 131              		.size	stop, .-stop
 132              		.section	.text.kortilbage,"ax",%progbits
 133              		.align	2
 134              		.global	kortilbage
 135              		.thumb
 136              		.thumb_func
 137              		.type	kortilbage, %function
 138              	kortilbage:
 139              	.LFB66:
ARM GAS  C:\Users\bella\AppData\Local\Temp\ccmflVix.s 			page 4


  33:motorFunktioner.c **** 
  34:motorFunktioner.c **** }
  35:motorFunktioner.c **** 
  36:motorFunktioner.c **** void kortilbage(int calL, int calR, int PWML, int PWMR) {
 140              		.loc 1 36 0
 141              		.cfi_startproc
 142              		@ args = 0, pretend = 0, frame = 0
 143              		@ frame_needed = 0, uses_anonymous_args = 0
 144              	.LVL12:
 145 0000 F8B5     		push	{r3, r4, r5, r6, r7, lr}
 146              		.cfi_def_cfa_offset 24
 147              		.cfi_offset 3, -24
 148              		.cfi_offset 4, -20
 149              		.cfi_offset 5, -16
 150              		.cfi_offset 6, -12
 151              		.cfi_offset 7, -8
 152              		.cfi_offset 14, -4
 153 0002 0746     		mov	r7, r0
 154 0004 0E46     		mov	r6, r1
 155 0006 1546     		mov	r5, r2
 156 0008 1C46     		mov	r4, r3
  37:motorFunktioner.c **** mode_Write(0b00000110);
 157              		.loc 1 37 0
 158 000a 0620     		movs	r0, #6
 159              	.LVL13:
 160 000c FFF7FEFF 		bl	mode_Write
 161              	.LVL14:
  38:motorFunktioner.c **** Motorpwm_Left_WriteCompare (calL + PWML);
 162              		.loc 1 38 0
 163 0010 7819     		adds	r0, r7, r5
 164 0012 C0B2     		uxtb	r0, r0
 165 0014 FFF7FEFF 		bl	Motorpwm_Left_WriteCompare
 166              	.LVL15:
  39:motorFunktioner.c **** Motorpwm_right_WriteCompare(calR + PWMR);
 167              		.loc 1 39 0
 168 0018 3019     		adds	r0, r6, r4
 169 001a C0B2     		uxtb	r0, r0
 170 001c FFF7FEFF 		bl	Motorpwm_right_WriteCompare
 171              	.LVL16:
  40:motorFunktioner.c **** Enable_Right_Write(1);
 172              		.loc 1 40 0
 173 0020 0120     		movs	r0, #1
 174 0022 FFF7FEFF 		bl	Enable_Right_Write
 175              	.LVL17:
  41:motorFunktioner.c **** Enable_Left_Write(1);
 176              		.loc 1 41 0
 177 0026 0120     		movs	r0, #1
 178 0028 FFF7FEFF 		bl	Enable_Left_Write
 179              	.LVL18:
 180 002c F8BD     		pop	{r3, r4, r5, r6, r7, pc}
 181              		.cfi_endproc
 182              	.LFE66:
 183              		.size	kortilbage, .-kortilbage
 184 002e 00BF     		.section	.text.drejVenstre,"ax",%progbits
 185              		.align	2
 186              		.global	drejVenstre
 187              		.thumb
ARM GAS  C:\Users\bella\AppData\Local\Temp\ccmflVix.s 			page 5


 188              		.thumb_func
 189              		.type	drejVenstre, %function
 190              	drejVenstre:
 191              	.LFB67:
  42:motorFunktioner.c **** 
  43:motorFunktioner.c **** }
  44:motorFunktioner.c **** 
  45:motorFunktioner.c **** void drejVenstre(int calL, int calR, int PWML, int PWMR){
 192              		.loc 1 45 0
 193              		.cfi_startproc
 194              		@ args = 0, pretend = 0, frame = 0
 195              		@ frame_needed = 0, uses_anonymous_args = 0
 196              	.LVL19:
 197 0000 F8B5     		push	{r3, r4, r5, r6, r7, lr}
 198              		.cfi_def_cfa_offset 24
 199              		.cfi_offset 3, -24
 200              		.cfi_offset 4, -20
 201              		.cfi_offset 5, -16
 202              		.cfi_offset 6, -12
 203              		.cfi_offset 7, -8
 204              		.cfi_offset 14, -4
 205 0002 0746     		mov	r7, r0
 206 0004 0E46     		mov	r6, r1
 207 0006 1546     		mov	r5, r2
 208 0008 1C46     		mov	r4, r3
  46:motorFunktioner.c **** 
  47:motorFunktioner.c **** mode_Write(0b00000010);
 209              		.loc 1 47 0
 210 000a 0220     		movs	r0, #2
 211              	.LVL20:
 212 000c FFF7FEFF 		bl	mode_Write
 213              	.LVL21:
  48:motorFunktioner.c **** Motorpwm_Left_WriteCompare (calL + PWML);
 214              		.loc 1 48 0
 215 0010 7819     		adds	r0, r7, r5
 216 0012 C0B2     		uxtb	r0, r0
 217 0014 FFF7FEFF 		bl	Motorpwm_Left_WriteCompare
 218              	.LVL22:
  49:motorFunktioner.c **** Motorpwm_right_WriteCompare(calR + PWMR);
 219              		.loc 1 49 0
 220 0018 3019     		adds	r0, r6, r4
 221 001a C0B2     		uxtb	r0, r0
 222 001c FFF7FEFF 		bl	Motorpwm_right_WriteCompare
 223              	.LVL23:
  50:motorFunktioner.c **** Enable_Right_Write(1);
 224              		.loc 1 50 0
 225 0020 0120     		movs	r0, #1
 226 0022 FFF7FEFF 		bl	Enable_Right_Write
 227              	.LVL24:
  51:motorFunktioner.c **** Enable_Left_Write(1);
 228              		.loc 1 51 0
 229 0026 0120     		movs	r0, #1
 230 0028 FFF7FEFF 		bl	Enable_Left_Write
 231              	.LVL25:
 232 002c F8BD     		pop	{r3, r4, r5, r6, r7, pc}
 233              		.cfi_endproc
 234              	.LFE67:
ARM GAS  C:\Users\bella\AppData\Local\Temp\ccmflVix.s 			page 6


 235              		.size	drejVenstre, .-drejVenstre
 236 002e 00BF     		.section	.text.drejHojre,"ax",%progbits
 237              		.align	2
 238              		.global	drejHojre
 239              		.thumb
 240              		.thumb_func
 241              		.type	drejHojre, %function
 242              	drejHojre:
 243              	.LFB68:
  52:motorFunktioner.c **** 
  53:motorFunktioner.c **** }
  54:motorFunktioner.c **** 
  55:motorFunktioner.c **** void drejHojre(int calL, int calR, int PWML, int PWMR){
 244              		.loc 1 55 0
 245              		.cfi_startproc
 246              		@ args = 0, pretend = 0, frame = 0
 247              		@ frame_needed = 0, uses_anonymous_args = 0
 248              	.LVL26:
 249 0000 F8B5     		push	{r3, r4, r5, r6, r7, lr}
 250              		.cfi_def_cfa_offset 24
 251              		.cfi_offset 3, -24
 252              		.cfi_offset 4, -20
 253              		.cfi_offset 5, -16
 254              		.cfi_offset 6, -12
 255              		.cfi_offset 7, -8
 256              		.cfi_offset 14, -4
 257 0002 0746     		mov	r7, r0
 258 0004 0E46     		mov	r6, r1
 259 0006 1546     		mov	r5, r2
 260 0008 1C46     		mov	r4, r3
  56:motorFunktioner.c **** 
  57:motorFunktioner.c **** mode_Write(0b00000100);
 261              		.loc 1 57 0
 262 000a 0420     		movs	r0, #4
 263              	.LVL27:
 264 000c FFF7FEFF 		bl	mode_Write
 265              	.LVL28:
  58:motorFunktioner.c **** Motorpwm_Left_WriteCompare (calL + PWML);
 266              		.loc 1 58 0
 267 0010 7819     		adds	r0, r7, r5
 268 0012 C0B2     		uxtb	r0, r0
 269 0014 FFF7FEFF 		bl	Motorpwm_Left_WriteCompare
 270              	.LVL29:
  59:motorFunktioner.c **** Motorpwm_right_WriteCompare(calR + PWMR);
 271              		.loc 1 59 0
 272 0018 3019     		adds	r0, r6, r4
 273 001a C0B2     		uxtb	r0, r0
 274 001c FFF7FEFF 		bl	Motorpwm_right_WriteCompare
 275              	.LVL30:
 276 0020 F8BD     		pop	{r3, r4, r5, r6, r7, pc}
 277              		.cfi_endproc
 278              	.LFE68:
 279              		.size	drejHojre, .-drejHojre
 280 0022 00BF     		.text
 281              	.Letext0:
 282              		.file 2 "c:\\program files (x86)\\cypress\\psoc creator\\4.2\\psoc creator\\import\\gnu\\arm\\5.4.
 283              		.file 3 "c:\\program files (x86)\\cypress\\psoc creator\\4.2\\psoc creator\\import\\gnu\\arm\\5.4.
ARM GAS  C:\Users\bella\AppData\Local\Temp\ccmflVix.s 			page 7


 284              		.file 4 "Generated_Source\\PSoC5/mode.h"
 285              		.file 5 "Generated_Source\\PSoC5/Motorpwm_Left.h"
 286              		.file 6 "Generated_Source\\PSoC5/Motorpwm_right.h"
 287              		.file 7 "Generated_Source\\PSoC5/Enable_Right.h"
 288              		.file 8 "Generated_Source\\PSoC5/Enable_Left.h"
 289              		.file 9 "Generated_Source\\PSoC5/core_cm3.h"
 290              		.section	.debug_info,"",%progbits
 291              	.Ldebug_info0:
 292 0000 1A040000 		.4byte	0x41a
 293 0004 0400     		.2byte	0x4
 294 0006 00000000 		.4byte	.Ldebug_abbrev0
 295 000a 04       		.byte	0x4
 296 000b 01       		.uleb128 0x1
 297 000c 6E000000 		.4byte	.LASF31
 298 0010 0C       		.byte	0xc
 299 0011 00000000 		.4byte	.LASF32
 300 0015 53010000 		.4byte	.LASF33
 301 0019 00000000 		.4byte	.Ldebug_ranges0+0
 302 001d 00000000 		.4byte	0
 303 0021 00000000 		.4byte	.Ldebug_line0
 304 0025 02       		.uleb128 0x2
 305 0026 01       		.byte	0x1
 306 0027 06       		.byte	0x6
 307 0028 6D020000 		.4byte	.LASF0
 308 002c 02       		.uleb128 0x2
 309 002d 01       		.byte	0x1
 310 002e 08       		.byte	0x8
 311 002f 3E010000 		.4byte	.LASF1
 312 0033 02       		.uleb128 0x2
 313 0034 02       		.byte	0x2
 314 0035 05       		.byte	0x5
 315 0036 44020000 		.4byte	.LASF2
 316 003a 02       		.uleb128 0x2
 317 003b 02       		.byte	0x2
 318 003c 07       		.byte	0x7
 319 003d 19010000 		.4byte	.LASF3
 320 0041 03       		.uleb128 0x3
 321 0042 12000000 		.4byte	.LASF9
 322 0046 02       		.byte	0x2
 323 0047 3F       		.byte	0x3f
 324 0048 4C000000 		.4byte	0x4c
 325 004c 02       		.uleb128 0x2
 326 004d 04       		.byte	0x4
 327 004e 05       		.byte	0x5
 328 004f 58020000 		.4byte	.LASF4
 329 0053 02       		.uleb128 0x2
 330 0054 04       		.byte	0x4
 331 0055 07       		.byte	0x7
 332 0056 07010000 		.4byte	.LASF5
 333 005a 02       		.uleb128 0x2
 334 005b 08       		.byte	0x8
 335 005c 05       		.byte	0x5
 336 005d 2C020000 		.4byte	.LASF6
 337 0061 02       		.uleb128 0x2
 338 0062 08       		.byte	0x8
 339 0063 07       		.byte	0x7
 340 0064 C5010000 		.4byte	.LASF7
ARM GAS  C:\Users\bella\AppData\Local\Temp\ccmflVix.s 			page 8


 341 0068 04       		.uleb128 0x4
 342 0069 04       		.byte	0x4
 343 006a 05       		.byte	0x5
 344 006b 696E7400 		.ascii	"int\000"
 345 006f 02       		.uleb128 0x2
 346 0070 04       		.byte	0x4
 347 0071 07       		.byte	0x7
 348 0072 B8010000 		.4byte	.LASF8
 349 0076 03       		.uleb128 0x3
 350 0077 4D000000 		.4byte	.LASF10
 351 007b 03       		.byte	0x3
 352 007c 2C       		.byte	0x2c
 353 007d 41000000 		.4byte	0x41
 354 0081 02       		.uleb128 0x2
 355 0082 04       		.byte	0x4
 356 0083 04       		.byte	0x4
 357 0084 55000000 		.4byte	.LASF11
 358 0088 02       		.uleb128 0x2
 359 0089 08       		.byte	0x8
 360 008a 04       		.byte	0x4
 361 008b 4C010000 		.4byte	.LASF12
 362 008f 02       		.uleb128 0x2
 363 0090 01       		.byte	0x1
 364 0091 08       		.byte	0x8
 365 0092 3F020000 		.4byte	.LASF13
 366 0096 02       		.uleb128 0x2
 367 0097 08       		.byte	0x8
 368 0098 04       		.byte	0x4
 369 0099 61020000 		.4byte	.LASF14
 370 009d 02       		.uleb128 0x2
 371 009e 04       		.byte	0x4
 372 009f 07       		.byte	0x7
 373 00a0 08020000 		.4byte	.LASF15
 374 00a4 05       		.uleb128 0x5
 375 00a5 79020000 		.4byte	.LASF22
 376 00a9 01       		.byte	0x1
 377 00aa 0E       		.byte	0xe
 378 00ab 00000000 		.4byte	.LFB63
 379 00af 2E000000 		.4byte	.LFE63-.LFB63
 380 00b3 01       		.uleb128 0x1
 381 00b4 9C       		.byte	0x9c
 382 00b5 59010000 		.4byte	0x159
 383 00b9 06       		.uleb128 0x6
 384 00ba FA010000 		.4byte	.LASF16
 385 00be 01       		.byte	0x1
 386 00bf 0E       		.byte	0xe
 387 00c0 68000000 		.4byte	0x68
 388 00c4 00000000 		.4byte	.LLST0
 389 00c8 06       		.uleb128 0x6
 390 00c9 3A020000 		.4byte	.LASF17
 391 00cd 01       		.byte	0x1
 392 00ce 0E       		.byte	0xe
 393 00cf 68000000 		.4byte	0x68
 394 00d3 1E000000 		.4byte	.LLST1
 395 00d7 06       		.uleb128 0x6
 396 00d8 4E020000 		.4byte	.LASF18
 397 00dc 01       		.byte	0x1
ARM GAS  C:\Users\bella\AppData\Local\Temp\ccmflVix.s 			page 9


 398 00dd 0E       		.byte	0xe
 399 00de 68000000 		.4byte	0x68
 400 00e2 3C000000 		.4byte	.LLST2
 401 00e6 06       		.uleb128 0x6
 402 00e7 53020000 		.4byte	.LASF19
 403 00eb 01       		.byte	0x1
 404 00ec 0E       		.byte	0xe
 405 00ed 68000000 		.4byte	0x68
 406 00f1 5A000000 		.4byte	.LLST3
 407 00f5 07       		.uleb128 0x7
 408 00f6 10000000 		.4byte	.LVL2
 409 00fa E6030000 		.4byte	0x3e6
 410 00fe 08010000 		.4byte	0x108
 411 0102 08       		.uleb128 0x8
 412 0103 01       		.uleb128 0x1
 413 0104 50       		.byte	0x50
 414 0105 01       		.uleb128 0x1
 415 0106 30       		.byte	0x30
 416 0107 00       		.byte	0
 417 0108 07       		.uleb128 0x7
 418 0109 18000000 		.4byte	.LVL3
 419 010d F1030000 		.4byte	0x3f1
 420 0111 1F010000 		.4byte	0x11f
 421 0115 08       		.uleb128 0x8
 422 0116 01       		.uleb128 0x1
 423 0117 50       		.byte	0x50
 424 0118 05       		.uleb128 0x5
 425 0119 77       		.byte	0x77
 426 011a 00       		.sleb128 0
 427 011b 75       		.byte	0x75
 428 011c 00       		.sleb128 0
 429 011d 22       		.byte	0x22
 430 011e 00       		.byte	0
 431 011f 07       		.uleb128 0x7
 432 0120 20000000 		.4byte	.LVL4
 433 0124 FC030000 		.4byte	0x3fc
 434 0128 36010000 		.4byte	0x136
 435 012c 08       		.uleb128 0x8
 436 012d 01       		.uleb128 0x1
 437 012e 50       		.byte	0x50
 438 012f 05       		.uleb128 0x5
 439 0130 76       		.byte	0x76
 440 0131 00       		.sleb128 0
 441 0132 74       		.byte	0x74
 442 0133 00       		.sleb128 0
 443 0134 22       		.byte	0x22
 444 0135 00       		.byte	0
 445 0136 07       		.uleb128 0x7
 446 0137 26000000 		.4byte	.LVL5
 447 013b 07040000 		.4byte	0x407
 448 013f 49010000 		.4byte	0x149
 449 0143 08       		.uleb128 0x8
 450 0144 01       		.uleb128 0x1
 451 0145 50       		.byte	0x50
 452 0146 01       		.uleb128 0x1
 453 0147 31       		.byte	0x31
 454 0148 00       		.byte	0
ARM GAS  C:\Users\bella\AppData\Local\Temp\ccmflVix.s 			page 10


 455 0149 09       		.uleb128 0x9
 456 014a 2C000000 		.4byte	.LVL6
 457 014e 12040000 		.4byte	0x412
 458 0152 08       		.uleb128 0x8
 459 0153 01       		.uleb128 0x1
 460 0154 50       		.byte	0x50
 461 0155 01       		.uleb128 0x1
 462 0156 31       		.byte	0x31
 463 0157 00       		.byte	0
 464 0158 00       		.byte	0
 465 0159 0A       		.uleb128 0xa
 466 015a FF010000 		.4byte	.LASF20
 467 015e 01       		.byte	0x1
 468 015f 17       		.byte	0x17
 469 0160 00000000 		.4byte	.LFB64
 470 0164 16000000 		.4byte	.LFE64-.LFB64
 471 0168 01       		.uleb128 0x1
 472 0169 9C       		.byte	0x9c
 473 016a A4010000 		.4byte	0x1a4
 474 016e 07       		.uleb128 0x7
 475 016f 08000000 		.4byte	.LVL7
 476 0173 07040000 		.4byte	0x407
 477 0177 81010000 		.4byte	0x181
 478 017b 08       		.uleb128 0x8
 479 017c 01       		.uleb128 0x1
 480 017d 50       		.byte	0x50
 481 017e 01       		.uleb128 0x1
 482 017f 31       		.byte	0x31
 483 0180 00       		.byte	0
 484 0181 07       		.uleb128 0x7
 485 0182 0E000000 		.4byte	.LVL8
 486 0186 12040000 		.4byte	0x412
 487 018a 94010000 		.4byte	0x194
 488 018e 08       		.uleb128 0x8
 489 018f 01       		.uleb128 0x1
 490 0190 50       		.byte	0x50
 491 0191 01       		.uleb128 0x1
 492 0192 31       		.byte	0x31
 493 0193 00       		.byte	0
 494 0194 09       		.uleb128 0x9
 495 0195 14000000 		.4byte	.LVL9
 496 0199 E6030000 		.4byte	0x3e6
 497 019d 08       		.uleb128 0x8
 498 019e 01       		.uleb128 0x1
 499 019f 50       		.byte	0x50
 500 01a0 01       		.uleb128 0x1
 501 01a1 31       		.byte	0x31
 502 01a2 00       		.byte	0
 503 01a3 00       		.byte	0
 504 01a4 0A       		.uleb128 0xa
 505 01a5 2C010000 		.4byte	.LASF21
 506 01a9 01       		.byte	0x1
 507 01aa 1E       		.byte	0x1e
 508 01ab 00000000 		.4byte	.LFB65
 509 01af 10000000 		.4byte	.LFE65-.LFB65
 510 01b3 01       		.uleb128 0x1
 511 01b4 9C       		.byte	0x9c
ARM GAS  C:\Users\bella\AppData\Local\Temp\ccmflVix.s 			page 11


 512 01b5 DC010000 		.4byte	0x1dc
 513 01b9 07       		.uleb128 0x7
 514 01ba 08000000 		.4byte	.LVL10
 515 01be 07040000 		.4byte	0x407
 516 01c2 CC010000 		.4byte	0x1cc
 517 01c6 08       		.uleb128 0x8
 518 01c7 01       		.uleb128 0x1
 519 01c8 50       		.byte	0x50
 520 01c9 01       		.uleb128 0x1
 521 01ca 30       		.byte	0x30
 522 01cb 00       		.byte	0
 523 01cc 09       		.uleb128 0x9
 524 01cd 0E000000 		.4byte	.LVL11
 525 01d1 12040000 		.4byte	0x412
 526 01d5 08       		.uleb128 0x8
 527 01d6 01       		.uleb128 0x1
 528 01d7 50       		.byte	0x50
 529 01d8 01       		.uleb128 0x1
 530 01d9 30       		.byte	0x30
 531 01da 00       		.byte	0
 532 01db 00       		.byte	0
 533 01dc 05       		.uleb128 0x5
 534 01dd FC000000 		.4byte	.LASF23
 535 01e1 01       		.byte	0x1
 536 01e2 24       		.byte	0x24
 537 01e3 00000000 		.4byte	.LFB66
 538 01e7 2E000000 		.4byte	.LFE66-.LFB66
 539 01eb 01       		.uleb128 0x1
 540 01ec 9C       		.byte	0x9c
 541 01ed 91020000 		.4byte	0x291
 542 01f1 06       		.uleb128 0x6
 543 01f2 FA010000 		.4byte	.LASF16
 544 01f6 01       		.byte	0x1
 545 01f7 24       		.byte	0x24
 546 01f8 68000000 		.4byte	0x68
 547 01fc 78000000 		.4byte	.LLST4
 548 0200 06       		.uleb128 0x6
 549 0201 3A020000 		.4byte	.LASF17
 550 0205 01       		.byte	0x1
 551 0206 24       		.byte	0x24
 552 0207 68000000 		.4byte	0x68
 553 020b 96000000 		.4byte	.LLST5
 554 020f 06       		.uleb128 0x6
 555 0210 4E020000 		.4byte	.LASF18
 556 0214 01       		.byte	0x1
 557 0215 24       		.byte	0x24
 558 0216 68000000 		.4byte	0x68
 559 021a B4000000 		.4byte	.LLST6
 560 021e 06       		.uleb128 0x6
 561 021f 53020000 		.4byte	.LASF19
 562 0223 01       		.byte	0x1
 563 0224 24       		.byte	0x24
 564 0225 68000000 		.4byte	0x68
 565 0229 D2000000 		.4byte	.LLST7
 566 022d 07       		.uleb128 0x7
 567 022e 10000000 		.4byte	.LVL14
 568 0232 E6030000 		.4byte	0x3e6
ARM GAS  C:\Users\bella\AppData\Local\Temp\ccmflVix.s 			page 12


 569 0236 40020000 		.4byte	0x240
 570 023a 08       		.uleb128 0x8
 571 023b 01       		.uleb128 0x1
 572 023c 50       		.byte	0x50
 573 023d 01       		.uleb128 0x1
 574 023e 36       		.byte	0x36
 575 023f 00       		.byte	0
 576 0240 07       		.uleb128 0x7
 577 0241 18000000 		.4byte	.LVL15
 578 0245 F1030000 		.4byte	0x3f1
 579 0249 57020000 		.4byte	0x257
 580 024d 08       		.uleb128 0x8
 581 024e 01       		.uleb128 0x1
 582 024f 50       		.byte	0x50
 583 0250 05       		.uleb128 0x5
 584 0251 77       		.byte	0x77
 585 0252 00       		.sleb128 0
 586 0253 75       		.byte	0x75
 587 0254 00       		.sleb128 0
 588 0255 22       		.byte	0x22
 589 0256 00       		.byte	0
 590 0257 07       		.uleb128 0x7
 591 0258 20000000 		.4byte	.LVL16
 592 025c FC030000 		.4byte	0x3fc
 593 0260 6E020000 		.4byte	0x26e
 594 0264 08       		.uleb128 0x8
 595 0265 01       		.uleb128 0x1
 596 0266 50       		.byte	0x50
 597 0267 05       		.uleb128 0x5
 598 0268 76       		.byte	0x76
 599 0269 00       		.sleb128 0
 600 026a 74       		.byte	0x74
 601 026b 00       		.sleb128 0
 602 026c 22       		.byte	0x22
 603 026d 00       		.byte	0
 604 026e 07       		.uleb128 0x7
 605 026f 26000000 		.4byte	.LVL17
 606 0273 07040000 		.4byte	0x407
 607 0277 81020000 		.4byte	0x281
 608 027b 08       		.uleb128 0x8
 609 027c 01       		.uleb128 0x1
 610 027d 50       		.byte	0x50
 611 027e 01       		.uleb128 0x1
 612 027f 31       		.byte	0x31
 613 0280 00       		.byte	0
 614 0281 09       		.uleb128 0x9
 615 0282 2C000000 		.4byte	.LVL18
 616 0286 12040000 		.4byte	0x412
 617 028a 08       		.uleb128 0x8
 618 028b 01       		.uleb128 0x1
 619 028c 50       		.byte	0x50
 620 028d 01       		.uleb128 0x1
 621 028e 31       		.byte	0x31
 622 028f 00       		.byte	0
 623 0290 00       		.byte	0
 624 0291 05       		.uleb128 0x5
 625 0292 EE010000 		.4byte	.LASF24
ARM GAS  C:\Users\bella\AppData\Local\Temp\ccmflVix.s 			page 13


 626 0296 01       		.byte	0x1
 627 0297 2D       		.byte	0x2d
 628 0298 00000000 		.4byte	.LFB67
 629 029c 2E000000 		.4byte	.LFE67-.LFB67
 630 02a0 01       		.uleb128 0x1
 631 02a1 9C       		.byte	0x9c
 632 02a2 46030000 		.4byte	0x346
 633 02a6 06       		.uleb128 0x6
 634 02a7 FA010000 		.4byte	.LASF16
 635 02ab 01       		.byte	0x1
 636 02ac 2D       		.byte	0x2d
 637 02ad 68000000 		.4byte	0x68
 638 02b1 F0000000 		.4byte	.LLST8
 639 02b5 06       		.uleb128 0x6
 640 02b6 3A020000 		.4byte	.LASF17
 641 02ba 01       		.byte	0x1
 642 02bb 2D       		.byte	0x2d
 643 02bc 68000000 		.4byte	0x68
 644 02c0 0E010000 		.4byte	.LLST9
 645 02c4 06       		.uleb128 0x6
 646 02c5 4E020000 		.4byte	.LASF18
 647 02c9 01       		.byte	0x1
 648 02ca 2D       		.byte	0x2d
 649 02cb 68000000 		.4byte	0x68
 650 02cf 2C010000 		.4byte	.LLST10
 651 02d3 06       		.uleb128 0x6
 652 02d4 53020000 		.4byte	.LASF19
 653 02d8 01       		.byte	0x1
 654 02d9 2D       		.byte	0x2d
 655 02da 68000000 		.4byte	0x68
 656 02de 4A010000 		.4byte	.LLST11
 657 02e2 07       		.uleb128 0x7
 658 02e3 10000000 		.4byte	.LVL21
 659 02e7 E6030000 		.4byte	0x3e6
 660 02eb F5020000 		.4byte	0x2f5
 661 02ef 08       		.uleb128 0x8
 662 02f0 01       		.uleb128 0x1
 663 02f1 50       		.byte	0x50
 664 02f2 01       		.uleb128 0x1
 665 02f3 32       		.byte	0x32
 666 02f4 00       		.byte	0
 667 02f5 07       		.uleb128 0x7
 668 02f6 18000000 		.4byte	.LVL22
 669 02fa F1030000 		.4byte	0x3f1
 670 02fe 0C030000 		.4byte	0x30c
 671 0302 08       		.uleb128 0x8
 672 0303 01       		.uleb128 0x1
 673 0304 50       		.byte	0x50
 674 0305 05       		.uleb128 0x5
 675 0306 77       		.byte	0x77
 676 0307 00       		.sleb128 0
 677 0308 75       		.byte	0x75
 678 0309 00       		.sleb128 0
 679 030a 22       		.byte	0x22
 680 030b 00       		.byte	0
 681 030c 07       		.uleb128 0x7
 682 030d 20000000 		.4byte	.LVL23
ARM GAS  C:\Users\bella\AppData\Local\Temp\ccmflVix.s 			page 14


 683 0311 FC030000 		.4byte	0x3fc
 684 0315 23030000 		.4byte	0x323
 685 0319 08       		.uleb128 0x8
 686 031a 01       		.uleb128 0x1
 687 031b 50       		.byte	0x50
 688 031c 05       		.uleb128 0x5
 689 031d 76       		.byte	0x76
 690 031e 00       		.sleb128 0
 691 031f 74       		.byte	0x74
 692 0320 00       		.sleb128 0
 693 0321 22       		.byte	0x22
 694 0322 00       		.byte	0
 695 0323 07       		.uleb128 0x7
 696 0324 26000000 		.4byte	.LVL24
 697 0328 07040000 		.4byte	0x407
 698 032c 36030000 		.4byte	0x336
 699 0330 08       		.uleb128 0x8
 700 0331 01       		.uleb128 0x1
 701 0332 50       		.byte	0x50
 702 0333 01       		.uleb128 0x1
 703 0334 31       		.byte	0x31
 704 0335 00       		.byte	0
 705 0336 09       		.uleb128 0x9
 706 0337 2C000000 		.4byte	.LVL25
 707 033b 12040000 		.4byte	0x412
 708 033f 08       		.uleb128 0x8
 709 0340 01       		.uleb128 0x1
 710 0341 50       		.byte	0x50
 711 0342 01       		.uleb128 0x1
 712 0343 31       		.byte	0x31
 713 0344 00       		.byte	0
 714 0345 00       		.byte	0
 715 0346 05       		.uleb128 0x5
 716 0347 1C000000 		.4byte	.LASF25
 717 034b 01       		.byte	0x1
 718 034c 37       		.byte	0x37
 719 034d 00000000 		.4byte	.LFB68
 720 0351 22000000 		.4byte	.LFE68-.LFB68
 721 0355 01       		.uleb128 0x1
 722 0356 9C       		.byte	0x9c
 723 0357 D5030000 		.4byte	0x3d5
 724 035b 06       		.uleb128 0x6
 725 035c FA010000 		.4byte	.LASF16
 726 0360 01       		.byte	0x1
 727 0361 37       		.byte	0x37
 728 0362 68000000 		.4byte	0x68
 729 0366 68010000 		.4byte	.LLST12
 730 036a 06       		.uleb128 0x6
 731 036b 3A020000 		.4byte	.LASF17
 732 036f 01       		.byte	0x1
 733 0370 37       		.byte	0x37
 734 0371 68000000 		.4byte	0x68
 735 0375 86010000 		.4byte	.LLST13
 736 0379 06       		.uleb128 0x6
 737 037a 4E020000 		.4byte	.LASF18
 738 037e 01       		.byte	0x1
 739 037f 37       		.byte	0x37
ARM GAS  C:\Users\bella\AppData\Local\Temp\ccmflVix.s 			page 15


 740 0380 68000000 		.4byte	0x68
 741 0384 A4010000 		.4byte	.LLST14
 742 0388 06       		.uleb128 0x6
 743 0389 53020000 		.4byte	.LASF19
 744 038d 01       		.byte	0x1
 745 038e 37       		.byte	0x37
 746 038f 68000000 		.4byte	0x68
 747 0393 C2010000 		.4byte	.LLST15
 748 0397 07       		.uleb128 0x7
 749 0398 10000000 		.4byte	.LVL28
 750 039c E6030000 		.4byte	0x3e6
 751 03a0 AA030000 		.4byte	0x3aa
 752 03a4 08       		.uleb128 0x8
 753 03a5 01       		.uleb128 0x1
 754 03a6 50       		.byte	0x50
 755 03a7 01       		.uleb128 0x1
 756 03a8 34       		.byte	0x34
 757 03a9 00       		.byte	0
 758 03aa 07       		.uleb128 0x7
 759 03ab 18000000 		.4byte	.LVL29
 760 03af F1030000 		.4byte	0x3f1
 761 03b3 C1030000 		.4byte	0x3c1
 762 03b7 08       		.uleb128 0x8
 763 03b8 01       		.uleb128 0x1
 764 03b9 50       		.byte	0x50
 765 03ba 05       		.uleb128 0x5
 766 03bb 77       		.byte	0x77
 767 03bc 00       		.sleb128 0
 768 03bd 75       		.byte	0x75
 769 03be 00       		.sleb128 0
 770 03bf 22       		.byte	0x22
 771 03c0 00       		.byte	0
 772 03c1 09       		.uleb128 0x9
 773 03c2 20000000 		.4byte	.LVL30
 774 03c6 FC030000 		.4byte	0x3fc
 775 03ca 08       		.uleb128 0x8
 776 03cb 01       		.uleb128 0x1
 777 03cc 50       		.byte	0x50
 778 03cd 05       		.uleb128 0x5
 779 03ce 76       		.byte	0x76
 780 03cf 00       		.sleb128 0
 781 03d0 74       		.byte	0x74
 782 03d1 00       		.sleb128 0
 783 03d2 22       		.byte	0x22
 784 03d3 00       		.byte	0
 785 03d4 00       		.byte	0
 786 03d5 0B       		.uleb128 0xb
 787 03d6 31010000 		.4byte	.LASF34
 788 03da 09       		.byte	0x9
 789 03db 1207     		.2byte	0x712
 790 03dd E1030000 		.4byte	0x3e1
 791 03e1 0C       		.uleb128 0xc
 792 03e2 76000000 		.4byte	0x76
 793 03e6 0D       		.uleb128 0xd
 794 03e7 26000000 		.4byte	.LASF26
 795 03eb 26000000 		.4byte	.LASF26
 796 03ef 04       		.byte	0x4
ARM GAS  C:\Users\bella\AppData\Local\Temp\ccmflVix.s 			page 16


 797 03f0 2F       		.byte	0x2f
 798 03f1 0D       		.uleb128 0xd
 799 03f2 11020000 		.4byte	.LASF27
 800 03f6 11020000 		.4byte	.LASF27
 801 03fa 05       		.byte	0x5
 802 03fb C3       		.byte	0xc3
 803 03fc 0D       		.uleb128 0xd
 804 03fd 31000000 		.4byte	.LASF28
 805 0401 31000000 		.4byte	.LASF28
 806 0405 06       		.byte	0x6
 807 0406 C3       		.byte	0xc3
 808 0407 0D       		.uleb128 0xd
 809 0408 5B000000 		.4byte	.LASF29
 810 040c 5B000000 		.4byte	.LASF29
 811 0410 07       		.byte	0x7
 812 0411 26       		.byte	0x26
 813 0412 0D       		.uleb128 0xd
 814 0413 DC010000 		.4byte	.LASF30
 815 0417 DC010000 		.4byte	.LASF30
 816 041b 08       		.byte	0x8
 817 041c 26       		.byte	0x26
 818 041d 00       		.byte	0
 819              		.section	.debug_abbrev,"",%progbits
 820              	.Ldebug_abbrev0:
 821 0000 01       		.uleb128 0x1
 822 0001 11       		.uleb128 0x11
 823 0002 01       		.byte	0x1
 824 0003 25       		.uleb128 0x25
 825 0004 0E       		.uleb128 0xe
 826 0005 13       		.uleb128 0x13
 827 0006 0B       		.uleb128 0xb
 828 0007 03       		.uleb128 0x3
 829 0008 0E       		.uleb128 0xe
 830 0009 1B       		.uleb128 0x1b
 831 000a 0E       		.uleb128 0xe
 832 000b 55       		.uleb128 0x55
 833 000c 17       		.uleb128 0x17
 834 000d 11       		.uleb128 0x11
 835 000e 01       		.uleb128 0x1
 836 000f 10       		.uleb128 0x10
 837 0010 17       		.uleb128 0x17
 838 0011 00       		.byte	0
 839 0012 00       		.byte	0
 840 0013 02       		.uleb128 0x2
 841 0014 24       		.uleb128 0x24
 842 0015 00       		.byte	0
 843 0016 0B       		.uleb128 0xb
 844 0017 0B       		.uleb128 0xb
 845 0018 3E       		.uleb128 0x3e
 846 0019 0B       		.uleb128 0xb
 847 001a 03       		.uleb128 0x3
 848 001b 0E       		.uleb128 0xe
 849 001c 00       		.byte	0
 850 001d 00       		.byte	0
 851 001e 03       		.uleb128 0x3
 852 001f 16       		.uleb128 0x16
 853 0020 00       		.byte	0
ARM GAS  C:\Users\bella\AppData\Local\Temp\ccmflVix.s 			page 17


 854 0021 03       		.uleb128 0x3
 855 0022 0E       		.uleb128 0xe
 856 0023 3A       		.uleb128 0x3a
 857 0024 0B       		.uleb128 0xb
 858 0025 3B       		.uleb128 0x3b
 859 0026 0B       		.uleb128 0xb
 860 0027 49       		.uleb128 0x49
 861 0028 13       		.uleb128 0x13
 862 0029 00       		.byte	0
 863 002a 00       		.byte	0
 864 002b 04       		.uleb128 0x4
 865 002c 24       		.uleb128 0x24
 866 002d 00       		.byte	0
 867 002e 0B       		.uleb128 0xb
 868 002f 0B       		.uleb128 0xb
 869 0030 3E       		.uleb128 0x3e
 870 0031 0B       		.uleb128 0xb
 871 0032 03       		.uleb128 0x3
 872 0033 08       		.uleb128 0x8
 873 0034 00       		.byte	0
 874 0035 00       		.byte	0
 875 0036 05       		.uleb128 0x5
 876 0037 2E       		.uleb128 0x2e
 877 0038 01       		.byte	0x1
 878 0039 3F       		.uleb128 0x3f
 879 003a 19       		.uleb128 0x19
 880 003b 03       		.uleb128 0x3
 881 003c 0E       		.uleb128 0xe
 882 003d 3A       		.uleb128 0x3a
 883 003e 0B       		.uleb128 0xb
 884 003f 3B       		.uleb128 0x3b
 885 0040 0B       		.uleb128 0xb
 886 0041 27       		.uleb128 0x27
 887 0042 19       		.uleb128 0x19
 888 0043 11       		.uleb128 0x11
 889 0044 01       		.uleb128 0x1
 890 0045 12       		.uleb128 0x12
 891 0046 06       		.uleb128 0x6
 892 0047 40       		.uleb128 0x40
 893 0048 18       		.uleb128 0x18
 894 0049 9742     		.uleb128 0x2117
 895 004b 19       		.uleb128 0x19
 896 004c 01       		.uleb128 0x1
 897 004d 13       		.uleb128 0x13
 898 004e 00       		.byte	0
 899 004f 00       		.byte	0
 900 0050 06       		.uleb128 0x6
 901 0051 05       		.uleb128 0x5
 902 0052 00       		.byte	0
 903 0053 03       		.uleb128 0x3
 904 0054 0E       		.uleb128 0xe
 905 0055 3A       		.uleb128 0x3a
 906 0056 0B       		.uleb128 0xb
 907 0057 3B       		.uleb128 0x3b
 908 0058 0B       		.uleb128 0xb
 909 0059 49       		.uleb128 0x49
 910 005a 13       		.uleb128 0x13
ARM GAS  C:\Users\bella\AppData\Local\Temp\ccmflVix.s 			page 18


 911 005b 02       		.uleb128 0x2
 912 005c 17       		.uleb128 0x17
 913 005d 00       		.byte	0
 914 005e 00       		.byte	0
 915 005f 07       		.uleb128 0x7
 916 0060 898201   		.uleb128 0x4109
 917 0063 01       		.byte	0x1
 918 0064 11       		.uleb128 0x11
 919 0065 01       		.uleb128 0x1
 920 0066 31       		.uleb128 0x31
 921 0067 13       		.uleb128 0x13
 922 0068 01       		.uleb128 0x1
 923 0069 13       		.uleb128 0x13
 924 006a 00       		.byte	0
 925 006b 00       		.byte	0
 926 006c 08       		.uleb128 0x8
 927 006d 8A8201   		.uleb128 0x410a
 928 0070 00       		.byte	0
 929 0071 02       		.uleb128 0x2
 930 0072 18       		.uleb128 0x18
 931 0073 9142     		.uleb128 0x2111
 932 0075 18       		.uleb128 0x18
 933 0076 00       		.byte	0
 934 0077 00       		.byte	0
 935 0078 09       		.uleb128 0x9
 936 0079 898201   		.uleb128 0x4109
 937 007c 01       		.byte	0x1
 938 007d 11       		.uleb128 0x11
 939 007e 01       		.uleb128 0x1
 940 007f 31       		.uleb128 0x31
 941 0080 13       		.uleb128 0x13
 942 0081 00       		.byte	0
 943 0082 00       		.byte	0
 944 0083 0A       		.uleb128 0xa
 945 0084 2E       		.uleb128 0x2e
 946 0085 01       		.byte	0x1
 947 0086 3F       		.uleb128 0x3f
 948 0087 19       		.uleb128 0x19
 949 0088 03       		.uleb128 0x3
 950 0089 0E       		.uleb128 0xe
 951 008a 3A       		.uleb128 0x3a
 952 008b 0B       		.uleb128 0xb
 953 008c 3B       		.uleb128 0x3b
 954 008d 0B       		.uleb128 0xb
 955 008e 11       		.uleb128 0x11
 956 008f 01       		.uleb128 0x1
 957 0090 12       		.uleb128 0x12
 958 0091 06       		.uleb128 0x6
 959 0092 40       		.uleb128 0x40
 960 0093 18       		.uleb128 0x18
 961 0094 9742     		.uleb128 0x2117
 962 0096 19       		.uleb128 0x19
 963 0097 01       		.uleb128 0x1
 964 0098 13       		.uleb128 0x13
 965 0099 00       		.byte	0
 966 009a 00       		.byte	0
 967 009b 0B       		.uleb128 0xb
ARM GAS  C:\Users\bella\AppData\Local\Temp\ccmflVix.s 			page 19


 968 009c 34       		.uleb128 0x34
 969 009d 00       		.byte	0
 970 009e 03       		.uleb128 0x3
 971 009f 0E       		.uleb128 0xe
 972 00a0 3A       		.uleb128 0x3a
 973 00a1 0B       		.uleb128 0xb
 974 00a2 3B       		.uleb128 0x3b
 975 00a3 05       		.uleb128 0x5
 976 00a4 49       		.uleb128 0x49
 977 00a5 13       		.uleb128 0x13
 978 00a6 3F       		.uleb128 0x3f
 979 00a7 19       		.uleb128 0x19
 980 00a8 3C       		.uleb128 0x3c
 981 00a9 19       		.uleb128 0x19
 982 00aa 00       		.byte	0
 983 00ab 00       		.byte	0
 984 00ac 0C       		.uleb128 0xc
 985 00ad 35       		.uleb128 0x35
 986 00ae 00       		.byte	0
 987 00af 49       		.uleb128 0x49
 988 00b0 13       		.uleb128 0x13
 989 00b1 00       		.byte	0
 990 00b2 00       		.byte	0
 991 00b3 0D       		.uleb128 0xd
 992 00b4 2E       		.uleb128 0x2e
 993 00b5 00       		.byte	0
 994 00b6 3F       		.uleb128 0x3f
 995 00b7 19       		.uleb128 0x19
 996 00b8 3C       		.uleb128 0x3c
 997 00b9 19       		.uleb128 0x19
 998 00ba 6E       		.uleb128 0x6e
 999 00bb 0E       		.uleb128 0xe
 1000 00bc 03       		.uleb128 0x3
 1001 00bd 0E       		.uleb128 0xe
 1002 00be 3A       		.uleb128 0x3a
 1003 00bf 0B       		.uleb128 0xb
 1004 00c0 3B       		.uleb128 0x3b
 1005 00c1 0B       		.uleb128 0xb
 1006 00c2 00       		.byte	0
 1007 00c3 00       		.byte	0
 1008 00c4 00       		.byte	0
 1009              		.section	.debug_loc,"",%progbits
 1010              	.Ldebug_loc0:
 1011              	.LLST0:
 1012 0000 00000000 		.4byte	.LVL0
 1013 0004 0C000000 		.4byte	.LVL1
 1014 0008 0100     		.2byte	0x1
 1015 000a 50       		.byte	0x50
 1016 000b 0C000000 		.4byte	.LVL1
 1017 000f 2E000000 		.4byte	.LFE63
 1018 0013 0100     		.2byte	0x1
 1019 0015 57       		.byte	0x57
 1020 0016 00000000 		.4byte	0
 1021 001a 00000000 		.4byte	0
 1022              	.LLST1:
 1023 001e 00000000 		.4byte	.LVL0
 1024 0022 0F000000 		.4byte	.LVL2-1
ARM GAS  C:\Users\bella\AppData\Local\Temp\ccmflVix.s 			page 20


 1025 0026 0100     		.2byte	0x1
 1026 0028 51       		.byte	0x51
 1027 0029 0F000000 		.4byte	.LVL2-1
 1028 002d 2E000000 		.4byte	.LFE63
 1029 0031 0100     		.2byte	0x1
 1030 0033 56       		.byte	0x56
 1031 0034 00000000 		.4byte	0
 1032 0038 00000000 		.4byte	0
 1033              	.LLST2:
 1034 003c 00000000 		.4byte	.LVL0
 1035 0040 0F000000 		.4byte	.LVL2-1
 1036 0044 0100     		.2byte	0x1
 1037 0046 52       		.byte	0x52
 1038 0047 0F000000 		.4byte	.LVL2-1
 1039 004b 2E000000 		.4byte	.LFE63
 1040 004f 0100     		.2byte	0x1
 1041 0051 55       		.byte	0x55
 1042 0052 00000000 		.4byte	0
 1043 0056 00000000 		.4byte	0
 1044              	.LLST3:
 1045 005a 00000000 		.4byte	.LVL0
 1046 005e 0F000000 		.4byte	.LVL2-1
 1047 0062 0100     		.2byte	0x1
 1048 0064 53       		.byte	0x53
 1049 0065 0F000000 		.4byte	.LVL2-1
 1050 0069 2E000000 		.4byte	.LFE63
 1051 006d 0100     		.2byte	0x1
 1052 006f 54       		.byte	0x54
 1053 0070 00000000 		.4byte	0
 1054 0074 00000000 		.4byte	0
 1055              	.LLST4:
 1056 0078 00000000 		.4byte	.LVL12
 1057 007c 0C000000 		.4byte	.LVL13
 1058 0080 0100     		.2byte	0x1
 1059 0082 50       		.byte	0x50
 1060 0083 0C000000 		.4byte	.LVL13
 1061 0087 2E000000 		.4byte	.LFE66
 1062 008b 0100     		.2byte	0x1
 1063 008d 57       		.byte	0x57
 1064 008e 00000000 		.4byte	0
 1065 0092 00000000 		.4byte	0
 1066              	.LLST5:
 1067 0096 00000000 		.4byte	.LVL12
 1068 009a 0F000000 		.4byte	.LVL14-1
 1069 009e 0100     		.2byte	0x1
 1070 00a0 51       		.byte	0x51
 1071 00a1 0F000000 		.4byte	.LVL14-1
 1072 00a5 2E000000 		.4byte	.LFE66
 1073 00a9 0100     		.2byte	0x1
 1074 00ab 56       		.byte	0x56
 1075 00ac 00000000 		.4byte	0
 1076 00b0 00000000 		.4byte	0
 1077              	.LLST6:
 1078 00b4 00000000 		.4byte	.LVL12
 1079 00b8 0F000000 		.4byte	.LVL14-1
 1080 00bc 0100     		.2byte	0x1
 1081 00be 52       		.byte	0x52
ARM GAS  C:\Users\bella\AppData\Local\Temp\ccmflVix.s 			page 21


 1082 00bf 0F000000 		.4byte	.LVL14-1
 1083 00c3 2E000000 		.4byte	.LFE66
 1084 00c7 0100     		.2byte	0x1
 1085 00c9 55       		.byte	0x55
 1086 00ca 00000000 		.4byte	0
 1087 00ce 00000000 		.4byte	0
 1088              	.LLST7:
 1089 00d2 00000000 		.4byte	.LVL12
 1090 00d6 0F000000 		.4byte	.LVL14-1
 1091 00da 0100     		.2byte	0x1
 1092 00dc 53       		.byte	0x53
 1093 00dd 0F000000 		.4byte	.LVL14-1
 1094 00e1 2E000000 		.4byte	.LFE66
 1095 00e5 0100     		.2byte	0x1
 1096 00e7 54       		.byte	0x54
 1097 00e8 00000000 		.4byte	0
 1098 00ec 00000000 		.4byte	0
 1099              	.LLST8:
 1100 00f0 00000000 		.4byte	.LVL19
 1101 00f4 0C000000 		.4byte	.LVL20
 1102 00f8 0100     		.2byte	0x1
 1103 00fa 50       		.byte	0x50
 1104 00fb 0C000000 		.4byte	.LVL20
 1105 00ff 2E000000 		.4byte	.LFE67
 1106 0103 0100     		.2byte	0x1
 1107 0105 57       		.byte	0x57
 1108 0106 00000000 		.4byte	0
 1109 010a 00000000 		.4byte	0
 1110              	.LLST9:
 1111 010e 00000000 		.4byte	.LVL19
 1112 0112 0F000000 		.4byte	.LVL21-1
 1113 0116 0100     		.2byte	0x1
 1114 0118 51       		.byte	0x51
 1115 0119 0F000000 		.4byte	.LVL21-1
 1116 011d 2E000000 		.4byte	.LFE67
 1117 0121 0100     		.2byte	0x1
 1118 0123 56       		.byte	0x56
 1119 0124 00000000 		.4byte	0
 1120 0128 00000000 		.4byte	0
 1121              	.LLST10:
 1122 012c 00000000 		.4byte	.LVL19
 1123 0130 0F000000 		.4byte	.LVL21-1
 1124 0134 0100     		.2byte	0x1
 1125 0136 52       		.byte	0x52
 1126 0137 0F000000 		.4byte	.LVL21-1
 1127 013b 2E000000 		.4byte	.LFE67
 1128 013f 0100     		.2byte	0x1
 1129 0141 55       		.byte	0x55
 1130 0142 00000000 		.4byte	0
 1131 0146 00000000 		.4byte	0
 1132              	.LLST11:
 1133 014a 00000000 		.4byte	.LVL19
 1134 014e 0F000000 		.4byte	.LVL21-1
 1135 0152 0100     		.2byte	0x1
 1136 0154 53       		.byte	0x53
 1137 0155 0F000000 		.4byte	.LVL21-1
 1138 0159 2E000000 		.4byte	.LFE67
ARM GAS  C:\Users\bella\AppData\Local\Temp\ccmflVix.s 			page 22


 1139 015d 0100     		.2byte	0x1
 1140 015f 54       		.byte	0x54
 1141 0160 00000000 		.4byte	0
 1142 0164 00000000 		.4byte	0
 1143              	.LLST12:
 1144 0168 00000000 		.4byte	.LVL26
 1145 016c 0C000000 		.4byte	.LVL27
 1146 0170 0100     		.2byte	0x1
 1147 0172 50       		.byte	0x50
 1148 0173 0C000000 		.4byte	.LVL27
 1149 0177 22000000 		.4byte	.LFE68
 1150 017b 0100     		.2byte	0x1
 1151 017d 57       		.byte	0x57
 1152 017e 00000000 		.4byte	0
 1153 0182 00000000 		.4byte	0
 1154              	.LLST13:
 1155 0186 00000000 		.4byte	.LVL26
 1156 018a 0F000000 		.4byte	.LVL28-1
 1157 018e 0100     		.2byte	0x1
 1158 0190 51       		.byte	0x51
 1159 0191 0F000000 		.4byte	.LVL28-1
 1160 0195 22000000 		.4byte	.LFE68
 1161 0199 0100     		.2byte	0x1
 1162 019b 56       		.byte	0x56
 1163 019c 00000000 		.4byte	0
 1164 01a0 00000000 		.4byte	0
 1165              	.LLST14:
 1166 01a4 00000000 		.4byte	.LVL26
 1167 01a8 0F000000 		.4byte	.LVL28-1
 1168 01ac 0100     		.2byte	0x1
 1169 01ae 52       		.byte	0x52
 1170 01af 0F000000 		.4byte	.LVL28-1
 1171 01b3 22000000 		.4byte	.LFE68
 1172 01b7 0100     		.2byte	0x1
 1173 01b9 55       		.byte	0x55
 1174 01ba 00000000 		.4byte	0
 1175 01be 00000000 		.4byte	0
 1176              	.LLST15:
 1177 01c2 00000000 		.4byte	.LVL26
 1178 01c6 0F000000 		.4byte	.LVL28-1
 1179 01ca 0100     		.2byte	0x1
 1180 01cc 53       		.byte	0x53
 1181 01cd 0F000000 		.4byte	.LVL28-1
 1182 01d1 22000000 		.4byte	.LFE68
 1183 01d5 0100     		.2byte	0x1
 1184 01d7 54       		.byte	0x54
 1185 01d8 00000000 		.4byte	0
 1186 01dc 00000000 		.4byte	0
 1187              		.section	.debug_aranges,"",%progbits
 1188 0000 44000000 		.4byte	0x44
 1189 0004 0200     		.2byte	0x2
 1190 0006 00000000 		.4byte	.Ldebug_info0
 1191 000a 04       		.byte	0x4
 1192 000b 00       		.byte	0
 1193 000c 0000     		.2byte	0
 1194 000e 0000     		.2byte	0
 1195 0010 00000000 		.4byte	.LFB63
ARM GAS  C:\Users\bella\AppData\Local\Temp\ccmflVix.s 			page 23


 1196 0014 2E000000 		.4byte	.LFE63-.LFB63
 1197 0018 00000000 		.4byte	.LFB64
 1198 001c 16000000 		.4byte	.LFE64-.LFB64
 1199 0020 00000000 		.4byte	.LFB65
 1200 0024 10000000 		.4byte	.LFE65-.LFB65
 1201 0028 00000000 		.4byte	.LFB66
 1202 002c 2E000000 		.4byte	.LFE66-.LFB66
 1203 0030 00000000 		.4byte	.LFB67
 1204 0034 2E000000 		.4byte	.LFE67-.LFB67
 1205 0038 00000000 		.4byte	.LFB68
 1206 003c 22000000 		.4byte	.LFE68-.LFB68
 1207 0040 00000000 		.4byte	0
 1208 0044 00000000 		.4byte	0
 1209              		.section	.debug_ranges,"",%progbits
 1210              	.Ldebug_ranges0:
 1211 0000 00000000 		.4byte	.LFB63
 1212 0004 2E000000 		.4byte	.LFE63
 1213 0008 00000000 		.4byte	.LFB64
 1214 000c 16000000 		.4byte	.LFE64
 1215 0010 00000000 		.4byte	.LFB65
 1216 0014 10000000 		.4byte	.LFE65
 1217 0018 00000000 		.4byte	.LFB66
 1218 001c 2E000000 		.4byte	.LFE66
 1219 0020 00000000 		.4byte	.LFB67
 1220 0024 2E000000 		.4byte	.LFE67
 1221 0028 00000000 		.4byte	.LFB68
 1222 002c 22000000 		.4byte	.LFE68
 1223 0030 00000000 		.4byte	0
 1224 0034 00000000 		.4byte	0
 1225              		.section	.debug_line,"",%progbits
 1226              	.Ldebug_line0:
 1227 0000 15020000 		.section	.debug_str,"MS",%progbits,1
 1227      02009E01 
 1227      00000201 
 1227      FB0E0D00 
 1227      01010101 
 1228              	.LASF32:
 1229 0000 6D6F746F 		.ascii	"motorFunktioner.c\000"
 1229      7246756E 
 1229      6B74696F 
 1229      6E65722E 
 1229      6300
 1230              	.LASF9:
 1231 0012 5F5F696E 		.ascii	"__int32_t\000"
 1231      7433325F 
 1231      7400
 1232              	.LASF25:
 1233 001c 6472656A 		.ascii	"drejHojre\000"
 1233      486F6A72 
 1233      6500
 1234              	.LASF26:
 1235 0026 6D6F6465 		.ascii	"mode_Write\000"
 1235      5F577269 
 1235      746500
 1236              	.LASF28:
 1237 0031 4D6F746F 		.ascii	"Motorpwm_right_WriteCompare\000"
 1237      7270776D 
ARM GAS  C:\Users\bella\AppData\Local\Temp\ccmflVix.s 			page 24


 1237      5F726967 
 1237      68745F57 
 1237      72697465 
 1238              	.LASF10:
 1239 004d 696E7433 		.ascii	"int32_t\000"
 1239      325F7400 
 1240              	.LASF11:
 1241 0055 666C6F61 		.ascii	"float\000"
 1241      7400
 1242              	.LASF29:
 1243 005b 456E6162 		.ascii	"Enable_Right_Write\000"
 1243      6C655F52 
 1243      69676874 
 1243      5F577269 
 1243      746500
 1244              	.LASF31:
 1245 006e 474E5520 		.ascii	"GNU C11 5.4.1 20160609 (release) [ARM/embedded-5-br"
 1245      43313120 
 1245      352E342E 
 1245      31203230 
 1245      31363036 
 1246 00a1 616E6368 		.ascii	"anch revision 237715] -mcpu=cortex-m3 -mthumb -g -O"
 1246      20726576 
 1246      6973696F 
 1246      6E203233 
 1246      37373135 
 1247 00d4 67202D66 		.ascii	"g -ffunction-sections -ffat-lto-objects\000"
 1247      66756E63 
 1247      74696F6E 
 1247      2D736563 
 1247      74696F6E 
 1248              	.LASF23:
 1249 00fc 6B6F7274 		.ascii	"kortilbage\000"
 1249      696C6261 
 1249      676500
 1250              	.LASF5:
 1251 0107 6C6F6E67 		.ascii	"long unsigned int\000"
 1251      20756E73 
 1251      69676E65 
 1251      6420696E 
 1251      7400
 1252              	.LASF3:
 1253 0119 73686F72 		.ascii	"short unsigned int\000"
 1253      7420756E 
 1253      7369676E 
 1253      65642069 
 1253      6E7400
 1254              	.LASF21:
 1255 012c 73746F70 		.ascii	"stop\000"
 1255      00
 1256              	.LASF34:
 1257 0131 49544D5F 		.ascii	"ITM_RxBuffer\000"
 1257      52784275 
 1257      66666572 
 1257      00
 1258              	.LASF1:
 1259 013e 756E7369 		.ascii	"unsigned char\000"
ARM GAS  C:\Users\bella\AppData\Local\Temp\ccmflVix.s 			page 25


 1259      676E6564 
 1259      20636861 
 1259      7200
 1260              	.LASF12:
 1261 014c 646F7562 		.ascii	"double\000"
 1261      6C6500
 1262              	.LASF33:
 1263 0153 433A5C55 		.ascii	"C:\\Users\\bella\\OneDrive\\Skrivebord\\H-bro\\seme"
 1263      73657273 
 1263      5C62656C 
 1263      6C615C4F 
 1263      6E654472 
 1264 0180 73746572 		.ascii	"ster3_prj_motorstyring\\semester3_prj_motorstyring."
 1264      335F7072 
 1264      6A5F6D6F 
 1264      746F7273 
 1264      74797269 
 1265 01b2 63796473 		.ascii	"cydsn\000"
 1265      6E00
 1266              	.LASF8:
 1267 01b8 756E7369 		.ascii	"unsigned int\000"
 1267      676E6564 
 1267      20696E74 
 1267      00
 1268              	.LASF7:
 1269 01c5 6C6F6E67 		.ascii	"long long unsigned int\000"
 1269      206C6F6E 
 1269      6720756E 
 1269      7369676E 
 1269      65642069 
 1270              	.LASF30:
 1271 01dc 456E6162 		.ascii	"Enable_Left_Write\000"
 1271      6C655F4C 
 1271      6566745F 
 1271      57726974 
 1271      6500
 1272              	.LASF24:
 1273 01ee 6472656A 		.ascii	"drejVenstre\000"
 1273      56656E73 
 1273      74726500 
 1274              	.LASF16:
 1275 01fa 63616C4C 		.ascii	"calL\000"
 1275      00
 1276              	.LASF20:
 1277 01ff 66617374 		.ascii	"fastStop\000"
 1277      53746F70 
 1277      00
 1278              	.LASF15:
 1279 0208 73697A65 		.ascii	"sizetype\000"
 1279      74797065 
 1279      00
 1280              	.LASF27:
 1281 0211 4D6F746F 		.ascii	"Motorpwm_Left_WriteCompare\000"
 1281      7270776D 
 1281      5F4C6566 
 1281      745F5772 
 1281      69746543 
ARM GAS  C:\Users\bella\AppData\Local\Temp\ccmflVix.s 			page 26


 1282              	.LASF6:
 1283 022c 6C6F6E67 		.ascii	"long long int\000"
 1283      206C6F6E 
 1283      6720696E 
 1283      7400
 1284              	.LASF17:
 1285 023a 63616C52 		.ascii	"calR\000"
 1285      00
 1286              	.LASF13:
 1287 023f 63686172 		.ascii	"char\000"
 1287      00
 1288              	.LASF2:
 1289 0244 73686F72 		.ascii	"short int\000"
 1289      7420696E 
 1289      7400
 1290              	.LASF18:
 1291 024e 50574D4C 		.ascii	"PWML\000"
 1291      00
 1292              	.LASF19:
 1293 0253 50574D52 		.ascii	"PWMR\000"
 1293      00
 1294              	.LASF4:
 1295 0258 6C6F6E67 		.ascii	"long int\000"
 1295      20696E74 
 1295      00
 1296              	.LASF14:
 1297 0261 6C6F6E67 		.ascii	"long double\000"
 1297      20646F75 
 1297      626C6500 
 1298              	.LASF0:
 1299 026d 7369676E 		.ascii	"signed char\000"
 1299      65642063 
 1299      68617200 
 1300              	.LASF22:
 1301 0279 6B6F7246 		.ascii	"korFrem\000"
 1301      72656D00 
 1302              		.ident	"GCC: (GNU Tools for ARM Embedded Processors) 5.4.1 20160609 (release) [ARM/embedded-5-bran
