--------------- Build Started: 04/15/2019 12:28:02 Project: semester3_prj_motorstyring, Configuration: ARM GCC 5.4-2016-q2-update Debug ---------------
cydsfit.exe -.appdatapath "C:\Users\bella\AppData\Local\Cypress Semiconductor\PSoC Creator\4.2" -.fdsnotice -.fdswarpdepfile=warp_dependencies.txt -.fdselabdepfile=elab_dependencies.txt -.fdsbldfile=generated_files.txt -.fdsreffile=referenced_files.txt -p C:\Users\bella\OneDrive\Skrivebord\H-bro\semester3_prj_motorstyring\semester3_prj_motorstyring.cydsn\semester3_prj_motorstyring.cyprj -d CY8C5888LTI-LP097 -s C:\Users\bella\OneDrive\Skrivebord\H-bro\semester3_prj_motorstyring\semester3_prj_motorstyring.cydsn\Generated_Source\PSoC5 -- -yv2 -q10 -ygs -o2 -v3 -.fftcfgtype=LE
Elaborating Design...
HDL Generation...
Synthesis...
Tech Mapping...
Analog Placement...
Log: apr.M0058: The analog placement iterative improvement is 91% done. (App=cydsfit)
Analog Routing...
Analog Code Generation...
Digital Placement...
Digital Routing...
Bitstream Generation...
Bitstream Verification...
Static timing analysis...
API Generation...
Dependency Generation...
Cleanup...
arm-none-eabi-gcc.exe -mcpu=cortex-m3 -mthumb -I. -IGenerated_Source\PSoC5 -Wa,-alh=.\CortexM3\ARM_GCC_541\Debug/main.lst -g -D DEBUG -D CY_CORE_ID=0 -Wall -ffunction-sections -ffat-lto-objects -Og -c main.c -o .\CortexM3\ARM_GCC_541\Debug\main.o
In file included from Generated_Source\PSoC5/project.h:51:0,
                 from main.c:12:
main.c: In function 'main':
Generated_Source\PSoC5/SPIS_1.h:390:31: warning: statement with no effect [-Wunused-value]
 #define SPIS_1_FIFO_CLR       (SPIS_1_TX_FIFO_CLR | SPIS_1_RX_FIFO_CLR)
                               ^
main.c:31:5: note: in expansion of macro 'SPIS_1_FIFO_CLR'
     SPIS_1_FIFO_CLR;
     ^
arm-none-eabi-gcc.exe -mcpu=cortex-m3 -mthumb -I. -IGenerated_Source\PSoC5 -Wa,-alh=.\CortexM3\ARM_GCC_541\Debug/cyfitter_cfg.lst -g -D DEBUG -D CY_CORE_ID=0 -Wall -ffunction-sections -ffat-lto-objects -Og -c Generated_Source\PSoC5\cyfitter_cfg.c -o .\CortexM3\ARM_GCC_541\Debug\cyfitter_cfg.o
arm-none-eabi-ar.exe -rs .\CortexM3\ARM_GCC_541\Debug\semester3_prj_motorstyring.a .\CortexM3\ARM_GCC_541\Debug\Motorpwm_right.o .\CortexM3\ARM_GCC_541\Debug\Motorpwm_right_PM.o .\CortexM3\ARM_GCC_541\Debug\Clock_1.o .\CortexM3\ARM_GCC_541\Debug\Motorpwm_Left.o .\CortexM3\ARM_GCC_541\Debug\Motorpwm_Left_PM.o .\CortexM3\ARM_GCC_541\Debug\cy_em_eeprom.o .\CortexM3\ARM_GCC_541\Debug\CyDmac.o .\CortexM3\ARM_GCC_541\Debug\CyFlash.o .\CortexM3\ARM_GCC_541\Debug\CyLib.o .\CortexM3\ARM_GCC_541\Debug\cyPm.o .\CortexM3\ARM_GCC_541\Debug\CySpc.o .\CortexM3\ARM_GCC_541\Debug\cyutils.o .\CortexM3\ARM_GCC_541\Debug\Motor_R_F.o .\CortexM3\ARM_GCC_541\Debug\Motor_L_F.o .\CortexM3\ARM_GCC_541\Debug\Motor_R_R.o .\CortexM3\ARM_GCC_541\Debug\Motor_L_R.o .\CortexM3\ARM_GCC_541\Debug\mode.o .\CortexM3\ARM_GCC_541\Debug\mode_PM.o .\CortexM3\ARM_GCC_541\Debug\Enable_Left.o .\CortexM3\ARM_GCC_541\Debug\Enable_Right.o .\CortexM3\ARM_GCC_541\Debug\ADC_calR.o .\CortexM3\ARM_GCC_541\Debug\ADC_calR_INT.o .\CortexM3\ARM_GCC_541\Debug\ADC_calR_PM.o .\CortexM3\ARM_GCC_541\Debug\ADC_calL.o .\CortexM3\ARM_GCC_541\Debug\ADC_calL_INT.o .\CortexM3\ARM_GCC_541\Debug\ADC_calL_PM.o .\CortexM3\ARM_GCC_541\Debug\cal_R.o .\CortexM3\ARM_GCC_541\Debug\cal_L.o .\CortexM3\ARM_GCC_541\Debug\ADC_calR_IRQ.o .\CortexM3\ARM_GCC_541\Debug\ADC_calR_theACLK.o .\CortexM3\ARM_GCC_541\Debug\ADC_calL_IRQ.o .\CortexM3\ARM_GCC_541\Debug\ADC_calL_theACLK.o .\CortexM3\ARM_GCC_541\Debug\MOSI_1.o .\CortexM3\ARM_GCC_541\Debug\SCLK_1.o .\CortexM3\ARM_GCC_541\Debug\MISO_1.o .\CortexM3\ARM_GCC_541\Debug\Clock_2.o .\CortexM3\ARM_GCC_541\Debug\SPIS_1.o .\CortexM3\ARM_GCC_541\Debug\SPIS_1_PM.o .\CortexM3\ARM_GCC_541\Debug\SPIS_1_INT.o .\CortexM3\ARM_GCC_541\Debug\SPIS_1_BOOT.o .\CortexM3\ARM_GCC_541\Debug\SPI_SS.o .\CortexM3\ARM_GCC_541\Debug\UART_1.o .\CortexM3\ARM_GCC_541\Debug\UART_1_PM.o .\CortexM3\ARM_GCC_541\Debug\UART_1_INT.o .\CortexM3\ARM_GCC_541\Debug\UART_1_BOOT.o .\CortexM3\ARM_GCC_541\Debug\UART_1_IntClock.o .\CortexM3\ARM_GCC_541\Debug\ISR_SLAVE_RX.o .\CortexM3\ARM_GCC_541\Debug\CyBootAsmGnu.o
arm-none-eabi-ar.exe: creating .\CortexM3\ARM_GCC_541\Debug\semester3_prj_motorstyring.a
arm-none-eabi-gcc.exe -Wl,--start-group -o C:\Users\bella\OneDrive\Skrivebord\H-bro\semester3_prj_motorstyring\semester3_prj_motorstyring.cydsn\CortexM3\ARM_GCC_541\Debug\semester3_prj_motorstyring.elf .\CortexM3\ARM_GCC_541\Debug\main.o .\CortexM3\ARM_GCC_541\Debug\motorFunktioner.o .\CortexM3\ARM_GCC_541\Debug\cyfitter_cfg.o .\CortexM3\ARM_GCC_541\Debug\cymetadata.o .\CortexM3\ARM_GCC_541\Debug\Cm3Start.o .\CortexM3\ARM_GCC_541\Debug\semester3_prj_motorstyring.a "C:\Program Files (x86)\Cypress\PSoC Creator\4.2\PSoC Creator\psoc\content\cycomponentlibrary\CyComponentLibrary.cylib\CortexM3\ARM_GCC_541\Debug\CyComponentLibrary.a" -mcpu=cortex-m3 -mthumb -L Generated_Source\PSoC5 -Wl,-Map,.\CortexM3\ARM_GCC_541\Debug/semester3_prj_motorstyring.map -T Generated_Source\PSoC5\cm3gcc.ld -specs=nano.specs -Wl,--gc-sections -g -ffunction-sections -Og -ffat-lto-objects -Wl,--end-group
cyelftool.exe -C C:\Users\bella\OneDrive\Skrivebord\H-bro\semester3_prj_motorstyring\semester3_prj_motorstyring.cydsn\CortexM3\ARM_GCC_541\Debug\semester3_prj_motorstyring.elf --flash_row_size 256 --flash_size 262144 --flash_offset 0x00000000
No ELF section .cychecksum found, creating one
Application checksum calculated and stored in ELF section .cychecksum
Checksum calculated and stored in ELF section .cymeta
cyelftool.exe -S C:\Users\bella\OneDrive\Skrivebord\H-bro\semester3_prj_motorstyring\semester3_prj_motorstyring.cydsn\CortexM3\ARM_GCC_541\Debug\semester3_prj_motorstyring.elf
Flash used: 5960 of 262144 bytes (2,3 %).
SRAM used: 2569 of 65536 bytes (3,9 %). Stack: 2048 bytes. Heap: 128 bytes.
--------------- Build Succeeded: 04/15/2019 12:29:04 ---------------
