--------------- Clean Started: 04/12/2019 11:22:39 Project: semester3_prj_motorstyring, Configuration: ARM GCC 5.4-2016-q2-update Debug ---------------
Deleting file ".\CortexM3\ARM_GCC_541\Debug\main.o"
Deleting file ".\CortexM3\ARM_GCC_541\Debug\cyfitter_cfg.o"
Deleting file ".\CortexM3\ARM_GCC_541\Debug\cymetadata.o"
Deleting file ".\CortexM3\ARM_GCC_541\Debug\Motorpwm_right.o"
Deleting file ".\CortexM3\ARM_GCC_541\Debug\Motorpwm_right_PM.o"
Deleting file ".\CortexM3\ARM_GCC_541\Debug\Clock_1.o"
Deleting file ".\CortexM3\ARM_GCC_541\Debug\Motorpwm_Left.o"
Deleting file ".\CortexM3\ARM_GCC_541\Debug\Motorpwm_Left_PM.o"
Deleting file ".\CortexM3\ARM_GCC_541\Debug\cy_em_eeprom.o"
Deleting file ".\CortexM3\ARM_GCC_541\Debug\Cm3Start.o"
Deleting file ".\CortexM3\ARM_GCC_541\Debug\CyBootAsmGnu.o"
Deleting file ".\CortexM3\ARM_GCC_541\Debug\CyDmac.o"
Deleting file ".\CortexM3\ARM_GCC_541\Debug\CyFlash.o"
Deleting file ".\CortexM3\ARM_GCC_541\Debug\CyLib.o"
Deleting file ".\CortexM3\ARM_GCC_541\Debug\cyPm.o"
Deleting file ".\CortexM3\ARM_GCC_541\Debug\CySpc.o"
Deleting file ".\CortexM3\ARM_GCC_541\Debug\cyutils.o"
Deleting file ".\CortexM3\ARM_GCC_541\Debug\Motor_R_F.o"
Deleting file ".\CortexM3\ARM_GCC_541\Debug\Motor_L_F.o"
Deleting file ".\CortexM3\ARM_GCC_541\Debug\Motor_R_R.o"
Deleting file ".\CortexM3\ARM_GCC_541\Debug\Motor_L_R.o"
Deleting file ".\CortexM3\ARM_GCC_541\Debug\mode.o"
Deleting file ".\CortexM3\ARM_GCC_541\Debug\mode_PM.o"
Deleting file ".\CortexM3\ARM_GCC_541\Debug\Enable_Left.o"
Deleting file ".\CortexM3\ARM_GCC_541\Debug\Enable_Right.o"
Deleting file ".\CortexM3\ARM_GCC_541\Debug\semester3_prj_motorstyring.hex"
Deleting file ".\CortexM3\ARM_GCC_541\Debug\semester3_prj_motorstyring.elf"
Deleting file ".\CortexM3\ARM_GCC_541\Debug\semester3_prj_motorstyring.map"
Deleting file ".\semester3_prj_motorstyring.cycdx"
Deleting file ".\semester3_prj_motorstyring.svd"
Deleting file ".\semester3_prj_motorstyring.rpt"
Deleting file ".\semester3_prj_motorstyring_timing.html"
Deleting file ".\CortexM3\ARM_GCC_541\Debug\.deps\SOURCE_C__ARM_GCC_GENERIC.P"
Deleting file ".\CortexM3\ARM_GCC_541\Debug\.deps\SOURCE_ASM__ARM_GCC_GENERIC.P"
--------------- Clean Succeeded: 04/12/2019 11:22:39 ---------------
