--------------- Build Started: 04/26/2019 12:44:22 Project: Motorstyring, Configuration: ARM GCC 5.4-2016-q2-update Debug ---------------
The code generation step is up to date.
arm-none-eabi-gcc.exe -mcpu=cortex-m3 -mthumb -I. -IGenerated_Source\PSoC5 -Wa,-alh=.\CortexM3\ARM_GCC_541\Debug/main.lst -g -D DEBUG -D CY_CORE_ID=0 -Wall -ffunction-sections -ffat-lto-objects -Og -c main.c -o .\CortexM3\ARM_GCC_541\Debug\main.o
In file included from Generated_Source\PSoC5/project.h:50:0,
                 from main.c:13:
main.c: In function 'main':
Generated_Source\PSoC5/SPIS_1.h:390:31: warning: statement with no effect [-Wunused-value]
 #define SPIS_1_FIFO_CLR       (SPIS_1_TX_FIFO_CLR | SPIS_1_RX_FIFO_CLR)
                               ^
main.c:51:5: note: in expansion of macro 'SPIS_1_FIFO_CLR'
     SPIS_1_FIFO_CLR;
     ^
arm-none-eabi-ar.exe -rs .\CortexM3\ARM_GCC_541\Debug\Motorstyring.a .\CortexM3\ARM_GCC_541\Debug\Motorpwm_right.o .\CortexM3\ARM_GCC_541\Debug\Motorpwm_right_PM.o .\CortexM3\ARM_GCC_541\Debug\Clock_1.o .\CortexM3\ARM_GCC_541\Debug\Motorpwm_Left.o .\CortexM3\ARM_GCC_541\Debug\Motorpwm_Left_PM.o .\CortexM3\ARM_GCC_541\Debug\Motor_R_F.o .\CortexM3\ARM_GCC_541\Debug\Motor_L_F.o .\CortexM3\ARM_GCC_541\Debug\Enable_Right.o .\CortexM3\ARM_GCC_541\Debug\Enable_Left.o .\CortexM3\ARM_GCC_541\Debug\Motor_L_R.o .\CortexM3\ARM_GCC_541\Debug\Motor_R_R.o .\CortexM3\ARM_GCC_541\Debug\mode.o .\CortexM3\ARM_GCC_541\Debug\mode_PM.o .\CortexM3\ARM_GCC_541\Debug\ADC_calR.o .\CortexM3\ARM_GCC_541\Debug\ADC_calR_INT.o .\CortexM3\ARM_GCC_541\Debug\ADC_calR_PM.o .\CortexM3\ARM_GCC_541\Debug\ADC_calL.o .\CortexM3\ARM_GCC_541\Debug\ADC_calL_INT.o .\CortexM3\ARM_GCC_541\Debug\ADC_calL_PM.o .\CortexM3\ARM_GCC_541\Debug\cal_R.o .\CortexM3\ARM_GCC_541\Debug\cal_L.o .\CortexM3\ARM_GCC_541\Debug\MOSI_1.o .\CortexM3\ARM_GCC_541\Debug\SCLK_1.o .\CortexM3\ARM_GCC_541\Debug\MISO_1.o .\CortexM3\ARM_GCC_541\Debug\SPIS_1.o .\CortexM3\ARM_GCC_541\Debug\SPIS_1_PM.o .\CortexM3\ARM_GCC_541\Debug\SPIS_1_INT.o .\CortexM3\ARM_GCC_541\Debug\SPIS_1_BOOT.o .\CortexM3\ARM_GCC_541\Debug\SPI_SS.o .\CortexM3\ARM_GCC_541\Debug\Clock_2.o .\CortexM3\ARM_GCC_541\Debug\UART_1.o .\CortexM3\ARM_GCC_541\Debug\UART_1_PM.o .\CortexM3\ARM_GCC_541\Debug\UART_1_INT.o .\CortexM3\ARM_GCC_541\Debug\UART_1_BOOT.o .\CortexM3\ARM_GCC_541\Debug\ISR_SLAVE_RX.o .\CortexM3\ARM_GCC_541\Debug\UART_rx.o .\CortexM3\ARM_GCC_541\Debug\SDA_1.o .\CortexM3\ARM_GCC_541\Debug\SCL_1.o .\CortexM3\ARM_GCC_541\Debug\I2C_Master.o .\CortexM3\ARM_GCC_541\Debug\I2C_Master_BOOT.o .\CortexM3\ARM_GCC_541\Debug\I2C_Master_INT.o .\CortexM3\ARM_GCC_541\Debug\I2C_Master_PM.o .\CortexM3\ARM_GCC_541\Debug\I2C_Master_SLAVE.o .\CortexM3\ARM_GCC_541\Debug\I2C_Master_MASTER.o .\CortexM3\ARM_GCC_541\Debug\ADC_calR_IRQ.o .\CortexM3\ARM_GCC_541\Debug\ADC_calR_theACLK.o .\CortexM3\ARM_GCC_541\Debug\ADC_calL_IRQ.o .\CortexM3\ARM_GCC_541\Debug\ADC_calL_theACLK.o .\CortexM3\ARM_GCC_541\Debug\UART_1_IntClock.o .\CortexM3\ARM_GCC_541\Debug\cy_em_eeprom.o .\CortexM3\ARM_GCC_541\Debug\CyDmac.o .\CortexM3\ARM_GCC_541\Debug\CyFlash.o .\CortexM3\ARM_GCC_541\Debug\CyLib.o .\CortexM3\ARM_GCC_541\Debug\cyPm.o .\CortexM3\ARM_GCC_541\Debug\CySpc.o .\CortexM3\ARM_GCC_541\Debug\cyutils.o .\CortexM3\ARM_GCC_541\Debug\Pin1.o .\CortexM3\ARM_GCC_541\Debug\CyBootAsmGnu.o
arm-none-eabi-ar.exe: creating .\CortexM3\ARM_GCC_541\Debug\Motorstyring.a
arm-none-eabi-gcc.exe -Wl,--start-group -o C:\Users\andre\Desktop\Motorstyring\Motorstyring.cydsn\CortexM3\ARM_GCC_541\Debug\Motorstyring.elf .\CortexM3\ARM_GCC_541\Debug\main.o .\CortexM3\ARM_GCC_541\Debug\motorFunktioner.o .\CortexM3\ARM_GCC_541\Debug\sonar.o .\CortexM3\ARM_GCC_541\Debug\cyfitter_cfg.o .\CortexM3\ARM_GCC_541\Debug\cymetadata.o .\CortexM3\ARM_GCC_541\Debug\Cm3Start.o .\CortexM3\ARM_GCC_541\Debug\Motorstyring.a "C:\Program Files (x86)\Cypress\PSoC Creator\4.2\PSoC Creator\psoc\content\cycomponentlibrary\CyComponentLibrary.cylib\CortexM3\ARM_GCC_541\Debug\CyComponentLibrary.a" -mcpu=cortex-m3 -mthumb -L Generated_Source\PSoC5 -Wl,-Map,.\CortexM3\ARM_GCC_541\Debug/Motorstyring.map -T Generated_Source\PSoC5\cm3gcc.ld -specs=nano.specs -Wl,--gc-sections -g -ffunction-sections -Og -ffat-lto-objects -Wl,--end-group
cyelftool.exe -C C:\Users\andre\Desktop\Motorstyring\Motorstyring.cydsn\CortexM3\ARM_GCC_541\Debug\Motorstyring.elf --flash_row_size 256 --flash_size 262144 --flash_offset 0x00000000
No ELF section .cychecksum found, creating one
Application checksum calculated and stored in ELF section .cychecksum
Checksum calculated and stored in ELF section .cymeta
cyelftool.exe -S C:\Users\andre\Desktop\Motorstyring\Motorstyring.cydsn\CortexM3\ARM_GCC_541\Debug\Motorstyring.elf
Flash used: 7392 of 262144 bytes (2,8 %).
SRAM used: 2609 of 65536 bytes (4,0 %). Stack: 2048 bytes. Heap: 128 bytes.
--------------- Build Succeeded: 04/26/2019 12:44:23 ---------------
