ARM GAS  C:\Users\Chris\AppData\Local\Temp\ccivnEJQ.s 			page 1


   1              		.syntax unified
   2              		.cpu cortex-m3
   3              		.fpu softvfp
   4              		.eabi_attribute 20, 1
   5              		.eabi_attribute 21, 1
   6              		.eabi_attribute 23, 3
   7              		.eabi_attribute 24, 1
   8              		.eabi_attribute 25, 1
   9              		.eabi_attribute 26, 1
  10              		.eabi_attribute 30, 1
  11              		.eabi_attribute 34, 1
  12              		.eabi_attribute 18, 4
  13              		.thumb
  14              		.syntax unified
  15              		.file	"cymetadata.c"
  16              		.text
  17              	.Ltext0:
  18              		.cfi_sections	.debug_frame
  19              		.global	cy_metadata
  20              		.global	cy_meta_flashprotect
  21              		.global	cy_meta_wonvl
  22              		.global	cy_meta_custnvl
  23              		.global	cy_meta_configecc
  24              		.section	.cyconfigecc,"a",%progbits
  25              		.align	2
  26              		.type	cy_meta_configecc, %object
  27              		.size	cy_meta_configecc, 592
  28              	cy_meta_configecc:
  29 0000 02       		.byte	2
  30 0001 52       		.byte	82
  31 0002 00       		.byte	0
  32 0003 40       		.byte	64
  33 0004 01       		.byte	1
  34 0005 09       		.byte	9
  35 0006 01       		.byte	1
  36 0007 40       		.byte	64
  37 0008 07       		.byte	7
  38 0009 0B       		.byte	11
  39 000a 01       		.byte	1
  40 000b 40       		.byte	64
  41 000c 44       		.byte	68
  42 000d 0C       		.byte	12
  43 000e 01       		.byte	1
  44 000f 40       		.byte	64
  45 0010 41       		.byte	65
  46 0011 0D       		.byte	13
  47 0012 01       		.byte	1
  48 0013 40       		.byte	64
  49 0014 38       		.byte	56
  50 0015 0E       		.byte	14
  51 0016 01       		.byte	1
  52 0017 40       		.byte	64
  53 0018 29       		.byte	41
  54 0019 0F       		.byte	15
  55 001a 01       		.byte	1
  56 001b 40       		.byte	64
  57 001c 01       		.byte	1
ARM GAS  C:\Users\Chris\AppData\Local\Temp\ccivnEJQ.s 			page 2


  58 001d 17       		.byte	23
  59 001e 01       		.byte	1
  60 001f 40       		.byte	64
  61 0020 02       		.byte	2
  62 0021 19       		.byte	25
  63 0022 01       		.byte	1
  64 0023 40       		.byte	64
  65 0024 02       		.byte	2
  66 0025 43       		.byte	67
  67 0026 01       		.byte	1
  68 0027 40       		.byte	64
  69 0028 06       		.byte	6
  70 0029 45       		.byte	69
  71 002a 01       		.byte	1
  72 002b 40       		.byte	64
  73 002c 05       		.byte	5
  74 002d 46       		.byte	70
  75 002e 01       		.byte	1
  76 002f 40       		.byte	64
  77 0030 01       		.byte	1
  78 0031 48       		.byte	72
  79 0032 01       		.byte	1
  80 0033 40       		.byte	64
  81 0034 02       		.byte	2
  82 0035 50       		.byte	80
  83 0036 01       		.byte	1
  84 0037 40       		.byte	64
  85 0038 10       		.byte	16
  86 0039 0C       		.byte	12
  87 003a 11       		.byte	17
  88 003b 0A       		.byte	10
  89 003c 9F       		.byte	-97
  90 003d 80       		.byte	-128
  91 003e 9F       		.byte	-97
  92 003f 80       		.byte	-128
  93 0040 A8       		.byte	-88
  94 0041 10       		.byte	16
  95 0042 AB       		.byte	-85
  96 0043 04       		.byte	4
  97 0044 AE       		.byte	-82
  98 0045 04       		.byte	4
  99 0046 B7       		.byte	-73
 100 0047 40       		.byte	64
 101 0048 E8       		.byte	-24
 102 0049 06       		.byte	6
 103 004a EC       		.byte	-20
 104 004b 04       		.byte	4
 105 004c 02       		.byte	2
 106 004d 01       		.byte	1
 107 004e 04       		.byte	4
 108 004f 04       		.byte	4
 109 0050 06       		.byte	6
 110 0051 08       		.byte	8
 111 0052 09       		.byte	9
 112 0053 02       		.byte	2
 113 0054 0A       		.byte	10
 114 0055 01       		.byte	1
ARM GAS  C:\Users\Chris\AppData\Local\Temp\ccivnEJQ.s 			page 3


 115 0056 0B       		.byte	11
 116 0057 01       		.byte	1
 117 0058 0E       		.byte	14
 118 0059 02       		.byte	2
 119 005a 0F       		.byte	15
 120 005b 03       		.byte	3
 121 005c 10       		.byte	16
 122 005d 01       		.byte	1
 123 005e 12       		.byte	18
 124 005f 02       		.byte	2
 125 0060 15       		.byte	21
 126 0061 05       		.byte	5
 127 0062 16       		.byte	22
 128 0063 01       		.byte	1
 129 0064 17       		.byte	23
 130 0065 0A       		.byte	10
 131 0066 1A       		.byte	26
 132 0067 01       		.byte	1
 133 0068 22       		.byte	34
 134 0069 0D       		.byte	13
 135 006a 24       		.byte	36
 136 006b 04       		.byte	4
 137 006c 26       		.byte	38
 138 006d 08       		.byte	8
 139 006e 29       		.byte	41
 140 006f 04       		.byte	4
 141 0070 2B       		.byte	43
 142 0071 08       		.byte	8
 143 0072 31       		.byte	49
 144 0073 0C       		.byte	12
 145 0074 33       		.byte	51
 146 0075 03       		.byte	3
 147 0076 34       		.byte	52
 148 0077 0C       		.byte	12
 149 0078 36       		.byte	54
 150 0079 03       		.byte	3
 151 007a 3A       		.byte	58
 152 007b 80       		.byte	-128
 153 007c 3E       		.byte	62
 154 007d 10       		.byte	16
 155 007e 3F       		.byte	63
 156 007f 05       		.byte	5
 157 0080 58       		.byte	88
 158 0081 04       		.byte	4
 159 0082 59       		.byte	89
 160 0083 04       		.byte	4
 161 0084 5B       		.byte	91
 162 0085 04       		.byte	4
 163 0086 5C       		.byte	92
 164 0087 08       		.byte	8
 165 0088 5F       		.byte	95
 166 0089 31       		.byte	49
 167 008a 82       		.byte	-126
 168 008b 01       		.byte	1
 169 008c 83       		.byte	-125
 170 008d 15       		.byte	21
 171 008e 86       		.byte	-122
ARM GAS  C:\Users\Chris\AppData\Local\Temp\ccivnEJQ.s 			page 4


 172 008f 09       		.byte	9
 173 0090 88       		.byte	-120
 174 0091 10       		.byte	16
 175 0092 8A       		.byte	-118
 176 0093 20       		.byte	32
 177 0094 8B       		.byte	-117
 178 0095 01       		.byte	1
 179 0096 8E       		.byte	-114
 180 0097 35       		.byte	53
 181 0098 8F       		.byte	-113
 182 0099 01       		.byte	1
 183 009a 91       		.byte	-111
 184 009b 15       		.byte	21
 185 009c 92       		.byte	-110
 186 009d 02       		.byte	2
 187 009e 93       		.byte	-109
 188 009f 2A       		.byte	42
 189 00a0 96       		.byte	-106
 190 00a1 01       		.byte	1
 191 00a2 97       		.byte	-105
 192 00a3 25       		.byte	37
 193 00a4 9B       		.byte	-101
 194 00a5 09       		.byte	9
 195 00a6 9F       		.byte	-97
 196 00a7 02       		.byte	2
 197 00a8 A2       		.byte	-94
 198 00a9 05       		.byte	5
 199 00aa A3       		.byte	-93
 200 00ab 15       		.byte	21
 201 00ac A6       		.byte	-90
 202 00ad 01       		.byte	1
 203 00ae A8       		.byte	-88
 204 00af 20       		.byte	32
 205 00b0 AA       		.byte	-86
 206 00b1 10       		.byte	16
 207 00b2 AB       		.byte	-85
 208 00b3 15       		.byte	21
 209 00b4 AC       		.byte	-84
 210 00b5 05       		.byte	5
 211 00b6 AE       		.byte	-82
 212 00b7 0A       		.byte	10
 213 00b8 AF       		.byte	-81
 214 00b9 01       		.byte	1
 215 00ba B0       		.byte	-80
 216 00bb 03       		.byte	3
 217 00bc B2       		.byte	-78
 218 00bd 30       		.byte	48
 219 00be B3       		.byte	-77
 220 00bf 30       		.byte	48
 221 00c0 B4       		.byte	-76
 222 00c1 0C       		.byte	12
 223 00c2 B5       		.byte	-75
 224 00c3 0C       		.byte	12
 225 00c4 B7       		.byte	-73
 226 00c5 03       		.byte	3
 227 00c6 BA       		.byte	-70
 228 00c7 22       		.byte	34
ARM GAS  C:\Users\Chris\AppData\Local\Temp\ccivnEJQ.s 			page 5


 229 00c8 BB       		.byte	-69
 230 00c9 A8       		.byte	-88
 231 00ca BE       		.byte	-66
 232 00cb 04       		.byte	4
 233 00cc D8       		.byte	-40
 234 00cd 04       		.byte	4
 235 00ce D9       		.byte	-39
 236 00cf 04       		.byte	4
 237 00d0 DC       		.byte	-36
 238 00d1 88       		.byte	-120
 239 00d2 DF       		.byte	-33
 240 00d3 31       		.byte	49
 241 00d4 00       		.byte	0
 242 00d5 82       		.byte	-126
 243 00d6 02       		.byte	2
 244 00d7 08       		.byte	8
 245 00d8 03       		.byte	3
 246 00d9 20       		.byte	32
 247 00da 05       		.byte	5
 248 00db 61       		.byte	97
 249 00dc 06       		.byte	6
 250 00dd 40       		.byte	64
 251 00de 07       		.byte	7
 252 00df 20       		.byte	32
 253 00e0 09       		.byte	9
 254 00e1 08       		.byte	8
 255 00e2 0A       		.byte	10
 256 00e3 40       		.byte	64
 257 00e4 0C       		.byte	12
 258 00e5 02       		.byte	2
 259 00e6 0D       		.byte	13
 260 00e7 08       		.byte	8
 261 00e8 0F       		.byte	15
 262 00e9 04       		.byte	4
 263 00ea 10       		.byte	16
 264 00eb 02       		.byte	2
 265 00ec 11       		.byte	17
 266 00ed 10       		.byte	16
 267 00ee 12       		.byte	18
 268 00ef 60       		.byte	96
 269 00f0 15       		.byte	21
 270 00f1 02       		.byte	2
 271 00f2 17       		.byte	23
 272 00f3 04       		.byte	4
 273 00f4 18       		.byte	24
 274 00f5 40       		.byte	64
 275 00f6 19       		.byte	25
 276 00f7 20       		.byte	32
 277 00f8 1A       		.byte	26
 278 00f9 40       		.byte	64
 279 00fa 1B       		.byte	27
 280 00fb 24       		.byte	36
 281 00fc 1C       		.byte	28
 282 00fd 02       		.byte	2
 283 00fe 1D       		.byte	29
 284 00ff 40       		.byte	64
 285 0100 1E       		.byte	30
ARM GAS  C:\Users\Chris\AppData\Local\Temp\ccivnEJQ.s 			page 6


 286 0101 06       		.byte	6
 287 0102 20       		.byte	32
 288 0103 08       		.byte	8
 289 0104 21       		.byte	33
 290 0105 08       		.byte	8
 291 0106 22       		.byte	34
 292 0107 60       		.byte	96
 293 0108 23       		.byte	35
 294 0109 04       		.byte	4
 295 010a 24       		.byte	36
 296 010b 20       		.byte	32
 297 010c 27       		.byte	39
 298 010d 40       		.byte	64
 299 010e 29       		.byte	41
 300 010f 61       		.byte	97
 301 0110 2D       		.byte	45
 302 0111 10       		.byte	16
 303 0112 31       		.byte	49
 304 0113 08       		.byte	8
 305 0114 32       		.byte	50
 306 0115 60       		.byte	96
 307 0116 33       		.byte	51
 308 0117 01       		.byte	1
 309 0118 36       		.byte	54
 310 0119 08       		.byte	8
 311 011a 38       		.byte	56
 312 011b 50       		.byte	80
 313 011c 39       		.byte	57
 314 011d 02       		.byte	2
 315 011e 3C       		.byte	60
 316 011f 80       		.byte	-128
 317 0120 3E       		.byte	62
 318 0121 10       		.byte	16
 319 0122 6C       		.byte	108
 320 0123 02       		.byte	2
 321 0124 6E       		.byte	110
 322 0125 10       		.byte	16
 323 0126 6F       		.byte	111
 324 0127 05       		.byte	5
 325 0128 7B       		.byte	123
 326 0129 80       		.byte	-128
 327 012a 7F       		.byte	127
 328 012b 80       		.byte	-128
 329 012c 90       		.byte	-112
 330 012d 10       		.byte	16
 331 012e 91       		.byte	-111
 332 012f 12       		.byte	18
 333 0130 94       		.byte	-108
 334 0131 40       		.byte	64
 335 0132 96       		.byte	-106
 336 0133 80       		.byte	-128
 337 0134 99       		.byte	-103
 338 0135 01       		.byte	1
 339 0136 9B       		.byte	-101
 340 0137 20       		.byte	32
 341 0138 9D       		.byte	-99
 342 0139 20       		.byte	32
ARM GAS  C:\Users\Chris\AppData\Local\Temp\ccivnEJQ.s 			page 7


 343 013a 9F       		.byte	-97
 344 013b 81       		.byte	-127
 345 013c A0       		.byte	-96
 346 013d 40       		.byte	64
 347 013e A2       		.byte	-94
 348 013f 08       		.byte	8
 349 0140 A3       		.byte	-93
 350 0141 80       		.byte	-128
 351 0142 A4       		.byte	-92
 352 0143 05       		.byte	5
 353 0144 A5       		.byte	-91
 354 0145 08       		.byte	8
 355 0146 A6       		.byte	-90
 356 0147 01       		.byte	1
 357 0148 C0       		.byte	-64
 358 0149 FF       		.byte	-1
 359 014a C2       		.byte	-62
 360 014b 7C       		.byte	124
 361 014c C4       		.byte	-60
 362 014d 3F       		.byte	63
 363 014e CA       		.byte	-54
 364 014f 2D       		.byte	45
 365 0150 CC       		.byte	-52
 366 0151 4F       		.byte	79
 367 0152 CE       		.byte	-50
 368 0153 3D       		.byte	61
 369 0154 DE       		.byte	-34
 370 0155 81       		.byte	-127
 371 0156 00       		.byte	0
 372 0157 02       		.byte	2
 373 0158 03       		.byte	3
 374 0159 01       		.byte	1
 375 015a 04       		.byte	4
 376 015b 04       		.byte	4
 377 015c 07       		.byte	7
 378 015d 02       		.byte	2
 379 015e 08       		.byte	8
 380 015f 10       		.byte	16
 381 0160 09       		.byte	9
 382 0161 50       		.byte	80
 383 0162 0B       		.byte	11
 384 0163 28       		.byte	40
 385 0164 0C       		.byte	12
 386 0165 01       		.byte	1
 387 0166 10       		.byte	16
 388 0167 20       		.byte	32
 389 0168 11       		.byte	17
 390 0169 08       		.byte	8
 391 016a 13       		.byte	19
 392 016b 30       		.byte	48
 393 016c 14       		.byte	20
 394 016d 08       		.byte	8
 395 016e 15       		.byte	21
 396 016f 28       		.byte	40
 397 0170 17       		.byte	23
 398 0171 40       		.byte	64
 399 0172 1A       		.byte	26
ARM GAS  C:\Users\Chris\AppData\Local\Temp\ccivnEJQ.s 			page 8


 400 0173 01       		.byte	1
 401 0174 1D       		.byte	29
 402 0175 01       		.byte	1
 403 0176 1E       		.byte	30
 404 0177 02       		.byte	2
 405 0178 22       		.byte	34
 406 0179 04       		.byte	4
 407 017a 26       		.byte	38
 408 017b 08       		.byte	8
 409 017c 27       		.byte	39
 410 017d 04       		.byte	4
 411 017e 29       		.byte	41
 412 017f 02       		.byte	2
 413 0180 2A       		.byte	42
 414 0181 10       		.byte	16
 415 0182 2E       		.byte	46
 416 0183 20       		.byte	32
 417 0184 31       		.byte	49
 418 0185 07       		.byte	7
 419 0186 32       		.byte	50
 420 0187 3F       		.byte	63
 421 0188 33       		.byte	51
 422 0189 60       		.byte	96
 423 018a 35       		.byte	53
 424 018b 18       		.byte	24
 425 018c 3E       		.byte	62
 426 018d 04       		.byte	4
 427 018e 3F       		.byte	63
 428 018f 01       		.byte	1
 429 0190 58       		.byte	88
 430 0191 04       		.byte	4
 431 0192 59       		.byte	89
 432 0193 04       		.byte	4
 433 0194 5B       		.byte	91
 434 0195 04       		.byte	4
 435 0196 5F       		.byte	95
 436 0197 01       		.byte	1
 437 0198 82       		.byte	-126
 438 0199 02       		.byte	2
 439 019a 86       		.byte	-122
 440 019b 01       		.byte	1
 441 019c 8A       		.byte	-118
 442 019d 08       		.byte	8
 443 019e 8C       		.byte	-116
 444 019f 35       		.byte	53
 445 01a0 8E       		.byte	-114
 446 01a1 0A       		.byte	10
 447 01a2 90       		.byte	-112
 448 01a3 20       		.byte	32
 449 01a4 92       		.byte	-110
 450 01a5 14       		.byte	20
 451 01a6 96       		.byte	-106
 452 01a7 04       		.byte	4
 453 01a8 9A       		.byte	-102
 454 01a9 01       		.byte	1
 455 01aa 9E       		.byte	-98
 456 01ab 04       		.byte	4
ARM GAS  C:\Users\Chris\AppData\Local\Temp\ccivnEJQ.s 			page 9


 457 01ac A0       		.byte	-96
 458 01ad 10       		.byte	16
 459 01ae A2       		.byte	-94
 460 01af 24       		.byte	36
 461 01b0 A6       		.byte	-90
 462 01b1 04       		.byte	4
 463 01b2 AA       		.byte	-86
 464 01b3 04       		.byte	4
 465 01b4 AE       		.byte	-82
 466 01b5 04       		.byte	4
 467 01b6 B0       		.byte	-80
 468 01b7 30       		.byte	48
 469 01b8 B2       		.byte	-78
 470 01b9 0C       		.byte	12
 471 01ba B6       		.byte	-74
 472 01bb 03       		.byte	3
 473 01bc BA       		.byte	-70
 474 01bd 08       		.byte	8
 475 01be BE       		.byte	-66
 476 01bf 40       		.byte	64
 477 01c0 D8       		.byte	-40
 478 01c1 04       		.byte	4
 479 01c2 DC       		.byte	-36
 480 01c3 08       		.byte	8
 481 01c4 DF       		.byte	-33
 482 01c5 31       		.byte	49
 483 01c6 00       		.byte	0
 484 01c7 4A       		.byte	74
 485 01c8 01       		.byte	1
 486 01c9 20       		.byte	32
 487 01ca 02       		.byte	2
 488 01cb 15       		.byte	21
 489 01cc 04       		.byte	4
 490 01cd 10       		.byte	16
 491 01ce 07       		.byte	7
 492 01cf A1       		.byte	-95
 493 01d0 09       		.byte	9
 494 01d1 88       		.byte	-120
 495 01d2 0A       		.byte	10
 496 01d3 44       		.byte	68
 497 01d4 0D       		.byte	13
 498 01d5 18       		.byte	24
 499 01d6 0E       		.byte	14
 500 01d7 42       		.byte	66
 501 01d8 10       		.byte	16
 502 01d9 0A       		.byte	10
 503 01da 11       		.byte	17
 504 01db 05       		.byte	5
 505 01dc 15       		.byte	21
 506 01dd 02       		.byte	2
 507 01de 16       		.byte	22
 508 01df 15       		.byte	21
 509 01e0 19       		.byte	25
 510 01e1 08       		.byte	8
 511 01e2 1C       		.byte	28
 512 01e3 10       		.byte	16
 513 01e4 1D       		.byte	29
ARM GAS  C:\Users\Chris\AppData\Local\Temp\ccivnEJQ.s 			page 10


 514 01e5 01       		.byte	1
 515 01e6 1E       		.byte	30
 516 01e7 40       		.byte	64
 517 01e8 1F       		.byte	31
 518 01e9 88       		.byte	-120
 519 01ea 20       		.byte	32
 520 01eb 80       		.byte	-128
 521 01ec 21       		.byte	33
 522 01ed 13       		.byte	19
 523 01ee 22       		.byte	34
 524 01ef 08       		.byte	8
 525 01f0 23       		.byte	35
 526 01f1 20       		.byte	32
 527 01f2 29       		.byte	41
 528 01f3 08       		.byte	8
 529 01f4 2B       		.byte	43
 530 01f5 08       		.byte	8
 531 01f6 31       		.byte	49
 532 01f7 02       		.byte	2
 533 01f8 32       		.byte	50
 534 01f9 48       		.byte	72
 535 01fa 38       		.byte	56
 536 01fb 0A       		.byte	10
 537 01fc 39       		.byte	57
 538 01fd 30       		.byte	48
 539 01fe 68       		.byte	104
 540 01ff 0A       		.byte	10
 541 0200 69       		.byte	105
 542 0201 05       		.byte	5
 543 0202 70       		.byte	112
 544 0203 05       		.byte	5
 545 0204 71       		.byte	113
 546 0205 80       		.byte	-128
 547 0206 72       		.byte	114
 548 0207 04       		.byte	4
 549 0208 7F       		.byte	127
 550 0209 80       		.byte	-128
 551 020a C0       		.byte	-64
 552 020b FF       		.byte	-1
 553 020c C2       		.byte	-62
 554 020d FF       		.byte	-1
 555 020e C4       		.byte	-60
 556 020f FF       		.byte	-1
 557 0210 CA       		.byte	-54
 558 0211 06       		.byte	6
 559 0212 CC       		.byte	-52
 560 0213 0B       		.byte	11
 561 0214 CE       		.byte	-50
 562 0215 07       		.byte	7
 563 0216 DE       		.byte	-34
 564 0217 80       		.byte	-128
 565 0218 EC       		.byte	-20
 566 0219 20       		.byte	32
 567 021a B3       		.byte	-77
 568 021b 80       		.byte	-128
 569 021c EC       		.byte	-20
 570 021d 20       		.byte	32
ARM GAS  C:\Users\Chris\AppData\Local\Temp\ccivnEJQ.s 			page 11


 571 021e 23       		.byte	35
 572 021f 04       		.byte	4
 573 0220 C8       		.byte	-56
 574 0221 10       		.byte	16
 575 0222 50       		.byte	80
 576 0223 04       		.byte	4
 577 0224 53       		.byte	83
 578 0225 01       		.byte	1
 579 0226 56       		.byte	86
 580 0227 10       		.byte	16
 581 0228 5E       		.byte	94
 582 0229 40       		.byte	64
 583 022a D4       		.byte	-44
 584 022b 07       		.byte	7
 585 022c D6       		.byte	-42
 586 022d 04       		.byte	4
 587 022e AA       		.byte	-86
 588 022f 40       		.byte	64
 589 0230 AB       		.byte	-85
 590 0231 01       		.byte	1
 591 0232 AE       		.byte	-82
 592 0233 10       		.byte	16
 593 0234 B4       		.byte	-76
 594 0235 04       		.byte	4
 595 0236 E8       		.byte	-24
 596 0237 08       		.byte	8
 597 0238 B3       		.byte	-77
 598 0239 04       		.byte	4
 599 023a 00       		.byte	0
 600 023b 01       		.byte	1
 601 023c 0E       		.byte	14
 602 023d 01       		.byte	1
 603 023e 00       		.byte	0
 604 023f 00       		.byte	0
 605 0240 00       		.byte	0
 606 0241 0B       		.byte	11
 607 0242 0B       		.byte	11
 608 0243 00       		.byte	0
 609 0244 00       		.byte	0
 610 0245 00       		.byte	0
 611 0246 00       		.byte	0
 612 0247 00       		.byte	0
 613 0248 00       		.byte	0
 614 0249 0F       		.byte	15
 615 024a 0F       		.byte	15
 616 024b 00       		.byte	0
 617 024c 0F       		.byte	15
 618 024d 00       		.byte	0
 619 024e 00       		.byte	0
 620 024f 00       		.byte	0
 621              		.section	.cywolatch,"a",%progbits
 622              		.align	2
 623              		.type	cy_meta_wonvl, %object
 624              		.size	cy_meta_wonvl, 4
 625              	cy_meta_wonvl:
 626 0000 BC       		.byte	-68
 627 0001 90       		.byte	-112
ARM GAS  C:\Users\Chris\AppData\Local\Temp\ccivnEJQ.s 			page 12


 628 0002 AC       		.byte	-84
 629 0003 AF       		.byte	-81
 630              		.section	.cycustnvl,"a",%progbits
 631              		.align	2
 632              		.type	cy_meta_custnvl, %object
 633              		.size	cy_meta_custnvl, 4
 634              	cy_meta_custnvl:
 635 0000 00       		.byte	0
 636 0001 00       		.byte	0
 637 0002 40       		.byte	64
 638 0003 05       		.byte	5
 639              		.section	.cymeta,"a",%progbits
 640              		.align	2
 641              		.type	cy_metadata, %object
 642              		.size	cy_metadata, 12
 643              	cy_metadata:
 644 0000 00       		.byte	0
 645 0001 01       		.byte	1
 646 0002 2E       		.byte	46
 647 0003 16       		.byte	22
 648 0004 10       		.byte	16
 649 0005 69       		.byte	105
 650 0006 00       		.byte	0
 651 0007 01       		.byte	1
 652 0008 00       		.byte	0
 653 0009 00       		.byte	0
 654 000a 00       		.byte	0
 655 000b 00       		.byte	0
 656              		.section	.cyflashprotect,"a",%progbits
 657              		.align	2
 658              		.type	cy_meta_flashprotect, %object
 659              		.size	cy_meta_flashprotect, 256
 660              	cy_meta_flashprotect:
 661 0000 00000000 		.space	256
 661      00000000 
 661      00000000 
 661      00000000 
 661      00000000 
 662              		.text
 663              	.Letext0:
 664              		.file 1 "c:\\program files (x86)\\cypress\\psoc creator\\4.2\\psoc creator\\import\\gnu\\arm\\5.4.
 665              		.file 2 "c:\\program files (x86)\\cypress\\psoc creator\\4.2\\psoc creator\\import\\gnu\\arm\\5.4.
 666              		.file 3 "Generated_Source\\PSoC5\\cymetadata.c"
 667              		.section	.debug_info,"",%progbits
 668              	.Ldebug_info0:
 669 0000 31010000 		.4byte	0x131
 670 0004 0400     		.2byte	0x4
 671 0006 00000000 		.4byte	.Ldebug_abbrev0
 672 000a 04       		.byte	0x4
 673 000b 01       		.uleb128 0x1
 674 000c 24000000 		.4byte	.LASF17
 675 0010 0C       		.byte	0xc
 676 0011 D4010000 		.4byte	.LASF18
 677 0015 B2000000 		.4byte	.LASF19
 678 0019 00000000 		.4byte	.Ldebug_line0
 679 001d 02       		.uleb128 0x2
 680 001e 01       		.byte	0x1
ARM GAS  C:\Users\Chris\AppData\Local\Temp\ccivnEJQ.s 			page 13


 681 001f 06       		.byte	0x6
 682 0020 C8010000 		.4byte	.LASF0
 683 0024 03       		.uleb128 0x3
 684 0025 00000000 		.4byte	.LASF9
 685 0029 01       		.byte	0x1
 686 002a 1D       		.byte	0x1d
 687 002b 2F000000 		.4byte	0x2f
 688 002f 02       		.uleb128 0x2
 689 0030 01       		.byte	0x1
 690 0031 08       		.byte	0x8
 691 0032 16000000 		.4byte	.LASF1
 692 0036 02       		.uleb128 0x2
 693 0037 02       		.byte	0x2
 694 0038 05       		.byte	0x5
 695 0039 B5010000 		.4byte	.LASF2
 696 003d 02       		.uleb128 0x2
 697 003e 02       		.byte	0x2
 698 003f 07       		.byte	0x7
 699 0040 1A010000 		.4byte	.LASF3
 700 0044 02       		.uleb128 0x2
 701 0045 04       		.byte	0x4
 702 0046 05       		.byte	0x5
 703 0047 BF010000 		.4byte	.LASF4
 704 004b 02       		.uleb128 0x2
 705 004c 04       		.byte	0x4
 706 004d 07       		.byte	0x7
 707 004e 08010000 		.4byte	.LASF5
 708 0052 02       		.uleb128 0x2
 709 0053 08       		.byte	0x8
 710 0054 05       		.byte	0x5
 711 0055 A7010000 		.4byte	.LASF6
 712 0059 02       		.uleb128 0x2
 713 005a 08       		.byte	0x8
 714 005b 07       		.byte	0x7
 715 005c 5C010000 		.4byte	.LASF7
 716 0060 04       		.uleb128 0x4
 717 0061 04       		.byte	0x4
 718 0062 05       		.byte	0x5
 719 0063 696E7400 		.ascii	"int\000"
 720 0067 02       		.uleb128 0x2
 721 0068 04       		.byte	0x4
 722 0069 07       		.byte	0x7
 723 006a 4F010000 		.4byte	.LASF8
 724 006e 03       		.uleb128 0x3
 725 006f 73010000 		.4byte	.LASF10
 726 0073 02       		.byte	0x2
 727 0074 18       		.byte	0x18
 728 0075 24000000 		.4byte	0x24
 729 0079 05       		.uleb128 0x5
 730 007a 91000000 		.4byte	0x91
 731 007e 8A000000 		.4byte	0x8a
 732 0082 06       		.uleb128 0x6
 733 0083 8A000000 		.4byte	0x8a
 734 0087 4F02     		.2byte	0x24f
 735 0089 00       		.byte	0
 736 008a 02       		.uleb128 0x2
 737 008b 04       		.byte	0x4
ARM GAS  C:\Users\Chris\AppData\Local\Temp\ccivnEJQ.s 			page 14


 738 008c 07       		.byte	0x7
 739 008d 9E010000 		.4byte	.LASF11
 740 0091 07       		.uleb128 0x7
 741 0092 6E000000 		.4byte	0x6e
 742 0096 08       		.uleb128 0x8
 743 0097 3D010000 		.4byte	.LASF12
 744 009b 03       		.byte	0x3
 745 009c 1F       		.byte	0x1f
 746 009d A7000000 		.4byte	0xa7
 747 00a1 05       		.uleb128 0x5
 748 00a2 03       		.byte	0x3
 749 00a3 00000000 		.4byte	cy_meta_configecc
 750 00a7 07       		.uleb128 0x7
 751 00a8 79000000 		.4byte	0x79
 752 00ac 05       		.uleb128 0x5
 753 00ad 91000000 		.4byte	0x91
 754 00b1 BC000000 		.4byte	0xbc
 755 00b5 09       		.uleb128 0x9
 756 00b6 8A000000 		.4byte	0x8a
 757 00ba 03       		.byte	0x3
 758 00bb 00       		.byte	0
 759 00bc 08       		.uleb128 0x8
 760 00bd 2D010000 		.4byte	.LASF13
 761 00c1 03       		.byte	0x3
 762 00c2 76       		.byte	0x76
 763 00c3 CD000000 		.4byte	0xcd
 764 00c7 05       		.uleb128 0x5
 765 00c8 03       		.byte	0x3
 766 00c9 00000000 		.4byte	cy_meta_custnvl
 767 00cd 07       		.uleb128 0x7
 768 00ce AC000000 		.4byte	0xac
 769 00d2 08       		.uleb128 0x8
 770 00d3 90010000 		.4byte	.LASF14
 771 00d7 03       		.byte	0x3
 772 00d8 84       		.byte	0x84
 773 00d9 E3000000 		.4byte	0xe3
 774 00dd 05       		.uleb128 0x5
 775 00de 03       		.byte	0x3
 776 00df 00000000 		.4byte	cy_meta_wonvl
 777 00e3 07       		.uleb128 0x7
 778 00e4 AC000000 		.4byte	0xac
 779 00e8 05       		.uleb128 0x5
 780 00e9 91000000 		.4byte	0x91
 781 00ed F8000000 		.4byte	0xf8
 782 00f1 09       		.uleb128 0x9
 783 00f2 8A000000 		.4byte	0x8a
 784 00f6 FF       		.byte	0xff
 785 00f7 00       		.byte	0
 786 00f8 08       		.uleb128 0x8
 787 00f9 7B010000 		.4byte	.LASF15
 788 00fd 03       		.byte	0x3
 789 00fe 92       		.byte	0x92
 790 00ff 09010000 		.4byte	0x109
 791 0103 05       		.uleb128 0x5
 792 0104 03       		.byte	0x3
 793 0105 00000000 		.4byte	cy_meta_flashprotect
 794 0109 07       		.uleb128 0x7
ARM GAS  C:\Users\Chris\AppData\Local\Temp\ccivnEJQ.s 			page 15


 795 010a E8000000 		.4byte	0xe8
 796 010e 05       		.uleb128 0x5
 797 010f 91000000 		.4byte	0x91
 798 0113 1E010000 		.4byte	0x11e
 799 0117 09       		.uleb128 0x9
 800 0118 8A000000 		.4byte	0x8a
 801 011c 0B       		.byte	0xb
 802 011d 00       		.byte	0
 803 011e 08       		.uleb128 0x8
 804 011f 0A000000 		.4byte	.LASF16
 805 0123 03       		.byte	0x3
 806 0124 BF       		.byte	0xbf
 807 0125 2F010000 		.4byte	0x12f
 808 0129 05       		.uleb128 0x5
 809 012a 03       		.byte	0x3
 810 012b 00000000 		.4byte	cy_metadata
 811 012f 07       		.uleb128 0x7
 812 0130 0E010000 		.4byte	0x10e
 813 0134 00       		.byte	0
 814              		.section	.debug_abbrev,"",%progbits
 815              	.Ldebug_abbrev0:
 816 0000 01       		.uleb128 0x1
 817 0001 11       		.uleb128 0x11
 818 0002 01       		.byte	0x1
 819 0003 25       		.uleb128 0x25
 820 0004 0E       		.uleb128 0xe
 821 0005 13       		.uleb128 0x13
 822 0006 0B       		.uleb128 0xb
 823 0007 03       		.uleb128 0x3
 824 0008 0E       		.uleb128 0xe
 825 0009 1B       		.uleb128 0x1b
 826 000a 0E       		.uleb128 0xe
 827 000b 10       		.uleb128 0x10
 828 000c 17       		.uleb128 0x17
 829 000d 00       		.byte	0
 830 000e 00       		.byte	0
 831 000f 02       		.uleb128 0x2
 832 0010 24       		.uleb128 0x24
 833 0011 00       		.byte	0
 834 0012 0B       		.uleb128 0xb
 835 0013 0B       		.uleb128 0xb
 836 0014 3E       		.uleb128 0x3e
 837 0015 0B       		.uleb128 0xb
 838 0016 03       		.uleb128 0x3
 839 0017 0E       		.uleb128 0xe
 840 0018 00       		.byte	0
 841 0019 00       		.byte	0
 842 001a 03       		.uleb128 0x3
 843 001b 16       		.uleb128 0x16
 844 001c 00       		.byte	0
 845 001d 03       		.uleb128 0x3
 846 001e 0E       		.uleb128 0xe
 847 001f 3A       		.uleb128 0x3a
 848 0020 0B       		.uleb128 0xb
 849 0021 3B       		.uleb128 0x3b
 850 0022 0B       		.uleb128 0xb
 851 0023 49       		.uleb128 0x49
ARM GAS  C:\Users\Chris\AppData\Local\Temp\ccivnEJQ.s 			page 16


 852 0024 13       		.uleb128 0x13
 853 0025 00       		.byte	0
 854 0026 00       		.byte	0
 855 0027 04       		.uleb128 0x4
 856 0028 24       		.uleb128 0x24
 857 0029 00       		.byte	0
 858 002a 0B       		.uleb128 0xb
 859 002b 0B       		.uleb128 0xb
 860 002c 3E       		.uleb128 0x3e
 861 002d 0B       		.uleb128 0xb
 862 002e 03       		.uleb128 0x3
 863 002f 08       		.uleb128 0x8
 864 0030 00       		.byte	0
 865 0031 00       		.byte	0
 866 0032 05       		.uleb128 0x5
 867 0033 01       		.uleb128 0x1
 868 0034 01       		.byte	0x1
 869 0035 49       		.uleb128 0x49
 870 0036 13       		.uleb128 0x13
 871 0037 01       		.uleb128 0x1
 872 0038 13       		.uleb128 0x13
 873 0039 00       		.byte	0
 874 003a 00       		.byte	0
 875 003b 06       		.uleb128 0x6
 876 003c 21       		.uleb128 0x21
 877 003d 00       		.byte	0
 878 003e 49       		.uleb128 0x49
 879 003f 13       		.uleb128 0x13
 880 0040 2F       		.uleb128 0x2f
 881 0041 05       		.uleb128 0x5
 882 0042 00       		.byte	0
 883 0043 00       		.byte	0
 884 0044 07       		.uleb128 0x7
 885 0045 26       		.uleb128 0x26
 886 0046 00       		.byte	0
 887 0047 49       		.uleb128 0x49
 888 0048 13       		.uleb128 0x13
 889 0049 00       		.byte	0
 890 004a 00       		.byte	0
 891 004b 08       		.uleb128 0x8
 892 004c 34       		.uleb128 0x34
 893 004d 00       		.byte	0
 894 004e 03       		.uleb128 0x3
 895 004f 0E       		.uleb128 0xe
 896 0050 3A       		.uleb128 0x3a
 897 0051 0B       		.uleb128 0xb
 898 0052 3B       		.uleb128 0x3b
 899 0053 0B       		.uleb128 0xb
 900 0054 49       		.uleb128 0x49
 901 0055 13       		.uleb128 0x13
 902 0056 3F       		.uleb128 0x3f
 903 0057 19       		.uleb128 0x19
 904 0058 02       		.uleb128 0x2
 905 0059 18       		.uleb128 0x18
 906 005a 00       		.byte	0
 907 005b 00       		.byte	0
 908 005c 09       		.uleb128 0x9
ARM GAS  C:\Users\Chris\AppData\Local\Temp\ccivnEJQ.s 			page 17


 909 005d 21       		.uleb128 0x21
 910 005e 00       		.byte	0
 911 005f 49       		.uleb128 0x49
 912 0060 13       		.uleb128 0x13
 913 0061 2F       		.uleb128 0x2f
 914 0062 0B       		.uleb128 0xb
 915 0063 00       		.byte	0
 916 0064 00       		.byte	0
 917 0065 00       		.byte	0
 918              		.section	.debug_aranges,"",%progbits
 919 0000 14000000 		.4byte	0x14
 920 0004 0200     		.2byte	0x2
 921 0006 00000000 		.4byte	.Ldebug_info0
 922 000a 04       		.byte	0x4
 923 000b 00       		.byte	0
 924 000c 0000     		.2byte	0
 925 000e 0000     		.2byte	0
 926 0010 00000000 		.4byte	0
 927 0014 00000000 		.4byte	0
 928              		.section	.debug_line,"",%progbits
 929              	.Ldebug_line0:
 930 0000 3D010000 		.section	.debug_str,"MS",%progbits,1
 930      02003701 
 930      00000201 
 930      FB0E0D00 
 930      01010101 
 931              	.LASF9:
 932 0000 5F5F7569 		.ascii	"__uint8_t\000"
 932      6E74385F 
 932      7400
 933              	.LASF16:
 934 000a 63795F6D 		.ascii	"cy_metadata\000"
 934      65746164 
 934      61746100 
 935              	.LASF1:
 936 0016 756E7369 		.ascii	"unsigned char\000"
 936      676E6564 
 936      20636861 
 936      7200
 937              	.LASF17:
 938 0024 474E5520 		.ascii	"GNU C11 5.4.1 20160609 (release) [ARM/embedded-5-br"
 938      43313120 
 938      352E342E 
 938      31203230 
 938      31363036 
 939 0057 616E6368 		.ascii	"anch revision 237715] -mcpu=cortex-m3 -mthumb -g -O"
 939      20726576 
 939      6973696F 
 939      6E203233 
 939      37373135 
 940 008a 67202D66 		.ascii	"g -ffunction-sections -ffat-lto-objects\000"
 940      66756E63 
 940      74696F6E 
 940      2D736563 
 940      74696F6E 
 941              	.LASF19:
 942 00b2 433A5C55 		.ascii	"C:\\Users\\Chris\\Documents\\PSoC Creator\\Stepperm"
ARM GAS  C:\Users\Chris\AppData\Local\Temp\ccivnEJQ.s 			page 18


 942      73657273 
 942      5C436872 
 942      69735C44 
 942      6F63756D 
 943 00e0 6F746F72 		.ascii	"otor_bipolar\\Steppermotor_bipolar.cydsn\000"
 943      5F626970 
 943      6F6C6172 
 943      5C537465 
 943      70706572 
 944              	.LASF5:
 945 0108 6C6F6E67 		.ascii	"long unsigned int\000"
 945      20756E73 
 945      69676E65 
 945      6420696E 
 945      7400
 946              	.LASF3:
 947 011a 73686F72 		.ascii	"short unsigned int\000"
 947      7420756E 
 947      7369676E 
 947      65642069 
 947      6E7400
 948              	.LASF13:
 949 012d 63795F6D 		.ascii	"cy_meta_custnvl\000"
 949      6574615F 
 949      63757374 
 949      6E766C00 
 950              	.LASF12:
 951 013d 63795F6D 		.ascii	"cy_meta_configecc\000"
 951      6574615F 
 951      636F6E66 
 951      69676563 
 951      6300
 952              	.LASF8:
 953 014f 756E7369 		.ascii	"unsigned int\000"
 953      676E6564 
 953      20696E74 
 953      00
 954              	.LASF7:
 955 015c 6C6F6E67 		.ascii	"long long unsigned int\000"
 955      206C6F6E 
 955      6720756E 
 955      7369676E 
 955      65642069 
 956              	.LASF10:
 957 0173 75696E74 		.ascii	"uint8_t\000"
 957      385F7400 
 958              	.LASF15:
 959 017b 63795F6D 		.ascii	"cy_meta_flashprotect\000"
 959      6574615F 
 959      666C6173 
 959      6870726F 
 959      74656374 
 960              	.LASF14:
 961 0190 63795F6D 		.ascii	"cy_meta_wonvl\000"
 961      6574615F 
 961      776F6E76 
 961      6C00
ARM GAS  C:\Users\Chris\AppData\Local\Temp\ccivnEJQ.s 			page 19


 962              	.LASF11:
 963 019e 73697A65 		.ascii	"sizetype\000"
 963      74797065 
 963      00
 964              	.LASF6:
 965 01a7 6C6F6E67 		.ascii	"long long int\000"
 965      206C6F6E 
 965      6720696E 
 965      7400
 966              	.LASF2:
 967 01b5 73686F72 		.ascii	"short int\000"
 967      7420696E 
 967      7400
 968              	.LASF4:
 969 01bf 6C6F6E67 		.ascii	"long int\000"
 969      20696E74 
 969      00
 970              	.LASF0:
 971 01c8 7369676E 		.ascii	"signed char\000"
 971      65642063 
 971      68617200 
 972              	.LASF18:
 973 01d4 47656E65 		.ascii	"Generated_Source\\PSoC5\\cymetadata.c\000"
 973      72617465 
 973      645F536F 
 973      75726365 
 973      5C50536F 
 974              		.ident	"GCC: (GNU Tools for ARM Embedded Processors) 5.4.1 20160609 (release) [ARM/embedded-5-bran
