ARM GAS  C:\Users\Chris\AppData\Local\Temp\ccg1j1ZL.s 			page 1


   1              		.syntax unified
   2              		.cpu cortex-m3
   3              		.fpu softvfp
   4              		.eabi_attribute 20, 1
   5              		.eabi_attribute 21, 1
   6              		.eabi_attribute 23, 3
   7              		.eabi_attribute 24, 1
   8              		.eabi_attribute 25, 1
   9              		.eabi_attribute 26, 1
  10              		.eabi_attribute 30, 1
  11              		.eabi_attribute 34, 1
  12              		.eabi_attribute 18, 4
  13              		.thumb
  14              		.syntax unified
  15              		.file	"cymetadata.c"
  16              		.text
  17              	.Ltext0:
  18              		.cfi_sections	.debug_frame
  19              		.global	cy_metadata
  20              		.global	cy_meta_flashprotect
  21              		.global	cy_meta_wonvl
  22              		.global	cy_meta_custnvl
  23              		.global	cy_meta_configecc
  24              		.section	.cyconfigecc,"a",%progbits
  25              		.align	2
  26              		.type	cy_meta_configecc, %object
  27              		.size	cy_meta_configecc, 564
  28              	cy_meta_configecc:
  29 0000 02       		.byte	2
  30 0001 52       		.byte	82
  31 0002 00       		.byte	0
  32 0003 40       		.byte	64
  33 0004 01       		.byte	1
  34 0005 5B       		.byte	91
  35 0006 00       		.byte	0
  36 0007 40       		.byte	64
  37 0008 02       		.byte	2
  38 0009 64       		.byte	100
  39 000a 00       		.byte	0
  40 000b 40       		.byte	64
  41 000c 01       		.byte	1
  42 000d 07       		.byte	7
  43 000e 01       		.byte	1
  44 000f 40       		.byte	64
  45 0010 01       		.byte	1
  46 0011 09       		.byte	9
  47 0012 01       		.byte	1
  48 0013 40       		.byte	64
  49 0014 04       		.byte	4
  50 0015 0B       		.byte	11
  51 0016 01       		.byte	1
  52 0017 40       		.byte	64
  53 0018 3A       		.byte	58
  54 0019 0C       		.byte	12
  55 001a 01       		.byte	1
  56 001b 40       		.byte	64
  57 001c 27       		.byte	39
ARM GAS  C:\Users\Chris\AppData\Local\Temp\ccg1j1ZL.s 			page 2


  58 001d 0D       		.byte	13
  59 001e 01       		.byte	1
  60 001f 40       		.byte	64
  61 0020 2C       		.byte	44
  62 0021 0E       		.byte	14
  63 0022 01       		.byte	1
  64 0023 40       		.byte	64
  65 0024 1A       		.byte	26
  66 0025 0F       		.byte	15
  67 0026 01       		.byte	1
  68 0027 40       		.byte	64
  69 0028 01       		.byte	1
  70 0029 15       		.byte	21
  71 002a 01       		.byte	1
  72 002b 40       		.byte	64
  73 002c 01       		.byte	1
  74 002d 1B       		.byte	27
  75 002e 01       		.byte	1
  76 002f 40       		.byte	64
  77 0030 03       		.byte	3
  78 0031 40       		.byte	64
  79 0032 01       		.byte	1
  80 0033 40       		.byte	64
  81 0034 02       		.byte	2
  82 0035 41       		.byte	65
  83 0036 01       		.byte	1
  84 0037 40       		.byte	64
  85 0038 02       		.byte	2
  86 0039 42       		.byte	66
  87 003a 01       		.byte	1
  88 003b 40       		.byte	64
  89 003c 03       		.byte	3
  90 003d 43       		.byte	67
  91 003e 01       		.byte	1
  92 003f 40       		.byte	64
  93 0040 0E       		.byte	14
  94 0041 45       		.byte	69
  95 0042 01       		.byte	1
  96 0043 40       		.byte	64
  97 0044 06       		.byte	6
  98 0045 46       		.byte	70
  99 0046 01       		.byte	1
 100 0047 40       		.byte	64
 101 0048 01       		.byte	1
 102 0049 47       		.byte	71
 103 004a 01       		.byte	1
 104 004b 40       		.byte	64
 105 004c 01       		.byte	1
 106 004d 48       		.byte	72
 107 004e 01       		.byte	1
 108 004f 40       		.byte	64
 109 0050 02       		.byte	2
 110 0051 49       		.byte	73
 111 0052 01       		.byte	1
 112 0053 40       		.byte	64
 113 0054 02       		.byte	2
 114 0055 4C       		.byte	76
ARM GAS  C:\Users\Chris\AppData\Local\Temp\ccg1j1ZL.s 			page 3


 115 0056 01       		.byte	1
 116 0057 40       		.byte	64
 117 0058 01       		.byte	1
 118 0059 4D       		.byte	77
 119 005a 01       		.byte	1
 120 005b 40       		.byte	64
 121 005c 02       		.byte	2
 122 005d 50       		.byte	80
 123 005e 01       		.byte	1
 124 005f 40       		.byte	64
 125 0060 01       		.byte	1
 126 0061 51       		.byte	81
 127 0062 01       		.byte	1
 128 0063 40       		.byte	64
 129 0064 10       		.byte	16
 130 0065 1C       		.byte	28
 131 0066 11       		.byte	17
 132 0067 1A       		.byte	26
 133 0068 27       		.byte	39
 134 0069 21       		.byte	33
 135 006a 8D       		.byte	-115
 136 006b 0D       		.byte	13
 137 006c 8E       		.byte	-114
 138 006d 0D       		.byte	13
 139 006e EE       		.byte	-18
 140 006f 04       		.byte	4
 141 0070 EE       		.byte	-18
 142 0071 04       		.byte	4
 143 0072 A8       		.byte	-88
 144 0073 04       		.byte	4
 145 0074 AF       		.byte	-81
 146 0075 80       		.byte	-128
 147 0076 B6       		.byte	-74
 148 0077 40       		.byte	64
 149 0078 EC       		.byte	-20
 150 0079 09       		.byte	9
 151 007a 14       		.byte	20
 152 007b 01       		.byte	1
 153 007c 2E       		.byte	46
 154 007d 03       		.byte	3
 155 007e 32       		.byte	50
 156 007f 02       		.byte	2
 157 0080 36       		.byte	54
 158 0081 01       		.byte	1
 159 0082 52       		.byte	82
 160 0083 80       		.byte	-128
 161 0084 58       		.byte	88
 162 0085 04       		.byte	4
 163 0086 5B       		.byte	91
 164 0087 04       		.byte	4
 165 0088 5F       		.byte	95
 166 0089 01       		.byte	1
 167 008a 80       		.byte	-128
 168 008b 0F       		.byte	15
 169 008c 83       		.byte	-125
 170 008d 08       		.byte	8
 171 008e 8F       		.byte	-113
ARM GAS  C:\Users\Chris\AppData\Local\Temp\ccg1j1ZL.s 			page 4


 172 008f 02       		.byte	2
 173 0090 91       		.byte	-111
 174 0091 01       		.byte	1
 175 0092 9B       		.byte	-101
 176 0093 0A       		.byte	10
 177 0094 9D       		.byte	-99
 178 0095 01       		.byte	1
 179 0096 A3       		.byte	-93
 180 0097 04       		.byte	4
 181 0098 A4       		.byte	-92
 182 0099 01       		.byte	1
 183 009a A6       		.byte	-90
 184 009b 02       		.byte	2
 185 009c A8       		.byte	-88
 186 009d 04       		.byte	4
 187 009e AA       		.byte	-86
 188 009f 08       		.byte	8
 189 00a0 B0       		.byte	-80
 190 00a1 02       		.byte	2
 191 00a2 B1       		.byte	-79
 192 00a3 02       		.byte	2
 193 00a4 B2       		.byte	-78
 194 00a5 08       		.byte	8
 195 00a6 B3       		.byte	-77
 196 00a7 08       		.byte	8
 197 00a8 B4       		.byte	-76
 198 00a9 04       		.byte	4
 199 00aa B5       		.byte	-75
 200 00ab 04       		.byte	4
 201 00ac B6       		.byte	-74
 202 00ad 01       		.byte	1
 203 00ae B7       		.byte	-73
 204 00af 01       		.byte	1
 205 00b0 B8       		.byte	-72
 206 00b1 AA       		.byte	-86
 207 00b2 B9       		.byte	-71
 208 00b3 80       		.byte	-128
 209 00b4 BE       		.byte	-66
 210 00b5 55       		.byte	85
 211 00b6 BF       		.byte	-65
 212 00b7 44       		.byte	68
 213 00b8 C0       		.byte	-64
 214 00b9 20       		.byte	32
 215 00ba C1       		.byte	-63
 216 00bb 04       		.byte	4
 217 00bc C5       		.byte	-59
 218 00bd D0       		.byte	-48
 219 00be C6       		.byte	-58
 220 00bf 01       		.byte	1
 221 00c0 C7       		.byte	-57
 222 00c1 20       		.byte	32
 223 00c2 C8       		.byte	-56
 224 00c3 26       		.byte	38
 225 00c4 C9       		.byte	-55
 226 00c5 FF       		.byte	-1
 227 00c6 CA       		.byte	-54
 228 00c7 FF       		.byte	-1
ARM GAS  C:\Users\Chris\AppData\Local\Temp\ccg1j1ZL.s 			page 5


 229 00c8 CB       		.byte	-53
 230 00c9 FF       		.byte	-1
 231 00ca CD       		.byte	-51
 232 00cb A0       		.byte	-96
 233 00cc CF       		.byte	-49
 234 00cd 04       		.byte	4
 235 00ce D0       		.byte	-48
 236 00cf 18       		.byte	24
 237 00d0 D4       		.byte	-44
 238 00d1 05       		.byte	5
 239 00d2 D8       		.byte	-40
 240 00d3 04       		.byte	4
 241 00d4 D9       		.byte	-39
 242 00d5 04       		.byte	4
 243 00d6 DA       		.byte	-38
 244 00d7 04       		.byte	4
 245 00d8 DB       		.byte	-37
 246 00d9 04       		.byte	4
 247 00da DF       		.byte	-33
 248 00db 01       		.byte	1
 249 00dc E0       		.byte	-32
 250 00dd 40       		.byte	64
 251 00de E2       		.byte	-30
 252 00df C0       		.byte	-64
 253 00e0 E4       		.byte	-28
 254 00e1 40       		.byte	64
 255 00e2 E5       		.byte	-27
 256 00e3 40       		.byte	64
 257 00e4 E6       		.byte	-26
 258 00e5 C0       		.byte	-64
 259 00e6 E8       		.byte	-24
 260 00e7 C0       		.byte	-64
 261 00e8 EA       		.byte	-22
 262 00e9 C0       		.byte	-64
 263 00ea EC       		.byte	-20
 264 00eb C0       		.byte	-64
 265 00ec EE       		.byte	-18
 266 00ed C0       		.byte	-64
 267 00ee 00       		.byte	0
 268 00ef 02       		.byte	2
 269 00f0 0E       		.byte	14
 270 00f1 20       		.byte	32
 271 00f2 10       		.byte	16
 272 00f3 28       		.byte	40
 273 00f4 15       		.byte	21
 274 00f5 80       		.byte	-128
 275 00f6 18       		.byte	24
 276 00f7 08       		.byte	8
 277 00f8 1A       		.byte	26
 278 00f9 50       		.byte	80
 279 00fa 1B       		.byte	27
 280 00fb 80       		.byte	-128
 281 00fc 1D       		.byte	29
 282 00fd 40       		.byte	64
 283 00fe 1E       		.byte	30
 284 00ff 20       		.byte	32
 285 0100 21       		.byte	33
ARM GAS  C:\Users\Chris\AppData\Local\Temp\ccg1j1ZL.s 			page 6


 286 0101 20       		.byte	32
 287 0102 22       		.byte	34
 288 0103 86       		.byte	-122
 289 0104 29       		.byte	41
 290 0105 02       		.byte	2
 291 0106 31       		.byte	49
 292 0107 20       		.byte	32
 293 0108 32       		.byte	50
 294 0109 42       		.byte	66
 295 010a 38       		.byte	56
 296 010b 02       		.byte	2
 297 010c 39       		.byte	57
 298 010d 80       		.byte	-128
 299 010e 41       		.byte	65
 300 010f 21       		.byte	33
 301 0110 49       		.byte	73
 302 0111 01       		.byte	1
 303 0112 50       		.byte	80
 304 0113 01       		.byte	1
 305 0114 51       		.byte	81
 306 0115 41       		.byte	65
 307 0116 59       		.byte	89
 308 0117 41       		.byte	65
 309 0118 5A       		.byte	90
 310 0119 08       		.byte	8
 311 011a 68       		.byte	104
 312 011b 29       		.byte	41
 313 011c 6A       		.byte	106
 314 011d 80       		.byte	-128
 315 011e 75       		.byte	117
 316 011f 02       		.byte	2
 317 0120 82       		.byte	-126
 318 0121 10       		.byte	16
 319 0122 86       		.byte	-122
 320 0123 80       		.byte	-128
 321 0124 A4       		.byte	-92
 322 0125 01       		.byte	1
 323 0126 B3       		.byte	-77
 324 0127 80       		.byte	-128
 325 0128 C0       		.byte	-64
 326 0129 08       		.byte	8
 327 012a C2       		.byte	-62
 328 012b 20       		.byte	32
 329 012c C4       		.byte	-60
 330 012d 86       		.byte	-122
 331 012e CA       		.byte	-54
 332 012f 01       		.byte	1
 333 0130 CC       		.byte	-52
 334 0131 0D       		.byte	13
 335 0132 CE       		.byte	-50
 336 0133 09       		.byte	9
 337 0134 D0       		.byte	-48
 338 0135 05       		.byte	5
 339 0136 D6       		.byte	-42
 340 0137 0B       		.byte	11
 341 0138 E0       		.byte	-32
 342 0139 01       		.byte	1
ARM GAS  C:\Users\Chris\AppData\Local\Temp\ccg1j1ZL.s 			page 7


 343 013a E4       		.byte	-28
 344 013b 08       		.byte	8
 345 013c 00       		.byte	0
 346 013d 08       		.byte	8
 347 013e 04       		.byte	4
 348 013f 08       		.byte	8
 349 0140 0E       		.byte	14
 350 0141 05       		.byte	5
 351 0142 11       		.byte	17
 352 0143 02       		.byte	2
 353 0144 12       		.byte	18
 354 0145 02       		.byte	2
 355 0146 1F       		.byte	31
 356 0147 03       		.byte	3
 357 0148 22       		.byte	34
 358 0149 01       		.byte	1
 359 014a 26       		.byte	38
 360 014b 04       		.byte	4
 361 014c 30       		.byte	48
 362 014d 02       		.byte	2
 363 014e 31       		.byte	49
 364 014f 01       		.byte	1
 365 0150 32       		.byte	50
 366 0151 01       		.byte	1
 367 0152 34       		.byte	52
 368 0153 04       		.byte	4
 369 0154 36       		.byte	54
 370 0155 08       		.byte	8
 371 0156 37       		.byte	55
 372 0157 02       		.byte	2
 373 0158 38       		.byte	56
 374 0159 80       		.byte	-128
 375 015a 3E       		.byte	62
 376 015b 50       		.byte	80
 377 015c 40       		.byte	64
 378 015d 40       		.byte	64
 379 015e 41       		.byte	65
 380 015f 06       		.byte	6
 381 0160 45       		.byte	69
 382 0161 D2       		.byte	-46
 383 0162 46       		.byte	70
 384 0163 01       		.byte	1
 385 0164 47       		.byte	71
 386 0165 02       		.byte	2
 387 0166 48       		.byte	72
 388 0167 17       		.byte	23
 389 0168 49       		.byte	73
 390 0169 FF       		.byte	-1
 391 016a 4A       		.byte	74
 392 016b FF       		.byte	-1
 393 016c 4B       		.byte	75
 394 016d FF       		.byte	-1
 395 016e 4D       		.byte	77
 396 016f A0       		.byte	-96
 397 0170 4F       		.byte	79
 398 0171 04       		.byte	4
 399 0172 50       		.byte	80
ARM GAS  C:\Users\Chris\AppData\Local\Temp\ccg1j1ZL.s 			page 8


 400 0173 18       		.byte	24
 401 0174 52       		.byte	82
 402 0175 80       		.byte	-128
 403 0176 54       		.byte	84
 404 0177 05       		.byte	5
 405 0178 58       		.byte	88
 406 0179 04       		.byte	4
 407 017a 59       		.byte	89
 408 017b 04       		.byte	4
 409 017c 5A       		.byte	90
 410 017d 04       		.byte	4
 411 017e 5B       		.byte	91
 412 017f 04       		.byte	4
 413 0180 5F       		.byte	95
 414 0181 01       		.byte	1
 415 0182 60       		.byte	96
 416 0183 40       		.byte	64
 417 0184 62       		.byte	98
 418 0185 C0       		.byte	-64
 419 0186 64       		.byte	100
 420 0187 40       		.byte	64
 421 0188 65       		.byte	101
 422 0189 40       		.byte	64
 423 018a 66       		.byte	102
 424 018b C0       		.byte	-64
 425 018c 68       		.byte	104
 426 018d C0       		.byte	-64
 427 018e 6A       		.byte	106
 428 018f C0       		.byte	-64
 429 0190 6C       		.byte	108
 430 0191 C0       		.byte	-64
 431 0192 6E       		.byte	110
 432 0193 C0       		.byte	-64
 433 0194 00       		.byte	0
 434 0195 42       		.byte	66
 435 0196 01       		.byte	1
 436 0197 08       		.byte	8
 437 0198 0A       		.byte	10
 438 0199 40       		.byte	64
 439 019a 10       		.byte	16
 440 019b A0       		.byte	-96
 441 019c 18       		.byte	24
 442 019d 40       		.byte	64
 443 019e 19       		.byte	25
 444 019f 08       		.byte	8
 445 01a0 1A       		.byte	26
 446 01a1 04       		.byte	4
 447 01a2 1B       		.byte	27
 448 01a3 80       		.byte	-128
 449 01a4 21       		.byte	33
 450 01a5 02       		.byte	2
 451 01a6 22       		.byte	34
 452 01a7 40       		.byte	64
 453 01a8 30       		.byte	48
 454 01a9 80       		.byte	-128
 455 01aa 31       		.byte	49
 456 01ab 02       		.byte	2
ARM GAS  C:\Users\Chris\AppData\Local\Temp\ccg1j1ZL.s 			page 9


 457 01ac 40       		.byte	64
 458 01ad 40       		.byte	64
 459 01ae 48       		.byte	72
 460 01af 28       		.byte	40
 461 01b0 49       		.byte	73
 462 01b1 01       		.byte	1
 463 01b2 50       		.byte	80
 464 01b3 88       		.byte	-120
 465 01b4 59       		.byte	89
 466 01b5 01       		.byte	1
 467 01b6 5A       		.byte	90
 468 01b7 84       		.byte	-124
 469 01b8 72       		.byte	114
 470 01b9 40       		.byte	64
 471 01ba C0       		.byte	-64
 472 01bb 0D       		.byte	13
 473 01bc C2       		.byte	-62
 474 01bd 08       		.byte	8
 475 01be C4       		.byte	-60
 476 01bf 0C       		.byte	12
 477 01c0 CC       		.byte	-52
 478 01c1 09       		.byte	9
 479 01c2 D0       		.byte	-48
 480 01c3 01       		.byte	1
 481 01c4 D2       		.byte	-46
 482 01c5 04       		.byte	4
 483 01c6 D6       		.byte	-42
 484 01c7 0B       		.byte	11
 485 01c8 EE       		.byte	-18
 486 01c9 08       		.byte	8
 487 01ca EE       		.byte	-18
 488 01cb 08       		.byte	8
 489 01cc 33       		.byte	51
 490 01cd 20       		.byte	32
 491 01ce 36       		.byte	54
 492 01cf 80       		.byte	-128
 493 01d0 CC       		.byte	-52
 494 01d1 30       		.byte	48
 495 01d2 A6       		.byte	-90
 496 01d3 80       		.byte	-128
 497 01d4 A7       		.byte	-89
 498 01d5 20       		.byte	32
 499 01d6 A6       		.byte	-90
 500 01d7 80       		.byte	-128
 501 01d8 A7       		.byte	-89
 502 01d9 20       		.byte	32
 503 01da A6       		.byte	-90
 504 01db 80       		.byte	-128
 505 01dc AB       		.byte	-85
 506 01dd 20       		.byte	32
 507 01de EE       		.byte	-18
 508 01df 20       		.byte	32
 509 01e0 53       		.byte	83
 510 01e1 80       		.byte	-128
 511 01e2 57       		.byte	87
 512 01e3 08       		.byte	8
 513 01e4 5B       		.byte	91
ARM GAS  C:\Users\Chris\AppData\Local\Temp\ccg1j1ZL.s 			page 10


 514 01e5 20       		.byte	32
 515 01e6 5D       		.byte	93
 516 01e7 10       		.byte	16
 517 01e8 63       		.byte	99
 518 01e9 02       		.byte	2
 519 01ea 66       		.byte	102
 520 01eb 01       		.byte	1
 521 01ec 83       		.byte	-125
 522 01ed 20       		.byte	32
 523 01ee 87       		.byte	-121
 524 01ef 80       		.byte	-128
 525 01f0 91       		.byte	-111
 526 01f1 10       		.byte	16
 527 01f2 B1       		.byte	-79
 528 01f3 10       		.byte	16
 529 01f4 D4       		.byte	-44
 530 01f5 07       		.byte	7
 531 01f6 D6       		.byte	-42
 532 01f7 06       		.byte	6
 533 01f8 D8       		.byte	-40
 534 01f9 01       		.byte	1
 535 01fa E8       		.byte	-24
 536 01fb 01       		.byte	1
 537 01fc 1B       		.byte	27
 538 01fd 04       		.byte	4
 539 01fe AB       		.byte	-85
 540 01ff 08       		.byte	8
 541 0200 AF       		.byte	-81
 542 0201 01       		.byte	1
 543 0202 B6       		.byte	-74
 544 0203 01       		.byte	1
 545 0204 C6       		.byte	-58
 546 0205 08       		.byte	8
 547 0206 EC       		.byte	-20
 548 0207 02       		.byte	2
 549 0208 AB       		.byte	-85
 550 0209 04       		.byte	4
 551 020a A6       		.byte	-90
 552 020b 80       		.byte	-128
 553 020c AE       		.byte	-82
 554 020d 80       		.byte	-128
 555 020e EE       		.byte	-18
 556 020f 10       		.byte	16
 557 0210 1F       		.byte	31
 558 0211 80       		.byte	-128
 559 0212 C6       		.byte	-58
 560 0213 01       		.byte	1
 561 0214 AF       		.byte	-81
 562 0215 80       		.byte	-128
 563 0216 00       		.byte	0
 564 0217 01       		.byte	1
 565 0218 0E       		.byte	14
 566 0219 01       		.byte	1
 567 021a 00       		.byte	0
 568 021b 0F       		.byte	15
 569 021c 00       		.byte	0
 570 021d 0B       		.byte	11
ARM GAS  C:\Users\Chris\AppData\Local\Temp\ccg1j1ZL.s 			page 11


 571 021e 0B       		.byte	11
 572 021f 00       		.byte	0
 573 0220 00       		.byte	0
 574 0221 00       		.byte	0
 575 0222 00       		.byte	0
 576 0223 00       		.byte	0
 577 0224 00       		.byte	0
 578 0225 3F       		.byte	63
 579 0226 3F       		.byte	63
 580 0227 00       		.byte	0
 581 0228 3F       		.byte	63
 582 0229 00       		.byte	0
 583 022a C0       		.byte	-64
 584 022b 00       		.byte	0
 585 022c 0E       		.byte	14
 586 022d 00       		.byte	0
 587 022e 18       		.byte	24
 588 022f 01       		.byte	1
 589 0230 0E       		.byte	14
 590 0231 00       		.byte	0
 591 0232 18       		.byte	24
 592 0233 01       		.byte	1
 593              		.section	.cywolatch,"a",%progbits
 594              		.align	2
 595              		.type	cy_meta_wonvl, %object
 596              		.size	cy_meta_wonvl, 4
 597              	cy_meta_wonvl:
 598 0000 BC       		.byte	-68
 599 0001 90       		.byte	-112
 600 0002 AC       		.byte	-84
 601 0003 AF       		.byte	-81
 602              		.section	.cycustnvl,"a",%progbits
 603              		.align	2
 604              		.type	cy_meta_custnvl, %object
 605              		.size	cy_meta_custnvl, 4
 606              	cy_meta_custnvl:
 607 0000 00       		.byte	0
 608 0001 00       		.byte	0
 609 0002 40       		.byte	64
 610 0003 05       		.byte	5
 611              		.section	.cymeta,"a",%progbits
 612              		.align	2
 613              		.type	cy_metadata, %object
 614              		.size	cy_metadata, 12
 615              	cy_metadata:
 616 0000 00       		.byte	0
 617 0001 01       		.byte	1
 618 0002 2E       		.byte	46
 619 0003 16       		.byte	22
 620 0004 10       		.byte	16
 621 0005 69       		.byte	105
 622 0006 00       		.byte	0
 623 0007 01       		.byte	1
 624 0008 00       		.byte	0
 625 0009 00       		.byte	0
 626 000a 00       		.byte	0
 627 000b 00       		.byte	0
ARM GAS  C:\Users\Chris\AppData\Local\Temp\ccg1j1ZL.s 			page 12


 628              		.section	.cyflashprotect,"a",%progbits
 629              		.align	2
 630              		.type	cy_meta_flashprotect, %object
 631              		.size	cy_meta_flashprotect, 256
 632              	cy_meta_flashprotect:
 633 0000 00000000 		.space	256
 633      00000000 
 633      00000000 
 633      00000000 
 633      00000000 
 634              		.text
 635              	.Letext0:
 636              		.file 1 "c:\\program files (x86)\\cypress\\psoc creator\\4.2\\psoc creator\\import\\gnu\\arm\\5.4.
 637              		.file 2 "c:\\program files (x86)\\cypress\\psoc creator\\4.2\\psoc creator\\import\\gnu\\arm\\5.4.
 638              		.file 3 "Generated_Source\\PSoC5\\cymetadata.c"
 639              		.section	.debug_info,"",%progbits
 640              	.Ldebug_info0:
 641 0000 31010000 		.4byte	0x131
 642 0004 0400     		.2byte	0x4
 643 0006 00000000 		.4byte	.Ldebug_abbrev0
 644 000a 04       		.byte	0x4
 645 000b 01       		.uleb128 0x1
 646 000c 86000000 		.4byte	.LASF17
 647 0010 0C       		.byte	0xc
 648 0011 E0010000 		.4byte	.LASF18
 649 0015 0A000000 		.4byte	.LASF19
 650 0019 00000000 		.4byte	.Ldebug_line0
 651 001d 02       		.uleb128 0x2
 652 001e 01       		.byte	0x1
 653 001f 06       		.byte	0x6
 654 0020 D4010000 		.4byte	.LASF0
 655 0024 03       		.uleb128 0x3
 656 0025 00000000 		.4byte	.LASF9
 657 0029 01       		.byte	0x1
 658 002a 1D       		.byte	0x1d
 659 002b 2F000000 		.4byte	0x2f
 660 002f 02       		.uleb128 0x2
 661 0030 01       		.byte	0x1
 662 0031 08       		.byte	0x8
 663 0032 78000000 		.4byte	.LASF1
 664 0036 02       		.uleb128 0x2
 665 0037 02       		.byte	0x2
 666 0038 05       		.byte	0x5
 667 0039 C1010000 		.4byte	.LASF2
 668 003d 02       		.uleb128 0x2
 669 003e 02       		.byte	0x2
 670 003f 07       		.byte	0x7
 671 0040 26010000 		.4byte	.LASF3
 672 0044 02       		.uleb128 0x2
 673 0045 04       		.byte	0x4
 674 0046 05       		.byte	0x5
 675 0047 CB010000 		.4byte	.LASF4
 676 004b 02       		.uleb128 0x2
 677 004c 04       		.byte	0x4
 678 004d 07       		.byte	0x7
 679 004e 14010000 		.4byte	.LASF5
 680 0052 02       		.uleb128 0x2
ARM GAS  C:\Users\Chris\AppData\Local\Temp\ccg1j1ZL.s 			page 13


 681 0053 08       		.byte	0x8
 682 0054 05       		.byte	0x5
 683 0055 B3010000 		.4byte	.LASF6
 684 0059 02       		.uleb128 0x2
 685 005a 08       		.byte	0x8
 686 005b 07       		.byte	0x7
 687 005c 68010000 		.4byte	.LASF7
 688 0060 04       		.uleb128 0x4
 689 0061 04       		.byte	0x4
 690 0062 05       		.byte	0x5
 691 0063 696E7400 		.ascii	"int\000"
 692 0067 02       		.uleb128 0x2
 693 0068 04       		.byte	0x4
 694 0069 07       		.byte	0x7
 695 006a 5B010000 		.4byte	.LASF8
 696 006e 03       		.uleb128 0x3
 697 006f 7F010000 		.4byte	.LASF10
 698 0073 02       		.byte	0x2
 699 0074 18       		.byte	0x18
 700 0075 24000000 		.4byte	0x24
 701 0079 05       		.uleb128 0x5
 702 007a 91000000 		.4byte	0x91
 703 007e 8A000000 		.4byte	0x8a
 704 0082 06       		.uleb128 0x6
 705 0083 8A000000 		.4byte	0x8a
 706 0087 3302     		.2byte	0x233
 707 0089 00       		.byte	0
 708 008a 02       		.uleb128 0x2
 709 008b 04       		.byte	0x4
 710 008c 07       		.byte	0x7
 711 008d AA010000 		.4byte	.LASF11
 712 0091 07       		.uleb128 0x7
 713 0092 6E000000 		.4byte	0x6e
 714 0096 08       		.uleb128 0x8
 715 0097 49010000 		.4byte	.LASF12
 716 009b 03       		.byte	0x3
 717 009c 1F       		.byte	0x1f
 718 009d A7000000 		.4byte	0xa7
 719 00a1 05       		.uleb128 0x5
 720 00a2 03       		.byte	0x3
 721 00a3 00000000 		.4byte	cy_meta_configecc
 722 00a7 07       		.uleb128 0x7
 723 00a8 79000000 		.4byte	0x79
 724 00ac 05       		.uleb128 0x5
 725 00ad 91000000 		.4byte	0x91
 726 00b1 BC000000 		.4byte	0xbc
 727 00b5 09       		.uleb128 0x9
 728 00b6 8A000000 		.4byte	0x8a
 729 00ba 03       		.byte	0x3
 730 00bb 00       		.byte	0
 731 00bc 08       		.uleb128 0x8
 732 00bd 39010000 		.4byte	.LASF13
 733 00c1 03       		.byte	0x3
 734 00c2 73       		.byte	0x73
 735 00c3 CD000000 		.4byte	0xcd
 736 00c7 05       		.uleb128 0x5
 737 00c8 03       		.byte	0x3
ARM GAS  C:\Users\Chris\AppData\Local\Temp\ccg1j1ZL.s 			page 14


 738 00c9 00000000 		.4byte	cy_meta_custnvl
 739 00cd 07       		.uleb128 0x7
 740 00ce AC000000 		.4byte	0xac
 741 00d2 08       		.uleb128 0x8
 742 00d3 9C010000 		.4byte	.LASF14
 743 00d7 03       		.byte	0x3
 744 00d8 81       		.byte	0x81
 745 00d9 E3000000 		.4byte	0xe3
 746 00dd 05       		.uleb128 0x5
 747 00de 03       		.byte	0x3
 748 00df 00000000 		.4byte	cy_meta_wonvl
 749 00e3 07       		.uleb128 0x7
 750 00e4 AC000000 		.4byte	0xac
 751 00e8 05       		.uleb128 0x5
 752 00e9 91000000 		.4byte	0x91
 753 00ed F8000000 		.4byte	0xf8
 754 00f1 09       		.uleb128 0x9
 755 00f2 8A000000 		.4byte	0x8a
 756 00f6 FF       		.byte	0xff
 757 00f7 00       		.byte	0
 758 00f8 08       		.uleb128 0x8
 759 00f9 87010000 		.4byte	.LASF15
 760 00fd 03       		.byte	0x3
 761 00fe 8F       		.byte	0x8f
 762 00ff 09010000 		.4byte	0x109
 763 0103 05       		.uleb128 0x5
 764 0104 03       		.byte	0x3
 765 0105 00000000 		.4byte	cy_meta_flashprotect
 766 0109 07       		.uleb128 0x7
 767 010a E8000000 		.4byte	0xe8
 768 010e 05       		.uleb128 0x5
 769 010f 91000000 		.4byte	0x91
 770 0113 1E010000 		.4byte	0x11e
 771 0117 09       		.uleb128 0x9
 772 0118 8A000000 		.4byte	0x8a
 773 011c 0B       		.byte	0xb
 774 011d 00       		.byte	0
 775 011e 08       		.uleb128 0x8
 776 011f 6C000000 		.4byte	.LASF16
 777 0123 03       		.byte	0x3
 778 0124 BC       		.byte	0xbc
 779 0125 2F010000 		.4byte	0x12f
 780 0129 05       		.uleb128 0x5
 781 012a 03       		.byte	0x3
 782 012b 00000000 		.4byte	cy_metadata
 783 012f 07       		.uleb128 0x7
 784 0130 0E010000 		.4byte	0x10e
 785 0134 00       		.byte	0
 786              		.section	.debug_abbrev,"",%progbits
 787              	.Ldebug_abbrev0:
 788 0000 01       		.uleb128 0x1
 789 0001 11       		.uleb128 0x11
 790 0002 01       		.byte	0x1
 791 0003 25       		.uleb128 0x25
 792 0004 0E       		.uleb128 0xe
 793 0005 13       		.uleb128 0x13
 794 0006 0B       		.uleb128 0xb
ARM GAS  C:\Users\Chris\AppData\Local\Temp\ccg1j1ZL.s 			page 15


 795 0007 03       		.uleb128 0x3
 796 0008 0E       		.uleb128 0xe
 797 0009 1B       		.uleb128 0x1b
 798 000a 0E       		.uleb128 0xe
 799 000b 10       		.uleb128 0x10
 800 000c 17       		.uleb128 0x17
 801 000d 00       		.byte	0
 802 000e 00       		.byte	0
 803 000f 02       		.uleb128 0x2
 804 0010 24       		.uleb128 0x24
 805 0011 00       		.byte	0
 806 0012 0B       		.uleb128 0xb
 807 0013 0B       		.uleb128 0xb
 808 0014 3E       		.uleb128 0x3e
 809 0015 0B       		.uleb128 0xb
 810 0016 03       		.uleb128 0x3
 811 0017 0E       		.uleb128 0xe
 812 0018 00       		.byte	0
 813 0019 00       		.byte	0
 814 001a 03       		.uleb128 0x3
 815 001b 16       		.uleb128 0x16
 816 001c 00       		.byte	0
 817 001d 03       		.uleb128 0x3
 818 001e 0E       		.uleb128 0xe
 819 001f 3A       		.uleb128 0x3a
 820 0020 0B       		.uleb128 0xb
 821 0021 3B       		.uleb128 0x3b
 822 0022 0B       		.uleb128 0xb
 823 0023 49       		.uleb128 0x49
 824 0024 13       		.uleb128 0x13
 825 0025 00       		.byte	0
 826 0026 00       		.byte	0
 827 0027 04       		.uleb128 0x4
 828 0028 24       		.uleb128 0x24
 829 0029 00       		.byte	0
 830 002a 0B       		.uleb128 0xb
 831 002b 0B       		.uleb128 0xb
 832 002c 3E       		.uleb128 0x3e
 833 002d 0B       		.uleb128 0xb
 834 002e 03       		.uleb128 0x3
 835 002f 08       		.uleb128 0x8
 836 0030 00       		.byte	0
 837 0031 00       		.byte	0
 838 0032 05       		.uleb128 0x5
 839 0033 01       		.uleb128 0x1
 840 0034 01       		.byte	0x1
 841 0035 49       		.uleb128 0x49
 842 0036 13       		.uleb128 0x13
 843 0037 01       		.uleb128 0x1
 844 0038 13       		.uleb128 0x13
 845 0039 00       		.byte	0
 846 003a 00       		.byte	0
 847 003b 06       		.uleb128 0x6
 848 003c 21       		.uleb128 0x21
 849 003d 00       		.byte	0
 850 003e 49       		.uleb128 0x49
 851 003f 13       		.uleb128 0x13
ARM GAS  C:\Users\Chris\AppData\Local\Temp\ccg1j1ZL.s 			page 16


 852 0040 2F       		.uleb128 0x2f
 853 0041 05       		.uleb128 0x5
 854 0042 00       		.byte	0
 855 0043 00       		.byte	0
 856 0044 07       		.uleb128 0x7
 857 0045 26       		.uleb128 0x26
 858 0046 00       		.byte	0
 859 0047 49       		.uleb128 0x49
 860 0048 13       		.uleb128 0x13
 861 0049 00       		.byte	0
 862 004a 00       		.byte	0
 863 004b 08       		.uleb128 0x8
 864 004c 34       		.uleb128 0x34
 865 004d 00       		.byte	0
 866 004e 03       		.uleb128 0x3
 867 004f 0E       		.uleb128 0xe
 868 0050 3A       		.uleb128 0x3a
 869 0051 0B       		.uleb128 0xb
 870 0052 3B       		.uleb128 0x3b
 871 0053 0B       		.uleb128 0xb
 872 0054 49       		.uleb128 0x49
 873 0055 13       		.uleb128 0x13
 874 0056 3F       		.uleb128 0x3f
 875 0057 19       		.uleb128 0x19
 876 0058 02       		.uleb128 0x2
 877 0059 18       		.uleb128 0x18
 878 005a 00       		.byte	0
 879 005b 00       		.byte	0
 880 005c 09       		.uleb128 0x9
 881 005d 21       		.uleb128 0x21
 882 005e 00       		.byte	0
 883 005f 49       		.uleb128 0x49
 884 0060 13       		.uleb128 0x13
 885 0061 2F       		.uleb128 0x2f
 886 0062 0B       		.uleb128 0xb
 887 0063 00       		.byte	0
 888 0064 00       		.byte	0
 889 0065 00       		.byte	0
 890              		.section	.debug_aranges,"",%progbits
 891 0000 14000000 		.4byte	0x14
 892 0004 0200     		.2byte	0x2
 893 0006 00000000 		.4byte	.Ldebug_info0
 894 000a 04       		.byte	0x4
 895 000b 00       		.byte	0
 896 000c 0000     		.2byte	0
 897 000e 0000     		.2byte	0
 898 0010 00000000 		.4byte	0
 899 0014 00000000 		.4byte	0
 900              		.section	.debug_line,"",%progbits
 901              	.Ldebug_line0:
 902 0000 3D010000 		.section	.debug_str,"MS",%progbits,1
 902      02003701 
 902      00000201 
 902      FB0E0D00 
 902      01010101 
 903              	.LASF9:
 904 0000 5F5F7569 		.ascii	"__uint8_t\000"
ARM GAS  C:\Users\Chris\AppData\Local\Temp\ccg1j1ZL.s 			page 17


 904      6E74385F 
 904      7400
 905              	.LASF19:
 906 000a 433A5C55 		.ascii	"C:\\Users\\Chris\\Documents\\PSoC Creator\\semester"
 906      73657273 
 906      5C436872 
 906      69735C44 
 906      6F63756D 
 907 0038 335F7072 		.ascii	"3_prj_motorstyring\\semester3_prj_motorstyring.cyds"
 907      6A5F6D6F 
 907      746F7273 
 907      74797269 
 907      6E675C73 
 908 006a 6E00     		.ascii	"n\000"
 909              	.LASF16:
 910 006c 63795F6D 		.ascii	"cy_metadata\000"
 910      65746164 
 910      61746100 
 911              	.LASF1:
 912 0078 756E7369 		.ascii	"unsigned char\000"
 912      676E6564 
 912      20636861 
 912      7200
 913              	.LASF17:
 914 0086 474E5520 		.ascii	"GNU C11 5.4.1 20160609 (release) [ARM/embedded-5-br"
 914      43313120 
 914      352E342E 
 914      31203230 
 914      31363036 
 915 00b9 616E6368 		.ascii	"anch revision 237715] -mcpu=cortex-m3 -mthumb -g -O"
 915      20726576 
 915      6973696F 
 915      6E203233 
 915      37373135 
 916 00ec 67202D66 		.ascii	"g -ffunction-sections -ffat-lto-objects\000"
 916      66756E63 
 916      74696F6E 
 916      2D736563 
 916      74696F6E 
 917              	.LASF5:
 918 0114 6C6F6E67 		.ascii	"long unsigned int\000"
 918      20756E73 
 918      69676E65 
 918      6420696E 
 918      7400
 919              	.LASF3:
 920 0126 73686F72 		.ascii	"short unsigned int\000"
 920      7420756E 
 920      7369676E 
 920      65642069 
 920      6E7400
 921              	.LASF13:
 922 0139 63795F6D 		.ascii	"cy_meta_custnvl\000"
 922      6574615F 
 922      63757374 
 922      6E766C00 
 923              	.LASF12:
ARM GAS  C:\Users\Chris\AppData\Local\Temp\ccg1j1ZL.s 			page 18


 924 0149 63795F6D 		.ascii	"cy_meta_configecc\000"
 924      6574615F 
 924      636F6E66 
 924      69676563 
 924      6300
 925              	.LASF8:
 926 015b 756E7369 		.ascii	"unsigned int\000"
 926      676E6564 
 926      20696E74 
 926      00
 927              	.LASF7:
 928 0168 6C6F6E67 		.ascii	"long long unsigned int\000"
 928      206C6F6E 
 928      6720756E 
 928      7369676E 
 928      65642069 
 929              	.LASF10:
 930 017f 75696E74 		.ascii	"uint8_t\000"
 930      385F7400 
 931              	.LASF15:
 932 0187 63795F6D 		.ascii	"cy_meta_flashprotect\000"
 932      6574615F 
 932      666C6173 
 932      6870726F 
 932      74656374 
 933              	.LASF14:
 934 019c 63795F6D 		.ascii	"cy_meta_wonvl\000"
 934      6574615F 
 934      776F6E76 
 934      6C00
 935              	.LASF11:
 936 01aa 73697A65 		.ascii	"sizetype\000"
 936      74797065 
 936      00
 937              	.LASF6:
 938 01b3 6C6F6E67 		.ascii	"long long int\000"
 938      206C6F6E 
 938      6720696E 
 938      7400
 939              	.LASF2:
 940 01c1 73686F72 		.ascii	"short int\000"
 940      7420696E 
 940      7400
 941              	.LASF4:
 942 01cb 6C6F6E67 		.ascii	"long int\000"
 942      20696E74 
 942      00
 943              	.LASF0:
 944 01d4 7369676E 		.ascii	"signed char\000"
 944      65642063 
 944      68617200 
 945              	.LASF18:
 946 01e0 47656E65 		.ascii	"Generated_Source\\PSoC5\\cymetadata.c\000"
 946      72617465 
 946      645F536F 
 946      75726365 
 946      5C50536F 
ARM GAS  C:\Users\Chris\AppData\Local\Temp\ccg1j1ZL.s 			page 19


 947              		.ident	"GCC: (GNU Tools for ARM Embedded Processors) 5.4.1 20160609 (release) [ARM/embedded-5-bran
