ARM GAS  C:\Users\Chris\AppData\Local\Temp\ccVV10g5.s 			page 1


   1              		.syntax unified
   2              		.cpu cortex-m3
   3              		.fpu softvfp
   4              		.eabi_attribute 20, 1
   5              		.eabi_attribute 21, 1
   6              		.eabi_attribute 23, 3
   7              		.eabi_attribute 24, 1
   8              		.eabi_attribute 25, 1
   9              		.eabi_attribute 26, 1
  10              		.eabi_attribute 30, 1
  11              		.eabi_attribute 34, 1
  12              		.eabi_attribute 18, 4
  13              		.thumb
  14              		.syntax unified
  15              		.file	"main.c"
  16              		.text
  17              	.Ltext0:
  18              		.cfi_sections	.debug_frame
  19              		.section	.text.korFrem,"ax",%progbits
  20              		.align	2
  21              		.global	korFrem
  22              		.thumb
  23              		.thumb_func
  24              		.type	korFrem, %function
  25              	korFrem:
  26              	.LFB64:
  27              		.file 1 "main.c"
   1:main.c        **** /* ========================================
   2:main.c        ****  *
   3:main.c        ****  * Copyright YOUR COMPANY, THE YEAR
   4:main.c        ****  * All Rights Reserved
   5:main.c        ****  * UNPUBLISHED, LICENSED SOFTWARE.
   6:main.c        ****  *
   7:main.c        ****  * CONFIDENTIAL AND PROPRIETARY INFORMATION
   8:main.c        ****  * WHICH IS THE PROPERTY OF your company.
   9:main.c        ****  *
  10:main.c        ****  * ========================================
  11:main.c        **** */
  12:main.c        **** #include "project.h"
  13:main.c        **** void korFrem(int calL, int calR, int PWML, int PWMR);
  14:main.c        **** void fastStop();
  15:main.c        **** void stop();
  16:main.c        **** void kortilbage(int calL, int calR,int PWML, int PWMR);
  17:main.c        **** void drejVenstre(int calL, int calR, int PWML, int PWMR);
  18:main.c        **** void drejHojre(int calL, int calR, int PWML, int PWMR);
  19:main.c        **** 
  20:main.c        **** int main(void)
  21:main.c        **** {
  22:main.c        ****     CyGlobalIntEnable; /* Enable global interrupts. */
  23:main.c        ****     Motorpwm_Left_Init();
  24:main.c        ****     Motorpwm_right_Init();
  25:main.c        ****     Motorpwm_right_Start();
  26:main.c        ****     Motorpwm_Left_Start();
  27:main.c        ****     ADC_calL_Init();
  28:main.c        ****     ADC_calR_Init();
  29:main.c        ****     ADC_calL_Start();
  30:main.c        ****     ADC_calR_Start();
ARM GAS  C:\Users\Chris\AppData\Local\Temp\ccVV10g5.s 			page 2


  31:main.c        ****     ADC_calL_StartConvert();
  32:main.c        ****     ADC_calR_StartConvert();
  33:main.c        ****     
  34:main.c        ****     
  35:main.c        ****     /* Place your initialization/startup code here (e.g. MyInst_Start()) */
  36:main.c        **** 
  37:main.c        ****     for(;;)
  38:main.c        ****     {
  39:main.c        ****         korFrem(ADC_calL_GetResult8(), ADC_calR_GetResult8(), 0, 0);
  40:main.c        ****     }
  41:main.c        **** }
  42:main.c        **** 
  43:main.c        **** void korFrem(int calL, int calR, int PWML, int PWMR) {
  28              		.loc 1 43 0
  29              		.cfi_startproc
  30              		@ args = 0, pretend = 0, frame = 0
  31              		@ frame_needed = 0, uses_anonymous_args = 0
  32              	.LVL0:
  33 0000 F8B5     		push	{r3, r4, r5, r6, r7, lr}
  34              		.cfi_def_cfa_offset 24
  35              		.cfi_offset 3, -24
  36              		.cfi_offset 4, -20
  37              		.cfi_offset 5, -16
  38              		.cfi_offset 6, -12
  39              		.cfi_offset 7, -8
  40              		.cfi_offset 14, -4
  41 0002 0746     		mov	r7, r0
  42 0004 0E46     		mov	r6, r1
  43 0006 1546     		mov	r5, r2
  44 0008 1C46     		mov	r4, r3
  44:main.c        **** mode_Write(0b00000000);
  45              		.loc 1 44 0
  46 000a 0020     		movs	r0, #0
  47              	.LVL1:
  48 000c FFF7FEFF 		bl	mode_Write
  49              	.LVL2:
  45:main.c        **** Motorpwm_Left_WriteCompare (calL + PWML);
  50              		.loc 1 45 0
  51 0010 7819     		adds	r0, r7, r5
  52 0012 C0B2     		uxtb	r0, r0
  53 0014 FFF7FEFF 		bl	Motorpwm_Left_WriteCompare
  54              	.LVL3:
  46:main.c        **** Motorpwm_right_WriteCompare(calR + PWMR);
  55              		.loc 1 46 0
  56 0018 3019     		adds	r0, r6, r4
  57 001a C0B2     		uxtb	r0, r0
  58 001c FFF7FEFF 		bl	Motorpwm_right_WriteCompare
  59              	.LVL4:
  47:main.c        **** 
  48:main.c        **** Enable_Right_Write(1);
  60              		.loc 1 48 0
  61 0020 0120     		movs	r0, #1
  62 0022 FFF7FEFF 		bl	Enable_Right_Write
  63              	.LVL5:
  49:main.c        **** Enable_Left_Write(1);
  64              		.loc 1 49 0
  65 0026 0120     		movs	r0, #1
ARM GAS  C:\Users\Chris\AppData\Local\Temp\ccVV10g5.s 			page 3


  66 0028 FFF7FEFF 		bl	Enable_Left_Write
  67              	.LVL6:
  68 002c F8BD     		pop	{r3, r4, r5, r6, r7, pc}
  69              		.cfi_endproc
  70              	.LFE64:
  71              		.size	korFrem, .-korFrem
  72 002e 00BF     		.section	.text.main,"ax",%progbits
  73              		.align	2
  74              		.global	main
  75              		.thumb
  76              		.thumb_func
  77              		.type	main, %function
  78              	main:
  79              	.LFB63:
  21:main.c        ****     CyGlobalIntEnable; /* Enable global interrupts. */
  80              		.loc 1 21 0
  81              		.cfi_startproc
  82              		@ Volatile: function does not return.
  83              		@ args = 0, pretend = 0, frame = 0
  84              		@ frame_needed = 0, uses_anonymous_args = 0
  85 0000 08B5     		push	{r3, lr}
  86              		.cfi_def_cfa_offset 8
  87              		.cfi_offset 3, -8
  88              		.cfi_offset 14, -4
  22:main.c        ****     Motorpwm_Left_Init();
  89              		.loc 1 22 0
  90              		.syntax unified
  91              	@ 22 "main.c" 1
  92 0002 62B6     		CPSIE   i
  93              	@ 0 "" 2
  23:main.c        ****     Motorpwm_right_Init();
  94              		.loc 1 23 0
  95              		.thumb
  96              		.syntax unified
  97 0004 FFF7FEFF 		bl	Motorpwm_Left_Init
  98              	.LVL7:
  24:main.c        ****     Motorpwm_right_Start();
  99              		.loc 1 24 0
 100 0008 FFF7FEFF 		bl	Motorpwm_right_Init
 101              	.LVL8:
  25:main.c        ****     Motorpwm_Left_Start();
 102              		.loc 1 25 0
 103 000c FFF7FEFF 		bl	Motorpwm_right_Start
 104              	.LVL9:
  26:main.c        ****     ADC_calL_Init();
 105              		.loc 1 26 0
 106 0010 FFF7FEFF 		bl	Motorpwm_Left_Start
 107              	.LVL10:
  27:main.c        ****     ADC_calR_Init();
 108              		.loc 1 27 0
 109 0014 FFF7FEFF 		bl	ADC_calL_Init
 110              	.LVL11:
  28:main.c        ****     ADC_calL_Start();
 111              		.loc 1 28 0
 112 0018 FFF7FEFF 		bl	ADC_calR_Init
 113              	.LVL12:
  29:main.c        ****     ADC_calR_Start();
ARM GAS  C:\Users\Chris\AppData\Local\Temp\ccVV10g5.s 			page 4


 114              		.loc 1 29 0
 115 001c FFF7FEFF 		bl	ADC_calL_Start
 116              	.LVL13:
  30:main.c        ****     ADC_calL_StartConvert();
 117              		.loc 1 30 0
 118 0020 FFF7FEFF 		bl	ADC_calR_Start
 119              	.LVL14:
  31:main.c        ****     ADC_calR_StartConvert();
 120              		.loc 1 31 0
 121 0024 FFF7FEFF 		bl	ADC_calL_StartConvert
 122              	.LVL15:
  32:main.c        ****     
 123              		.loc 1 32 0
 124 0028 FFF7FEFF 		bl	ADC_calR_StartConvert
 125              	.LVL16:
 126              	.L4:
  39:main.c        ****     }
 127              		.loc 1 39 0 discriminator 1
 128 002c FFF7FEFF 		bl	ADC_calL_GetResult8
 129              	.LVL17:
 130 0030 0446     		mov	r4, r0
 131 0032 FFF7FEFF 		bl	ADC_calR_GetResult8
 132              	.LVL18:
 133 0036 0023     		movs	r3, #0
 134 0038 1A46     		mov	r2, r3
 135 003a 0146     		mov	r1, r0
 136 003c 2046     		mov	r0, r4
 137 003e FFF7FEFF 		bl	korFrem
 138              	.LVL19:
 139 0042 F3E7     		b	.L4
 140              		.cfi_endproc
 141              	.LFE63:
 142              		.size	main, .-main
 143              		.section	.text.fastStop,"ax",%progbits
 144              		.align	2
 145              		.global	fastStop
 146              		.thumb
 147              		.thumb_func
 148              		.type	fastStop, %function
 149              	fastStop:
 150              	.LFB65:
  50:main.c        **** }
  51:main.c        **** 
  52:main.c        **** void fastStop() {
 151              		.loc 1 52 0
 152              		.cfi_startproc
 153              		@ args = 0, pretend = 0, frame = 0
 154              		@ frame_needed = 0, uses_anonymous_args = 0
 155 0000 08B5     		push	{r3, lr}
 156              		.cfi_def_cfa_offset 8
 157              		.cfi_offset 3, -8
 158              		.cfi_offset 14, -4
  53:main.c        **** 
  54:main.c        **** Enable_Right_Write(1);
 159              		.loc 1 54 0
 160 0002 0120     		movs	r0, #1
 161 0004 FFF7FEFF 		bl	Enable_Right_Write
ARM GAS  C:\Users\Chris\AppData\Local\Temp\ccVV10g5.s 			page 5


 162              	.LVL20:
  55:main.c        **** Enable_Left_Write(1);
 163              		.loc 1 55 0
 164 0008 0120     		movs	r0, #1
 165 000a FFF7FEFF 		bl	Enable_Left_Write
 166              	.LVL21:
  56:main.c        **** mode_Write(0b00000001);
 167              		.loc 1 56 0
 168 000e 0120     		movs	r0, #1
 169 0010 FFF7FEFF 		bl	mode_Write
 170              	.LVL22:
 171 0014 08BD     		pop	{r3, pc}
 172              		.cfi_endproc
 173              	.LFE65:
 174              		.size	fastStop, .-fastStop
 175 0016 00BF     		.section	.text.stop,"ax",%progbits
 176              		.align	2
 177              		.global	stop
 178              		.thumb
 179              		.thumb_func
 180              		.type	stop, %function
 181              	stop:
 182              	.LFB66:
  57:main.c        **** }
  58:main.c        **** 
  59:main.c        **** void stop(){
 183              		.loc 1 59 0
 184              		.cfi_startproc
 185              		@ args = 0, pretend = 0, frame = 0
 186              		@ frame_needed = 0, uses_anonymous_args = 0
 187 0000 08B5     		push	{r3, lr}
 188              		.cfi_def_cfa_offset 8
 189              		.cfi_offset 3, -8
 190              		.cfi_offset 14, -4
  60:main.c        **** Enable_Right_Write(0);
 191              		.loc 1 60 0
 192 0002 0020     		movs	r0, #0
 193 0004 FFF7FEFF 		bl	Enable_Right_Write
 194              	.LVL23:
  61:main.c        **** Enable_Left_Write(0);
 195              		.loc 1 61 0
 196 0008 0020     		movs	r0, #0
 197 000a FFF7FEFF 		bl	Enable_Left_Write
 198              	.LVL24:
 199 000e 08BD     		pop	{r3, pc}
 200              		.cfi_endproc
 201              	.LFE66:
 202              		.size	stop, .-stop
 203              		.section	.text.kortilbage,"ax",%progbits
 204              		.align	2
 205              		.global	kortilbage
 206              		.thumb
 207              		.thumb_func
 208              		.type	kortilbage, %function
 209              	kortilbage:
 210              	.LFB67:
  62:main.c        **** 
ARM GAS  C:\Users\Chris\AppData\Local\Temp\ccVV10g5.s 			page 6


  63:main.c        **** }
  64:main.c        **** 
  65:main.c        **** void kortilbage(int calL, int calR, int PWML, int PWMR) {
 211              		.loc 1 65 0
 212              		.cfi_startproc
 213              		@ args = 0, pretend = 0, frame = 0
 214              		@ frame_needed = 0, uses_anonymous_args = 0
 215              	.LVL25:
 216 0000 F8B5     		push	{r3, r4, r5, r6, r7, lr}
 217              		.cfi_def_cfa_offset 24
 218              		.cfi_offset 3, -24
 219              		.cfi_offset 4, -20
 220              		.cfi_offset 5, -16
 221              		.cfi_offset 6, -12
 222              		.cfi_offset 7, -8
 223              		.cfi_offset 14, -4
 224 0002 0746     		mov	r7, r0
 225 0004 0E46     		mov	r6, r1
 226 0006 1546     		mov	r5, r2
 227 0008 1C46     		mov	r4, r3
  66:main.c        **** mode_Write(0b00000110);
 228              		.loc 1 66 0
 229 000a 0620     		movs	r0, #6
 230              	.LVL26:
 231 000c FFF7FEFF 		bl	mode_Write
 232              	.LVL27:
  67:main.c        **** Motorpwm_Left_WriteCompare (calL + PWML);
 233              		.loc 1 67 0
 234 0010 7819     		adds	r0, r7, r5
 235 0012 C0B2     		uxtb	r0, r0
 236 0014 FFF7FEFF 		bl	Motorpwm_Left_WriteCompare
 237              	.LVL28:
  68:main.c        **** Motorpwm_right_WriteCompare(calR + PWMR);
 238              		.loc 1 68 0
 239 0018 3019     		adds	r0, r6, r4
 240 001a C0B2     		uxtb	r0, r0
 241 001c FFF7FEFF 		bl	Motorpwm_right_WriteCompare
 242              	.LVL29:
  69:main.c        **** Enable_Right_Write(1);
 243              		.loc 1 69 0
 244 0020 0120     		movs	r0, #1
 245 0022 FFF7FEFF 		bl	Enable_Right_Write
 246              	.LVL30:
  70:main.c        **** Enable_Left_Write(1);
 247              		.loc 1 70 0
 248 0026 0120     		movs	r0, #1
 249 0028 FFF7FEFF 		bl	Enable_Left_Write
 250              	.LVL31:
 251 002c F8BD     		pop	{r3, r4, r5, r6, r7, pc}
 252              		.cfi_endproc
 253              	.LFE67:
 254              		.size	kortilbage, .-kortilbage
 255 002e 00BF     		.section	.text.drejVenstre,"ax",%progbits
 256              		.align	2
 257              		.global	drejVenstre
 258              		.thumb
 259              		.thumb_func
ARM GAS  C:\Users\Chris\AppData\Local\Temp\ccVV10g5.s 			page 7


 260              		.type	drejVenstre, %function
 261              	drejVenstre:
 262              	.LFB68:
  71:main.c        **** 
  72:main.c        **** }
  73:main.c        **** 
  74:main.c        **** void drejVenstre(int calL, int calR, int PWML, int PWMR){
 263              		.loc 1 74 0
 264              		.cfi_startproc
 265              		@ args = 0, pretend = 0, frame = 0
 266              		@ frame_needed = 0, uses_anonymous_args = 0
 267              	.LVL32:
 268 0000 F8B5     		push	{r3, r4, r5, r6, r7, lr}
 269              		.cfi_def_cfa_offset 24
 270              		.cfi_offset 3, -24
 271              		.cfi_offset 4, -20
 272              		.cfi_offset 5, -16
 273              		.cfi_offset 6, -12
 274              		.cfi_offset 7, -8
 275              		.cfi_offset 14, -4
 276 0002 0746     		mov	r7, r0
 277 0004 0E46     		mov	r6, r1
 278 0006 1546     		mov	r5, r2
 279 0008 1C46     		mov	r4, r3
  75:main.c        **** 
  76:main.c        **** mode_Write(0b00000010);
 280              		.loc 1 76 0
 281 000a 0220     		movs	r0, #2
 282              	.LVL33:
 283 000c FFF7FEFF 		bl	mode_Write
 284              	.LVL34:
  77:main.c        **** Motorpwm_Left_WriteCompare (calL + PWML);
 285              		.loc 1 77 0
 286 0010 7819     		adds	r0, r7, r5
 287 0012 C0B2     		uxtb	r0, r0
 288 0014 FFF7FEFF 		bl	Motorpwm_Left_WriteCompare
 289              	.LVL35:
  78:main.c        **** Motorpwm_right_WriteCompare(calR + PWMR);
 290              		.loc 1 78 0
 291 0018 3019     		adds	r0, r6, r4
 292 001a C0B2     		uxtb	r0, r0
 293 001c FFF7FEFF 		bl	Motorpwm_right_WriteCompare
 294              	.LVL36:
  79:main.c        **** Enable_Right_Write(1);
 295              		.loc 1 79 0
 296 0020 0120     		movs	r0, #1
 297 0022 FFF7FEFF 		bl	Enable_Right_Write
 298              	.LVL37:
  80:main.c        **** Enable_Left_Write(1);
 299              		.loc 1 80 0
 300 0026 0120     		movs	r0, #1
 301 0028 FFF7FEFF 		bl	Enable_Left_Write
 302              	.LVL38:
 303 002c F8BD     		pop	{r3, r4, r5, r6, r7, pc}
 304              		.cfi_endproc
 305              	.LFE68:
 306              		.size	drejVenstre, .-drejVenstre
ARM GAS  C:\Users\Chris\AppData\Local\Temp\ccVV10g5.s 			page 8


 307 002e 00BF     		.section	.text.drejHojre,"ax",%progbits
 308              		.align	2
 309              		.global	drejHojre
 310              		.thumb
 311              		.thumb_func
 312              		.type	drejHojre, %function
 313              	drejHojre:
 314              	.LFB69:
  81:main.c        **** 
  82:main.c        **** }
  83:main.c        **** 
  84:main.c        **** void drejHojre(int calL, int calR, int PWML, int PWMR){
 315              		.loc 1 84 0
 316              		.cfi_startproc
 317              		@ args = 0, pretend = 0, frame = 0
 318              		@ frame_needed = 0, uses_anonymous_args = 0
 319              	.LVL39:
 320 0000 F8B5     		push	{r3, r4, r5, r6, r7, lr}
 321              		.cfi_def_cfa_offset 24
 322              		.cfi_offset 3, -24
 323              		.cfi_offset 4, -20
 324              		.cfi_offset 5, -16
 325              		.cfi_offset 6, -12
 326              		.cfi_offset 7, -8
 327              		.cfi_offset 14, -4
 328 0002 0746     		mov	r7, r0
 329 0004 0E46     		mov	r6, r1
 330 0006 1546     		mov	r5, r2
 331 0008 1C46     		mov	r4, r3
  85:main.c        **** 
  86:main.c        **** mode_Write(0b00000100);
 332              		.loc 1 86 0
 333 000a 0420     		movs	r0, #4
 334              	.LVL40:
 335 000c FFF7FEFF 		bl	mode_Write
 336              	.LVL41:
  87:main.c        **** Motorpwm_Left_WriteCompare (calL + PWML);
 337              		.loc 1 87 0
 338 0010 7819     		adds	r0, r7, r5
 339 0012 C0B2     		uxtb	r0, r0
 340 0014 FFF7FEFF 		bl	Motorpwm_Left_WriteCompare
 341              	.LVL42:
  88:main.c        **** Motorpwm_right_WriteCompare(calR + PWMR);
 342              		.loc 1 88 0
 343 0018 3019     		adds	r0, r6, r4
 344 001a C0B2     		uxtb	r0, r0
 345 001c FFF7FEFF 		bl	Motorpwm_right_WriteCompare
 346              	.LVL43:
 347 0020 F8BD     		pop	{r3, r4, r5, r6, r7, pc}
 348              		.cfi_endproc
 349              	.LFE69:
 350              		.size	drejHojre, .-drejHojre
 351 0022 00BF     		.text
 352              	.Letext0:
 353              		.file 2 "c:\\program files (x86)\\cypress\\psoc creator\\4.2\\psoc creator\\import\\gnu\\arm\\5.4.
 354              		.file 3 "c:\\program files (x86)\\cypress\\psoc creator\\4.2\\psoc creator\\import\\gnu\\arm\\5.4.
 355              		.file 4 "Generated_Source\\PSoC5/mode.h"
ARM GAS  C:\Users\Chris\AppData\Local\Temp\ccVV10g5.s 			page 9


 356              		.file 5 "Generated_Source\\PSoC5/Motorpwm_Left.h"
 357              		.file 6 "Generated_Source\\PSoC5/Motorpwm_right.h"
 358              		.file 7 "Generated_Source\\PSoC5/Enable_Right.h"
 359              		.file 8 "Generated_Source\\PSoC5/Enable_Left.h"
 360              		.file 9 "Generated_Source\\PSoC5/ADC_calL.h"
 361              		.file 10 "Generated_Source\\PSoC5/ADC_calR.h"
 362              		.file 11 "Generated_Source\\PSoC5/core_cm3.h"
 363              		.section	.debug_info,"",%progbits
 364              	.Ldebug_info0:
 365 0000 3E050000 		.4byte	0x53e
 366 0004 0400     		.2byte	0x4
 367 0006 00000000 		.4byte	.Ldebug_abbrev0
 368 000a 04       		.byte	0x4
 369 000b 01       		.uleb128 0x1
 370 000c D4000000 		.4byte	.LASF43
 371 0010 0C       		.byte	0xc
 372 0011 C6020000 		.4byte	.LASF44
 373 0015 00000000 		.4byte	.LASF45
 374 0019 00000000 		.4byte	.Ldebug_ranges0+0
 375 001d 00000000 		.4byte	0
 376 0021 00000000 		.4byte	.Ldebug_line0
 377 0025 02       		.uleb128 0x2
 378 0026 01       		.byte	0x1
 379 0027 06       		.byte	0x6
 380 0028 FB020000 		.4byte	.LASF0
 381 002c 02       		.uleb128 0x2
 382 002d 01       		.byte	0x1
 383 002e 08       		.byte	0x8
 384 002f B2010000 		.4byte	.LASF1
 385 0033 02       		.uleb128 0x2
 386 0034 02       		.byte	0x2
 387 0035 05       		.byte	0x5
 388 0036 D2020000 		.4byte	.LASF2
 389 003a 02       		.uleb128 0x2
 390 003b 02       		.byte	0x2
 391 003c 07       		.byte	0x7
 392 003d 7F010000 		.4byte	.LASF3
 393 0041 03       		.uleb128 0x3
 394 0042 62000000 		.4byte	.LASF9
 395 0046 02       		.byte	0x2
 396 0047 3F       		.byte	0x3f
 397 0048 4C000000 		.4byte	0x4c
 398 004c 02       		.uleb128 0x2
 399 004d 04       		.byte	0x4
 400 004e 05       		.byte	0x5
 401 004f E6020000 		.4byte	.LASF4
 402 0053 02       		.uleb128 0x2
 403 0054 04       		.byte	0x4
 404 0055 07       		.byte	0x7
 405 0056 6D010000 		.4byte	.LASF5
 406 005a 02       		.uleb128 0x2
 407 005b 08       		.byte	0x8
 408 005c 05       		.byte	0x5
 409 005d B3020000 		.4byte	.LASF6
 410 0061 02       		.uleb128 0x2
 411 0062 08       		.byte	0x8
 412 0063 07       		.byte	0x7
ARM GAS  C:\Users\Chris\AppData\Local\Temp\ccVV10g5.s 			page 10


 413 0064 25020000 		.4byte	.LASF7
 414 0068 04       		.uleb128 0x4
 415 0069 04       		.byte	0x4
 416 006a 05       		.byte	0x5
 417 006b 696E7400 		.ascii	"int\000"
 418 006f 02       		.uleb128 0x2
 419 0070 04       		.byte	0x4
 420 0071 07       		.byte	0x7
 421 0072 18020000 		.4byte	.LASF8
 422 0076 03       		.uleb128 0x3
 423 0077 9D000000 		.4byte	.LASF10
 424 007b 03       		.byte	0x3
 425 007c 2C       		.byte	0x2c
 426 007d 41000000 		.4byte	0x41
 427 0081 02       		.uleb128 0x2
 428 0082 04       		.byte	0x4
 429 0083 04       		.byte	0x4
 430 0084 A5000000 		.4byte	.LASF11
 431 0088 02       		.uleb128 0x2
 432 0089 08       		.byte	0x8
 433 008a 04       		.byte	0x4
 434 008b C0010000 		.4byte	.LASF12
 435 008f 02       		.uleb128 0x2
 436 0090 01       		.byte	0x1
 437 0091 08       		.byte	0x8
 438 0092 CD020000 		.4byte	.LASF13
 439 0096 02       		.uleb128 0x2
 440 0097 08       		.byte	0x8
 441 0098 04       		.byte	0x4
 442 0099 EF020000 		.4byte	.LASF14
 443 009d 02       		.uleb128 0x2
 444 009e 04       		.byte	0x4
 445 009f 07       		.byte	0x7
 446 00a0 AA020000 		.4byte	.LASF15
 447 00a4 05       		.uleb128 0x5
 448 00a5 15030000 		.4byte	.LASF22
 449 00a9 01       		.byte	0x1
 450 00aa 2B       		.byte	0x2b
 451 00ab 00000000 		.4byte	.LFB64
 452 00af 2E000000 		.4byte	.LFE64-.LFB64
 453 00b3 01       		.uleb128 0x1
 454 00b4 9C       		.byte	0x9c
 455 00b5 59010000 		.4byte	0x159
 456 00b9 06       		.uleb128 0x6
 457 00ba 6D020000 		.4byte	.LASF16
 458 00be 01       		.byte	0x1
 459 00bf 2B       		.byte	0x2b
 460 00c0 68000000 		.4byte	0x68
 461 00c4 00000000 		.4byte	.LLST0
 462 00c8 06       		.uleb128 0x6
 463 00c9 C1020000 		.4byte	.LASF17
 464 00cd 01       		.byte	0x1
 465 00ce 2B       		.byte	0x2b
 466 00cf 68000000 		.4byte	0x68
 467 00d3 1E000000 		.4byte	.LLST1
 468 00d7 06       		.uleb128 0x6
 469 00d8 DC020000 		.4byte	.LASF18
ARM GAS  C:\Users\Chris\AppData\Local\Temp\ccVV10g5.s 			page 11


 470 00dc 01       		.byte	0x1
 471 00dd 2B       		.byte	0x2b
 472 00de 68000000 		.4byte	0x68
 473 00e2 3C000000 		.4byte	.LLST2
 474 00e6 06       		.uleb128 0x6
 475 00e7 E1020000 		.4byte	.LASF19
 476 00eb 01       		.byte	0x1
 477 00ec 2B       		.byte	0x2b
 478 00ed 68000000 		.4byte	0x68
 479 00f1 5A000000 		.4byte	.LLST3
 480 00f5 07       		.uleb128 0x7
 481 00f6 10000000 		.4byte	.LVL2
 482 00fa 86040000 		.4byte	0x486
 483 00fe 08010000 		.4byte	0x108
 484 0102 08       		.uleb128 0x8
 485 0103 01       		.uleb128 0x1
 486 0104 50       		.byte	0x50
 487 0105 01       		.uleb128 0x1
 488 0106 30       		.byte	0x30
 489 0107 00       		.byte	0
 490 0108 07       		.uleb128 0x7
 491 0109 18000000 		.4byte	.LVL3
 492 010d 91040000 		.4byte	0x491
 493 0111 1F010000 		.4byte	0x11f
 494 0115 08       		.uleb128 0x8
 495 0116 01       		.uleb128 0x1
 496 0117 50       		.byte	0x50
 497 0118 05       		.uleb128 0x5
 498 0119 77       		.byte	0x77
 499 011a 00       		.sleb128 0
 500 011b 75       		.byte	0x75
 501 011c 00       		.sleb128 0
 502 011d 22       		.byte	0x22
 503 011e 00       		.byte	0
 504 011f 07       		.uleb128 0x7
 505 0120 20000000 		.4byte	.LVL4
 506 0124 9C040000 		.4byte	0x49c
 507 0128 36010000 		.4byte	0x136
 508 012c 08       		.uleb128 0x8
 509 012d 01       		.uleb128 0x1
 510 012e 50       		.byte	0x50
 511 012f 05       		.uleb128 0x5
 512 0130 76       		.byte	0x76
 513 0131 00       		.sleb128 0
 514 0132 74       		.byte	0x74
 515 0133 00       		.sleb128 0
 516 0134 22       		.byte	0x22
 517 0135 00       		.byte	0
 518 0136 07       		.uleb128 0x7
 519 0137 26000000 		.4byte	.LVL5
 520 013b A7040000 		.4byte	0x4a7
 521 013f 49010000 		.4byte	0x149
 522 0143 08       		.uleb128 0x8
 523 0144 01       		.uleb128 0x1
 524 0145 50       		.byte	0x50
 525 0146 01       		.uleb128 0x1
 526 0147 31       		.byte	0x31
ARM GAS  C:\Users\Chris\AppData\Local\Temp\ccVV10g5.s 			page 12


 527 0148 00       		.byte	0
 528 0149 09       		.uleb128 0x9
 529 014a 2C000000 		.4byte	.LVL6
 530 014e B2040000 		.4byte	0x4b2
 531 0152 08       		.uleb128 0x8
 532 0153 01       		.uleb128 0x1
 533 0154 50       		.byte	0x50
 534 0155 01       		.uleb128 0x1
 535 0156 31       		.byte	0x31
 536 0157 00       		.byte	0
 537 0158 00       		.byte	0
 538 0159 0A       		.uleb128 0xa
 539 015a C7010000 		.4byte	.LASF46
 540 015e 01       		.byte	0x1
 541 015f 14       		.byte	0x14
 542 0160 68000000 		.4byte	0x68
 543 0164 00000000 		.4byte	.LFB63
 544 0168 44000000 		.4byte	.LFE63-.LFB63
 545 016c 01       		.uleb128 0x1
 546 016d 9C       		.byte	0x9c
 547 016e F9010000 		.4byte	0x1f9
 548 0172 0B       		.uleb128 0xb
 549 0173 08000000 		.4byte	.LVL7
 550 0177 BD040000 		.4byte	0x4bd
 551 017b 0B       		.uleb128 0xb
 552 017c 0C000000 		.4byte	.LVL8
 553 0180 C8040000 		.4byte	0x4c8
 554 0184 0B       		.uleb128 0xb
 555 0185 10000000 		.4byte	.LVL9
 556 0189 D3040000 		.4byte	0x4d3
 557 018d 0B       		.uleb128 0xb
 558 018e 14000000 		.4byte	.LVL10
 559 0192 DE040000 		.4byte	0x4de
 560 0196 0B       		.uleb128 0xb
 561 0197 18000000 		.4byte	.LVL11
 562 019b E9040000 		.4byte	0x4e9
 563 019f 0B       		.uleb128 0xb
 564 01a0 1C000000 		.4byte	.LVL12
 565 01a4 F4040000 		.4byte	0x4f4
 566 01a8 0B       		.uleb128 0xb
 567 01a9 20000000 		.4byte	.LVL13
 568 01ad FF040000 		.4byte	0x4ff
 569 01b1 0B       		.uleb128 0xb
 570 01b2 24000000 		.4byte	.LVL14
 571 01b6 0A050000 		.4byte	0x50a
 572 01ba 0B       		.uleb128 0xb
 573 01bb 28000000 		.4byte	.LVL15
 574 01bf 15050000 		.4byte	0x515
 575 01c3 0B       		.uleb128 0xb
 576 01c4 2C000000 		.4byte	.LVL16
 577 01c8 20050000 		.4byte	0x520
 578 01cc 0B       		.uleb128 0xb
 579 01cd 30000000 		.4byte	.LVL17
 580 01d1 2B050000 		.4byte	0x52b
 581 01d5 0B       		.uleb128 0xb
 582 01d6 36000000 		.4byte	.LVL18
 583 01da 36050000 		.4byte	0x536
ARM GAS  C:\Users\Chris\AppData\Local\Temp\ccVV10g5.s 			page 13


 584 01de 09       		.uleb128 0x9
 585 01df 42000000 		.4byte	.LVL19
 586 01e3 A4000000 		.4byte	0xa4
 587 01e7 08       		.uleb128 0x8
 588 01e8 01       		.uleb128 0x1
 589 01e9 50       		.byte	0x50
 590 01ea 02       		.uleb128 0x2
 591 01eb 74       		.byte	0x74
 592 01ec 00       		.sleb128 0
 593 01ed 08       		.uleb128 0x8
 594 01ee 01       		.uleb128 0x1
 595 01ef 52       		.byte	0x52
 596 01f0 01       		.uleb128 0x1
 597 01f1 30       		.byte	0x30
 598 01f2 08       		.uleb128 0x8
 599 01f3 01       		.uleb128 0x1
 600 01f4 53       		.byte	0x53
 601 01f5 01       		.uleb128 0x1
 602 01f6 30       		.byte	0x30
 603 01f7 00       		.byte	0
 604 01f8 00       		.byte	0
 605 01f9 0C       		.uleb128 0xc
 606 01fa 72020000 		.4byte	.LASF20
 607 01fe 01       		.byte	0x1
 608 01ff 34       		.byte	0x34
 609 0200 00000000 		.4byte	.LFB65
 610 0204 16000000 		.4byte	.LFE65-.LFB65
 611 0208 01       		.uleb128 0x1
 612 0209 9C       		.byte	0x9c
 613 020a 44020000 		.4byte	0x244
 614 020e 07       		.uleb128 0x7
 615 020f 08000000 		.4byte	.LVL20
 616 0213 A7040000 		.4byte	0x4a7
 617 0217 21020000 		.4byte	0x221
 618 021b 08       		.uleb128 0x8
 619 021c 01       		.uleb128 0x1
 620 021d 50       		.byte	0x50
 621 021e 01       		.uleb128 0x1
 622 021f 31       		.byte	0x31
 623 0220 00       		.byte	0
 624 0221 07       		.uleb128 0x7
 625 0222 0E000000 		.4byte	.LVL21
 626 0226 B2040000 		.4byte	0x4b2
 627 022a 34020000 		.4byte	0x234
 628 022e 08       		.uleb128 0x8
 629 022f 01       		.uleb128 0x1
 630 0230 50       		.byte	0x50
 631 0231 01       		.uleb128 0x1
 632 0232 31       		.byte	0x31
 633 0233 00       		.byte	0
 634 0234 09       		.uleb128 0x9
 635 0235 14000000 		.4byte	.LVL22
 636 0239 86040000 		.4byte	0x486
 637 023d 08       		.uleb128 0x8
 638 023e 01       		.uleb128 0x1
 639 023f 50       		.byte	0x50
 640 0240 01       		.uleb128 0x1
ARM GAS  C:\Users\Chris\AppData\Local\Temp\ccVV10g5.s 			page 14


 641 0241 31       		.byte	0x31
 642 0242 00       		.byte	0
 643 0243 00       		.byte	0
 644 0244 0C       		.uleb128 0xc
 645 0245 A0010000 		.4byte	.LASF21
 646 0249 01       		.byte	0x1
 647 024a 3B       		.byte	0x3b
 648 024b 00000000 		.4byte	.LFB66
 649 024f 10000000 		.4byte	.LFE66-.LFB66
 650 0253 01       		.uleb128 0x1
 651 0254 9C       		.byte	0x9c
 652 0255 7C020000 		.4byte	0x27c
 653 0259 07       		.uleb128 0x7
 654 025a 08000000 		.4byte	.LVL23
 655 025e A7040000 		.4byte	0x4a7
 656 0262 6C020000 		.4byte	0x26c
 657 0266 08       		.uleb128 0x8
 658 0267 01       		.uleb128 0x1
 659 0268 50       		.byte	0x50
 660 0269 01       		.uleb128 0x1
 661 026a 30       		.byte	0x30
 662 026b 00       		.byte	0
 663 026c 09       		.uleb128 0x9
 664 026d 0E000000 		.4byte	.LVL24
 665 0271 B2040000 		.4byte	0x4b2
 666 0275 08       		.uleb128 0x8
 667 0276 01       		.uleb128 0x1
 668 0277 50       		.byte	0x50
 669 0278 01       		.uleb128 0x1
 670 0279 30       		.byte	0x30
 671 027a 00       		.byte	0
 672 027b 00       		.byte	0
 673 027c 05       		.uleb128 0x5
 674 027d 62010000 		.4byte	.LASF23
 675 0281 01       		.byte	0x1
 676 0282 41       		.byte	0x41
 677 0283 00000000 		.4byte	.LFB67
 678 0287 2E000000 		.4byte	.LFE67-.LFB67
 679 028b 01       		.uleb128 0x1
 680 028c 9C       		.byte	0x9c
 681 028d 31030000 		.4byte	0x331
 682 0291 06       		.uleb128 0x6
 683 0292 6D020000 		.4byte	.LASF16
 684 0296 01       		.byte	0x1
 685 0297 41       		.byte	0x41
 686 0298 68000000 		.4byte	0x68
 687 029c 78000000 		.4byte	.LLST4
 688 02a0 06       		.uleb128 0x6
 689 02a1 C1020000 		.4byte	.LASF17
 690 02a5 01       		.byte	0x1
 691 02a6 41       		.byte	0x41
 692 02a7 68000000 		.4byte	0x68
 693 02ab 96000000 		.4byte	.LLST5
 694 02af 06       		.uleb128 0x6
 695 02b0 DC020000 		.4byte	.LASF18
 696 02b4 01       		.byte	0x1
 697 02b5 41       		.byte	0x41
ARM GAS  C:\Users\Chris\AppData\Local\Temp\ccVV10g5.s 			page 15


 698 02b6 68000000 		.4byte	0x68
 699 02ba B4000000 		.4byte	.LLST6
 700 02be 06       		.uleb128 0x6
 701 02bf E1020000 		.4byte	.LASF19
 702 02c3 01       		.byte	0x1
 703 02c4 41       		.byte	0x41
 704 02c5 68000000 		.4byte	0x68
 705 02c9 D2000000 		.4byte	.LLST7
 706 02cd 07       		.uleb128 0x7
 707 02ce 10000000 		.4byte	.LVL27
 708 02d2 86040000 		.4byte	0x486
 709 02d6 E0020000 		.4byte	0x2e0
 710 02da 08       		.uleb128 0x8
 711 02db 01       		.uleb128 0x1
 712 02dc 50       		.byte	0x50
 713 02dd 01       		.uleb128 0x1
 714 02de 36       		.byte	0x36
 715 02df 00       		.byte	0
 716 02e0 07       		.uleb128 0x7
 717 02e1 18000000 		.4byte	.LVL28
 718 02e5 91040000 		.4byte	0x491
 719 02e9 F7020000 		.4byte	0x2f7
 720 02ed 08       		.uleb128 0x8
 721 02ee 01       		.uleb128 0x1
 722 02ef 50       		.byte	0x50
 723 02f0 05       		.uleb128 0x5
 724 02f1 77       		.byte	0x77
 725 02f2 00       		.sleb128 0
 726 02f3 75       		.byte	0x75
 727 02f4 00       		.sleb128 0
 728 02f5 22       		.byte	0x22
 729 02f6 00       		.byte	0
 730 02f7 07       		.uleb128 0x7
 731 02f8 20000000 		.4byte	.LVL29
 732 02fc 9C040000 		.4byte	0x49c
 733 0300 0E030000 		.4byte	0x30e
 734 0304 08       		.uleb128 0x8
 735 0305 01       		.uleb128 0x1
 736 0306 50       		.byte	0x50
 737 0307 05       		.uleb128 0x5
 738 0308 76       		.byte	0x76
 739 0309 00       		.sleb128 0
 740 030a 74       		.byte	0x74
 741 030b 00       		.sleb128 0
 742 030c 22       		.byte	0x22
 743 030d 00       		.byte	0
 744 030e 07       		.uleb128 0x7
 745 030f 26000000 		.4byte	.LVL30
 746 0313 A7040000 		.4byte	0x4a7
 747 0317 21030000 		.4byte	0x321
 748 031b 08       		.uleb128 0x8
 749 031c 01       		.uleb128 0x1
 750 031d 50       		.byte	0x50
 751 031e 01       		.uleb128 0x1
 752 031f 31       		.byte	0x31
 753 0320 00       		.byte	0
 754 0321 09       		.uleb128 0x9
ARM GAS  C:\Users\Chris\AppData\Local\Temp\ccVV10g5.s 			page 16


 755 0322 2C000000 		.4byte	.LVL31
 756 0326 B2040000 		.4byte	0x4b2
 757 032a 08       		.uleb128 0x8
 758 032b 01       		.uleb128 0x1
 759 032c 50       		.byte	0x50
 760 032d 01       		.uleb128 0x1
 761 032e 31       		.byte	0x31
 762 032f 00       		.byte	0
 763 0330 00       		.byte	0
 764 0331 05       		.uleb128 0x5
 765 0332 61020000 		.4byte	.LASF24
 766 0336 01       		.byte	0x1
 767 0337 4A       		.byte	0x4a
 768 0338 00000000 		.4byte	.LFB68
 769 033c 2E000000 		.4byte	.LFE68-.LFB68
 770 0340 01       		.uleb128 0x1
 771 0341 9C       		.byte	0x9c
 772 0342 E6030000 		.4byte	0x3e6
 773 0346 06       		.uleb128 0x6
 774 0347 6D020000 		.4byte	.LASF16
 775 034b 01       		.byte	0x1
 776 034c 4A       		.byte	0x4a
 777 034d 68000000 		.4byte	0x68
 778 0351 F0000000 		.4byte	.LLST8
 779 0355 06       		.uleb128 0x6
 780 0356 C1020000 		.4byte	.LASF17
 781 035a 01       		.byte	0x1
 782 035b 4A       		.byte	0x4a
 783 035c 68000000 		.4byte	0x68
 784 0360 0E010000 		.4byte	.LLST9
 785 0364 06       		.uleb128 0x6
 786 0365 DC020000 		.4byte	.LASF18
 787 0369 01       		.byte	0x1
 788 036a 4A       		.byte	0x4a
 789 036b 68000000 		.4byte	0x68
 790 036f 2C010000 		.4byte	.LLST10
 791 0373 06       		.uleb128 0x6
 792 0374 E1020000 		.4byte	.LASF19
 793 0378 01       		.byte	0x1
 794 0379 4A       		.byte	0x4a
 795 037a 68000000 		.4byte	0x68
 796 037e 4A010000 		.4byte	.LLST11
 797 0382 07       		.uleb128 0x7
 798 0383 10000000 		.4byte	.LVL34
 799 0387 86040000 		.4byte	0x486
 800 038b 95030000 		.4byte	0x395
 801 038f 08       		.uleb128 0x8
 802 0390 01       		.uleb128 0x1
 803 0391 50       		.byte	0x50
 804 0392 01       		.uleb128 0x1
 805 0393 32       		.byte	0x32
 806 0394 00       		.byte	0
 807 0395 07       		.uleb128 0x7
 808 0396 18000000 		.4byte	.LVL35
 809 039a 91040000 		.4byte	0x491
 810 039e AC030000 		.4byte	0x3ac
 811 03a2 08       		.uleb128 0x8
ARM GAS  C:\Users\Chris\AppData\Local\Temp\ccVV10g5.s 			page 17


 812 03a3 01       		.uleb128 0x1
 813 03a4 50       		.byte	0x50
 814 03a5 05       		.uleb128 0x5
 815 03a6 77       		.byte	0x77
 816 03a7 00       		.sleb128 0
 817 03a8 75       		.byte	0x75
 818 03a9 00       		.sleb128 0
 819 03aa 22       		.byte	0x22
 820 03ab 00       		.byte	0
 821 03ac 07       		.uleb128 0x7
 822 03ad 20000000 		.4byte	.LVL36
 823 03b1 9C040000 		.4byte	0x49c
 824 03b5 C3030000 		.4byte	0x3c3
 825 03b9 08       		.uleb128 0x8
 826 03ba 01       		.uleb128 0x1
 827 03bb 50       		.byte	0x50
 828 03bc 05       		.uleb128 0x5
 829 03bd 76       		.byte	0x76
 830 03be 00       		.sleb128 0
 831 03bf 74       		.byte	0x74
 832 03c0 00       		.sleb128 0
 833 03c1 22       		.byte	0x22
 834 03c2 00       		.byte	0
 835 03c3 07       		.uleb128 0x7
 836 03c4 26000000 		.4byte	.LVL37
 837 03c8 A7040000 		.4byte	0x4a7
 838 03cc D6030000 		.4byte	0x3d6
 839 03d0 08       		.uleb128 0x8
 840 03d1 01       		.uleb128 0x1
 841 03d2 50       		.byte	0x50
 842 03d3 01       		.uleb128 0x1
 843 03d4 31       		.byte	0x31
 844 03d5 00       		.byte	0
 845 03d6 09       		.uleb128 0x9
 846 03d7 2C000000 		.4byte	.LVL38
 847 03db B2040000 		.4byte	0x4b2
 848 03df 08       		.uleb128 0x8
 849 03e0 01       		.uleb128 0x1
 850 03e1 50       		.byte	0x50
 851 03e2 01       		.uleb128 0x1
 852 03e3 31       		.byte	0x31
 853 03e4 00       		.byte	0
 854 03e5 00       		.byte	0
 855 03e6 05       		.uleb128 0x5
 856 03e7 6C000000 		.4byte	.LASF25
 857 03eb 01       		.byte	0x1
 858 03ec 54       		.byte	0x54
 859 03ed 00000000 		.4byte	.LFB69
 860 03f1 22000000 		.4byte	.LFE69-.LFB69
 861 03f5 01       		.uleb128 0x1
 862 03f6 9C       		.byte	0x9c
 863 03f7 75040000 		.4byte	0x475
 864 03fb 06       		.uleb128 0x6
 865 03fc 6D020000 		.4byte	.LASF16
 866 0400 01       		.byte	0x1
 867 0401 54       		.byte	0x54
 868 0402 68000000 		.4byte	0x68
ARM GAS  C:\Users\Chris\AppData\Local\Temp\ccVV10g5.s 			page 18


 869 0406 68010000 		.4byte	.LLST12
 870 040a 06       		.uleb128 0x6
 871 040b C1020000 		.4byte	.LASF17
 872 040f 01       		.byte	0x1
 873 0410 54       		.byte	0x54
 874 0411 68000000 		.4byte	0x68
 875 0415 86010000 		.4byte	.LLST13
 876 0419 06       		.uleb128 0x6
 877 041a DC020000 		.4byte	.LASF18
 878 041e 01       		.byte	0x1
 879 041f 54       		.byte	0x54
 880 0420 68000000 		.4byte	0x68
 881 0424 A4010000 		.4byte	.LLST14
 882 0428 06       		.uleb128 0x6
 883 0429 E1020000 		.4byte	.LASF19
 884 042d 01       		.byte	0x1
 885 042e 54       		.byte	0x54
 886 042f 68000000 		.4byte	0x68
 887 0433 C2010000 		.4byte	.LLST15
 888 0437 07       		.uleb128 0x7
 889 0438 10000000 		.4byte	.LVL41
 890 043c 86040000 		.4byte	0x486
 891 0440 4A040000 		.4byte	0x44a
 892 0444 08       		.uleb128 0x8
 893 0445 01       		.uleb128 0x1
 894 0446 50       		.byte	0x50
 895 0447 01       		.uleb128 0x1
 896 0448 34       		.byte	0x34
 897 0449 00       		.byte	0
 898 044a 07       		.uleb128 0x7
 899 044b 18000000 		.4byte	.LVL42
 900 044f 91040000 		.4byte	0x491
 901 0453 61040000 		.4byte	0x461
 902 0457 08       		.uleb128 0x8
 903 0458 01       		.uleb128 0x1
 904 0459 50       		.byte	0x50
 905 045a 05       		.uleb128 0x5
 906 045b 77       		.byte	0x77
 907 045c 00       		.sleb128 0
 908 045d 75       		.byte	0x75
 909 045e 00       		.sleb128 0
 910 045f 22       		.byte	0x22
 911 0460 00       		.byte	0
 912 0461 09       		.uleb128 0x9
 913 0462 20000000 		.4byte	.LVL43
 914 0466 9C040000 		.4byte	0x49c
 915 046a 08       		.uleb128 0x8
 916 046b 01       		.uleb128 0x1
 917 046c 50       		.byte	0x50
 918 046d 05       		.uleb128 0x5
 919 046e 76       		.byte	0x76
 920 046f 00       		.sleb128 0
 921 0470 74       		.byte	0x74
 922 0471 00       		.sleb128 0
 923 0472 22       		.byte	0x22
 924 0473 00       		.byte	0
 925 0474 00       		.byte	0
ARM GAS  C:\Users\Chris\AppData\Local\Temp\ccVV10g5.s 			page 19


 926 0475 0D       		.uleb128 0xd
 927 0476 A5010000 		.4byte	.LASF47
 928 047a 0B       		.byte	0xb
 929 047b 1207     		.2byte	0x712
 930 047d 81040000 		.4byte	0x481
 931 0481 0E       		.uleb128 0xe
 932 0482 76000000 		.4byte	0x76
 933 0486 0F       		.uleb128 0xf
 934 0487 76000000 		.4byte	.LASF26
 935 048b 76000000 		.4byte	.LASF26
 936 048f 04       		.byte	0x4
 937 0490 2F       		.byte	0x2f
 938 0491 0F       		.uleb128 0xf
 939 0492 8F020000 		.4byte	.LASF27
 940 0496 8F020000 		.4byte	.LASF27
 941 049a 05       		.byte	0x5
 942 049b C3       		.byte	0xc3
 943 049c 0F       		.uleb128 0xf
 944 049d 81000000 		.4byte	.LASF28
 945 04a1 81000000 		.4byte	.LASF28
 946 04a5 06       		.byte	0x6
 947 04a6 C3       		.byte	0xc3
 948 04a7 0F       		.uleb128 0xf
 949 04a8 C1000000 		.4byte	.LASF29
 950 04ac C1000000 		.4byte	.LASF29
 951 04b0 07       		.byte	0x7
 952 04b1 26       		.byte	0x26
 953 04b2 0F       		.uleb128 0xf
 954 04b3 4F020000 		.4byte	.LASF30
 955 04b7 4F020000 		.4byte	.LASF30
 956 04bb 08       		.byte	0x8
 957 04bc 26       		.byte	0x26
 958 04bd 0F       		.uleb128 0xf
 959 04be 3C020000 		.4byte	.LASF31
 960 04c2 3C020000 		.4byte	.LASF31
 961 04c6 05       		.byte	0x5
 962 04c7 DA       		.byte	0xda
 963 04c8 0F       		.uleb128 0xf
 964 04c9 7B020000 		.4byte	.LASF32
 965 04cd 7B020000 		.4byte	.LASF32
 966 04d1 06       		.byte	0x6
 967 04d2 DA       		.byte	0xda
 968 04d3 0F       		.uleb128 0xf
 969 04d4 EF010000 		.4byte	.LASF33
 970 04d8 EF010000 		.4byte	.LASF33
 971 04dc 06       		.byte	0x6
 972 04dd 92       		.byte	0x92
 973 04de 0F       		.uleb128 0xf
 974 04df DB010000 		.4byte	.LASF34
 975 04e3 DB010000 		.4byte	.LASF34
 976 04e7 05       		.byte	0x5
 977 04e8 92       		.byte	0x92
 978 04e9 0F       		.uleb128 0xf
 979 04ea 07030000 		.4byte	.LASF35
 980 04ee 07030000 		.4byte	.LASF35
 981 04f2 09       		.byte	0x9
 982 04f3 43       		.byte	0x43
ARM GAS  C:\Users\Chris\AppData\Local\Temp\ccVV10g5.s 			page 20


 983 04f4 0F       		.uleb128 0xf
 984 04f5 92010000 		.4byte	.LASF36
 985 04f9 92010000 		.4byte	.LASF36
 986 04fd 0A       		.byte	0xa
 987 04fe 43       		.byte	0x43
 988 04ff 0F       		.uleb128 0xf
 989 0500 1D030000 		.4byte	.LASF37
 990 0504 1D030000 		.4byte	.LASF37
 991 0508 09       		.byte	0x9
 992 0509 34       		.byte	0x34
 993 050a 0F       		.uleb128 0xf
 994 050b CC010000 		.4byte	.LASF38
 995 050f CC010000 		.4byte	.LASF38
 996 0513 0A       		.byte	0xa
 997 0514 34       		.byte	0x34
 998 0515 0F       		.uleb128 0xf
 999 0516 2C030000 		.4byte	.LASF39
 1000 051a 2C030000 		.4byte	.LASF39
 1001 051e 09       		.byte	0x9
 1002 051f D1       		.byte	0xd1
 1003 0520 0F       		.uleb128 0xf
 1004 0521 AB000000 		.4byte	.LASF40
 1005 0525 AB000000 		.4byte	.LASF40
 1006 0529 0A       		.byte	0xa
 1007 052a D1       		.byte	0xd1
 1008 052b 0F       		.uleb128 0xf
 1009 052c 42030000 		.4byte	.LASF41
 1010 0530 42030000 		.4byte	.LASF41
 1011 0534 09       		.byte	0x9
 1012 0535 3A       		.byte	0x3a
 1013 0536 0F       		.uleb128 0xf
 1014 0537 04020000 		.4byte	.LASF42
 1015 053b 04020000 		.4byte	.LASF42
 1016 053f 0A       		.byte	0xa
 1017 0540 3A       		.byte	0x3a
 1018 0541 00       		.byte	0
 1019              		.section	.debug_abbrev,"",%progbits
 1020              	.Ldebug_abbrev0:
 1021 0000 01       		.uleb128 0x1
 1022 0001 11       		.uleb128 0x11
 1023 0002 01       		.byte	0x1
 1024 0003 25       		.uleb128 0x25
 1025 0004 0E       		.uleb128 0xe
 1026 0005 13       		.uleb128 0x13
 1027 0006 0B       		.uleb128 0xb
 1028 0007 03       		.uleb128 0x3
 1029 0008 0E       		.uleb128 0xe
 1030 0009 1B       		.uleb128 0x1b
 1031 000a 0E       		.uleb128 0xe
 1032 000b 55       		.uleb128 0x55
 1033 000c 17       		.uleb128 0x17
 1034 000d 11       		.uleb128 0x11
 1035 000e 01       		.uleb128 0x1
 1036 000f 10       		.uleb128 0x10
 1037 0010 17       		.uleb128 0x17
 1038 0011 00       		.byte	0
 1039 0012 00       		.byte	0
ARM GAS  C:\Users\Chris\AppData\Local\Temp\ccVV10g5.s 			page 21


 1040 0013 02       		.uleb128 0x2
 1041 0014 24       		.uleb128 0x24
 1042 0015 00       		.byte	0
 1043 0016 0B       		.uleb128 0xb
 1044 0017 0B       		.uleb128 0xb
 1045 0018 3E       		.uleb128 0x3e
 1046 0019 0B       		.uleb128 0xb
 1047 001a 03       		.uleb128 0x3
 1048 001b 0E       		.uleb128 0xe
 1049 001c 00       		.byte	0
 1050 001d 00       		.byte	0
 1051 001e 03       		.uleb128 0x3
 1052 001f 16       		.uleb128 0x16
 1053 0020 00       		.byte	0
 1054 0021 03       		.uleb128 0x3
 1055 0022 0E       		.uleb128 0xe
 1056 0023 3A       		.uleb128 0x3a
 1057 0024 0B       		.uleb128 0xb
 1058 0025 3B       		.uleb128 0x3b
 1059 0026 0B       		.uleb128 0xb
 1060 0027 49       		.uleb128 0x49
 1061 0028 13       		.uleb128 0x13
 1062 0029 00       		.byte	0
 1063 002a 00       		.byte	0
 1064 002b 04       		.uleb128 0x4
 1065 002c 24       		.uleb128 0x24
 1066 002d 00       		.byte	0
 1067 002e 0B       		.uleb128 0xb
 1068 002f 0B       		.uleb128 0xb
 1069 0030 3E       		.uleb128 0x3e
 1070 0031 0B       		.uleb128 0xb
 1071 0032 03       		.uleb128 0x3
 1072 0033 08       		.uleb128 0x8
 1073 0034 00       		.byte	0
 1074 0035 00       		.byte	0
 1075 0036 05       		.uleb128 0x5
 1076 0037 2E       		.uleb128 0x2e
 1077 0038 01       		.byte	0x1
 1078 0039 3F       		.uleb128 0x3f
 1079 003a 19       		.uleb128 0x19
 1080 003b 03       		.uleb128 0x3
 1081 003c 0E       		.uleb128 0xe
 1082 003d 3A       		.uleb128 0x3a
 1083 003e 0B       		.uleb128 0xb
 1084 003f 3B       		.uleb128 0x3b
 1085 0040 0B       		.uleb128 0xb
 1086 0041 27       		.uleb128 0x27
 1087 0042 19       		.uleb128 0x19
 1088 0043 11       		.uleb128 0x11
 1089 0044 01       		.uleb128 0x1
 1090 0045 12       		.uleb128 0x12
 1091 0046 06       		.uleb128 0x6
 1092 0047 40       		.uleb128 0x40
 1093 0048 18       		.uleb128 0x18
 1094 0049 9742     		.uleb128 0x2117
 1095 004b 19       		.uleb128 0x19
 1096 004c 01       		.uleb128 0x1
ARM GAS  C:\Users\Chris\AppData\Local\Temp\ccVV10g5.s 			page 22


 1097 004d 13       		.uleb128 0x13
 1098 004e 00       		.byte	0
 1099 004f 00       		.byte	0
 1100 0050 06       		.uleb128 0x6
 1101 0051 05       		.uleb128 0x5
 1102 0052 00       		.byte	0
 1103 0053 03       		.uleb128 0x3
 1104 0054 0E       		.uleb128 0xe
 1105 0055 3A       		.uleb128 0x3a
 1106 0056 0B       		.uleb128 0xb
 1107 0057 3B       		.uleb128 0x3b
 1108 0058 0B       		.uleb128 0xb
 1109 0059 49       		.uleb128 0x49
 1110 005a 13       		.uleb128 0x13
 1111 005b 02       		.uleb128 0x2
 1112 005c 17       		.uleb128 0x17
 1113 005d 00       		.byte	0
 1114 005e 00       		.byte	0
 1115 005f 07       		.uleb128 0x7
 1116 0060 898201   		.uleb128 0x4109
 1117 0063 01       		.byte	0x1
 1118 0064 11       		.uleb128 0x11
 1119 0065 01       		.uleb128 0x1
 1120 0066 31       		.uleb128 0x31
 1121 0067 13       		.uleb128 0x13
 1122 0068 01       		.uleb128 0x1
 1123 0069 13       		.uleb128 0x13
 1124 006a 00       		.byte	0
 1125 006b 00       		.byte	0
 1126 006c 08       		.uleb128 0x8
 1127 006d 8A8201   		.uleb128 0x410a
 1128 0070 00       		.byte	0
 1129 0071 02       		.uleb128 0x2
 1130 0072 18       		.uleb128 0x18
 1131 0073 9142     		.uleb128 0x2111
 1132 0075 18       		.uleb128 0x18
 1133 0076 00       		.byte	0
 1134 0077 00       		.byte	0
 1135 0078 09       		.uleb128 0x9
 1136 0079 898201   		.uleb128 0x4109
 1137 007c 01       		.byte	0x1
 1138 007d 11       		.uleb128 0x11
 1139 007e 01       		.uleb128 0x1
 1140 007f 31       		.uleb128 0x31
 1141 0080 13       		.uleb128 0x13
 1142 0081 00       		.byte	0
 1143 0082 00       		.byte	0
 1144 0083 0A       		.uleb128 0xa
 1145 0084 2E       		.uleb128 0x2e
 1146 0085 01       		.byte	0x1
 1147 0086 3F       		.uleb128 0x3f
 1148 0087 19       		.uleb128 0x19
 1149 0088 03       		.uleb128 0x3
 1150 0089 0E       		.uleb128 0xe
 1151 008a 3A       		.uleb128 0x3a
 1152 008b 0B       		.uleb128 0xb
 1153 008c 3B       		.uleb128 0x3b
ARM GAS  C:\Users\Chris\AppData\Local\Temp\ccVV10g5.s 			page 23


 1154 008d 0B       		.uleb128 0xb
 1155 008e 27       		.uleb128 0x27
 1156 008f 19       		.uleb128 0x19
 1157 0090 49       		.uleb128 0x49
 1158 0091 13       		.uleb128 0x13
 1159 0092 8701     		.uleb128 0x87
 1160 0094 19       		.uleb128 0x19
 1161 0095 11       		.uleb128 0x11
 1162 0096 01       		.uleb128 0x1
 1163 0097 12       		.uleb128 0x12
 1164 0098 06       		.uleb128 0x6
 1165 0099 40       		.uleb128 0x40
 1166 009a 18       		.uleb128 0x18
 1167 009b 9742     		.uleb128 0x2117
 1168 009d 19       		.uleb128 0x19
 1169 009e 01       		.uleb128 0x1
 1170 009f 13       		.uleb128 0x13
 1171 00a0 00       		.byte	0
 1172 00a1 00       		.byte	0
 1173 00a2 0B       		.uleb128 0xb
 1174 00a3 898201   		.uleb128 0x4109
 1175 00a6 00       		.byte	0
 1176 00a7 11       		.uleb128 0x11
 1177 00a8 01       		.uleb128 0x1
 1178 00a9 31       		.uleb128 0x31
 1179 00aa 13       		.uleb128 0x13
 1180 00ab 00       		.byte	0
 1181 00ac 00       		.byte	0
 1182 00ad 0C       		.uleb128 0xc
 1183 00ae 2E       		.uleb128 0x2e
 1184 00af 01       		.byte	0x1
 1185 00b0 3F       		.uleb128 0x3f
 1186 00b1 19       		.uleb128 0x19
 1187 00b2 03       		.uleb128 0x3
 1188 00b3 0E       		.uleb128 0xe
 1189 00b4 3A       		.uleb128 0x3a
 1190 00b5 0B       		.uleb128 0xb
 1191 00b6 3B       		.uleb128 0x3b
 1192 00b7 0B       		.uleb128 0xb
 1193 00b8 11       		.uleb128 0x11
 1194 00b9 01       		.uleb128 0x1
 1195 00ba 12       		.uleb128 0x12
 1196 00bb 06       		.uleb128 0x6
 1197 00bc 40       		.uleb128 0x40
 1198 00bd 18       		.uleb128 0x18
 1199 00be 9742     		.uleb128 0x2117
 1200 00c0 19       		.uleb128 0x19
 1201 00c1 01       		.uleb128 0x1
 1202 00c2 13       		.uleb128 0x13
 1203 00c3 00       		.byte	0
 1204 00c4 00       		.byte	0
 1205 00c5 0D       		.uleb128 0xd
 1206 00c6 34       		.uleb128 0x34
 1207 00c7 00       		.byte	0
 1208 00c8 03       		.uleb128 0x3
 1209 00c9 0E       		.uleb128 0xe
 1210 00ca 3A       		.uleb128 0x3a
ARM GAS  C:\Users\Chris\AppData\Local\Temp\ccVV10g5.s 			page 24


 1211 00cb 0B       		.uleb128 0xb
 1212 00cc 3B       		.uleb128 0x3b
 1213 00cd 05       		.uleb128 0x5
 1214 00ce 49       		.uleb128 0x49
 1215 00cf 13       		.uleb128 0x13
 1216 00d0 3F       		.uleb128 0x3f
 1217 00d1 19       		.uleb128 0x19
 1218 00d2 3C       		.uleb128 0x3c
 1219 00d3 19       		.uleb128 0x19
 1220 00d4 00       		.byte	0
 1221 00d5 00       		.byte	0
 1222 00d6 0E       		.uleb128 0xe
 1223 00d7 35       		.uleb128 0x35
 1224 00d8 00       		.byte	0
 1225 00d9 49       		.uleb128 0x49
 1226 00da 13       		.uleb128 0x13
 1227 00db 00       		.byte	0
 1228 00dc 00       		.byte	0
 1229 00dd 0F       		.uleb128 0xf
 1230 00de 2E       		.uleb128 0x2e
 1231 00df 00       		.byte	0
 1232 00e0 3F       		.uleb128 0x3f
 1233 00e1 19       		.uleb128 0x19
 1234 00e2 3C       		.uleb128 0x3c
 1235 00e3 19       		.uleb128 0x19
 1236 00e4 6E       		.uleb128 0x6e
 1237 00e5 0E       		.uleb128 0xe
 1238 00e6 03       		.uleb128 0x3
 1239 00e7 0E       		.uleb128 0xe
 1240 00e8 3A       		.uleb128 0x3a
 1241 00e9 0B       		.uleb128 0xb
 1242 00ea 3B       		.uleb128 0x3b
 1243 00eb 0B       		.uleb128 0xb
 1244 00ec 00       		.byte	0
 1245 00ed 00       		.byte	0
 1246 00ee 00       		.byte	0
 1247              		.section	.debug_loc,"",%progbits
 1248              	.Ldebug_loc0:
 1249              	.LLST0:
 1250 0000 00000000 		.4byte	.LVL0
 1251 0004 0C000000 		.4byte	.LVL1
 1252 0008 0100     		.2byte	0x1
 1253 000a 50       		.byte	0x50
 1254 000b 0C000000 		.4byte	.LVL1
 1255 000f 2E000000 		.4byte	.LFE64
 1256 0013 0100     		.2byte	0x1
 1257 0015 57       		.byte	0x57
 1258 0016 00000000 		.4byte	0
 1259 001a 00000000 		.4byte	0
 1260              	.LLST1:
 1261 001e 00000000 		.4byte	.LVL0
 1262 0022 0F000000 		.4byte	.LVL2-1
 1263 0026 0100     		.2byte	0x1
 1264 0028 51       		.byte	0x51
 1265 0029 0F000000 		.4byte	.LVL2-1
 1266 002d 2E000000 		.4byte	.LFE64
 1267 0031 0100     		.2byte	0x1
ARM GAS  C:\Users\Chris\AppData\Local\Temp\ccVV10g5.s 			page 25


 1268 0033 56       		.byte	0x56
 1269 0034 00000000 		.4byte	0
 1270 0038 00000000 		.4byte	0
 1271              	.LLST2:
 1272 003c 00000000 		.4byte	.LVL0
 1273 0040 0F000000 		.4byte	.LVL2-1
 1274 0044 0100     		.2byte	0x1
 1275 0046 52       		.byte	0x52
 1276 0047 0F000000 		.4byte	.LVL2-1
 1277 004b 2E000000 		.4byte	.LFE64
 1278 004f 0100     		.2byte	0x1
 1279 0051 55       		.byte	0x55
 1280 0052 00000000 		.4byte	0
 1281 0056 00000000 		.4byte	0
 1282              	.LLST3:
 1283 005a 00000000 		.4byte	.LVL0
 1284 005e 0F000000 		.4byte	.LVL2-1
 1285 0062 0100     		.2byte	0x1
 1286 0064 53       		.byte	0x53
 1287 0065 0F000000 		.4byte	.LVL2-1
 1288 0069 2E000000 		.4byte	.LFE64
 1289 006d 0100     		.2byte	0x1
 1290 006f 54       		.byte	0x54
 1291 0070 00000000 		.4byte	0
 1292 0074 00000000 		.4byte	0
 1293              	.LLST4:
 1294 0078 00000000 		.4byte	.LVL25
 1295 007c 0C000000 		.4byte	.LVL26
 1296 0080 0100     		.2byte	0x1
 1297 0082 50       		.byte	0x50
 1298 0083 0C000000 		.4byte	.LVL26
 1299 0087 2E000000 		.4byte	.LFE67
 1300 008b 0100     		.2byte	0x1
 1301 008d 57       		.byte	0x57
 1302 008e 00000000 		.4byte	0
 1303 0092 00000000 		.4byte	0
 1304              	.LLST5:
 1305 0096 00000000 		.4byte	.LVL25
 1306 009a 0F000000 		.4byte	.LVL27-1
 1307 009e 0100     		.2byte	0x1
 1308 00a0 51       		.byte	0x51
 1309 00a1 0F000000 		.4byte	.LVL27-1
 1310 00a5 2E000000 		.4byte	.LFE67
 1311 00a9 0100     		.2byte	0x1
 1312 00ab 56       		.byte	0x56
 1313 00ac 00000000 		.4byte	0
 1314 00b0 00000000 		.4byte	0
 1315              	.LLST6:
 1316 00b4 00000000 		.4byte	.LVL25
 1317 00b8 0F000000 		.4byte	.LVL27-1
 1318 00bc 0100     		.2byte	0x1
 1319 00be 52       		.byte	0x52
 1320 00bf 0F000000 		.4byte	.LVL27-1
 1321 00c3 2E000000 		.4byte	.LFE67
 1322 00c7 0100     		.2byte	0x1
 1323 00c9 55       		.byte	0x55
 1324 00ca 00000000 		.4byte	0
ARM GAS  C:\Users\Chris\AppData\Local\Temp\ccVV10g5.s 			page 26


 1325 00ce 00000000 		.4byte	0
 1326              	.LLST7:
 1327 00d2 00000000 		.4byte	.LVL25
 1328 00d6 0F000000 		.4byte	.LVL27-1
 1329 00da 0100     		.2byte	0x1
 1330 00dc 53       		.byte	0x53
 1331 00dd 0F000000 		.4byte	.LVL27-1
 1332 00e1 2E000000 		.4byte	.LFE67
 1333 00e5 0100     		.2byte	0x1
 1334 00e7 54       		.byte	0x54
 1335 00e8 00000000 		.4byte	0
 1336 00ec 00000000 		.4byte	0
 1337              	.LLST8:
 1338 00f0 00000000 		.4byte	.LVL32
 1339 00f4 0C000000 		.4byte	.LVL33
 1340 00f8 0100     		.2byte	0x1
 1341 00fa 50       		.byte	0x50
 1342 00fb 0C000000 		.4byte	.LVL33
 1343 00ff 2E000000 		.4byte	.LFE68
 1344 0103 0100     		.2byte	0x1
 1345 0105 57       		.byte	0x57
 1346 0106 00000000 		.4byte	0
 1347 010a 00000000 		.4byte	0
 1348              	.LLST9:
 1349 010e 00000000 		.4byte	.LVL32
 1350 0112 0F000000 		.4byte	.LVL34-1
 1351 0116 0100     		.2byte	0x1
 1352 0118 51       		.byte	0x51
 1353 0119 0F000000 		.4byte	.LVL34-1
 1354 011d 2E000000 		.4byte	.LFE68
 1355 0121 0100     		.2byte	0x1
 1356 0123 56       		.byte	0x56
 1357 0124 00000000 		.4byte	0
 1358 0128 00000000 		.4byte	0
 1359              	.LLST10:
 1360 012c 00000000 		.4byte	.LVL32
 1361 0130 0F000000 		.4byte	.LVL34-1
 1362 0134 0100     		.2byte	0x1
 1363 0136 52       		.byte	0x52
 1364 0137 0F000000 		.4byte	.LVL34-1
 1365 013b 2E000000 		.4byte	.LFE68
 1366 013f 0100     		.2byte	0x1
 1367 0141 55       		.byte	0x55
 1368 0142 00000000 		.4byte	0
 1369 0146 00000000 		.4byte	0
 1370              	.LLST11:
 1371 014a 00000000 		.4byte	.LVL32
 1372 014e 0F000000 		.4byte	.LVL34-1
 1373 0152 0100     		.2byte	0x1
 1374 0154 53       		.byte	0x53
 1375 0155 0F000000 		.4byte	.LVL34-1
 1376 0159 2E000000 		.4byte	.LFE68
 1377 015d 0100     		.2byte	0x1
 1378 015f 54       		.byte	0x54
 1379 0160 00000000 		.4byte	0
 1380 0164 00000000 		.4byte	0
 1381              	.LLST12:
ARM GAS  C:\Users\Chris\AppData\Local\Temp\ccVV10g5.s 			page 27


 1382 0168 00000000 		.4byte	.LVL39
 1383 016c 0C000000 		.4byte	.LVL40
 1384 0170 0100     		.2byte	0x1
 1385 0172 50       		.byte	0x50
 1386 0173 0C000000 		.4byte	.LVL40
 1387 0177 22000000 		.4byte	.LFE69
 1388 017b 0100     		.2byte	0x1
 1389 017d 57       		.byte	0x57
 1390 017e 00000000 		.4byte	0
 1391 0182 00000000 		.4byte	0
 1392              	.LLST13:
 1393 0186 00000000 		.4byte	.LVL39
 1394 018a 0F000000 		.4byte	.LVL41-1
 1395 018e 0100     		.2byte	0x1
 1396 0190 51       		.byte	0x51
 1397 0191 0F000000 		.4byte	.LVL41-1
 1398 0195 22000000 		.4byte	.LFE69
 1399 0199 0100     		.2byte	0x1
 1400 019b 56       		.byte	0x56
 1401 019c 00000000 		.4byte	0
 1402 01a0 00000000 		.4byte	0
 1403              	.LLST14:
 1404 01a4 00000000 		.4byte	.LVL39
 1405 01a8 0F000000 		.4byte	.LVL41-1
 1406 01ac 0100     		.2byte	0x1
 1407 01ae 52       		.byte	0x52
 1408 01af 0F000000 		.4byte	.LVL41-1
 1409 01b3 22000000 		.4byte	.LFE69
 1410 01b7 0100     		.2byte	0x1
 1411 01b9 55       		.byte	0x55
 1412 01ba 00000000 		.4byte	0
 1413 01be 00000000 		.4byte	0
 1414              	.LLST15:
 1415 01c2 00000000 		.4byte	.LVL39
 1416 01c6 0F000000 		.4byte	.LVL41-1
 1417 01ca 0100     		.2byte	0x1
 1418 01cc 53       		.byte	0x53
 1419 01cd 0F000000 		.4byte	.LVL41-1
 1420 01d1 22000000 		.4byte	.LFE69
 1421 01d5 0100     		.2byte	0x1
 1422 01d7 54       		.byte	0x54
 1423 01d8 00000000 		.4byte	0
 1424 01dc 00000000 		.4byte	0
 1425              		.section	.debug_aranges,"",%progbits
 1426 0000 4C000000 		.4byte	0x4c
 1427 0004 0200     		.2byte	0x2
 1428 0006 00000000 		.4byte	.Ldebug_info0
 1429 000a 04       		.byte	0x4
 1430 000b 00       		.byte	0
 1431 000c 0000     		.2byte	0
 1432 000e 0000     		.2byte	0
 1433 0010 00000000 		.4byte	.LFB64
 1434 0014 2E000000 		.4byte	.LFE64-.LFB64
 1435 0018 00000000 		.4byte	.LFB63
 1436 001c 44000000 		.4byte	.LFE63-.LFB63
 1437 0020 00000000 		.4byte	.LFB65
 1438 0024 16000000 		.4byte	.LFE65-.LFB65
ARM GAS  C:\Users\Chris\AppData\Local\Temp\ccVV10g5.s 			page 28


 1439 0028 00000000 		.4byte	.LFB66
 1440 002c 10000000 		.4byte	.LFE66-.LFB66
 1441 0030 00000000 		.4byte	.LFB67
 1442 0034 2E000000 		.4byte	.LFE67-.LFB67
 1443 0038 00000000 		.4byte	.LFB68
 1444 003c 2E000000 		.4byte	.LFE68-.LFB68
 1445 0040 00000000 		.4byte	.LFB69
 1446 0044 22000000 		.4byte	.LFE69-.LFB69
 1447 0048 00000000 		.4byte	0
 1448 004c 00000000 		.4byte	0
 1449              		.section	.debug_ranges,"",%progbits
 1450              	.Ldebug_ranges0:
 1451 0000 00000000 		.4byte	.LFB64
 1452 0004 2E000000 		.4byte	.LFE64
 1453 0008 00000000 		.4byte	.LFB63
 1454 000c 44000000 		.4byte	.LFE63
 1455 0010 00000000 		.4byte	.LFB65
 1456 0014 16000000 		.4byte	.LFE65
 1457 0018 00000000 		.4byte	.LFB66
 1458 001c 10000000 		.4byte	.LFE66
 1459 0020 00000000 		.4byte	.LFB67
 1460 0024 2E000000 		.4byte	.LFE67
 1461 0028 00000000 		.4byte	.LFB68
 1462 002c 2E000000 		.4byte	.LFE68
 1463 0030 00000000 		.4byte	.LFB69
 1464 0034 22000000 		.4byte	.LFE69
 1465 0038 00000000 		.4byte	0
 1466 003c 00000000 		.4byte	0
 1467              		.section	.debug_line,"",%progbits
 1468              	.Ldebug_line0:
 1469 0000 48020000 		.section	.debug_str,"MS",%progbits,1
 1469      0200AF01 
 1469      00000201 
 1469      FB0E0D00 
 1469      01010101 
 1470              	.LASF45:
 1471 0000 433A5C55 		.ascii	"C:\\Users\\Chris\\Documents\\PSoC Creator\\semester"
 1471      73657273 
 1471      5C436872 
 1471      69735C44 
 1471      6F63756D 
 1472 002e 335F7072 		.ascii	"3_prj_motorstyring\\semester3_prj_motorstyring.cyds"
 1472      6A5F6D6F 
 1472      746F7273 
 1472      74797269 
 1472      6E675C73 
 1473 0060 6E00     		.ascii	"n\000"
 1474              	.LASF9:
 1475 0062 5F5F696E 		.ascii	"__int32_t\000"
 1475      7433325F 
 1475      7400
 1476              	.LASF25:
 1477 006c 6472656A 		.ascii	"drejHojre\000"
 1477      486F6A72 
 1477      6500
 1478              	.LASF26:
 1479 0076 6D6F6465 		.ascii	"mode_Write\000"
ARM GAS  C:\Users\Chris\AppData\Local\Temp\ccVV10g5.s 			page 29


 1479      5F577269 
 1479      746500
 1480              	.LASF28:
 1481 0081 4D6F746F 		.ascii	"Motorpwm_right_WriteCompare\000"
 1481      7270776D 
 1481      5F726967 
 1481      68745F57 
 1481      72697465 
 1482              	.LASF10:
 1483 009d 696E7433 		.ascii	"int32_t\000"
 1483      325F7400 
 1484              	.LASF11:
 1485 00a5 666C6F61 		.ascii	"float\000"
 1485      7400
 1486              	.LASF40:
 1487 00ab 4144435F 		.ascii	"ADC_calR_StartConvert\000"
 1487      63616C52 
 1487      5F537461 
 1487      7274436F 
 1487      6E766572 
 1488              	.LASF29:
 1489 00c1 456E6162 		.ascii	"Enable_Right_Write\000"
 1489      6C655F52 
 1489      69676874 
 1489      5F577269 
 1489      746500
 1490              	.LASF43:
 1491 00d4 474E5520 		.ascii	"GNU C11 5.4.1 20160609 (release) [ARM/embedded-5-br"
 1491      43313120 
 1491      352E342E 
 1491      31203230 
 1491      31363036 
 1492 0107 616E6368 		.ascii	"anch revision 237715] -mcpu=cortex-m3 -mthumb -g -O"
 1492      20726576 
 1492      6973696F 
 1492      6E203233 
 1492      37373135 
 1493 013a 67202D66 		.ascii	"g -ffunction-sections -ffat-lto-objects\000"
 1493      66756E63 
 1493      74696F6E 
 1493      2D736563 
 1493      74696F6E 
 1494              	.LASF23:
 1495 0162 6B6F7274 		.ascii	"kortilbage\000"
 1495      696C6261 
 1495      676500
 1496              	.LASF5:
 1497 016d 6C6F6E67 		.ascii	"long unsigned int\000"
 1497      20756E73 
 1497      69676E65 
 1497      6420696E 
 1497      7400
 1498              	.LASF3:
 1499 017f 73686F72 		.ascii	"short unsigned int\000"
 1499      7420756E 
 1499      7369676E 
 1499      65642069 
ARM GAS  C:\Users\Chris\AppData\Local\Temp\ccVV10g5.s 			page 30


 1499      6E7400
 1500              	.LASF36:
 1501 0192 4144435F 		.ascii	"ADC_calR_Init\000"
 1501      63616C52 
 1501      5F496E69 
 1501      7400
 1502              	.LASF21:
 1503 01a0 73746F70 		.ascii	"stop\000"
 1503      00
 1504              	.LASF47:
 1505 01a5 49544D5F 		.ascii	"ITM_RxBuffer\000"
 1505      52784275 
 1505      66666572 
 1505      00
 1506              	.LASF1:
 1507 01b2 756E7369 		.ascii	"unsigned char\000"
 1507      676E6564 
 1507      20636861 
 1507      7200
 1508              	.LASF12:
 1509 01c0 646F7562 		.ascii	"double\000"
 1509      6C6500
 1510              	.LASF46:
 1511 01c7 6D61696E 		.ascii	"main\000"
 1511      00
 1512              	.LASF38:
 1513 01cc 4144435F 		.ascii	"ADC_calR_Start\000"
 1513      63616C52 
 1513      5F537461 
 1513      727400
 1514              	.LASF34:
 1515 01db 4D6F746F 		.ascii	"Motorpwm_Left_Start\000"
 1515      7270776D 
 1515      5F4C6566 
 1515      745F5374 
 1515      61727400 
 1516              	.LASF33:
 1517 01ef 4D6F746F 		.ascii	"Motorpwm_right_Start\000"
 1517      7270776D 
 1517      5F726967 
 1517      68745F53 
 1517      74617274 
 1518              	.LASF42:
 1519 0204 4144435F 		.ascii	"ADC_calR_GetResult8\000"
 1519      63616C52 
 1519      5F476574 
 1519      52657375 
 1519      6C743800 
 1520              	.LASF8:
 1521 0218 756E7369 		.ascii	"unsigned int\000"
 1521      676E6564 
 1521      20696E74 
 1521      00
 1522              	.LASF7:
 1523 0225 6C6F6E67 		.ascii	"long long unsigned int\000"
 1523      206C6F6E 
 1523      6720756E 
ARM GAS  C:\Users\Chris\AppData\Local\Temp\ccVV10g5.s 			page 31


 1523      7369676E 
 1523      65642069 
 1524              	.LASF31:
 1525 023c 4D6F746F 		.ascii	"Motorpwm_Left_Init\000"
 1525      7270776D 
 1525      5F4C6566 
 1525      745F496E 
 1525      697400
 1526              	.LASF30:
 1527 024f 456E6162 		.ascii	"Enable_Left_Write\000"
 1527      6C655F4C 
 1527      6566745F 
 1527      57726974 
 1527      6500
 1528              	.LASF24:
 1529 0261 6472656A 		.ascii	"drejVenstre\000"
 1529      56656E73 
 1529      74726500 
 1530              	.LASF16:
 1531 026d 63616C4C 		.ascii	"calL\000"
 1531      00
 1532              	.LASF20:
 1533 0272 66617374 		.ascii	"fastStop\000"
 1533      53746F70 
 1533      00
 1534              	.LASF32:
 1535 027b 4D6F746F 		.ascii	"Motorpwm_right_Init\000"
 1535      7270776D 
 1535      5F726967 
 1535      68745F49 
 1535      6E697400 
 1536              	.LASF27:
 1537 028f 4D6F746F 		.ascii	"Motorpwm_Left_WriteCompare\000"
 1537      7270776D 
 1537      5F4C6566 
 1537      745F5772 
 1537      69746543 
 1538              	.LASF15:
 1539 02aa 73697A65 		.ascii	"sizetype\000"
 1539      74797065 
 1539      00
 1540              	.LASF6:
 1541 02b3 6C6F6E67 		.ascii	"long long int\000"
 1541      206C6F6E 
 1541      6720696E 
 1541      7400
 1542              	.LASF17:
 1543 02c1 63616C52 		.ascii	"calR\000"
 1543      00
 1544              	.LASF44:
 1545 02c6 6D61696E 		.ascii	"main.c\000"
 1545      2E6300
 1546              	.LASF13:
 1547 02cd 63686172 		.ascii	"char\000"
 1547      00
 1548              	.LASF2:
 1549 02d2 73686F72 		.ascii	"short int\000"
ARM GAS  C:\Users\Chris\AppData\Local\Temp\ccVV10g5.s 			page 32


 1549      7420696E 
 1549      7400
 1550              	.LASF18:
 1551 02dc 50574D4C 		.ascii	"PWML\000"
 1551      00
 1552              	.LASF19:
 1553 02e1 50574D52 		.ascii	"PWMR\000"
 1553      00
 1554              	.LASF4:
 1555 02e6 6C6F6E67 		.ascii	"long int\000"
 1555      20696E74 
 1555      00
 1556              	.LASF14:
 1557 02ef 6C6F6E67 		.ascii	"long double\000"
 1557      20646F75 
 1557      626C6500 
 1558              	.LASF0:
 1559 02fb 7369676E 		.ascii	"signed char\000"
 1559      65642063 
 1559      68617200 
 1560              	.LASF35:
 1561 0307 4144435F 		.ascii	"ADC_calL_Init\000"
 1561      63616C4C 
 1561      5F496E69 
 1561      7400
 1562              	.LASF22:
 1563 0315 6B6F7246 		.ascii	"korFrem\000"
 1563      72656D00 
 1564              	.LASF37:
 1565 031d 4144435F 		.ascii	"ADC_calL_Start\000"
 1565      63616C4C 
 1565      5F537461 
 1565      727400
 1566              	.LASF39:
 1567 032c 4144435F 		.ascii	"ADC_calL_StartConvert\000"
 1567      63616C4C 
 1567      5F537461 
 1567      7274436F 
 1567      6E766572 
 1568              	.LASF41:
 1569 0342 4144435F 		.ascii	"ADC_calL_GetResult8\000"
 1569      63616C4C 
 1569      5F476574 
 1569      52657375 
 1569      6C743800 
 1570              		.ident	"GCC: (GNU Tools for ARM Embedded Processors) 5.4.1 20160609 (release) [ARM/embedded-5-bran
