ARM GAS  C:\Users\andre\AppData\Local\Temp\ccaks6AG.s 			page 1


   1              		.syntax unified
   2              		.cpu cortex-m3
   3              		.fpu softvfp
   4              		.eabi_attribute 20, 1
   5              		.eabi_attribute 21, 1
   6              		.eabi_attribute 23, 3
   7              		.eabi_attribute 24, 1
   8              		.eabi_attribute 25, 1
   9              		.eabi_attribute 26, 1
  10              		.eabi_attribute 30, 1
  11              		.eabi_attribute 34, 1
  12              		.eabi_attribute 18, 4
  13              		.thumb
  14              		.syntax unified
  15              		.file	"cymetadata.c"
  16              		.text
  17              	.Ltext0:
  18              		.cfi_sections	.debug_frame
  19              		.global	cy_metadata
  20              		.global	cy_meta_flashprotect
  21              		.global	cy_meta_wonvl
  22              		.global	cy_meta_custnvl
  23              		.global	cy_meta_configecc
  24              		.section	.cyconfigecc,"a",%progbits
  25              		.align	2
  26              		.type	cy_meta_configecc, %object
  27              		.size	cy_meta_configecc, 2312
  28              	cy_meta_configecc:
  29 0000 06       		.byte	6
  30 0001 52       		.byte	82
  31 0002 00       		.byte	0
  32 0003 40       		.byte	64
  33 0004 01       		.byte	1
  34 0005 5B       		.byte	91
  35 0006 00       		.byte	0
  36 0007 40       		.byte	64
  37 0008 05       		.byte	5
  38 0009 64       		.byte	100
  39 000a 00       		.byte	0
  40 000b 40       		.byte	64
  41 000c 03       		.byte	3
  42 000d 65       		.byte	101
  43 000e 00       		.byte	0
  44 000f 40       		.byte	64
  45 0010 04       		.byte	4
  46 0011 07       		.byte	7
  47 0012 01       		.byte	1
  48 0013 40       		.byte	64
  49 0014 58       		.byte	88
  50 0015 08       		.byte	8
  51 0016 01       		.byte	1
  52 0017 40       		.byte	64
  53 0018 4E       		.byte	78
  54 0019 09       		.byte	9
  55 001a 01       		.byte	1
  56 001b 40       		.byte	64
  57 001c 4C       		.byte	76
ARM GAS  C:\Users\andre\AppData\Local\Temp\ccaks6AG.s 			page 2


  58 001d 0A       		.byte	10
  59 001e 01       		.byte	1
  60 001f 40       		.byte	64
  61 0020 47       		.byte	71
  62 0021 0B       		.byte	11
  63 0022 01       		.byte	1
  64 0023 40       		.byte	64
  65 0024 59       		.byte	89
  66 0025 0C       		.byte	12
  67 0026 01       		.byte	1
  68 0027 40       		.byte	64
  69 0028 49       		.byte	73
  70 0029 0D       		.byte	13
  71 002a 01       		.byte	1
  72 002b 40       		.byte	64
  73 002c 4A       		.byte	74
  74 002d 0E       		.byte	14
  75 002e 01       		.byte	1
  76 002f 40       		.byte	64
  77 0030 31       		.byte	49
  78 0031 0F       		.byte	15
  79 0032 01       		.byte	1
  80 0033 40       		.byte	64
  81 0034 05       		.byte	5
  82 0035 15       		.byte	21
  83 0036 01       		.byte	1
  84 0037 40       		.byte	64
  85 0038 03       		.byte	3
  86 0039 17       		.byte	23
  87 003a 01       		.byte	1
  88 003b 40       		.byte	64
  89 003c 50       		.byte	80
  90 003d 18       		.byte	24
  91 003e 01       		.byte	1
  92 003f 40       		.byte	64
  93 0040 47       		.byte	71
  94 0041 19       		.byte	25
  95 0042 01       		.byte	1
  96 0043 40       		.byte	64
  97 0044 45       		.byte	69
  98 0045 1A       		.byte	26
  99 0046 01       		.byte	1
 100 0047 40       		.byte	64
 101 0048 45       		.byte	69
 102 0049 1B       		.byte	27
 103 004a 01       		.byte	1
 104 004b 40       		.byte	64
 105 004c 09       		.byte	9
 106 004d 40       		.byte	64
 107 004e 01       		.byte	1
 108 004f 40       		.byte	64
 109 0050 04       		.byte	4
 110 0051 41       		.byte	65
 111 0052 01       		.byte	1
 112 0053 40       		.byte	64
 113 0054 06       		.byte	6
 114 0055 42       		.byte	66
ARM GAS  C:\Users\andre\AppData\Local\Temp\ccaks6AG.s 			page 3


 115 0056 01       		.byte	1
 116 0057 40       		.byte	64
 117 0058 0D       		.byte	13
 118 0059 43       		.byte	67
 119 005a 01       		.byte	1
 120 005b 40       		.byte	64
 121 005c 03       		.byte	3
 122 005d 44       		.byte	68
 123 005e 01       		.byte	1
 124 005f 40       		.byte	64
 125 0060 15       		.byte	21
 126 0061 45       		.byte	69
 127 0062 01       		.byte	1
 128 0063 40       		.byte	64
 129 0064 0B       		.byte	11
 130 0065 46       		.byte	70
 131 0066 01       		.byte	1
 132 0067 40       		.byte	64
 133 0068 05       		.byte	5
 134 0069 47       		.byte	71
 135 006a 01       		.byte	1
 136 006b 40       		.byte	64
 137 006c 0E       		.byte	14
 138 006d 48       		.byte	72
 139 006e 01       		.byte	1
 140 006f 40       		.byte	64
 141 0070 1A       		.byte	26
 142 0071 49       		.byte	73
 143 0072 01       		.byte	1
 144 0073 40       		.byte	64
 145 0074 11       		.byte	17
 146 0075 4C       		.byte	76
 147 0076 01       		.byte	1
 148 0077 40       		.byte	64
 149 0078 0D       		.byte	13
 150 0079 4D       		.byte	77
 151 007a 01       		.byte	1
 152 007b 40       		.byte	64
 153 007c 05       		.byte	5
 154 007d 50       		.byte	80
 155 007e 01       		.byte	1
 156 007f 40       		.byte	64
 157 0080 03       		.byte	3
 158 0081 51       		.byte	81
 159 0082 01       		.byte	1
 160 0083 40       		.byte	64
 161 0084 08       		.byte	8
 162 0085 40       		.byte	64
 163 0086 09       		.byte	9
 164 0087 40       		.byte	64
 165 0088 10       		.byte	16
 166 0089 1C       		.byte	28
 167 008a 11       		.byte	17
 168 008b 1A       		.byte	26
 169 008c 18       		.byte	24
 170 008d 03       		.byte	3
 171 008e 19       		.byte	25
ARM GAS  C:\Users\andre\AppData\Local\Temp\ccaks6AG.s 			page 4


 172 008f 09       		.byte	9
 173 0090 27       		.byte	39
 174 0091 21       		.byte	33
 175 0092 88       		.byte	-120
 176 0093 0F       		.byte	15
 177 0094 8B       		.byte	-117
 178 0095 47       		.byte	71
 179 0096 8C       		.byte	-116
 180 0097 0D       		.byte	13
 181 0098 8D       		.byte	-115
 182 0099 0D       		.byte	13
 183 009a 8E       		.byte	-114
 184 009b 07       		.byte	7
 185 009c 89       		.byte	-119
 186 009d 78       		.byte	120
 187 009e 8A       		.byte	-118
 188 009f 72       		.byte	114
 189 00a0 8B       		.byte	-117
 190 00a1 38       		.byte	56
 191 00a2 E2       		.byte	-30
 192 00a3 04       		.byte	4
 193 00a4 E6       		.byte	-26
 194 00a5 20       		.byte	32
 195 00a6 E8       		.byte	-24
 196 00a7 10       		.byte	16
 197 00a8 EE       		.byte	-18
 198 00a9 01       		.byte	1
 199 00aa 02       		.byte	2
 200 00ab 95       		.byte	-107
 201 00ac 06       		.byte	6
 202 00ad 55       		.byte	85
 203 00ae 07       		.byte	7
 204 00af F3       		.byte	-13
 205 00b0 09       		.byte	9
 206 00b1 56       		.byte	86
 207 00b2 0A       		.byte	10
 208 00b3 55       		.byte	85
 209 00b4 0B       		.byte	11
 210 00b5 A9       		.byte	-87
 211 00b6 11       		.byte	17
 212 00b7 24       		.byte	36
 213 00b8 12       		.byte	18
 214 00b9 55       		.byte	85
 215 00ba 13       		.byte	19
 216 00bb 18       		.byte	24
 217 00bc 16       		.byte	22
 218 00bd 02       		.byte	2
 219 00be 1A       		.byte	26
 220 00bf 09       		.byte	9
 221 00c0 1E       		.byte	30
 222 00c1 25       		.byte	37
 223 00c2 20       		.byte	32
 224 00c3 55       		.byte	85
 225 00c4 22       		.byte	34
 226 00c5 AA       		.byte	-86
 227 00c6 26       		.byte	38
 228 00c7 55       		.byte	85
ARM GAS  C:\Users\andre\AppData\Local\Temp\ccaks6AG.s 			page 5


 229 00c8 29       		.byte	41
 230 00c9 41       		.byte	65
 231 00ca 2A       		.byte	42
 232 00cb 55       		.byte	85
 233 00cc 2B       		.byte	43
 234 00cd 82       		.byte	-126
 235 00ce 30       		.byte	48
 236 00cf C0       		.byte	-64
 237 00d0 31       		.byte	49
 238 00d1 C0       		.byte	-64
 239 00d2 32       		.byte	50
 240 00d3 03       		.byte	3
 241 00d4 33       		.byte	51
 242 00d5 0C       		.byte	12
 243 00d6 34       		.byte	52
 244 00d7 0C       		.byte	12
 245 00d8 35       		.byte	53
 246 00d9 03       		.byte	3
 247 00da 36       		.byte	54
 248 00db 30       		.byte	48
 249 00dc 37       		.byte	55
 250 00dd 30       		.byte	48
 251 00de 3A       		.byte	58
 252 00df AA       		.byte	-86
 253 00e0 3F       		.byte	63
 254 00e1 55       		.byte	85
 255 00e2 54       		.byte	84
 256 00e3 01       		.byte	1
 257 00e4 58       		.byte	88
 258 00e5 04       		.byte	4
 259 00e6 59       		.byte	89
 260 00e7 04       		.byte	4
 261 00e8 5B       		.byte	91
 262 00e9 04       		.byte	4
 263 00ea 5C       		.byte	92
 264 00eb 08       		.byte	8
 265 00ec 5D       		.byte	93
 266 00ed 10       		.byte	16
 267 00ee 5F       		.byte	95
 268 00ef 11       		.byte	17
 269 00f0 80       		.byte	-128
 270 00f1 73       		.byte	115
 271 00f2 82       		.byte	-126
 272 00f3 0C       		.byte	12
 273 00f4 88       		.byte	-120
 274 00f5 73       		.byte	115
 275 00f6 89       		.byte	-119
 276 00f7 11       		.byte	17
 277 00f8 8A       		.byte	-118
 278 00f9 04       		.byte	4
 279 00fa 8B       		.byte	-117
 280 00fb 0E       		.byte	14
 281 00fc 8E       		.byte	-114
 282 00fd 08       		.byte	8
 283 00fe 95       		.byte	-107
 284 00ff 0C       		.byte	12
 285 0100 97       		.byte	-105
ARM GAS  C:\Users\andre\AppData\Local\Temp\ccaks6AG.s 			page 6


 286 0101 13       		.byte	19
 287 0102 98       		.byte	-104
 288 0103 2A       		.byte	42
 289 0104 9A       		.byte	-102
 290 0105 44       		.byte	68
 291 0106 9B       		.byte	-101
 292 0107 13       		.byte	19
 293 0108 9C       		.byte	-100
 294 0109 03       		.byte	3
 295 010a 9E       		.byte	-98
 296 010b 04       		.byte	4
 297 010c 9F       		.byte	-97
 298 010d 10       		.byte	16
 299 010e A1       		.byte	-95
 300 010f 11       		.byte	17
 301 0110 A3       		.byte	-93
 302 0111 06       		.byte	6
 303 0112 A4       		.byte	-92
 304 0113 80       		.byte	-128
 305 0114 A6       		.byte	-90
 306 0115 15       		.byte	21
 307 0116 AB       		.byte	-85
 308 0117 08       		.byte	8
 309 0118 AF       		.byte	-81
 310 0119 0C       		.byte	12
 311 011a B0       		.byte	-80
 312 011b 0F       		.byte	15
 313 011c B1       		.byte	-79
 314 011d 10       		.byte	16
 315 011e B3       		.byte	-77
 316 011f 0F       		.byte	15
 317 0120 B4       		.byte	-76
 318 0121 30       		.byte	48
 319 0122 B6       		.byte	-74
 320 0123 C0       		.byte	-64
 321 0124 B8       		.byte	-72
 322 0125 A0       		.byte	-96
 323 0126 BA       		.byte	-70
 324 0127 02       		.byte	2
 325 0128 BB       		.byte	-69
 326 0129 88       		.byte	-120
 327 012a BE       		.byte	-66
 328 012b 10       		.byte	16
 329 012c BF       		.byte	-65
 330 012d 01       		.byte	1
 331 012e C0       		.byte	-64
 332 012f 02       		.byte	2
 333 0130 C6       		.byte	-58
 334 0131 40       		.byte	64
 335 0132 C9       		.byte	-55
 336 0133 FF       		.byte	-1
 337 0134 CA       		.byte	-54
 338 0135 07       		.byte	7
 339 0136 CB       		.byte	-53
 340 0137 FF       		.byte	-1
 341 0138 CC       		.byte	-52
 342 0139 40       		.byte	64
ARM GAS  C:\Users\andre\AppData\Local\Temp\ccaks6AG.s 			page 7


 343 013a CD       		.byte	-51
 344 013b 20       		.byte	32
 345 013c CE       		.byte	-50
 346 013d F0       		.byte	-16
 347 013e CF       		.byte	-49
 348 013f 05       		.byte	5
 349 0140 D0       		.byte	-48
 350 0141 08       		.byte	8
 351 0142 D2       		.byte	-46
 352 0143 80       		.byte	-128
 353 0144 D8       		.byte	-40
 354 0145 04       		.byte	4
 355 0146 D9       		.byte	-39
 356 0147 04       		.byte	4
 357 0148 DA       		.byte	-38
 358 0149 04       		.byte	4
 359 014a DB       		.byte	-37
 360 014b 04       		.byte	4
 361 014c DC       		.byte	-36
 362 014d 11       		.byte	17
 363 014e DD       		.byte	-35
 364 014f 01       		.byte	1
 365 0150 DF       		.byte	-33
 366 0151 01       		.byte	1
 367 0152 E0       		.byte	-32
 368 0153 40       		.byte	64
 369 0154 E1       		.byte	-31
 370 0155 A8       		.byte	-88
 371 0156 E2       		.byte	-30
 372 0157 40       		.byte	64
 373 0158 E3       		.byte	-29
 374 0159 20       		.byte	32
 375 015a 00       		.byte	0
 376 015b 20       		.byte	32
 377 015c 01       		.byte	1
 378 015d 92       		.byte	-110
 379 015e 04       		.byte	4
 380 015f 08       		.byte	8
 381 0160 05       		.byte	5
 382 0161 01       		.byte	1
 383 0162 07       		.byte	7
 384 0163 04       		.byte	4
 385 0164 09       		.byte	9
 386 0165 80       		.byte	-128
 387 0166 0A       		.byte	10
 388 0167 08       		.byte	8
 389 0168 0D       		.byte	13
 390 0169 08       		.byte	8
 391 016a 0E       		.byte	14
 392 016b 86       		.byte	-122
 393 016c 10       		.byte	16
 394 016d 20       		.byte	32
 395 016e 14       		.byte	20
 396 016f 10       		.byte	16
 397 0170 16       		.byte	22
 398 0171 80       		.byte	-128
 399 0172 17       		.byte	23
ARM GAS  C:\Users\andre\AppData\Local\Temp\ccaks6AG.s 			page 8


 400 0173 20       		.byte	32
 401 0174 18       		.byte	24
 402 0175 04       		.byte	4
 403 0176 19       		.byte	25
 404 0177 C2       		.byte	-62
 405 0178 1D       		.byte	29
 406 0179 0D       		.byte	13
 407 017a 1E       		.byte	30
 408 017b 06       		.byte	6
 409 017c 20       		.byte	32
 410 017d 40       		.byte	64
 411 017e 22       		.byte	34
 412 017f 44       		.byte	68
 413 0180 25       		.byte	37
 414 0181 01       		.byte	1
 415 0182 26       		.byte	38
 416 0183 10       		.byte	16
 417 0184 27       		.byte	39
 418 0185 11       		.byte	17
 419 0186 29       		.byte	41
 420 0187 42       		.byte	66
 421 0188 2A       		.byte	42
 422 0189 12       		.byte	18
 423 018a 2C       		.byte	44
 424 018b 20       		.byte	32
 425 018c 2E       		.byte	46
 426 018d 08       		.byte	8
 427 018e 2F       		.byte	47
 428 018f 08       		.byte	8
 429 0190 30       		.byte	48
 430 0191 20       		.byte	32
 431 0192 31       		.byte	49
 432 0193 80       		.byte	-128
 433 0194 32       		.byte	50
 434 0195 04       		.byte	4
 435 0196 34       		.byte	52
 436 0197 22       		.byte	34
 437 0198 36       		.byte	54
 438 0199 22       		.byte	34
 439 019a 39       		.byte	57
 440 019b 10       		.byte	16
 441 019c 3D       		.byte	61
 442 019d 28       		.byte	40
 443 019e 3E       		.byte	62
 444 019f 20       		.byte	32
 445 01a0 40       		.byte	64
 446 01a1 04       		.byte	4
 447 01a2 48       		.byte	72
 448 01a3 20       		.byte	32
 449 01a4 52       		.byte	82
 450 01a5 10       		.byte	16
 451 01a6 5C       		.byte	92
 452 01a7 50       		.byte	80
 453 01a8 5F       		.byte	95
 454 01a9 09       		.byte	9
 455 01aa 73       		.byte	115
 456 01ab 40       		.byte	64
ARM GAS  C:\Users\andre\AppData\Local\Temp\ccaks6AG.s 			page 9


 457 01ac 7F       		.byte	127
 458 01ad 04       		.byte	4
 459 01ae 83       		.byte	-125
 460 01af 10       		.byte	16
 461 01b0 89       		.byte	-119
 462 01b1 01       		.byte	1
 463 01b2 8B       		.byte	-117
 464 01b3 01       		.byte	1
 465 01b4 90       		.byte	-112
 466 01b5 08       		.byte	8
 467 01b6 92       		.byte	-110
 468 01b7 01       		.byte	1
 469 01b8 93       		.byte	-109
 470 01b9 09       		.byte	9
 471 01ba 95       		.byte	-107
 472 01bb 02       		.byte	2
 473 01bc 96       		.byte	-106
 474 01bd 08       		.byte	8
 475 01be 97       		.byte	-105
 476 01bf 40       		.byte	64
 477 01c0 98       		.byte	-104
 478 01c1 10       		.byte	16
 479 01c2 9A       		.byte	-102
 480 01c3 40       		.byte	64
 481 01c4 9B       		.byte	-101
 482 01c5 0C       		.byte	12
 483 01c6 9C       		.byte	-100
 484 01c7 02       		.byte	2
 485 01c8 9D       		.byte	-99
 486 01c9 40       		.byte	64
 487 01ca 9E       		.byte	-98
 488 01cb BA       		.byte	-70
 489 01cc A0       		.byte	-96
 490 01cd 10       		.byte	16
 491 01ce A1       		.byte	-95
 492 01cf 80       		.byte	-128
 493 01d0 A2       		.byte	-94
 494 01d1 64       		.byte	100
 495 01d2 A3       		.byte	-93
 496 01d3 24       		.byte	36
 497 01d4 A5       		.byte	-91
 498 01d5 04       		.byte	4
 499 01d6 A6       		.byte	-90
 500 01d7 80       		.byte	-128
 501 01d8 AC       		.byte	-84
 502 01d9 01       		.byte	1
 503 01da AF       		.byte	-81
 504 01db 04       		.byte	4
 505 01dc B4       		.byte	-76
 506 01dd 80       		.byte	-128
 507 01de C0       		.byte	-64
 508 01df 7B       		.byte	123
 509 01e0 C2       		.byte	-62
 510 01e1 F3       		.byte	-13
 511 01e2 C4       		.byte	-60
 512 01e3 74       		.byte	116
 513 01e4 CA       		.byte	-54
ARM GAS  C:\Users\andre\AppData\Local\Temp\ccaks6AG.s 			page 10


 514 01e5 2D       		.byte	45
 515 01e6 CC       		.byte	-52
 516 01e7 8E       		.byte	-114
 517 01e8 CE       		.byte	-50
 518 01e9 64       		.byte	100
 519 01ea D0       		.byte	-48
 520 01eb 04       		.byte	4
 521 01ec D6       		.byte	-42
 522 01ed F0       		.byte	-16
 523 01ee DE       		.byte	-34
 524 01ef 20       		.byte	32
 525 01f0 E6       		.byte	-26
 526 01f1 20       		.byte	32
 527 01f2 E8       		.byte	-24
 528 01f3 10       		.byte	16
 529 01f4 EE       		.byte	-18
 530 01f5 01       		.byte	1
 531 01f6 00       		.byte	0
 532 01f7 02       		.byte	2
 533 01f8 07       		.byte	7
 534 01f9 20       		.byte	32
 535 01fa 09       		.byte	9
 536 01fb 0C       		.byte	12
 537 01fc 0A       		.byte	10
 538 01fd 05       		.byte	5
 539 01fe 0B       		.byte	11
 540 01ff 71       		.byte	113
 541 0200 0F       		.byte	15
 542 0201 03       		.byte	3
 543 0202 12       		.byte	18
 544 0203 01       		.byte	1
 545 0204 14       		.byte	20
 546 0205 05       		.byte	5
 547 0206 15       		.byte	21
 548 0207 DC       		.byte	-36
 549 0208 17       		.byte	23
 550 0209 22       		.byte	34
 551 020a 19       		.byte	25
 552 020b 14       		.byte	20
 553 020c 21       		.byte	33
 554 020d 10       		.byte	16
 555 020e 23       		.byte	35
 556 020f AC       		.byte	-84
 557 0210 29       		.byte	41
 558 0211 10       		.byte	16
 559 0212 2B       		.byte	43
 560 0213 40       		.byte	64
 561 0214 2D       		.byte	45
 562 0215 09       		.byte	9
 563 0216 2F       		.byte	47
 564 0217 D0       		.byte	-48
 565 0218 30       		.byte	48
 566 0219 01       		.byte	1
 567 021a 32       		.byte	50
 568 021b 04       		.byte	4
 569 021c 33       		.byte	51
 570 021d E0       		.byte	-32
ARM GAS  C:\Users\andre\AppData\Local\Temp\ccaks6AG.s 			page 11


 571 021e 34       		.byte	52
 572 021f 02       		.byte	2
 573 0220 37       		.byte	55
 574 0221 1F       		.byte	31
 575 0222 3B       		.byte	59
 576 0223 08       		.byte	8
 577 0224 3E       		.byte	62
 578 0225 15       		.byte	21
 579 0226 40       		.byte	64
 580 0227 12       		.byte	18
 581 0228 41       		.byte	65
 582 0229 03       		.byte	3
 583 022a 45       		.byte	69
 584 022b E0       		.byte	-32
 585 022c 46       		.byte	70
 586 022d BC       		.byte	-68
 587 022e 48       		.byte	72
 588 022f 0E       		.byte	14
 589 0230 49       		.byte	73
 590 0231 FF       		.byte	-1
 591 0232 4A       		.byte	74
 592 0233 FF       		.byte	-1
 593 0234 4B       		.byte	75
 594 0235 FF       		.byte	-1
 595 0236 4E       		.byte	78
 596 0237 F0       		.byte	-16
 597 0238 4F       		.byte	79
 598 0239 44       		.byte	68
 599 023a 50       		.byte	80
 600 023b 0C       		.byte	12
 601 023c 56       		.byte	86
 602 023d 08       		.byte	8
 603 023e 58       		.byte	88
 604 023f 04       		.byte	4
 605 0240 59       		.byte	89
 606 0241 04       		.byte	4
 607 0242 5A       		.byte	90
 608 0243 04       		.byte	4
 609 0244 5B       		.byte	91
 610 0245 04       		.byte	4
 611 0246 5C       		.byte	92
 612 0247 10       		.byte	16
 613 0248 5D       		.byte	93
 614 0249 21       		.byte	33
 615 024a 5F       		.byte	95
 616 024b 01       		.byte	1
 617 024c 66       		.byte	102
 618 024d C0       		.byte	-64
 619 024e 6A       		.byte	106
 620 024f 40       		.byte	64
 621 0250 6B       		.byte	107
 622 0251 02       		.byte	2
 623 0252 80       		.byte	-128
 624 0253 01       		.byte	1
 625 0254 82       		.byte	-126
 626 0255 02       		.byte	2
 627 0256 83       		.byte	-125
ARM GAS  C:\Users\andre\AppData\Local\Temp\ccaks6AG.s 			page 12


 628 0257 09       		.byte	9
 629 0258 85       		.byte	-123
 630 0259 40       		.byte	64
 631 025a 87       		.byte	-121
 632 025b 95       		.byte	-107
 633 025c 8F       		.byte	-113
 634 025d 25       		.byte	37
 635 025e 96       		.byte	-106
 636 025f 04       		.byte	4
 637 0260 97       		.byte	-105
 638 0261 02       		.byte	2
 639 0262 99       		.byte	-103
 640 0263 80       		.byte	-128
 641 0264 9B       		.byte	-101
 642 0265 55       		.byte	85
 643 0266 A2       		.byte	-94
 644 0267 02       		.byte	2
 645 0268 A6       		.byte	-90
 646 0269 01       		.byte	1
 647 026a AD       		.byte	-83
 648 026b D5       		.byte	-43
 649 026c AE       		.byte	-82
 650 026d 01       		.byte	1
 651 026e AF       		.byte	-81
 652 026f 2A       		.byte	42
 653 0270 B1       		.byte	-79
 654 0271 0C       		.byte	12
 655 0272 B2       		.byte	-78
 656 0273 03       		.byte	3
 657 0274 B3       		.byte	-77
 658 0275 C0       		.byte	-64
 659 0276 B4       		.byte	-76
 660 0277 04       		.byte	4
 661 0278 B5       		.byte	-75
 662 0279 03       		.byte	3
 663 027a B7       		.byte	-73
 664 027b 30       		.byte	48
 665 027c BB       		.byte	-69
 666 027d A2       		.byte	-94
 667 027e BE       		.byte	-66
 668 027f 04       		.byte	4
 669 0280 D4       		.byte	-44
 670 0281 41       		.byte	65
 671 0282 D8       		.byte	-40
 672 0283 04       		.byte	4
 673 0284 D9       		.byte	-39
 674 0285 04       		.byte	4
 675 0286 DB       		.byte	-37
 676 0287 04       		.byte	4
 677 0288 DC       		.byte	-36
 678 0289 80       		.byte	-128
 679 028a DD       		.byte	-35
 680 028b 20       		.byte	32
 681 028c DF       		.byte	-33
 682 028d 11       		.byte	17
 683 028e 00       		.byte	0
 684 028f 12       		.byte	18
ARM GAS  C:\Users\andre\AppData\Local\Temp\ccaks6AG.s 			page 13


 685 0290 01       		.byte	1
 686 0291 10       		.byte	16
 687 0292 06       		.byte	6
 688 0293 80       		.byte	-128
 689 0294 08       		.byte	8
 690 0295 01       		.byte	1
 691 0296 0A       		.byte	10
 692 0297 20       		.byte	32
 693 0298 0C       		.byte	12
 694 0299 08       		.byte	8
 695 029a 14       		.byte	20
 696 029b 82       		.byte	-126
 697 029c 16       		.byte	22
 698 029d 20       		.byte	32
 699 029e 18       		.byte	24
 700 029f 04       		.byte	4
 701 02a0 19       		.byte	25
 702 02a1 04       		.byte	4
 703 02a2 1A       		.byte	26
 704 02a3 40       		.byte	64
 705 02a4 1F       		.byte	31
 706 02a5 14       		.byte	20
 707 02a6 20       		.byte	32
 708 02a7 22       		.byte	34
 709 02a8 21       		.byte	33
 710 02a9 44       		.byte	68
 711 02aa 23       		.byte	35
 712 02ab 10       		.byte	16
 713 02ac 25       		.byte	37
 714 02ad 41       		.byte	65
 715 02ae 26       		.byte	38
 716 02af 44       		.byte	68
 717 02b0 27       		.byte	39
 718 02b1 14       		.byte	20
 719 02b2 29       		.byte	41
 720 02b3 40       		.byte	64
 721 02b4 2A       		.byte	42
 722 02b5 12       		.byte	18
 723 02b6 2E       		.byte	46
 724 02b7 80       		.byte	-128
 725 02b8 30       		.byte	48
 726 02b9 20       		.byte	32
 727 02ba 32       		.byte	50
 728 02bb 04       		.byte	4
 729 02bc 34       		.byte	52
 730 02bd 10       		.byte	16
 731 02be 37       		.byte	55
 732 02bf 14       		.byte	20
 733 02c0 39       		.byte	57
 734 02c1 80       		.byte	-128
 735 02c2 3A       		.byte	58
 736 02c3 08       		.byte	8
 737 02c4 3B       		.byte	59
 738 02c5 10       		.byte	16
 739 02c6 3D       		.byte	61
 740 02c7 8A       		.byte	-118
 741 02c8 41       		.byte	65
ARM GAS  C:\Users\andre\AppData\Local\Temp\ccaks6AG.s 			page 14


 742 02c9 04       		.byte	4
 743 02ca 42       		.byte	66
 744 02cb 0A       		.byte	10
 745 02cc 48       		.byte	72
 746 02cd 40       		.byte	64
 747 02ce 4B       		.byte	75
 748 02cf 01       		.byte	1
 749 02d0 50       		.byte	80
 750 02d1 20       		.byte	32
 751 02d2 51       		.byte	81
 752 02d3 80       		.byte	-128
 753 02d4 58       		.byte	88
 754 02d5 08       		.byte	8
 755 02d6 5A       		.byte	90
 756 02d7 90       		.byte	-112
 757 02d8 5E       		.byte	94
 758 02d9 60       		.byte	96
 759 02da 5F       		.byte	95
 760 02db 04       		.byte	4
 761 02dc 60       		.byte	96
 762 02dd 10       		.byte	16
 763 02de 62       		.byte	98
 764 02df 60       		.byte	96
 765 02e0 65       		.byte	101
 766 02e1 04       		.byte	4
 767 02e2 7F       		.byte	127
 768 02e3 04       		.byte	4
 769 02e4 80       		.byte	-128
 770 02e5 04       		.byte	4
 771 02e6 81       		.byte	-127
 772 02e7 01       		.byte	1
 773 02e8 8C       		.byte	-116
 774 02e9 04       		.byte	4
 775 02ea 92       		.byte	-110
 776 02eb B1       		.byte	-79
 777 02ec 95       		.byte	-107
 778 02ed 12       		.byte	18
 779 02ee 97       		.byte	-105
 780 02ef 60       		.byte	96
 781 02f0 98       		.byte	-104
 782 02f1 09       		.byte	9
 783 02f2 9B       		.byte	-101
 784 02f3 08       		.byte	8
 785 02f4 A0       		.byte	-96
 786 02f5 08       		.byte	8
 787 02f6 A2       		.byte	-94
 788 02f7 10       		.byte	16
 789 02f8 A3       		.byte	-93
 790 02f9 24       		.byte	36
 791 02fa A4       		.byte	-92
 792 02fb 40       		.byte	64
 793 02fc A6       		.byte	-90
 794 02fd 80       		.byte	-128
 795 02fe AA       		.byte	-86
 796 02ff 80       		.byte	-128
 797 0300 AF       		.byte	-81
 798 0301 40       		.byte	64
ARM GAS  C:\Users\andre\AppData\Local\Temp\ccaks6AG.s 			page 15


 799 0302 B7       		.byte	-73
 800 0303 01       		.byte	1
 801 0304 C0       		.byte	-64
 802 0305 1A       		.byte	26
 803 0306 C2       		.byte	-62
 804 0307 2C       		.byte	44
 805 0308 C4       		.byte	-60
 806 0309 B0       		.byte	-80
 807 030a CA       		.byte	-54
 808 030b 1D       		.byte	29
 809 030c CC       		.byte	-52
 810 030d 66       		.byte	102
 811 030e CE       		.byte	-50
 812 030f DE       		.byte	-34
 813 0310 D0       		.byte	-48
 814 0311 0E       		.byte	14
 815 0312 D6       		.byte	-42
 816 0313 7E       		.byte	126
 817 0314 D8       		.byte	-40
 818 0315 4E       		.byte	78
 819 0316 DE       		.byte	-34
 820 0317 20       		.byte	32
 821 0318 E8       		.byte	-24
 822 0319 08       		.byte	8
 823 031a EA       		.byte	-22
 824 031b 01       		.byte	1
 825 031c 07       		.byte	7
 826 031d 03       		.byte	3
 827 031e 0B       		.byte	11
 828 031f 08       		.byte	8
 829 0320 0E       		.byte	14
 830 0321 02       		.byte	2
 831 0322 17       		.byte	23
 832 0323 0A       		.byte	10
 833 0324 1D       		.byte	29
 834 0325 01       		.byte	1
 835 0326 22       		.byte	34
 836 0327 1D       		.byte	29
 837 0328 24       		.byte	36
 838 0329 01       		.byte	1
 839 032a 25       		.byte	37
 840 032b 04       		.byte	4
 841 032c 26       		.byte	38
 842 032d 04       		.byte	4
 843 032e 28       		.byte	40
 844 032f 08       		.byte	8
 845 0330 2A       		.byte	42
 846 0331 10       		.byte	16
 847 0332 2B       		.byte	43
 848 0333 04       		.byte	4
 849 0334 30       		.byte	48
 850 0335 0A       		.byte	10
 851 0336 31       		.byte	49
 852 0337 02       		.byte	2
 853 0338 32       		.byte	50
 854 0339 12       		.byte	18
 855 033a 33       		.byte	51
ARM GAS  C:\Users\andre\AppData\Local\Temp\ccaks6AG.s 			page 16


 856 033b 08       		.byte	8
 857 033c 34       		.byte	52
 858 033d 06       		.byte	6
 859 033e 35       		.byte	53
 860 033f 01       		.byte	1
 861 0340 36       		.byte	54
 862 0341 03       		.byte	3
 863 0342 37       		.byte	55
 864 0343 04       		.byte	4
 865 0344 3E       		.byte	62
 866 0345 55       		.byte	85
 867 0346 3F       		.byte	63
 868 0347 04       		.byte	4
 869 0348 40       		.byte	64
 870 0349 60       		.byte	96
 871 034a 41       		.byte	65
 872 034b 03       		.byte	3
 873 034c 45       		.byte	69
 874 034d D1       		.byte	-47
 875 034e 46       		.byte	70
 876 034f 20       		.byte	32
 877 0350 48       		.byte	72
 878 0351 0B       		.byte	11
 879 0352 49       		.byte	73
 880 0353 FF       		.byte	-1
 881 0354 4A       		.byte	74
 882 0355 FF       		.byte	-1
 883 0356 4B       		.byte	75
 884 0357 FF       		.byte	-1
 885 0358 4D       		.byte	77
 886 0359 A0       		.byte	-96
 887 035a 4F       		.byte	79
 888 035b 04       		.byte	4
 889 035c 50       		.byte	80
 890 035d 18       		.byte	24
 891 035e 54       		.byte	84
 892 035f 05       		.byte	5
 893 0360 58       		.byte	88
 894 0361 04       		.byte	4
 895 0362 59       		.byte	89
 896 0363 04       		.byte	4
 897 0364 5A       		.byte	90
 898 0365 04       		.byte	4
 899 0366 5B       		.byte	91
 900 0367 04       		.byte	4
 901 0368 5F       		.byte	95
 902 0369 01       		.byte	1
 903 036a 60       		.byte	96
 904 036b 40       		.byte	64
 905 036c 62       		.byte	98
 906 036d C0       		.byte	-64
 907 036e 64       		.byte	100
 908 036f 40       		.byte	64
 909 0370 65       		.byte	101
 910 0371 40       		.byte	64
 911 0372 66       		.byte	102
 912 0373 C0       		.byte	-64
ARM GAS  C:\Users\andre\AppData\Local\Temp\ccaks6AG.s 			page 17


 913 0374 68       		.byte	104
 914 0375 C0       		.byte	-64
 915 0376 6A       		.byte	106
 916 0377 C0       		.byte	-64
 917 0378 6C       		.byte	108
 918 0379 C0       		.byte	-64
 919 037a 6E       		.byte	110
 920 037b C0       		.byte	-64
 921 037c 80       		.byte	-128
 922 037d 02       		.byte	2
 923 037e 87       		.byte	-121
 924 037f 02       		.byte	2
 925 0380 8B       		.byte	-117
 926 0381 01       		.byte	1
 927 0382 92       		.byte	-110
 928 0383 01       		.byte	1
 929 0384 AD       		.byte	-83
 930 0385 02       		.byte	2
 931 0386 AE       		.byte	-82
 932 0387 04       		.byte	4
 933 0388 B0       		.byte	-80
 934 0389 04       		.byte	4
 935 038a B1       		.byte	-79
 936 038b 02       		.byte	2
 937 038c B2       		.byte	-78
 938 038d 01       		.byte	1
 939 038e B4       		.byte	-76
 940 038f 02       		.byte	2
 941 0390 B5       		.byte	-75
 942 0391 01       		.byte	1
 943 0392 BE       		.byte	-66
 944 0393 10       		.byte	16
 945 0394 BF       		.byte	-65
 946 0395 01       		.byte	1
 947 0396 C0       		.byte	-64
 948 0397 40       		.byte	64
 949 0398 C1       		.byte	-63
 950 0399 03       		.byte	3
 951 039a C5       		.byte	-59
 952 039b D2       		.byte	-46
 953 039c C7       		.byte	-57
 954 039d 01       		.byte	1
 955 039e C8       		.byte	-56
 956 039f 13       		.byte	19
 957 03a0 C9       		.byte	-55
 958 03a1 FF       		.byte	-1
 959 03a2 CA       		.byte	-54
 960 03a3 FF       		.byte	-1
 961 03a4 CB       		.byte	-53
 962 03a5 FF       		.byte	-1
 963 03a6 CD       		.byte	-51
 964 03a7 A0       		.byte	-96
 965 03a8 CF       		.byte	-49
 966 03a9 04       		.byte	4
 967 03aa D0       		.byte	-48
 968 03ab 18       		.byte	24
 969 03ac D2       		.byte	-46
ARM GAS  C:\Users\andre\AppData\Local\Temp\ccaks6AG.s 			page 18


 970 03ad 80       		.byte	-128
 971 03ae D4       		.byte	-44
 972 03af 05       		.byte	5
 973 03b0 D8       		.byte	-40
 974 03b1 04       		.byte	4
 975 03b2 D9       		.byte	-39
 976 03b3 04       		.byte	4
 977 03b4 DA       		.byte	-38
 978 03b5 04       		.byte	4
 979 03b6 DB       		.byte	-37
 980 03b7 04       		.byte	4
 981 03b8 DC       		.byte	-36
 982 03b9 20       		.byte	32
 983 03ba DF       		.byte	-33
 984 03bb 01       		.byte	1
 985 03bc E0       		.byte	-32
 986 03bd 40       		.byte	64
 987 03be E2       		.byte	-30
 988 03bf C0       		.byte	-64
 989 03c0 E4       		.byte	-28
 990 03c1 40       		.byte	64
 991 03c2 E5       		.byte	-27
 992 03c3 40       		.byte	64
 993 03c4 E6       		.byte	-26
 994 03c5 C0       		.byte	-64
 995 03c6 E8       		.byte	-24
 996 03c7 C0       		.byte	-64
 997 03c8 EA       		.byte	-22
 998 03c9 C0       		.byte	-64
 999 03ca EC       		.byte	-20
 1000 03cb C0       		.byte	-64
 1001 03cc EE       		.byte	-18
 1002 03cd C0       		.byte	-64
 1003 03ce 03       		.byte	3
 1004 03cf 80       		.byte	-128
 1005 03d0 07       		.byte	7
 1006 03d1 01       		.byte	1
 1007 03d2 09       		.byte	9
 1008 03d3 02       		.byte	2
 1009 03d4 13       		.byte	19
 1010 03d5 40       		.byte	64
 1011 03d6 15       		.byte	21
 1012 03d7 01       		.byte	1
 1013 03d8 17       		.byte	23
 1014 03d9 14       		.byte	20
 1015 03da 18       		.byte	24
 1016 03db 40       		.byte	64
 1017 03dc 19       		.byte	25
 1018 03dd 0A       		.byte	10
 1019 03de 1B       		.byte	27
 1020 03df 20       		.byte	32
 1021 03e0 1C       		.byte	28
 1022 03e1 28       		.byte	40
 1023 03e2 1F       		.byte	31
 1024 03e3 41       		.byte	65
 1025 03e4 22       		.byte	34
 1026 03e5 11       		.byte	17
ARM GAS  C:\Users\andre\AppData\Local\Temp\ccaks6AG.s 			page 19


 1027 03e6 24       		.byte	36
 1028 03e7 08       		.byte	8
 1029 03e8 25       		.byte	37
 1030 03e9 81       		.byte	-127
 1031 03ea 26       		.byte	38
 1032 03eb 04       		.byte	4
 1033 03ec 2A       		.byte	42
 1034 03ed 80       		.byte	-128
 1035 03ee 2E       		.byte	46
 1036 03ef 01       		.byte	1
 1037 03f0 2F       		.byte	47
 1038 03f1 98       		.byte	-104
 1039 03f2 30       		.byte	48
 1040 03f3 40       		.byte	64
 1041 03f4 31       		.byte	49
 1042 03f5 8C       		.byte	-116
 1043 03f6 35       		.byte	53
 1044 03f7 08       		.byte	8
 1045 03f8 36       		.byte	54
 1046 03f9 88       		.byte	-120
 1047 03fa 39       		.byte	57
 1048 03fb 18       		.byte	24
 1049 03fc 3F       		.byte	63
 1050 03fd 28       		.byte	40
 1051 03fe 40       		.byte	64
 1052 03ff 40       		.byte	64
 1053 0400 41       		.byte	65
 1054 0401 08       		.byte	8
 1055 0402 46       		.byte	70
 1056 0403 20       		.byte	32
 1057 0404 49       		.byte	73
 1058 0405 05       		.byte	5
 1059 0406 4E       		.byte	78
 1060 0407 08       		.byte	8
 1061 0408 4F       		.byte	79
 1062 0409 09       		.byte	9
 1063 040a 50       		.byte	80
 1064 040b 08       		.byte	8
 1065 040c 53       		.byte	83
 1066 040d 08       		.byte	8
 1067 040e 56       		.byte	86
 1068 040f 20       		.byte	32
 1069 0410 57       		.byte	87
 1070 0411 10       		.byte	16
 1071 0412 58       		.byte	88
 1072 0413 40       		.byte	64
 1073 0414 59       		.byte	89
 1074 0415 01       		.byte	1
 1075 0416 5A       		.byte	90
 1076 0417 08       		.byte	8
 1077 0418 5C       		.byte	92
 1078 0419 80       		.byte	-128
 1079 041a 5E       		.byte	94
 1080 041b 08       		.byte	8
 1081 041c 5F       		.byte	95
 1082 041d 01       		.byte	1
 1083 041e 6D       		.byte	109
ARM GAS  C:\Users\andre\AppData\Local\Temp\ccaks6AG.s 			page 20


 1084 041f 01       		.byte	1
 1085 0420 6F       		.byte	111
 1086 0421 15       		.byte	21
 1087 0422 71       		.byte	113
 1088 0423 02       		.byte	2
 1089 0424 86       		.byte	-122
 1090 0425 01       		.byte	1
 1091 0426 88       		.byte	-120
 1092 0427 14       		.byte	20
 1093 0428 8C       		.byte	-116
 1094 0429 84       		.byte	-124
 1095 042a 91       		.byte	-111
 1096 042b 08       		.byte	8
 1097 042c 92       		.byte	-110
 1098 042d 98       		.byte	-104
 1099 042e 95       		.byte	-107
 1100 042f 02       		.byte	2
 1101 0430 98       		.byte	-104
 1102 0431 09       		.byte	9
 1103 0432 9B       		.byte	-101
 1104 0433 08       		.byte	8
 1105 0434 9D       		.byte	-99
 1106 0435 06       		.byte	6
 1107 0436 9E       		.byte	-98
 1108 0437 80       		.byte	-128
 1109 0438 9F       		.byte	-97
 1110 0439 01       		.byte	1
 1111 043a A2       		.byte	-94
 1112 043b 10       		.byte	16
 1113 043c A3       		.byte	-93
 1114 043d 80       		.byte	-128
 1115 043e A4       		.byte	-92
 1116 043f 40       		.byte	64
 1117 0440 A5       		.byte	-91
 1118 0441 01       		.byte	1
 1119 0442 A7       		.byte	-89
 1120 0443 08       		.byte	8
 1121 0444 A8       		.byte	-88
 1122 0445 48       		.byte	72
 1123 0446 AE       		.byte	-82
 1124 0447 40       		.byte	64
 1125 0448 B3       		.byte	-77
 1126 0449 20       		.byte	32
 1127 044a C0       		.byte	-64
 1128 044b 88       		.byte	-120
 1129 044c C2       		.byte	-62
 1130 044d 08       		.byte	8
 1131 044e C4       		.byte	-60
 1132 044f 71       		.byte	113
 1133 0450 CA       		.byte	-54
 1134 0451 68       		.byte	104
 1135 0452 CC       		.byte	-52
 1136 0453 50       		.byte	80
 1137 0454 CE       		.byte	-50
 1138 0455 66       		.byte	102
 1139 0456 D0       		.byte	-48
 1140 0457 43       		.byte	67
ARM GAS  C:\Users\andre\AppData\Local\Temp\ccaks6AG.s 			page 21


 1141 0458 D2       		.byte	-46
 1142 0459 20       		.byte	32
 1143 045a D6       		.byte	-42
 1144 045b DB       		.byte	-37
 1145 045c E4       		.byte	-28
 1146 045d 02       		.byte	2
 1147 045e EA       		.byte	-22
 1148 045f 08       		.byte	8
 1149 0460 01       		.byte	1
 1150 0461 01       		.byte	1
 1151 0462 02       		.byte	2
 1152 0463 21       		.byte	33
 1153 0464 09       		.byte	9
 1154 0465 01       		.byte	1
 1155 0466 0A       		.byte	10
 1156 0467 1E       		.byte	30
 1157 0468 0C       		.byte	12
 1158 0469 40       		.byte	64
 1159 046a 0F       		.byte	15
 1160 046b 01       		.byte	1
 1161 046c 10       		.byte	16
 1162 046d 10       		.byte	16
 1163 046e 12       		.byte	18
 1164 046f 81       		.byte	-127
 1165 0470 16       		.byte	22
 1166 0471 80       		.byte	-128
 1167 0472 17       		.byte	23
 1168 0473 08       		.byte	8
 1169 0474 18       		.byte	24
 1170 0475 40       		.byte	64
 1171 0476 19       		.byte	25
 1172 0477 01       		.byte	1
 1173 0478 20       		.byte	32
 1174 0479 81       		.byte	-127
 1175 047a 22       		.byte	34
 1176 047b 02       		.byte	2
 1177 047c 23       		.byte	35
 1178 047d 0C       		.byte	12
 1179 047e 24       		.byte	36
 1180 047f 81       		.byte	-127
 1181 0480 26       		.byte	38
 1182 0481 04       		.byte	4
 1183 0482 28       		.byte	40
 1184 0483 81       		.byte	-127
 1185 0484 2A       		.byte	42
 1186 0485 08       		.byte	8
 1187 0486 2B       		.byte	43
 1188 0487 04       		.byte	4
 1189 0488 2D       		.byte	45
 1190 0489 02       		.byte	2
 1191 048a 30       		.byte	48
 1192 048b 80       		.byte	-128
 1193 048c 31       		.byte	49
 1194 048d 01       		.byte	1
 1195 048e 32       		.byte	50
 1196 048f 20       		.byte	32
 1197 0490 33       		.byte	51
ARM GAS  C:\Users\andre\AppData\Local\Temp\ccaks6AG.s 			page 22


 1198 0491 08       		.byte	8
 1199 0492 34       		.byte	52
 1200 0493 40       		.byte	64
 1201 0494 35       		.byte	53
 1202 0495 04       		.byte	4
 1203 0496 36       		.byte	54
 1204 0497 1F       		.byte	31
 1205 0498 37       		.byte	55
 1206 0499 02       		.byte	2
 1207 049a 38       		.byte	56
 1208 049b 20       		.byte	32
 1209 049c 3E       		.byte	62
 1210 049d 51       		.byte	81
 1211 049e 3F       		.byte	63
 1212 049f 45       		.byte	69
 1213 04a0 40       		.byte	64
 1214 04a1 04       		.byte	4
 1215 04a2 41       		.byte	65
 1216 04a3 05       		.byte	5
 1217 04a4 42       		.byte	66
 1218 04a5 40       		.byte	64
 1219 04a6 44       		.byte	68
 1220 04a7 01       		.byte	1
 1221 04a8 45       		.byte	69
 1222 04a9 CE       		.byte	-50
 1223 04aa 46       		.byte	70
 1224 04ab DF       		.byte	-33
 1225 04ac 47       		.byte	71
 1226 04ad 0B       		.byte	11
 1227 04ae 48       		.byte	72
 1228 04af 1F       		.byte	31
 1229 04b0 49       		.byte	73
 1230 04b1 FF       		.byte	-1
 1231 04b2 4A       		.byte	74
 1232 04b3 FF       		.byte	-1
 1233 04b4 4B       		.byte	75
 1234 04b5 FF       		.byte	-1
 1235 04b6 4C       		.byte	76
 1236 04b7 22       		.byte	34
 1237 04b8 4E       		.byte	78
 1238 04b9 F0       		.byte	-16
 1239 04ba 4F       		.byte	79
 1240 04bb 0C       		.byte	12
 1241 04bc 50       		.byte	80
 1242 04bd 8C       		.byte	-116
 1243 04be 51       		.byte	81
 1244 04bf 10       		.byte	16
 1245 04c0 56       		.byte	86
 1246 04c1 02       		.byte	2
 1247 04c2 57       		.byte	87
 1248 04c3 20       		.byte	32
 1249 04c4 58       		.byte	88
 1250 04c5 04       		.byte	4
 1251 04c6 59       		.byte	89
 1252 04c7 04       		.byte	4
 1253 04c8 5A       		.byte	90
 1254 04c9 24       		.byte	36
ARM GAS  C:\Users\andre\AppData\Local\Temp\ccaks6AG.s 			page 23


 1255 04ca 5B       		.byte	91
 1256 04cb 24       		.byte	36
 1257 04cc 5C       		.byte	92
 1258 04cd 08       		.byte	8
 1259 04ce 5D       		.byte	93
 1260 04cf 88       		.byte	-120
 1261 04d0 5E       		.byte	94
 1262 04d1 08       		.byte	8
 1263 04d2 5F       		.byte	95
 1264 04d3 31       		.byte	49
 1265 04d4 68       		.byte	104
 1266 04d5 40       		.byte	64
 1267 04d6 69       		.byte	105
 1268 04d7 01       		.byte	1
 1269 04d8 6A       		.byte	106
 1270 04d9 C0       		.byte	-64
 1271 04da 6B       		.byte	107
 1272 04db 01       		.byte	1
 1273 04dc 81       		.byte	-127
 1274 04dd 02       		.byte	2
 1275 04de 8D       		.byte	-115
 1276 04df 01       		.byte	1
 1277 04e0 91       		.byte	-111
 1278 04e1 02       		.byte	2
 1279 04e2 B3       		.byte	-77
 1280 04e3 02       		.byte	2
 1281 04e4 B5       		.byte	-75
 1282 04e5 01       		.byte	1
 1283 04e6 B9       		.byte	-71
 1284 04e7 08       		.byte	8
 1285 04e8 BF       		.byte	-65
 1286 04e9 14       		.byte	20
 1287 04ea D6       		.byte	-42
 1288 04eb 08       		.byte	8
 1289 04ec D9       		.byte	-39
 1290 04ed 04       		.byte	4
 1291 04ee DB       		.byte	-37
 1292 04ef 04       		.byte	4
 1293 04f0 DD       		.byte	-35
 1294 04f1 20       		.byte	32
 1295 04f2 DF       		.byte	-33
 1296 04f3 01       		.byte	1
 1297 04f4 00       		.byte	0
 1298 04f5 10       		.byte	16
 1299 04f6 02       		.byte	2
 1300 04f7 40       		.byte	64
 1301 04f8 03       		.byte	3
 1302 04f9 01       		.byte	1
 1303 04fa 09       		.byte	9
 1304 04fb 20       		.byte	32
 1305 04fc 0A       		.byte	10
 1306 04fd 50       		.byte	80
 1307 04fe 0B       		.byte	11
 1308 04ff 20       		.byte	32
 1309 0500 10       		.byte	16
 1310 0501 A8       		.byte	-88
 1311 0502 18       		.byte	24
ARM GAS  C:\Users\andre\AppData\Local\Temp\ccaks6AG.s 			page 24


 1312 0503 11       		.byte	17
 1313 0504 19       		.byte	25
 1314 0505 20       		.byte	32
 1315 0506 1A       		.byte	26
 1316 0507 80       		.byte	-128
 1317 0508 20       		.byte	32
 1318 0509 42       		.byte	66
 1319 050a 21       		.byte	33
 1320 050b 20       		.byte	32
 1321 050c 22       		.byte	34
 1322 050d 84       		.byte	-124
 1323 050e 27       		.byte	39
 1324 050f 28       		.byte	40
 1325 0510 29       		.byte	41
 1326 0511 02       		.byte	2
 1327 0512 2A       		.byte	42
 1328 0513 80       		.byte	-128
 1329 0514 2B       		.byte	43
 1330 0515 09       		.byte	9
 1331 0516 30       		.byte	48
 1332 0517 20       		.byte	32
 1333 0518 31       		.byte	49
 1334 0519 04       		.byte	4
 1335 051a 37       		.byte	55
 1336 051b 01       		.byte	1
 1337 051c 39       		.byte	57
 1338 051d 91       		.byte	-111
 1339 051e 3C       		.byte	60
 1340 051f 80       		.byte	-128
 1341 0520 3D       		.byte	61
 1342 0521 02       		.byte	2
 1343 0522 40       		.byte	64
 1344 0523 41       		.byte	65
 1345 0524 48       		.byte	72
 1346 0525 01       		.byte	1
 1347 0526 4A       		.byte	74
 1348 0527 50       		.byte	80
 1349 0528 51       		.byte	81
 1350 0529 04       		.byte	4
 1351 052a 53       		.byte	83
 1352 052b 90       		.byte	-112
 1353 052c 5E       		.byte	94
 1354 052d 80       		.byte	-128
 1355 052e 62       		.byte	98
 1356 052f 80       		.byte	-128
 1357 0530 64       		.byte	100
 1358 0531 01       		.byte	1
 1359 0532 68       		.byte	104
 1360 0533 A8       		.byte	-88
 1361 0534 69       		.byte	105
 1362 0535 91       		.byte	-111
 1363 0536 6A       		.byte	106
 1364 0537 40       		.byte	64
 1365 0538 79       		.byte	121
 1366 0539 02       		.byte	2
 1367 053a 7B       		.byte	123
 1368 053b 01       		.byte	1
ARM GAS  C:\Users\andre\AppData\Local\Temp\ccaks6AG.s 			page 25


 1369 053c 81       		.byte	-127
 1370 053d 20       		.byte	32
 1371 053e C0       		.byte	-64
 1372 053f 0B       		.byte	11
 1373 0540 C2       		.byte	-62
 1374 0541 0E       		.byte	14
 1375 0542 C4       		.byte	-60
 1376 0543 0E       		.byte	14
 1377 0544 CA       		.byte	-54
 1378 0545 0D       		.byte	13
 1379 0546 CC       		.byte	-52
 1380 0547 86       		.byte	-122
 1381 0548 CE       		.byte	-50
 1382 0549 9D       		.byte	-99
 1383 054a D0       		.byte	-48
 1384 054b 09       		.byte	9
 1385 054c D2       		.byte	-46
 1386 054d 08       		.byte	8
 1387 054e D6       		.byte	-42
 1388 054f 10       		.byte	16
 1389 0550 D8       		.byte	-40
 1390 0551 18       		.byte	24
 1391 0552 DE       		.byte	-34
 1392 0553 09       		.byte	9
 1393 0554 E4       		.byte	-28
 1394 0555 01       		.byte	1
 1395 0556 E0       		.byte	-32
 1396 0557 08       		.byte	8
 1397 0558 E4       		.byte	-28
 1398 0559 80       		.byte	-128
 1399 055a E6       		.byte	-26
 1400 055b 10       		.byte	16
 1401 055c EA       		.byte	-22
 1402 055d 09       		.byte	9
 1403 055e EE       		.byte	-18
 1404 055f 04       		.byte	4
 1405 0560 E2       		.byte	-30
 1406 0561 28       		.byte	40
 1407 0562 E6       		.byte	-26
 1408 0563 01       		.byte	1
 1409 0564 EE       		.byte	-18
 1410 0565 08       		.byte	8
 1411 0566 00       		.byte	0
 1412 0567 02       		.byte	2
 1413 0568 03       		.byte	3
 1414 0569 01       		.byte	1
 1415 056a 04       		.byte	4
 1416 056b 08       		.byte	8
 1417 056c 05       		.byte	5
 1418 056d 02       		.byte	2
 1419 056e 09       		.byte	9
 1420 056f 28       		.byte	40
 1421 0570 0A       		.byte	10
 1422 0571 01       		.byte	1
 1423 0572 0B       		.byte	11
 1424 0573 40       		.byte	64
 1425 0574 0E       		.byte	14
ARM GAS  C:\Users\andre\AppData\Local\Temp\ccaks6AG.s 			page 26


 1426 0575 02       		.byte	2
 1427 0576 10       		.byte	16
 1428 0577 10       		.byte	16
 1429 0578 11       		.byte	17
 1430 0579 50       		.byte	80
 1431 057a 13       		.byte	19
 1432 057b 28       		.byte	40
 1433 057c 15       		.byte	21
 1434 057d 01       		.byte	1
 1435 057e 16       		.byte	22
 1436 057f 10       		.byte	16
 1437 0580 18       		.byte	24
 1438 0581 20       		.byte	32
 1439 0582 19       		.byte	25
 1440 0583 08       		.byte	8
 1441 0584 1B       		.byte	27
 1442 0585 30       		.byte	48
 1443 0586 1C       		.byte	28
 1444 0587 01       		.byte	1
 1445 0588 22       		.byte	34
 1446 0589 04       		.byte	4
 1447 058a 23       		.byte	35
 1448 058b 04       		.byte	4
 1449 058c 24       		.byte	36
 1450 058d 04       		.byte	4
 1451 058e 2A       		.byte	42
 1452 058f 08       		.byte	8
 1453 0590 2B       		.byte	43
 1454 0591 02       		.byte	2
 1455 0592 2D       		.byte	45
 1456 0593 78       		.byte	120
 1457 0594 2E       		.byte	46
 1458 0595 20       		.byte	32
 1459 0596 31       		.byte	49
 1460 0597 18       		.byte	24
 1461 0598 33       		.byte	51
 1462 0599 07       		.byte	7
 1463 059a 35       		.byte	53
 1464 059b 60       		.byte	96
 1465 059c 36       		.byte	54
 1466 059d 3F       		.byte	63
 1467 059e 3E       		.byte	62
 1468 059f 40       		.byte	64
 1469 05a0 3F       		.byte	63
 1470 05a1 04       		.byte	4
 1471 05a2 58       		.byte	88
 1472 05a3 04       		.byte	4
 1473 05a4 59       		.byte	89
 1474 05a5 04       		.byte	4
 1475 05a6 5B       		.byte	91
 1476 05a7 04       		.byte	4
 1477 05a8 5C       		.byte	92
 1478 05a9 30       		.byte	48
 1479 05aa 5F       		.byte	95
 1480 05ab 01       		.byte	1
 1481 05ac 8C       		.byte	-116
 1482 05ad 42       		.byte	66
ARM GAS  C:\Users\andre\AppData\Local\Temp\ccaks6AG.s 			page 27


 1483 05ae 8E       		.byte	-114
 1484 05af 34       		.byte	52
 1485 05b0 90       		.byte	-112
 1486 05b1 20       		.byte	32
 1487 05b2 92       		.byte	-110
 1488 05b3 C8       		.byte	-56
 1489 05b4 9C       		.byte	-100
 1490 05b5 84       		.byte	-124
 1491 05b6 9E       		.byte	-98
 1492 05b7 32       		.byte	50
 1493 05b8 A4       		.byte	-92
 1494 05b9 E7       		.byte	-25
 1495 05ba A8       		.byte	-88
 1496 05bb E7       		.byte	-25
 1497 05bc AC       		.byte	-84
 1498 05bd 01       		.byte	1
 1499 05be B0       		.byte	-80
 1500 05bf E0       		.byte	-32
 1501 05c0 B2       		.byte	-78
 1502 05c1 18       		.byte	24
 1503 05c2 B4       		.byte	-76
 1504 05c3 01       		.byte	1
 1505 05c4 B6       		.byte	-74
 1506 05c5 06       		.byte	6
 1507 05c6 BE       		.byte	-66
 1508 05c7 04       		.byte	4
 1509 05c8 C0       		.byte	-64
 1510 05c9 36       		.byte	54
 1511 05ca C1       		.byte	-63
 1512 05cb 05       		.byte	5
 1513 05cc C2       		.byte	-62
 1514 05cd 02       		.byte	2
 1515 05ce C4       		.byte	-60
 1516 05cf 01       		.byte	1
 1517 05d0 C6       		.byte	-58
 1518 05d1 E0       		.byte	-32
 1519 05d2 C7       		.byte	-57
 1520 05d3 C0       		.byte	-64
 1521 05d4 C8       		.byte	-56
 1522 05d5 28       		.byte	40
 1523 05d6 C9       		.byte	-55
 1524 05d7 FF       		.byte	-1
 1525 05d8 CA       		.byte	-54
 1526 05d9 FF       		.byte	-1
 1527 05da CB       		.byte	-53
 1528 05db FF       		.byte	-1
 1529 05dc CC       		.byte	-52
 1530 05dd 62       		.byte	98
 1531 05de CD       		.byte	-51
 1532 05df A0       		.byte	-96
 1533 05e0 CE       		.byte	-50
 1534 05e1 F0       		.byte	-16
 1535 05e2 CF       		.byte	-49
 1536 05e3 41       		.byte	65
 1537 05e4 D0       		.byte	-48
 1538 05e5 0C       		.byte	12
 1539 05e6 D4       		.byte	-44
ARM GAS  C:\Users\andre\AppData\Local\Temp\ccaks6AG.s 			page 28


 1540 05e7 20       		.byte	32
 1541 05e8 D6       		.byte	-42
 1542 05e9 04       		.byte	4
 1543 05ea D8       		.byte	-40
 1544 05eb 04       		.byte	4
 1545 05ec DA       		.byte	-38
 1546 05ed 04       		.byte	4
 1547 05ee DB       		.byte	-37
 1548 05ef 04       		.byte	4
 1549 05f0 DC       		.byte	-36
 1550 05f1 01       		.byte	1
 1551 05f2 DD       		.byte	-35
 1552 05f3 21       		.byte	33
 1553 05f4 DF       		.byte	-33
 1554 05f5 01       		.byte	1
 1555 05f6 E6       		.byte	-26
 1556 05f7 40       		.byte	64
 1557 05f8 E7       		.byte	-25
 1558 05f9 02       		.byte	2
 1559 05fa E9       		.byte	-23
 1560 05fb 10       		.byte	16
 1561 05fc EA       		.byte	-22
 1562 05fd 30       		.byte	48
 1563 05fe EB       		.byte	-21
 1564 05ff 10       		.byte	16
 1565 0600 ED       		.byte	-19
 1566 0601 10       		.byte	16
 1567 0602 EE       		.byte	-18
 1568 0603 10       		.byte	16
 1569 0604 EF       		.byte	-17
 1570 0605 12       		.byte	18
 1571 0606 00       		.byte	0
 1572 0607 80       		.byte	-128
 1573 0608 04       		.byte	4
 1574 0609 08       		.byte	8
 1575 060a 05       		.byte	5
 1576 060b 01       		.byte	1
 1577 060c 07       		.byte	7
 1578 060d 09       		.byte	9
 1579 060e 0A       		.byte	10
 1580 060f 42       		.byte	66
 1581 0610 0E       		.byte	14
 1582 0611 AA       		.byte	-86
 1583 0612 10       		.byte	16
 1584 0613 02       		.byte	2
 1585 0614 11       		.byte	17
 1586 0615 14       		.byte	20
 1587 0616 15       		.byte	21
 1588 0617 41       		.byte	65
 1589 0618 17       		.byte	23
 1590 0619 14       		.byte	20
 1591 061a 19       		.byte	25
 1592 061b 2A       		.byte	42
 1593 061c 1A       		.byte	26
 1594 061d 4A       		.byte	74
 1595 061e 1F       		.byte	31
 1596 061f 80       		.byte	-128
ARM GAS  C:\Users\andre\AppData\Local\Temp\ccaks6AG.s 			page 29


 1597 0620 25       		.byte	37
 1598 0621 14       		.byte	20
 1599 0622 26       		.byte	38
 1600 0623 02       		.byte	2
 1601 0624 27       		.byte	39
 1602 0625 20       		.byte	32
 1603 0626 2E       		.byte	46
 1604 0627 A0       		.byte	-96
 1605 0628 2F       		.byte	47
 1606 0629 82       		.byte	-126
 1607 062a 31       		.byte	49
 1608 062b 40       		.byte	64
 1609 062c 32       		.byte	50
 1610 062d 40       		.byte	64
 1611 062e 35       		.byte	53
 1612 062f 04       		.byte	4
 1613 0630 36       		.byte	54
 1614 0631 02       		.byte	2
 1615 0632 37       		.byte	55
 1616 0633 20       		.byte	32
 1617 0634 3C       		.byte	60
 1618 0635 02       		.byte	2
 1619 0636 3D       		.byte	61
 1620 0637 20       		.byte	32
 1621 0638 3E       		.byte	62
 1622 0639 04       		.byte	4
 1623 063a 41       		.byte	65
 1624 063b 18       		.byte	24
 1625 063c 42       		.byte	66
 1626 063d 02       		.byte	2
 1627 063e 49       		.byte	73
 1628 063f 60       		.byte	96
 1629 0640 52       		.byte	82
 1630 0641 11       		.byte	17
 1631 0642 5A       		.byte	90
 1632 0643 01       		.byte	1
 1633 0644 60       		.byte	96
 1634 0645 24       		.byte	36
 1635 0646 63       		.byte	99
 1636 0647 42       		.byte	66
 1637 0648 6D       		.byte	109
 1638 0649 41       		.byte	65
 1639 064a 6E       		.byte	110
 1640 064b 20       		.byte	32
 1641 064c 6F       		.byte	111
 1642 064d 10       		.byte	16
 1643 064e 74       		.byte	116
 1644 064f 01       		.byte	1
 1645 0650 76       		.byte	118
 1646 0651 20       		.byte	32
 1647 0652 77       		.byte	119
 1648 0653 09       		.byte	9
 1649 0654 81       		.byte	-127
 1650 0655 01       		.byte	1
 1651 0656 87       		.byte	-121
 1652 0657 40       		.byte	64
 1653 0658 8B       		.byte	-117
ARM GAS  C:\Users\andre\AppData\Local\Temp\ccaks6AG.s 			page 30


 1654 0659 40       		.byte	64
 1655 065a 90       		.byte	-112
 1656 065b 08       		.byte	8
 1657 065c 92       		.byte	-110
 1658 065d 85       		.byte	-123
 1659 065e 98       		.byte	-104
 1660 065f 20       		.byte	32
 1661 0660 99       		.byte	-103
 1662 0661 05       		.byte	5
 1663 0662 9A       		.byte	-102
 1664 0663 40       		.byte	64
 1665 0664 9B       		.byte	-101
 1666 0665 04       		.byte	4
 1667 0666 9E       		.byte	-98
 1668 0667 80       		.byte	-128
 1669 0668 9F       		.byte	-97
 1670 0669 20       		.byte	32
 1671 066a A1       		.byte	-95
 1672 066b 01       		.byte	1
 1673 066c A2       		.byte	-94
 1674 066d 45       		.byte	69
 1675 066e A3       		.byte	-93
 1676 066f 05       		.byte	5
 1677 0670 A5       		.byte	-91
 1678 0671 14       		.byte	20
 1679 0672 A6       		.byte	-90
 1680 0673 82       		.byte	-126
 1681 0674 A7       		.byte	-89
 1682 0675 08       		.byte	8
 1683 0676 AE       		.byte	-82
 1684 0677 10       		.byte	16
 1685 0678 B3       		.byte	-77
 1686 0679 21       		.byte	33
 1687 067a B4       		.byte	-76
 1688 067b 10       		.byte	16
 1689 067c B5       		.byte	-75
 1690 067d 80       		.byte	-128
 1691 067e C0       		.byte	-64
 1692 067f F1       		.byte	-15
 1693 0680 C2       		.byte	-62
 1694 0681 F9       		.byte	-7
 1695 0682 C4       		.byte	-60
 1696 0683 F7       		.byte	-9
 1697 0684 CA       		.byte	-54
 1698 0685 B0       		.byte	-80
 1699 0686 CC       		.byte	-52
 1700 0687 E0       		.byte	-32
 1701 0688 CE       		.byte	-50
 1702 0689 E0       		.byte	-32
 1703 068a D0       		.byte	-48
 1704 068b 0E       		.byte	14
 1705 068c D2       		.byte	-46
 1706 068d 0C       		.byte	12
 1707 068e D6       		.byte	-42
 1708 068f 01       		.byte	1
 1709 0690 D8       		.byte	-40
 1710 0691 0F       		.byte	15
ARM GAS  C:\Users\andre\AppData\Local\Temp\ccaks6AG.s 			page 31


 1711 0692 E2       		.byte	-30
 1712 0693 20       		.byte	32
 1713 0694 04       		.byte	4
 1714 0695 3C       		.byte	60
 1715 0696 05       		.byte	5
 1716 0697 0C       		.byte	12
 1717 0698 06       		.byte	6
 1718 0699 42       		.byte	66
 1719 069a 09       		.byte	9
 1720 069b 04       		.byte	4
 1721 069c 0A       		.byte	10
 1722 069d 04       		.byte	4
 1723 069e 0C       		.byte	12
 1724 069f 04       		.byte	4
 1725 06a0 0D       		.byte	13
 1726 06a1 08       		.byte	8
 1727 06a2 0E       		.byte	14
 1728 06a3 80       		.byte	-128
 1729 06a4 10       		.byte	16
 1730 06a5 7F       		.byte	127
 1731 06a6 11       		.byte	17
 1732 06a7 0F       		.byte	15
 1733 06a8 13       		.byte	19
 1734 06a9 F0       		.byte	-16
 1735 06aa 14       		.byte	20
 1736 06ab 67       		.byte	103
 1737 06ac 15       		.byte	21
 1738 06ad F3       		.byte	-13
 1739 06ae 16       		.byte	22
 1740 06af 18       		.byte	24
 1741 06b0 17       		.byte	23
 1742 06b1 0C       		.byte	12
 1743 06b2 19       		.byte	25
 1744 06b3 1C       		.byte	28
 1745 06b4 1A       		.byte	26
 1746 06b5 03       		.byte	3
 1747 06b6 1B       		.byte	27
 1748 06b7 E3       		.byte	-29
 1749 06b8 1D       		.byte	29
 1750 06b9 FF       		.byte	-1
 1751 06ba 20       		.byte	32
 1752 06bb 10       		.byte	16
 1753 06bc 21       		.byte	33
 1754 06bd C3       		.byte	-61
 1755 06be 24       		.byte	36
 1756 06bf 08       		.byte	8
 1757 06c0 25       		.byte	37
 1758 06c1 82       		.byte	-126
 1759 06c2 28       		.byte	40
 1760 06c3 18       		.byte	24
 1761 06c4 2B       		.byte	43
 1762 06c5 F3       		.byte	-13
 1763 06c6 2C       		.byte	44
 1764 06c7 3C       		.byte	60
 1765 06c8 2D       		.byte	45
 1766 06c9 41       		.byte	65
 1767 06ca 2E       		.byte	46
ARM GAS  C:\Users\andre\AppData\Local\Temp\ccaks6AG.s 			page 32


 1768 06cb 41       		.byte	65
 1769 06cc 30       		.byte	48
 1770 06cd 20       		.byte	32
 1771 06ce 31       		.byte	49
 1772 06cf 2C       		.byte	44
 1773 06d0 32       		.byte	50
 1774 06d1 80       		.byte	-128
 1775 06d2 33       		.byte	51
 1776 06d3 0F       		.byte	15
 1777 06d4 34       		.byte	52
 1778 06d5 1F       		.byte	31
 1779 06d6 35       		.byte	53
 1780 06d7 1C       		.byte	28
 1781 06d8 36       		.byte	54
 1782 06d9 40       		.byte	64
 1783 06da 37       		.byte	55
 1784 06db C0       		.byte	-64
 1785 06dc 38       		.byte	56
 1786 06dd 80       		.byte	-128
 1787 06de 3A       		.byte	58
 1788 06df 20       		.byte	32
 1789 06e0 3B       		.byte	59
 1790 06e1 0A       		.byte	10
 1791 06e2 3E       		.byte	62
 1792 06e3 01       		.byte	1
 1793 06e4 56       		.byte	86
 1794 06e5 02       		.byte	2
 1795 06e6 57       		.byte	87
 1796 06e7 13       		.byte	19
 1797 06e8 58       		.byte	88
 1798 06e9 04       		.byte	4
 1799 06ea 59       		.byte	89
 1800 06eb 04       		.byte	4
 1801 06ec 5B       		.byte	91
 1802 06ed 04       		.byte	4
 1803 06ee 5C       		.byte	92
 1804 06ef 11       		.byte	17
 1805 06f0 5D       		.byte	93
 1806 06f1 10       		.byte	16
 1807 06f2 5F       		.byte	95
 1808 06f3 01       		.byte	1
 1809 06f4 82       		.byte	-126
 1810 06f5 0C       		.byte	12
 1811 06f6 86       		.byte	-122
 1812 06f7 01       		.byte	1
 1813 06f8 87       		.byte	-121
 1814 06f9 01       		.byte	1
 1815 06fa 8A       		.byte	-118
 1816 06fb 02       		.byte	2
 1817 06fc 90       		.byte	-112
 1818 06fd 04       		.byte	4
 1819 06fe 9E       		.byte	-98
 1820 06ff 01       		.byte	1
 1821 0700 AE       		.byte	-82
 1822 0701 02       		.byte	2
 1823 0702 B0       		.byte	-80
 1824 0703 08       		.byte	8
ARM GAS  C:\Users\andre\AppData\Local\Temp\ccaks6AG.s 			page 33


 1825 0704 B2       		.byte	-78
 1826 0705 01       		.byte	1
 1827 0706 B4       		.byte	-76
 1828 0707 04       		.byte	4
 1829 0708 B6       		.byte	-74
 1830 0709 02       		.byte	2
 1831 070a B7       		.byte	-73
 1832 070b 01       		.byte	1
 1833 070c BE       		.byte	-66
 1834 070d 54       		.byte	84
 1835 070e D4       		.byte	-44
 1836 070f 18       		.byte	24
 1837 0710 D6       		.byte	-42
 1838 0711 04       		.byte	4
 1839 0712 D8       		.byte	-40
 1840 0713 04       		.byte	4
 1841 0714 D9       		.byte	-39
 1842 0715 04       		.byte	4
 1843 0716 DB       		.byte	-37
 1844 0717 04       		.byte	4
 1845 0718 DC       		.byte	-36
 1846 0719 02       		.byte	2
 1847 071a DD       		.byte	-35
 1848 071b 10       		.byte	16
 1849 071c DF       		.byte	-33
 1850 071d 01       		.byte	1
 1851 071e 00       		.byte	0
 1852 071f 90       		.byte	-112
 1853 0720 03       		.byte	3
 1854 0721 20       		.byte	32
 1855 0722 06       		.byte	6
 1856 0723 50       		.byte	80
 1857 0724 07       		.byte	7
 1858 0725 08       		.byte	8
 1859 0726 09       		.byte	9
 1860 0727 08       		.byte	8
 1861 0728 0A       		.byte	10
 1862 0729 88       		.byte	-120
 1863 072a 0E       		.byte	14
 1864 072b 41       		.byte	65
 1865 072c 10       		.byte	16
 1866 072d A8       		.byte	-88
 1867 072e 12       		.byte	18
 1868 072f 02       		.byte	2
 1869 0730 16       		.byte	22
 1870 0731 01       		.byte	1
 1871 0732 18       		.byte	24
 1872 0733 10       		.byte	16
 1873 0734 19       		.byte	25
 1874 0735 01       		.byte	1
 1875 0736 1A       		.byte	26
 1876 0737 01       		.byte	1
 1877 0738 1B       		.byte	27
 1878 0739 20       		.byte	32
 1879 073a 1C       		.byte	28
 1880 073b 04       		.byte	4
 1881 073c 1D       		.byte	29
ARM GAS  C:\Users\andre\AppData\Local\Temp\ccaks6AG.s 			page 34


 1882 073d 40       		.byte	64
 1883 073e 1E       		.byte	30
 1884 073f 40       		.byte	64
 1885 0740 1F       		.byte	31
 1886 0741 04       		.byte	4
 1887 0742 21       		.byte	33
 1888 0743 18       		.byte	24
 1889 0744 22       		.byte	34
 1890 0745 02       		.byte	2
 1891 0746 23       		.byte	35
 1892 0747 09       		.byte	9
 1893 0748 26       		.byte	38
 1894 0749 80       		.byte	-128
 1895 074a 28       		.byte	40
 1896 074b 10       		.byte	16
 1897 074c 29       		.byte	41
 1898 074d 22       		.byte	34
 1899 074e 2A       		.byte	42
 1900 074f 80       		.byte	-128
 1901 0750 31       		.byte	49
 1902 0751 08       		.byte	8
 1903 0752 32       		.byte	50
 1904 0753 42       		.byte	66
 1905 0754 33       		.byte	51
 1906 0755 20       		.byte	32
 1907 0756 38       		.byte	56
 1908 0757 A8       		.byte	-88
 1909 0758 3F       		.byte	63
 1910 0759 08       		.byte	8
 1911 075a 59       		.byte	89
 1912 075b 01       		.byte	1
 1913 075c 5F       		.byte	95
 1914 075d 01       		.byte	1
 1915 075e 65       		.byte	101
 1916 075f 40       		.byte	64
 1917 0760 67       		.byte	103
 1918 0761 88       		.byte	-120
 1919 0762 68       		.byte	104
 1920 0763 02       		.byte	2
 1921 0764 69       		.byte	105
 1922 0765 14       		.byte	20
 1923 0766 6F       		.byte	111
 1924 0767 0A       		.byte	10
 1925 0768 70       		.byte	112
 1926 0769 FC       		.byte	-4
 1927 076a 88       		.byte	-120
 1928 076b 40       		.byte	64
 1929 076c 8A       		.byte	-118
 1930 076d 80       		.byte	-128
 1931 076e 92       		.byte	-110
 1932 076f 88       		.byte	-120
 1933 0770 94       		.byte	-108
 1934 0771 04       		.byte	4
 1935 0772 95       		.byte	-107
 1936 0773 34       		.byte	52
 1937 0774 97       		.byte	-105
 1938 0775 80       		.byte	-128
ARM GAS  C:\Users\andre\AppData\Local\Temp\ccaks6AG.s 			page 35


 1939 0776 98       		.byte	-104
 1940 0777 10       		.byte	16
 1941 0778 99       		.byte	-103
 1942 0779 22       		.byte	34
 1943 077a 9A       		.byte	-102
 1944 077b 51       		.byte	81
 1945 077c A3       		.byte	-93
 1946 077d 04       		.byte	4
 1947 077e A4       		.byte	-92
 1948 077f 42       		.byte	66
 1949 0780 A5       		.byte	-91
 1950 0781 08       		.byte	8
 1951 0782 A6       		.byte	-90
 1952 0783 80       		.byte	-128
 1953 0784 A7       		.byte	-89
 1954 0785 0A       		.byte	10
 1955 0786 AC       		.byte	-84
 1956 0787 10       		.byte	16
 1957 0788 AE       		.byte	-82
 1958 0789 01       		.byte	1
 1959 078a B5       		.byte	-75
 1960 078b 08       		.byte	8
 1961 078c B6       		.byte	-74
 1962 078d 02       		.byte	2
 1963 078e C0       		.byte	-64
 1964 078f 77       		.byte	119
 1965 0790 C2       		.byte	-62
 1966 0791 9E       		.byte	-98
 1967 0792 C4       		.byte	-60
 1968 0793 8F       		.byte	-113
 1969 0794 CA       		.byte	-54
 1970 0795 0F       		.byte	15
 1971 0796 CC       		.byte	-52
 1972 0797 0F       		.byte	15
 1973 0798 CE       		.byte	-50
 1974 0799 4E       		.byte	78
 1975 079a D6       		.byte	-42
 1976 079b 81       		.byte	-127
 1977 079c D8       		.byte	-40
 1978 079d B0       		.byte	-80
 1979 079e E0       		.byte	-32
 1980 079f 08       		.byte	8
 1981 07a0 E4       		.byte	-28
 1982 07a1 80       		.byte	-128
 1983 07a2 E6       		.byte	-26
 1984 07a3 10       		.byte	16
 1985 07a4 EA       		.byte	-22
 1986 07a5 09       		.byte	9
 1987 07a6 EE       		.byte	-18
 1988 07a7 04       		.byte	4
 1989 07a8 31       		.byte	49
 1990 07a9 40       		.byte	64
 1991 07aa 33       		.byte	51
 1992 07ab 08       		.byte	8
 1993 07ac 35       		.byte	53
 1994 07ad 80       		.byte	-128
 1995 07ae 36       		.byte	54
ARM GAS  C:\Users\andre\AppData\Local\Temp\ccaks6AG.s 			page 36


 1996 07af 04       		.byte	4
 1997 07b0 3B       		.byte	59
 1998 07b1 40       		.byte	64
 1999 07b2 49       		.byte	73
 2000 07b3 40       		.byte	64
 2001 07b4 4B       		.byte	75
 2002 07b5 40       		.byte	64
 2003 07b6 CC       		.byte	-52
 2004 07b7 F0       		.byte	-16
 2005 07b8 CE       		.byte	-50
 2006 07b9 10       		.byte	16
 2007 07ba 97       		.byte	-105
 2008 07bb 40       		.byte	64
 2009 07bc 9D       		.byte	-99
 2010 07bd 80       		.byte	-128
 2011 07be A6       		.byte	-90
 2012 07bf 04       		.byte	4
 2013 07c0 A7       		.byte	-89
 2014 07c1 08       		.byte	8
 2015 07c2 3E       		.byte	62
 2016 07c3 10       		.byte	16
 2017 07c4 97       		.byte	-105
 2018 07c5 40       		.byte	64
 2019 07c6 9D       		.byte	-99
 2020 07c7 80       		.byte	-128
 2021 07c8 A6       		.byte	-90
 2022 07c9 04       		.byte	4
 2023 07ca A7       		.byte	-89
 2024 07cb 08       		.byte	8
 2025 07cc CE       		.byte	-50
 2026 07cd 20       		.byte	32
 2027 07ce 23       		.byte	35
 2028 07cf 02       		.byte	2
 2029 07d0 83       		.byte	-125
 2030 07d1 02       		.byte	2
 2031 07d2 88       		.byte	-120
 2032 07d3 40       		.byte	64
 2033 07d4 96       		.byte	-106
 2034 07d5 10       		.byte	16
 2035 07d6 97       		.byte	-105
 2036 07d7 40       		.byte	64
 2037 07d8 9D       		.byte	-99
 2038 07d9 80       		.byte	-128
 2039 07da 9F       		.byte	-97
 2040 07db 02       		.byte	2
 2041 07dc A6       		.byte	-90
 2042 07dd 04       		.byte	4
 2043 07de AB       		.byte	-85
 2044 07df 08       		.byte	8
 2045 07e0 B7       		.byte	-73
 2046 07e1 02       		.byte	2
 2047 07e2 C8       		.byte	-56
 2048 07e3 10       		.byte	16
 2049 07e4 E2       		.byte	-30
 2050 07e5 20       		.byte	32
 2051 07e6 EE       		.byte	-18
 2052 07e7 80       		.byte	-128
ARM GAS  C:\Users\andre\AppData\Local\Temp\ccaks6AG.s 			page 37


 2053 07e8 70       		.byte	112
 2054 07e9 02       		.byte	2
 2055 07ea 80       		.byte	-128
 2056 07eb 10       		.byte	16
 2057 07ec DC       		.byte	-36
 2058 07ed 01       		.byte	1
 2059 07ee 52       		.byte	82
 2060 07ef 10       		.byte	16
 2061 07f0 53       		.byte	83
 2062 07f1 02       		.byte	2
 2063 07f2 57       		.byte	87
 2064 07f3 08       		.byte	8
 2065 07f4 58       		.byte	88
 2066 07f5 04       		.byte	4
 2067 07f6 5C       		.byte	92
 2068 07f7 10       		.byte	16
 2069 07f8 66       		.byte	102
 2070 07f9 02       		.byte	2
 2071 07fa 86       		.byte	-122
 2072 07fb 08       		.byte	8
 2073 07fc 88       		.byte	-120
 2074 07fd 04       		.byte	4
 2075 07fe 8B       		.byte	-117
 2076 07ff 08       		.byte	8
 2077 0800 90       		.byte	-112
 2078 0801 10       		.byte	16
 2079 0802 96       		.byte	-106
 2080 0803 01       		.byte	1
 2081 0804 9A       		.byte	-102
 2082 0805 10       		.byte	16
 2083 0806 A4       		.byte	-92
 2084 0807 02       		.byte	2
 2085 0808 AE       		.byte	-82
 2086 0809 01       		.byte	1
 2087 080a B2       		.byte	-78
 2088 080b 10       		.byte	16
 2089 080c D4       		.byte	-44
 2090 080d 07       		.byte	7
 2091 080e D6       		.byte	-42
 2092 080f 06       		.byte	6
 2093 0810 D8       		.byte	-40
 2094 0811 01       		.byte	1
 2095 0812 E0       		.byte	-32
 2096 0813 04       		.byte	4
 2097 0814 E4       		.byte	-28
 2098 0815 01       		.byte	1
 2099 0816 EC       		.byte	-20
 2100 0817 04       		.byte	4
 2101 0818 1A       		.byte	26
 2102 0819 80       		.byte	-128
 2103 081a 8C       		.byte	-116
 2104 081b 02       		.byte	2
 2105 081c 96       		.byte	-106
 2106 081d 11       		.byte	17
 2107 081e 9A       		.byte	-102
 2108 081f 08       		.byte	8
 2109 0820 A4       		.byte	-92
ARM GAS  C:\Users\andre\AppData\Local\Temp\ccaks6AG.s 			page 38


 2110 0821 02       		.byte	2
 2111 0822 AA       		.byte	-86
 2112 0823 10       		.byte	16
 2113 0824 AF       		.byte	-81
 2114 0825 02       		.byte	2
 2115 0826 B6       		.byte	-74
 2116 0827 02       		.byte	2
 2117 0828 C6       		.byte	-58
 2118 0829 08       		.byte	8
 2119 082a E4       		.byte	-28
 2120 082b 02       		.byte	2
 2121 082c E8       		.byte	-24
 2122 082d 02       		.byte	2
 2123 082e 8B       		.byte	-117
 2124 082f 40       		.byte	64
 2125 0830 96       		.byte	-106
 2126 0831 11       		.byte	17
 2127 0832 9A       		.byte	-102
 2128 0833 08       		.byte	8
 2129 0834 AA       		.byte	-86
 2130 0835 40       		.byte	64
 2131 0836 E2       		.byte	-30
 2132 0837 04       		.byte	4
 2133 0838 80       		.byte	-128
 2134 0839 04       		.byte	4
 2135 083a 85       		.byte	-123
 2136 083b 80       		.byte	-128
 2137 083c 8B       		.byte	-117
 2138 083d 40       		.byte	64
 2139 083e 96       		.byte	-106
 2140 083f 10       		.byte	16
 2141 0840 97       		.byte	-105
 2142 0841 40       		.byte	64
 2143 0842 98       		.byte	-104
 2144 0843 20       		.byte	32
 2145 0844 9D       		.byte	-99
 2146 0845 80       		.byte	-128
 2147 0846 A0       		.byte	-96
 2148 0847 40       		.byte	64
 2149 0848 A3       		.byte	-93
 2150 0849 02       		.byte	2
 2151 084a A6       		.byte	-90
 2152 084b 04       		.byte	4
 2153 084c AC       		.byte	-84
 2154 084d 20       		.byte	32
 2155 084e E2       		.byte	-30
 2156 084f 10       		.byte	16
 2157 0850 E6       		.byte	-26
 2158 0851 80       		.byte	-128
 2159 0852 EE       		.byte	-18
 2160 0853 10       		.byte	16
 2161 0854 13       		.byte	19
 2162 0855 08       		.byte	8
 2163 0856 16       		.byte	22
 2164 0857 40       		.byte	64
 2165 0858 50       		.byte	80
 2166 0859 04       		.byte	4
ARM GAS  C:\Users\andre\AppData\Local\Temp\ccaks6AG.s 			page 39


 2167 085a 54       		.byte	84
 2168 085b 40       		.byte	64
 2169 085c 57       		.byte	87
 2170 085d 02       		.byte	2
 2171 085e 58       		.byte	88
 2172 085f 20       		.byte	32
 2173 0860 73       		.byte	115
 2174 0861 10       		.byte	16
 2175 0862 74       		.byte	116
 2176 0863 08       		.byte	8
 2177 0864 86       		.byte	-122
 2178 0865 40       		.byte	64
 2179 0866 8B       		.byte	-117
 2180 0867 08       		.byte	8
 2181 0868 8C       		.byte	-116
 2182 0869 08       		.byte	8
 2183 086a 90       		.byte	-112
 2184 086b 08       		.byte	8
 2185 086c 93       		.byte	-109
 2186 086d 10       		.byte	16
 2187 086e 98       		.byte	-104
 2188 086f 20       		.byte	32
 2189 0870 A0       		.byte	-96
 2190 0871 40       		.byte	64
 2191 0872 A3       		.byte	-93
 2192 0873 02       		.byte	2
 2193 0874 AA       		.byte	-86
 2194 0875 14       		.byte	20
 2195 0876 AF       		.byte	-81
 2196 0877 10       		.byte	16
 2197 0878 C4       		.byte	-60
 2198 0879 30       		.byte	48
 2199 087a D4       		.byte	-44
 2200 087b E0       		.byte	-32
 2201 087c D6       		.byte	-42
 2202 087d 20       		.byte	32
 2203 087e DC       		.byte	-36
 2204 087f 80       		.byte	-128
 2205 0880 DE       		.byte	-34
 2206 0881 20       		.byte	32
 2207 0882 E0       		.byte	-32
 2208 0883 10       		.byte	16
 2209 0884 EA       		.byte	-22
 2210 0885 90       		.byte	-112
 2211 0886 EE       		.byte	-18
 2212 0887 20       		.byte	32
 2213 0888 0A       		.byte	10
 2214 0889 10       		.byte	16
 2215 088a 0E       		.byte	14
 2216 088b 01       		.byte	1
 2217 088c 0F       		.byte	15
 2218 088d 40       		.byte	64
 2219 088e 13       		.byte	19
 2220 088f 28       		.byte	40
 2221 0890 17       		.byte	23
 2222 0891 04       		.byte	4
 2223 0892 1F       		.byte	31
ARM GAS  C:\Users\andre\AppData\Local\Temp\ccaks6AG.s 			page 40


 2224 0893 80       		.byte	-128
 2225 0894 66       		.byte	102
 2226 0895 08       		.byte	8
 2227 0896 79       		.byte	121
 2228 0897 01       		.byte	1
 2229 0898 7F       		.byte	127
 2230 0899 40       		.byte	64
 2231 089a 96       		.byte	-106
 2232 089b 11       		.byte	17
 2233 089c 97       		.byte	-105
 2234 089d 40       		.byte	64
 2235 089e 9A       		.byte	-102
 2236 089f 08       		.byte	8
 2237 08a0 C2       		.byte	-62
 2238 08a1 0D       		.byte	13
 2239 08a2 C4       		.byte	-60
 2240 08a3 0E       		.byte	14
 2241 08a4 C6       		.byte	-58
 2242 08a5 01       		.byte	1
 2243 08a6 D8       		.byte	-40
 2244 08a7 01       		.byte	1
 2245 08a8 DE       		.byte	-34
 2246 08a9 03       		.byte	3
 2247 08aa 10       		.byte	16
 2248 08ab 20       		.byte	32
 2249 08ac 87       		.byte	-121
 2250 08ad 40       		.byte	64
 2251 08ae 88       		.byte	-120
 2252 08af 20       		.byte	32
 2253 08b0 89       		.byte	-119
 2254 08b1 01       		.byte	1
 2255 08b2 8F       		.byte	-113
 2256 08b3 04       		.byte	4
 2257 08b4 95       		.byte	-107
 2258 08b5 01       		.byte	1
 2259 08b6 97       		.byte	-105
 2260 08b7 80       		.byte	-128
 2261 08b8 9B       		.byte	-101
 2262 08b9 04       		.byte	4
 2263 08ba AB       		.byte	-85
 2264 08bb A0       		.byte	-96
 2265 08bc AF       		.byte	-81
 2266 08bd 08       		.byte	8
 2267 08be C4       		.byte	-60
 2268 08bf 08       		.byte	8
 2269 08c0 E4       		.byte	-28
 2270 08c1 01       		.byte	1
 2271 08c2 E6       		.byte	-26
 2272 08c3 0C       		.byte	12
 2273 08c4 00       		.byte	0
 2274 08c5 07       		.byte	7
 2275 08c6 0C       		.byte	12
 2276 08c7 07       		.byte	7
 2277 08c8 0E       		.byte	14
 2278 08c9 05       		.byte	5
 2279 08ca 10       		.byte	16
 2280 08cb 0F       		.byte	15
ARM GAS  C:\Users\andre\AppData\Local\Temp\ccaks6AG.s 			page 41


 2281 08cc 1C       		.byte	28
 2282 08cd 0F       		.byte	15
 2283 08ce 00       		.byte	0
 2284 08cf FF       		.byte	-1
 2285 08d0 01       		.byte	1
 2286 08d1 03       		.byte	3
 2287 08d2 03       		.byte	3
 2288 08d3 C0       		.byte	-64
 2289 08d4 02       		.byte	2
 2290 08d5 04       		.byte	4
 2291 08d6 00       		.byte	0
 2292 08d7 00       		.byte	0
 2293 08d8 43       		.byte	67
 2294 08d9 00       		.byte	0
 2295 08da 00       		.byte	0
 2296 08db 00       		.byte	0
 2297 08dc 83       		.byte	-125
 2298 08dd 00       		.byte	0
 2299 08de 40       		.byte	64
 2300 08df 80       		.byte	-128
 2301 08e0 87       		.byte	-121
 2302 08e1 00       		.byte	0
 2303 08e2 83       		.byte	-125
 2304 08e3 00       		.byte	0
 2305 08e4 00       		.byte	0
 2306 08e5 00       		.byte	0
 2307 08e6 00       		.byte	0
 2308 08e7 00       		.byte	0
 2309 08e8 B0       		.byte	-80
 2310 08e9 4B       		.byte	75
 2311 08ea 4B       		.byte	75
 2312 08eb 00       		.byte	0
 2313 08ec 40       		.byte	64
 2314 08ed 00       		.byte	0
 2315 08ee 00       		.byte	0
 2316 08ef 00       		.byte	0
 2317 08f0 00       		.byte	0
 2318 08f1 3F       		.byte	63
 2319 08f2 3F       		.byte	63
 2320 08f3 00       		.byte	0
 2321 08f4 3F       		.byte	63
 2322 08f5 00       		.byte	0
 2323 08f6 C0       		.byte	-64
 2324 08f7 00       		.byte	0
 2325 08f8 00       		.byte	0
 2326 08f9 0F       		.byte	15
 2327 08fa 0F       		.byte	15
 2328 08fb 00       		.byte	0
 2329 08fc 0F       		.byte	15
 2330 08fd 00       		.byte	0
 2331 08fe 00       		.byte	0
 2332 08ff 00       		.byte	0
 2333 0900 0E       		.byte	14
 2334 0901 00       		.byte	0
 2335 0902 18       		.byte	24
 2336 0903 01       		.byte	1
 2337 0904 0E       		.byte	14
ARM GAS  C:\Users\andre\AppData\Local\Temp\ccaks6AG.s 			page 42


 2338 0905 00       		.byte	0
 2339 0906 18       		.byte	24
 2340 0907 01       		.byte	1
 2341              		.section	.cywolatch,"a",%progbits
 2342              		.align	2
 2343              		.type	cy_meta_wonvl, %object
 2344              		.size	cy_meta_wonvl, 4
 2345              	cy_meta_wonvl:
 2346 0000 BC       		.byte	-68
 2347 0001 90       		.byte	-112
 2348 0002 AC       		.byte	-84
 2349 0003 AF       		.byte	-81
 2350              		.section	.cycustnvl,"a",%progbits
 2351              		.align	2
 2352              		.type	cy_meta_custnvl, %object
 2353              		.size	cy_meta_custnvl, 4
 2354              	cy_meta_custnvl:
 2355 0000 00       		.byte	0
 2356 0001 00       		.byte	0
 2357 0002 40       		.byte	64
 2358 0003 05       		.byte	5
 2359              		.section	.cymeta,"a",%progbits
 2360              		.align	2
 2361              		.type	cy_metadata, %object
 2362              		.size	cy_metadata, 12
 2363              	cy_metadata:
 2364 0000 00       		.byte	0
 2365 0001 01       		.byte	1
 2366 0002 2E       		.byte	46
 2367 0003 16       		.byte	22
 2368 0004 10       		.byte	16
 2369 0005 69       		.byte	105
 2370 0006 00       		.byte	0
 2371 0007 01       		.byte	1
 2372 0008 00       		.byte	0
 2373 0009 00       		.byte	0
 2374 000a 00       		.byte	0
 2375 000b 00       		.byte	0
 2376              		.section	.cyflashprotect,"a",%progbits
 2377              		.align	2
 2378              		.type	cy_meta_flashprotect, %object
 2379              		.size	cy_meta_flashprotect, 256
 2380              	cy_meta_flashprotect:
 2381 0000 00000000 		.space	256
 2381      00000000 
 2381      00000000 
 2381      00000000 
 2381      00000000 
 2382              		.text
 2383              	.Letext0:
 2384              		.file 1 "c:\\program files (x86)\\cypress\\psoc creator\\4.2\\psoc creator\\import\\gnu\\arm\\5.4.
 2385              		.file 2 "c:\\program files (x86)\\cypress\\psoc creator\\4.2\\psoc creator\\import\\gnu\\arm\\5.4.
 2386              		.file 3 "Generated_Source\\PSoC5\\cymetadata.c"
 2387              		.section	.debug_info,"",%progbits
 2388              	.Ldebug_info0:
 2389 0000 35010000 		.4byte	0x135
 2390 0004 0400     		.2byte	0x4
ARM GAS  C:\Users\andre\AppData\Local\Temp\ccaks6AG.s 			page 43


 2391 0006 00000000 		.4byte	.Ldebug_abbrev0
 2392 000a 04       		.byte	0x4
 2393 000b 01       		.uleb128 0x1
 2394 000c 5B000000 		.4byte	.LASF17
 2395 0010 0C       		.byte	0xc
 2396 0011 B5010000 		.4byte	.LASF18
 2397 0015 0A000000 		.4byte	.LASF19
 2398 0019 00000000 		.4byte	.Ldebug_line0
 2399 001d 02       		.uleb128 0x2
 2400 001e 01       		.byte	0x1
 2401 001f 06       		.byte	0x6
 2402 0020 A9010000 		.4byte	.LASF0
 2403 0024 03       		.uleb128 0x3
 2404 0025 00000000 		.4byte	.LASF9
 2405 0029 01       		.byte	0x1
 2406 002a 1D       		.byte	0x1d
 2407 002b 2F000000 		.4byte	0x2f
 2408 002f 02       		.uleb128 0x2
 2409 0030 01       		.byte	0x1
 2410 0031 08       		.byte	0x8
 2411 0032 4D000000 		.4byte	.LASF1
 2412 0036 02       		.uleb128 0x2
 2413 0037 02       		.byte	0x2
 2414 0038 05       		.byte	0x5
 2415 0039 96010000 		.4byte	.LASF2
 2416 003d 02       		.uleb128 0x2
 2417 003e 02       		.byte	0x2
 2418 003f 07       		.byte	0x7
 2419 0040 FB000000 		.4byte	.LASF3
 2420 0044 02       		.uleb128 0x2
 2421 0045 04       		.byte	0x4
 2422 0046 05       		.byte	0x5
 2423 0047 A0010000 		.4byte	.LASF4
 2424 004b 02       		.uleb128 0x2
 2425 004c 04       		.byte	0x4
 2426 004d 07       		.byte	0x7
 2427 004e E9000000 		.4byte	.LASF5
 2428 0052 02       		.uleb128 0x2
 2429 0053 08       		.byte	0x8
 2430 0054 05       		.byte	0x5
 2431 0055 88010000 		.4byte	.LASF6
 2432 0059 02       		.uleb128 0x2
 2433 005a 08       		.byte	0x8
 2434 005b 07       		.byte	0x7
 2435 005c 3D010000 		.4byte	.LASF7
 2436 0060 04       		.uleb128 0x4
 2437 0061 04       		.byte	0x4
 2438 0062 05       		.byte	0x5
 2439 0063 696E7400 		.ascii	"int\000"
 2440 0067 02       		.uleb128 0x2
 2441 0068 04       		.byte	0x4
 2442 0069 07       		.byte	0x7
 2443 006a 30010000 		.4byte	.LASF8
 2444 006e 03       		.uleb128 0x3
 2445 006f 54010000 		.4byte	.LASF10
 2446 0073 02       		.byte	0x2
 2447 0074 18       		.byte	0x18
ARM GAS  C:\Users\andre\AppData\Local\Temp\ccaks6AG.s 			page 44


 2448 0075 24000000 		.4byte	0x24
 2449 0079 05       		.uleb128 0x5
 2450 007a 91000000 		.4byte	0x91
 2451 007e 8A000000 		.4byte	0x8a
 2452 0082 06       		.uleb128 0x6
 2453 0083 8A000000 		.4byte	0x8a
 2454 0087 0709     		.2byte	0x907
 2455 0089 00       		.byte	0
 2456 008a 02       		.uleb128 0x2
 2457 008b 04       		.byte	0x4
 2458 008c 07       		.byte	0x7
 2459 008d 7F010000 		.4byte	.LASF11
 2460 0091 07       		.uleb128 0x7
 2461 0092 6E000000 		.4byte	0x6e
 2462 0096 08       		.uleb128 0x8
 2463 0097 1E010000 		.4byte	.LASF12
 2464 009b 03       		.byte	0x3
 2465 009c 1F       		.byte	0x1f
 2466 009d A7000000 		.4byte	0xa7
 2467 00a1 05       		.uleb128 0x5
 2468 00a2 03       		.byte	0x3
 2469 00a3 00000000 		.4byte	cy_meta_configecc
 2470 00a7 07       		.uleb128 0x7
 2471 00a8 79000000 		.4byte	0x79
 2472 00ac 05       		.uleb128 0x5
 2473 00ad 91000000 		.4byte	0x91
 2474 00b1 BC000000 		.4byte	0xbc
 2475 00b5 09       		.uleb128 0x9
 2476 00b6 8A000000 		.4byte	0x8a
 2477 00ba 03       		.byte	0x3
 2478 00bb 00       		.byte	0
 2479 00bc 0A       		.uleb128 0xa
 2480 00bd 0E010000 		.4byte	.LASF13
 2481 00c1 03       		.byte	0x3
 2482 00c2 4D01     		.2byte	0x14d
 2483 00c4 CE000000 		.4byte	0xce
 2484 00c8 05       		.uleb128 0x5
 2485 00c9 03       		.byte	0x3
 2486 00ca 00000000 		.4byte	cy_meta_custnvl
 2487 00ce 07       		.uleb128 0x7
 2488 00cf AC000000 		.4byte	0xac
 2489 00d3 0A       		.uleb128 0xa
 2490 00d4 71010000 		.4byte	.LASF14
 2491 00d8 03       		.byte	0x3
 2492 00d9 5B01     		.2byte	0x15b
 2493 00db E5000000 		.4byte	0xe5
 2494 00df 05       		.uleb128 0x5
 2495 00e0 03       		.byte	0x3
 2496 00e1 00000000 		.4byte	cy_meta_wonvl
 2497 00e5 07       		.uleb128 0x7
 2498 00e6 AC000000 		.4byte	0xac
 2499 00ea 05       		.uleb128 0x5
 2500 00eb 91000000 		.4byte	0x91
 2501 00ef FA000000 		.4byte	0xfa
 2502 00f3 09       		.uleb128 0x9
 2503 00f4 8A000000 		.4byte	0x8a
 2504 00f8 FF       		.byte	0xff
ARM GAS  C:\Users\andre\AppData\Local\Temp\ccaks6AG.s 			page 45


 2505 00f9 00       		.byte	0
 2506 00fa 0A       		.uleb128 0xa
 2507 00fb 5C010000 		.4byte	.LASF15
 2508 00ff 03       		.byte	0x3
 2509 0100 6901     		.2byte	0x169
 2510 0102 0C010000 		.4byte	0x10c
 2511 0106 05       		.uleb128 0x5
 2512 0107 03       		.byte	0x3
 2513 0108 00000000 		.4byte	cy_meta_flashprotect
 2514 010c 07       		.uleb128 0x7
 2515 010d EA000000 		.4byte	0xea
 2516 0111 05       		.uleb128 0x5
 2517 0112 91000000 		.4byte	0x91
 2518 0116 21010000 		.4byte	0x121
 2519 011a 09       		.uleb128 0x9
 2520 011b 8A000000 		.4byte	0x8a
 2521 011f 0B       		.byte	0xb
 2522 0120 00       		.byte	0
 2523 0121 0A       		.uleb128 0xa
 2524 0122 41000000 		.4byte	.LASF16
 2525 0126 03       		.byte	0x3
 2526 0127 9601     		.2byte	0x196
 2527 0129 33010000 		.4byte	0x133
 2528 012d 05       		.uleb128 0x5
 2529 012e 03       		.byte	0x3
 2530 012f 00000000 		.4byte	cy_metadata
 2531 0133 07       		.uleb128 0x7
 2532 0134 11010000 		.4byte	0x111
 2533 0138 00       		.byte	0
 2534              		.section	.debug_abbrev,"",%progbits
 2535              	.Ldebug_abbrev0:
 2536 0000 01       		.uleb128 0x1
 2537 0001 11       		.uleb128 0x11
 2538 0002 01       		.byte	0x1
 2539 0003 25       		.uleb128 0x25
 2540 0004 0E       		.uleb128 0xe
 2541 0005 13       		.uleb128 0x13
 2542 0006 0B       		.uleb128 0xb
 2543 0007 03       		.uleb128 0x3
 2544 0008 0E       		.uleb128 0xe
 2545 0009 1B       		.uleb128 0x1b
 2546 000a 0E       		.uleb128 0xe
 2547 000b 10       		.uleb128 0x10
 2548 000c 17       		.uleb128 0x17
 2549 000d 00       		.byte	0
 2550 000e 00       		.byte	0
 2551 000f 02       		.uleb128 0x2
 2552 0010 24       		.uleb128 0x24
 2553 0011 00       		.byte	0
 2554 0012 0B       		.uleb128 0xb
 2555 0013 0B       		.uleb128 0xb
 2556 0014 3E       		.uleb128 0x3e
 2557 0015 0B       		.uleb128 0xb
 2558 0016 03       		.uleb128 0x3
 2559 0017 0E       		.uleb128 0xe
 2560 0018 00       		.byte	0
 2561 0019 00       		.byte	0
ARM GAS  C:\Users\andre\AppData\Local\Temp\ccaks6AG.s 			page 46


 2562 001a 03       		.uleb128 0x3
 2563 001b 16       		.uleb128 0x16
 2564 001c 00       		.byte	0
 2565 001d 03       		.uleb128 0x3
 2566 001e 0E       		.uleb128 0xe
 2567 001f 3A       		.uleb128 0x3a
 2568 0020 0B       		.uleb128 0xb
 2569 0021 3B       		.uleb128 0x3b
 2570 0022 0B       		.uleb128 0xb
 2571 0023 49       		.uleb128 0x49
 2572 0024 13       		.uleb128 0x13
 2573 0025 00       		.byte	0
 2574 0026 00       		.byte	0
 2575 0027 04       		.uleb128 0x4
 2576 0028 24       		.uleb128 0x24
 2577 0029 00       		.byte	0
 2578 002a 0B       		.uleb128 0xb
 2579 002b 0B       		.uleb128 0xb
 2580 002c 3E       		.uleb128 0x3e
 2581 002d 0B       		.uleb128 0xb
 2582 002e 03       		.uleb128 0x3
 2583 002f 08       		.uleb128 0x8
 2584 0030 00       		.byte	0
 2585 0031 00       		.byte	0
 2586 0032 05       		.uleb128 0x5
 2587 0033 01       		.uleb128 0x1
 2588 0034 01       		.byte	0x1
 2589 0035 49       		.uleb128 0x49
 2590 0036 13       		.uleb128 0x13
 2591 0037 01       		.uleb128 0x1
 2592 0038 13       		.uleb128 0x13
 2593 0039 00       		.byte	0
 2594 003a 00       		.byte	0
 2595 003b 06       		.uleb128 0x6
 2596 003c 21       		.uleb128 0x21
 2597 003d 00       		.byte	0
 2598 003e 49       		.uleb128 0x49
 2599 003f 13       		.uleb128 0x13
 2600 0040 2F       		.uleb128 0x2f
 2601 0041 05       		.uleb128 0x5
 2602 0042 00       		.byte	0
 2603 0043 00       		.byte	0
 2604 0044 07       		.uleb128 0x7
 2605 0045 26       		.uleb128 0x26
 2606 0046 00       		.byte	0
 2607 0047 49       		.uleb128 0x49
 2608 0048 13       		.uleb128 0x13
 2609 0049 00       		.byte	0
 2610 004a 00       		.byte	0
 2611 004b 08       		.uleb128 0x8
 2612 004c 34       		.uleb128 0x34
 2613 004d 00       		.byte	0
 2614 004e 03       		.uleb128 0x3
 2615 004f 0E       		.uleb128 0xe
 2616 0050 3A       		.uleb128 0x3a
 2617 0051 0B       		.uleb128 0xb
 2618 0052 3B       		.uleb128 0x3b
ARM GAS  C:\Users\andre\AppData\Local\Temp\ccaks6AG.s 			page 47


 2619 0053 0B       		.uleb128 0xb
 2620 0054 49       		.uleb128 0x49
 2621 0055 13       		.uleb128 0x13
 2622 0056 3F       		.uleb128 0x3f
 2623 0057 19       		.uleb128 0x19
 2624 0058 02       		.uleb128 0x2
 2625 0059 18       		.uleb128 0x18
 2626 005a 00       		.byte	0
 2627 005b 00       		.byte	0
 2628 005c 09       		.uleb128 0x9
 2629 005d 21       		.uleb128 0x21
 2630 005e 00       		.byte	0
 2631 005f 49       		.uleb128 0x49
 2632 0060 13       		.uleb128 0x13
 2633 0061 2F       		.uleb128 0x2f
 2634 0062 0B       		.uleb128 0xb
 2635 0063 00       		.byte	0
 2636 0064 00       		.byte	0
 2637 0065 0A       		.uleb128 0xa
 2638 0066 34       		.uleb128 0x34
 2639 0067 00       		.byte	0
 2640 0068 03       		.uleb128 0x3
 2641 0069 0E       		.uleb128 0xe
 2642 006a 3A       		.uleb128 0x3a
 2643 006b 0B       		.uleb128 0xb
 2644 006c 3B       		.uleb128 0x3b
 2645 006d 05       		.uleb128 0x5
 2646 006e 49       		.uleb128 0x49
 2647 006f 13       		.uleb128 0x13
 2648 0070 3F       		.uleb128 0x3f
 2649 0071 19       		.uleb128 0x19
 2650 0072 02       		.uleb128 0x2
 2651 0073 18       		.uleb128 0x18
 2652 0074 00       		.byte	0
 2653 0075 00       		.byte	0
 2654 0076 00       		.byte	0
 2655              		.section	.debug_aranges,"",%progbits
 2656 0000 14000000 		.4byte	0x14
 2657 0004 0200     		.2byte	0x2
 2658 0006 00000000 		.4byte	.Ldebug_info0
 2659 000a 04       		.byte	0x4
 2660 000b 00       		.byte	0
 2661 000c 0000     		.2byte	0
 2662 000e 0000     		.2byte	0
 2663 0010 00000000 		.4byte	0
 2664 0014 00000000 		.4byte	0
 2665              		.section	.debug_line,"",%progbits
 2666              	.Ldebug_line0:
 2667 0000 3D010000 		.section	.debug_str,"MS",%progbits,1
 2667      02003701 
 2667      00000201 
 2667      FB0E0D00 
 2667      01010101 
 2668              	.LASF9:
 2669 0000 5F5F7569 		.ascii	"__uint8_t\000"
 2669      6E74385F 
 2669      7400
ARM GAS  C:\Users\andre\AppData\Local\Temp\ccaks6AG.s 			page 48


 2670              	.LASF19:
 2671 000a 433A5C55 		.ascii	"C:\\Users\\andre\\Desktop\\Motorstyring\\Motorstyri"
 2671      73657273 
 2671      5C616E64 
 2671      72655C44 
 2671      65736B74 
 2672 0038 6E672E63 		.ascii	"ng.cydsn\000"
 2672      7964736E 
 2672      00
 2673              	.LASF16:
 2674 0041 63795F6D 		.ascii	"cy_metadata\000"
 2674      65746164 
 2674      61746100 
 2675              	.LASF1:
 2676 004d 756E7369 		.ascii	"unsigned char\000"
 2676      676E6564 
 2676      20636861 
 2676      7200
 2677              	.LASF17:
 2678 005b 474E5520 		.ascii	"GNU C11 5.4.1 20160609 (release) [ARM/embedded-5-br"
 2678      43313120 
 2678      352E342E 
 2678      31203230 
 2678      31363036 
 2679 008e 616E6368 		.ascii	"anch revision 237715] -mcpu=cortex-m3 -mthumb -g -O"
 2679      20726576 
 2679      6973696F 
 2679      6E203233 
 2679      37373135 
 2680 00c1 67202D66 		.ascii	"g -ffunction-sections -ffat-lto-objects\000"
 2680      66756E63 
 2680      74696F6E 
 2680      2D736563 
 2680      74696F6E 
 2681              	.LASF5:
 2682 00e9 6C6F6E67 		.ascii	"long unsigned int\000"
 2682      20756E73 
 2682      69676E65 
 2682      6420696E 
 2682      7400
 2683              	.LASF3:
 2684 00fb 73686F72 		.ascii	"short unsigned int\000"
 2684      7420756E 
 2684      7369676E 
 2684      65642069 
 2684      6E7400
 2685              	.LASF13:
 2686 010e 63795F6D 		.ascii	"cy_meta_custnvl\000"
 2686      6574615F 
 2686      63757374 
 2686      6E766C00 
 2687              	.LASF12:
 2688 011e 63795F6D 		.ascii	"cy_meta_configecc\000"
 2688      6574615F 
 2688      636F6E66 
 2688      69676563 
 2688      6300
ARM GAS  C:\Users\andre\AppData\Local\Temp\ccaks6AG.s 			page 49


 2689              	.LASF8:
 2690 0130 756E7369 		.ascii	"unsigned int\000"
 2690      676E6564 
 2690      20696E74 
 2690      00
 2691              	.LASF7:
 2692 013d 6C6F6E67 		.ascii	"long long unsigned int\000"
 2692      206C6F6E 
 2692      6720756E 
 2692      7369676E 
 2692      65642069 
 2693              	.LASF10:
 2694 0154 75696E74 		.ascii	"uint8_t\000"
 2694      385F7400 
 2695              	.LASF15:
 2696 015c 63795F6D 		.ascii	"cy_meta_flashprotect\000"
 2696      6574615F 
 2696      666C6173 
 2696      6870726F 
 2696      74656374 
 2697              	.LASF14:
 2698 0171 63795F6D 		.ascii	"cy_meta_wonvl\000"
 2698      6574615F 
 2698      776F6E76 
 2698      6C00
 2699              	.LASF11:
 2700 017f 73697A65 		.ascii	"sizetype\000"
 2700      74797065 
 2700      00
 2701              	.LASF6:
 2702 0188 6C6F6E67 		.ascii	"long long int\000"
 2702      206C6F6E 
 2702      6720696E 
 2702      7400
 2703              	.LASF2:
 2704 0196 73686F72 		.ascii	"short int\000"
 2704      7420696E 
 2704      7400
 2705              	.LASF4:
 2706 01a0 6C6F6E67 		.ascii	"long int\000"
 2706      20696E74 
 2706      00
 2707              	.LASF0:
 2708 01a9 7369676E 		.ascii	"signed char\000"
 2708      65642063 
 2708      68617200 
 2709              	.LASF18:
 2710 01b5 47656E65 		.ascii	"Generated_Source\\PSoC5\\cymetadata.c\000"
 2710      72617465 
 2710      645F536F 
 2710      75726365 
 2710      5C50536F 
 2711              		.ident	"GCC: (GNU Tools for ARM Embedded Processors) 5.4.1 20160609 (release) [ARM/embedded-5-bran
