ARM GAS  C:\Users\andre\AppData\Local\Temp\ccoeWTPE.s 			page 1


   1              		.syntax unified
   2              		.cpu cortex-m3
   3              		.fpu softvfp
   4              		.eabi_attribute 20, 1
   5              		.eabi_attribute 21, 1
   6              		.eabi_attribute 23, 3
   7              		.eabi_attribute 24, 1
   8              		.eabi_attribute 25, 1
   9              		.eabi_attribute 26, 1
  10              		.eabi_attribute 30, 1
  11              		.eabi_attribute 34, 1
  12              		.eabi_attribute 18, 4
  13              		.thumb
  14              		.syntax unified
  15              		.file	"cymetadata.c"
  16              		.text
  17              	.Ltext0:
  18              		.cfi_sections	.debug_frame
  19              		.global	cy_metadata
  20              		.global	cy_meta_flashprotect
  21              		.global	cy_meta_wonvl
  22              		.global	cy_meta_custnvl
  23              		.global	cy_meta_configecc
  24              		.section	.cyconfigecc,"a",%progbits
  25              		.align	2
  26              		.type	cy_meta_configecc, %object
  27              		.size	cy_meta_configecc, 1892
  28              	cy_meta_configecc:
  29 0000 04       		.byte	4
  30 0001 52       		.byte	82
  31 0002 00       		.byte	0
  32 0003 40       		.byte	64
  33 0004 01       		.byte	1
  34 0005 5B       		.byte	91
  35 0006 00       		.byte	0
  36 0007 40       		.byte	64
  37 0008 04       		.byte	4
  38 0009 64       		.byte	100
  39 000a 00       		.byte	0
  40 000b 40       		.byte	64
  41 000c 04       		.byte	4
  42 000d 65       		.byte	101
  43 000e 00       		.byte	0
  44 000f 40       		.byte	64
  45 0010 49       		.byte	73
  46 0011 02       		.byte	2
  47 0012 01       		.byte	1
  48 0013 40       		.byte	64
  49 0014 34       		.byte	52
  50 0015 03       		.byte	3
  51 0016 01       		.byte	1
  52 0017 40       		.byte	64
  53 0018 03       		.byte	3
  54 0019 04       		.byte	4
  55 001a 01       		.byte	1
  56 001b 40       		.byte	64
  57 001c 3C       		.byte	60
ARM GAS  C:\Users\andre\AppData\Local\Temp\ccoeWTPE.s 			page 2


  58 001d 05       		.byte	5
  59 001e 01       		.byte	1
  60 001f 40       		.byte	64
  61 0020 5C       		.byte	92
  62 0021 06       		.byte	6
  63 0022 01       		.byte	1
  64 0023 40       		.byte	64
  65 0024 48       		.byte	72
  66 0025 07       		.byte	7
  67 0026 01       		.byte	1
  68 0027 40       		.byte	64
  69 0028 04       		.byte	4
  70 0029 09       		.byte	9
  71 002a 01       		.byte	1
  72 002b 40       		.byte	64
  73 002c 01       		.byte	1
  74 002d 0B       		.byte	11
  75 002e 01       		.byte	1
  76 002f 40       		.byte	64
  77 0030 02       		.byte	2
  78 0031 0D       		.byte	13
  79 0032 01       		.byte	1
  80 0033 40       		.byte	64
  81 0034 4C       		.byte	76
  82 0035 14       		.byte	20
  83 0036 01       		.byte	1
  84 0037 40       		.byte	64
  85 0038 48       		.byte	72
  86 0039 15       		.byte	21
  87 003a 01       		.byte	1
  88 003b 40       		.byte	64
  89 003c 58       		.byte	88
  90 003d 16       		.byte	22
  91 003e 01       		.byte	1
  92 003f 40       		.byte	64
  93 0040 43       		.byte	67
  94 0041 17       		.byte	23
  95 0042 01       		.byte	1
  96 0043 40       		.byte	64
  97 0044 03       		.byte	3
  98 0045 19       		.byte	25
  99 0046 01       		.byte	1
 100 0047 40       		.byte	64
 101 0048 05       		.byte	5
 102 0049 1B       		.byte	27
 103 004a 01       		.byte	1
 104 004b 40       		.byte	64
 105 004c 06       		.byte	6
 106 004d 40       		.byte	64
 107 004e 01       		.byte	1
 108 004f 40       		.byte	64
 109 0050 07       		.byte	7
 110 0051 41       		.byte	65
 111 0052 01       		.byte	1
 112 0053 40       		.byte	64
 113 0054 04       		.byte	4
 114 0055 42       		.byte	66
ARM GAS  C:\Users\andre\AppData\Local\Temp\ccoeWTPE.s 			page 3


 115 0056 01       		.byte	1
 116 0057 40       		.byte	64
 117 0058 04       		.byte	4
 118 0059 43       		.byte	67
 119 005a 01       		.byte	1
 120 005b 40       		.byte	64
 121 005c 0D       		.byte	13
 122 005d 45       		.byte	69
 123 005e 01       		.byte	1
 124 005f 40       		.byte	64
 125 0060 06       		.byte	6
 126 0061 46       		.byte	70
 127 0062 01       		.byte	1
 128 0063 40       		.byte	64
 129 0064 07       		.byte	7
 130 0065 47       		.byte	71
 131 0066 01       		.byte	1
 132 0067 40       		.byte	64
 133 0068 04       		.byte	4
 134 0069 48       		.byte	72
 135 006a 01       		.byte	1
 136 006b 40       		.byte	64
 137 006c 13       		.byte	19
 138 006d 49       		.byte	73
 139 006e 01       		.byte	1
 140 006f 40       		.byte	64
 141 0070 15       		.byte	21
 142 0071 4C       		.byte	76
 143 0072 01       		.byte	1
 144 0073 40       		.byte	64
 145 0074 0D       		.byte	13
 146 0075 4D       		.byte	77
 147 0076 01       		.byte	1
 148 0077 40       		.byte	64
 149 0078 05       		.byte	5
 150 0079 50       		.byte	80
 151 007a 01       		.byte	1
 152 007b 40       		.byte	64
 153 007c 03       		.byte	3
 154 007d 51       		.byte	81
 155 007e 01       		.byte	1
 156 007f 40       		.byte	64
 157 0080 08       		.byte	8
 158 0081 40       		.byte	64
 159 0082 09       		.byte	9
 160 0083 40       		.byte	64
 161 0084 10       		.byte	16
 162 0085 15       		.byte	21
 163 0086 11       		.byte	17
 164 0087 13       		.byte	19
 165 0088 27       		.byte	39
 166 0089 21       		.byte	33
 167 008a 82       		.byte	-126
 168 008b 0D       		.byte	13
 169 008c 83       		.byte	-125
 170 008d 78       		.byte	120
 171 008e 84       		.byte	-124
ARM GAS  C:\Users\andre\AppData\Local\Temp\ccoeWTPE.s 			page 4


 172 008f 07       		.byte	7
 173 0090 87       		.byte	-121
 174 0091 47       		.byte	71
 175 0092 84       		.byte	-124
 176 0093 38       		.byte	56
 177 0094 85       		.byte	-123
 178 0095 72       		.byte	114
 179 0096 86       		.byte	-122
 180 0097 0F       		.byte	15
 181 0098 87       		.byte	-121
 182 0099 0D       		.byte	13
 183 009a 06       		.byte	6
 184 009b 04       		.byte	4
 185 009c 0C       		.byte	12
 186 009d 01       		.byte	1
 187 009e 16       		.byte	22
 188 009f 03       		.byte	3
 189 00a0 1E       		.byte	30
 190 00a1 08       		.byte	8
 191 00a2 1F       		.byte	31
 192 00a3 01       		.byte	1
 193 00a4 26       		.byte	38
 194 00a5 08       		.byte	8
 195 00a6 30       		.byte	48
 196 00a7 01       		.byte	1
 197 00a8 32       		.byte	50
 198 00a9 04       		.byte	4
 199 00aa 34       		.byte	52
 200 00ab 08       		.byte	8
 201 00ac 36       		.byte	54
 202 00ad 02       		.byte	2
 203 00ae 37       		.byte	55
 204 00af 01       		.byte	1
 205 00b0 3E       		.byte	62
 206 00b1 10       		.byte	16
 207 00b2 40       		.byte	64
 208 00b3 30       		.byte	48
 209 00b4 41       		.byte	65
 210 00b5 04       		.byte	4
 211 00b6 45       		.byte	69
 212 00b7 D0       		.byte	-48
 213 00b8 46       		.byte	70
 214 00b9 10       		.byte	16
 215 00ba 47       		.byte	71
 216 00bb 20       		.byte	32
 217 00bc 48       		.byte	72
 218 00bd 2A       		.byte	42
 219 00be 49       		.byte	73
 220 00bf FF       		.byte	-1
 221 00c0 4A       		.byte	74
 222 00c1 FF       		.byte	-1
 223 00c2 4B       		.byte	75
 224 00c3 FF       		.byte	-1
 225 00c4 4D       		.byte	77
 226 00c5 A0       		.byte	-96
 227 00c6 4F       		.byte	79
 228 00c7 04       		.byte	4
ARM GAS  C:\Users\andre\AppData\Local\Temp\ccoeWTPE.s 			page 5


 229 00c8 50       		.byte	80
 230 00c9 18       		.byte	24
 231 00ca 54       		.byte	84
 232 00cb 05       		.byte	5
 233 00cc 58       		.byte	88
 234 00cd 04       		.byte	4
 235 00ce 59       		.byte	89
 236 00cf 04       		.byte	4
 237 00d0 5A       		.byte	90
 238 00d1 04       		.byte	4
 239 00d2 5B       		.byte	91
 240 00d3 04       		.byte	4
 241 00d4 5C       		.byte	92
 242 00d5 20       		.byte	32
 243 00d6 5F       		.byte	95
 244 00d7 01       		.byte	1
 245 00d8 60       		.byte	96
 246 00d9 40       		.byte	64
 247 00da 62       		.byte	98
 248 00db C0       		.byte	-64
 249 00dc 64       		.byte	100
 250 00dd 40       		.byte	64
 251 00de 65       		.byte	101
 252 00df 40       		.byte	64
 253 00e0 66       		.byte	102
 254 00e1 C0       		.byte	-64
 255 00e2 68       		.byte	104
 256 00e3 C0       		.byte	-64
 257 00e4 6A       		.byte	106
 258 00e5 C0       		.byte	-64
 259 00e6 6C       		.byte	108
 260 00e7 C0       		.byte	-64
 261 00e8 6E       		.byte	110
 262 00e9 C0       		.byte	-64
 263 00ea 82       		.byte	-126
 264 00eb 10       		.byte	16
 265 00ec 83       		.byte	-125
 266 00ed 01       		.byte	1
 267 00ee 8B       		.byte	-117
 268 00ef 01       		.byte	1
 269 00f0 8D       		.byte	-115
 270 00f1 10       		.byte	16
 271 00f2 8F       		.byte	-113
 272 00f3 02       		.byte	2
 273 00f4 91       		.byte	-111
 274 00f5 10       		.byte	16
 275 00f6 9B       		.byte	-101
 276 00f7 04       		.byte	4
 277 00f8 9C       		.byte	-100
 278 00f9 10       		.byte	16
 279 00fa A2       		.byte	-94
 280 00fb 0D       		.byte	13
 281 00fc A4       		.byte	-92
 282 00fd 08       		.byte	8
 283 00fe A6       		.byte	-90
 284 00ff 04       		.byte	4
 285 0100 A7       		.byte	-89
ARM GAS  C:\Users\andre\AppData\Local\Temp\ccoeWTPE.s 			page 6


 286 0101 04       		.byte	4
 287 0102 A8       		.byte	-88
 288 0103 01       		.byte	1
 289 0104 AE       		.byte	-82
 290 0105 02       		.byte	2
 291 0106 AF       		.byte	-81
 292 0107 08       		.byte	8
 293 0108 B0       		.byte	-80
 294 0109 0A       		.byte	10
 295 010a B1       		.byte	-79
 296 010b 04       		.byte	4
 297 010c B2       		.byte	-78
 298 010d 10       		.byte	16
 299 010e B3       		.byte	-77
 300 010f 03       		.byte	3
 301 0110 B4       		.byte	-76
 302 0111 06       		.byte	6
 303 0112 B5       		.byte	-75
 304 0113 08       		.byte	8
 305 0114 B6       		.byte	-74
 306 0115 03       		.byte	3
 307 0116 B7       		.byte	-73
 308 0117 10       		.byte	16
 309 0118 B9       		.byte	-71
 310 0119 80       		.byte	-128
 311 011a BE       		.byte	-66
 312 011b 55       		.byte	85
 313 011c BF       		.byte	-65
 314 011d 44       		.byte	68
 315 011e D4       		.byte	-44
 316 011f 20       		.byte	32
 317 0120 D6       		.byte	-42
 318 0121 04       		.byte	4
 319 0122 D8       		.byte	-40
 320 0123 04       		.byte	4
 321 0124 D9       		.byte	-39
 322 0125 04       		.byte	4
 323 0126 DB       		.byte	-37
 324 0127 04       		.byte	4
 325 0128 DD       		.byte	-35
 326 0129 20       		.byte	32
 327 012a DF       		.byte	-33
 328 012b 01       		.byte	1
 329 012c 02       		.byte	2
 330 012d C0       		.byte	-64
 331 012e 05       		.byte	5
 332 012f 40       		.byte	64
 333 0130 06       		.byte	6
 334 0131 10       		.byte	16
 335 0132 09       		.byte	9
 336 0133 40       		.byte	64
 337 0134 0F       		.byte	15
 338 0135 22       		.byte	34
 339 0136 10       		.byte	16
 340 0137 AA       		.byte	-86
 341 0138 17       		.byte	23
 342 0139 08       		.byte	8
ARM GAS  C:\Users\andre\AppData\Local\Temp\ccoeWTPE.s 			page 7


 343 013a 18       		.byte	24
 344 013b 02       		.byte	2
 345 013c 19       		.byte	25
 346 013d 20       		.byte	32
 347 013e 1A       		.byte	26
 348 013f 80       		.byte	-128
 349 0140 1B       		.byte	27
 350 0141 04       		.byte	4
 351 0142 1D       		.byte	29
 352 0143 40       		.byte	64
 353 0144 1E       		.byte	30
 354 0145 58       		.byte	88
 355 0146 21       		.byte	33
 356 0147 60       		.byte	96
 357 0148 22       		.byte	34
 358 0149 01       		.byte	1
 359 014a 23       		.byte	35
 360 014b 28       		.byte	40
 361 014c 25       		.byte	37
 362 014d 40       		.byte	64
 363 014e 2A       		.byte	42
 364 014f 80       		.byte	-128
 365 0150 2B       		.byte	43
 366 0151 10       		.byte	16
 367 0152 31       		.byte	49
 368 0153 20       		.byte	32
 369 0154 32       		.byte	50
 370 0155 01       		.byte	1
 371 0156 36       		.byte	54
 372 0157 80       		.byte	-128
 373 0158 39       		.byte	57
 374 0159 51       		.byte	81
 375 015a 45       		.byte	69
 376 015b 01       		.byte	1
 377 015c 47       		.byte	71
 378 015d 08       		.byte	8
 379 015e 4F       		.byte	79
 380 015f 01       		.byte	1
 381 0160 55       		.byte	85
 382 0161 01       		.byte	1
 383 0162 57       		.byte	87
 384 0163 11       		.byte	17
 385 0164 59       		.byte	89
 386 0165 02       		.byte	2
 387 0166 5E       		.byte	94
 388 0167 48       		.byte	72
 389 0168 5F       		.byte	95
 390 0169 01       		.byte	1
 391 016a 60       		.byte	96
 392 016b 81       		.byte	-127
 393 016c 62       		.byte	98
 394 016d 08       		.byte	8
 395 016e 63       		.byte	99
 396 016f 08       		.byte	8
 397 0170 68       		.byte	104
 398 0171 AA       		.byte	-86
 399 0172 69       		.byte	105
ARM GAS  C:\Users\andre\AppData\Local\Temp\ccoeWTPE.s 			page 8


 400 0173 51       		.byte	81
 401 0174 6B       		.byte	107
 402 0175 01       		.byte	1
 403 0176 82       		.byte	-126
 404 0177 40       		.byte	64
 405 0178 84       		.byte	-124
 406 0179 80       		.byte	-128
 407 017a 87       		.byte	-121
 408 017b 20       		.byte	32
 409 017c 8D       		.byte	-115
 410 017d 40       		.byte	64
 411 017e C0       		.byte	-64
 412 017f A8       		.byte	-88
 413 0180 C2       		.byte	-62
 414 0181 A1       		.byte	-95
 415 0182 C4       		.byte	-60
 416 0183 2F       		.byte	47
 417 0184 CA       		.byte	-54
 418 0185 0A       		.byte	10
 419 0186 CC       		.byte	-52
 420 0187 15       		.byte	21
 421 0188 CE       		.byte	-50
 422 0189 0D       		.byte	13
 423 018a D0       		.byte	-48
 424 018b C0       		.byte	-64
 425 018c D6       		.byte	-42
 426 018d D1       		.byte	-47
 427 018e D8       		.byte	-40
 428 018f 0F       		.byte	15
 429 0190 E0       		.byte	-32
 430 0191 02       		.byte	2
 431 0192 E4       		.byte	-28
 432 0193 01       		.byte	1
 433 0194 D6       		.byte	-42
 434 0195 08       		.byte	8
 435 0196 DB       		.byte	-37
 436 0197 04       		.byte	4
 437 0198 DD       		.byte	-35
 438 0199 20       		.byte	32
 439 019a 00       		.byte	0
 440 019b 04       		.byte	4
 441 019c 03       		.byte	3
 442 019d 0A       		.byte	10
 443 019e 08       		.byte	8
 444 019f 20       		.byte	32
 445 01a0 09       		.byte	9
 446 01a1 20       		.byte	32
 447 01a2 0A       		.byte	10
 448 01a3 A2       		.byte	-94
 449 01a4 10       		.byte	16
 450 01a5 A8       		.byte	-88
 451 01a6 11       		.byte	17
 452 01a7 40       		.byte	64
 453 01a8 19       		.byte	25
 454 01a9 80       		.byte	-128
 455 01aa 1A       		.byte	26
 456 01ab A4       		.byte	-92
ARM GAS  C:\Users\andre\AppData\Local\Temp\ccoeWTPE.s 			page 9


 457 01ac 1B       		.byte	27
 458 01ad 10       		.byte	16
 459 01ae 20       		.byte	32
 460 01af 01       		.byte	1
 461 01b0 21       		.byte	33
 462 01b1 0A       		.byte	10
 463 01b2 29       		.byte	41
 464 01b3 0A       		.byte	10
 465 01b4 2B       		.byte	43
 466 01b5 80       		.byte	-128
 467 01b6 30       		.byte	48
 468 01b7 80       		.byte	-128
 469 01b8 31       		.byte	49
 470 01b9 02       		.byte	2
 471 01ba 34       		.byte	52
 472 01bb 04       		.byte	4
 473 01bc 36       		.byte	54
 474 01bd 08       		.byte	8
 475 01be 39       		.byte	57
 476 01bf 54       		.byte	84
 477 01c0 40       		.byte	64
 478 01c1 01       		.byte	1
 479 01c2 42       		.byte	66
 480 01c3 04       		.byte	4
 481 01c4 49       		.byte	73
 482 01c5 11       		.byte	17
 483 01c6 4B       		.byte	75
 484 01c7 04       		.byte	4
 485 01c8 4C       		.byte	76
 486 01c9 04       		.byte	4
 487 01ca 4D       		.byte	77
 488 01cb 20       		.byte	32
 489 01cc 50       		.byte	80
 490 01cd 04       		.byte	4
 491 01ce 51       		.byte	81
 492 01cf 20       		.byte	32
 493 01d0 53       		.byte	83
 494 01d1 80       		.byte	-128
 495 01d2 5C       		.byte	92
 496 01d3 20       		.byte	32
 497 01d4 5D       		.byte	93
 498 01d5 80       		.byte	-128
 499 01d6 5F       		.byte	95
 500 01d7 06       		.byte	6
 501 01d8 61       		.byte	97
 502 01d9 10       		.byte	16
 503 01da 62       		.byte	98
 504 01db 20       		.byte	32
 505 01dc 64       		.byte	100
 506 01dd 04       		.byte	4
 507 01de 66       		.byte	102
 508 01df 46       		.byte	70
 509 01e0 68       		.byte	104
 510 01e1 A8       		.byte	-88
 511 01e2 69       		.byte	105
 512 01e3 54       		.byte	84
 513 01e4 78       		.byte	120
ARM GAS  C:\Users\andre\AppData\Local\Temp\ccoeWTPE.s 			page 10


 514 01e5 90       		.byte	-112
 515 01e6 8F       		.byte	-113
 516 01e7 12       		.byte	18
 517 01e8 92       		.byte	-110
 518 01e9 10       		.byte	16
 519 01ea 9B       		.byte	-101
 520 01eb 01       		.byte	1
 521 01ec 9D       		.byte	-99
 522 01ed 02       		.byte	2
 523 01ee 9E       		.byte	-98
 524 01ef D0       		.byte	-48
 525 01f0 A5       		.byte	-91
 526 01f1 08       		.byte	8
 527 01f2 A6       		.byte	-90
 528 01f3 08       		.byte	8
 529 01f4 A8       		.byte	-88
 530 01f5 01       		.byte	1
 531 01f6 A9       		.byte	-87
 532 01f7 08       		.byte	8
 533 01f8 B1       		.byte	-79
 534 01f9 20       		.byte	32
 535 01fa B4       		.byte	-76
 536 01fb 01       		.byte	1
 537 01fc C0       		.byte	-64
 538 01fd 07       		.byte	7
 539 01fe C2       		.byte	-62
 540 01ff 0F       		.byte	15
 541 0200 C4       		.byte	-60
 542 0201 0F       		.byte	15
 543 0202 CA       		.byte	-54
 544 0203 03       		.byte	3
 545 0204 CC       		.byte	-52
 546 0205 09       		.byte	9
 547 0206 CE       		.byte	-50
 548 0207 0E       		.byte	14
 549 0208 D0       		.byte	-48
 550 0209 0C       		.byte	12
 551 020a D2       		.byte	-46
 552 020b 04       		.byte	4
 553 020c D6       		.byte	-42
 554 020d F0       		.byte	-16
 555 020e D8       		.byte	-40
 556 020f F4       		.byte	-12
 557 0210 DE       		.byte	-34
 558 0211 0C       		.byte	12
 559 0212 07       		.byte	7
 560 0213 04       		.byte	4
 561 0214 08       		.byte	8
 562 0215 05       		.byte	5
 563 0216 09       		.byte	9
 564 0217 08       		.byte	8
 565 0218 1B       		.byte	27
 566 0219 05       		.byte	5
 567 021a 1F       		.byte	31
 568 021b 02       		.byte	2
 569 021c 27       		.byte	39
 570 021d 09       		.byte	9
ARM GAS  C:\Users\andre\AppData\Local\Temp\ccoeWTPE.s 			page 11


 571 021e 2A       		.byte	42
 572 021f 01       		.byte	1
 573 0220 2E       		.byte	46
 574 0221 07       		.byte	7
 575 0222 31       		.byte	49
 576 0223 01       		.byte	1
 577 0224 32       		.byte	50
 578 0225 04       		.byte	4
 579 0226 33       		.byte	51
 580 0227 02       		.byte	2
 581 0228 34       		.byte	52
 582 0229 02       		.byte	2
 583 022a 35       		.byte	53
 584 022b 04       		.byte	4
 585 022c 36       		.byte	54
 586 022d 01       		.byte	1
 587 022e 37       		.byte	55
 588 022f 08       		.byte	8
 589 0230 3E       		.byte	62
 590 0231 44       		.byte	68
 591 0232 3F       		.byte	63
 592 0233 10       		.byte	16
 593 0234 40       		.byte	64
 594 0235 20       		.byte	32
 595 0236 41       		.byte	65
 596 0237 03       		.byte	3
 597 0238 45       		.byte	69
 598 0239 D2       		.byte	-46
 599 023a 46       		.byte	70
 600 023b 10       		.byte	16
 601 023c 48       		.byte	72
 602 023d 0B       		.byte	11
 603 023e 49       		.byte	73
 604 023f FF       		.byte	-1
 605 0240 4A       		.byte	74
 606 0241 FF       		.byte	-1
 607 0242 4B       		.byte	75
 608 0243 FF       		.byte	-1
 609 0244 4D       		.byte	77
 610 0245 A0       		.byte	-96
 611 0246 4F       		.byte	79
 612 0247 04       		.byte	4
 613 0248 50       		.byte	80
 614 0249 18       		.byte	24
 615 024a 52       		.byte	82
 616 024b 80       		.byte	-128
 617 024c 58       		.byte	88
 618 024d 04       		.byte	4
 619 024e 59       		.byte	89
 620 024f 04       		.byte	4
 621 0250 5A       		.byte	90
 622 0251 04       		.byte	4
 623 0252 5B       		.byte	91
 624 0253 04       		.byte	4
 625 0254 5C       		.byte	92
 626 0255 02       		.byte	2
 627 0256 5F       		.byte	95
ARM GAS  C:\Users\andre\AppData\Local\Temp\ccoeWTPE.s 			page 12


 628 0257 01       		.byte	1
 629 0258 60       		.byte	96
 630 0259 40       		.byte	64
 631 025a 62       		.byte	98
 632 025b C0       		.byte	-64
 633 025c 64       		.byte	100
 634 025d 40       		.byte	64
 635 025e 65       		.byte	101
 636 025f 40       		.byte	64
 637 0260 66       		.byte	102
 638 0261 C0       		.byte	-64
 639 0262 68       		.byte	104
 640 0263 C0       		.byte	-64
 641 0264 6A       		.byte	106
 642 0265 C0       		.byte	-64
 643 0266 6C       		.byte	108
 644 0267 C0       		.byte	-64
 645 0268 6E       		.byte	110
 646 0269 C0       		.byte	-64
 647 026a 86       		.byte	-122
 648 026b 20       		.byte	32
 649 026c 89       		.byte	-119
 650 026d 0A       		.byte	10
 651 026e 8C       		.byte	-116
 652 026f 10       		.byte	16
 653 0270 8E       		.byte	-114
 654 0271 AC       		.byte	-84
 655 0272 90       		.byte	-112
 656 0273 DC       		.byte	-36
 657 0274 92       		.byte	-110
 658 0275 22       		.byte	34
 659 0276 93       		.byte	-109
 660 0277 02       		.byte	2
 661 0278 94       		.byte	-108
 662 0279 09       		.byte	9
 663 027a 96       		.byte	-106
 664 027b D0       		.byte	-48
 665 027c 9A       		.byte	-102
 666 027d 03       		.byte	3
 667 027e 9C       		.byte	-100
 668 027f 0C       		.byte	12
 669 0280 9E       		.byte	-98
 670 0281 71       		.byte	113
 671 0282 9F       		.byte	-97
 672 0283 01       		.byte	1
 673 0284 A3       		.byte	-93
 674 0285 04       		.byte	4
 675 0286 A4       		.byte	-92
 676 0287 14       		.byte	20
 677 0288 A8       		.byte	-88
 678 0289 10       		.byte	16
 679 028a AA       		.byte	-86
 680 028b 40       		.byte	64
 681 028c AB       		.byte	-85
 682 028d 01       		.byte	1
 683 028e B1       		.byte	-79
 684 028f 01       		.byte	1
ARM GAS  C:\Users\andre\AppData\Local\Temp\ccoeWTPE.s 			page 13


 685 0290 B3       		.byte	-77
 686 0291 04       		.byte	4
 687 0292 B4       		.byte	-76
 688 0293 1F       		.byte	31
 689 0294 B5       		.byte	-75
 690 0295 08       		.byte	8
 691 0296 B6       		.byte	-74
 692 0297 E0       		.byte	-32
 693 0298 B7       		.byte	-73
 694 0299 02       		.byte	2
 695 029a BA       		.byte	-70
 696 029b 80       		.byte	-128
 697 029c BF       		.byte	-65
 698 029d 51       		.byte	81
 699 029e C0       		.byte	-64
 700 029f 42       		.byte	66
 701 02a0 C1       		.byte	-63
 702 02a1 05       		.byte	5
 703 02a2 C5       		.byte	-59
 704 02a3 EB       		.byte	-21
 705 02a4 C7       		.byte	-57
 706 02a5 0C       		.byte	12
 707 02a6 C8       		.byte	-56
 708 02a7 13       		.byte	19
 709 02a8 C9       		.byte	-55
 710 02a9 FF       		.byte	-1
 711 02aa CA       		.byte	-54
 712 02ab FF       		.byte	-1
 713 02ac CB       		.byte	-53
 714 02ad FF       		.byte	-1
 715 02ae CE       		.byte	-50
 716 02af F0       		.byte	-16
 717 02b0 CF       		.byte	-49
 718 02b1 44       		.byte	68
 719 02b2 D0       		.byte	-48
 720 02b3 0C       		.byte	12
 721 02b4 D4       		.byte	-44
 722 02b5 41       		.byte	65
 723 02b6 D8       		.byte	-40
 724 02b7 04       		.byte	4
 725 02b8 D9       		.byte	-39
 726 02b9 04       		.byte	4
 727 02ba DA       		.byte	-38
 728 02bb 04       		.byte	4
 729 02bc DB       		.byte	-37
 730 02bd 04       		.byte	4
 731 02be DC       		.byte	-36
 732 02bf 11       		.byte	17
 733 02c0 DD       		.byte	-35
 734 02c1 21       		.byte	33
 735 02c2 DF       		.byte	-33
 736 02c3 01       		.byte	1
 737 02c4 E6       		.byte	-26
 738 02c5 C0       		.byte	-64
 739 02c6 EA       		.byte	-22
 740 02c7 40       		.byte	64
 741 02c8 EB       		.byte	-21
ARM GAS  C:\Users\andre\AppData\Local\Temp\ccoeWTPE.s 			page 14


 742 02c9 02       		.byte	2
 743 02ca 00       		.byte	0
 744 02cb 04       		.byte	4
 745 02cc 03       		.byte	3
 746 02cd 02       		.byte	2
 747 02ce 05       		.byte	5
 748 02cf 10       		.byte	16
 749 02d0 0A       		.byte	10
 750 02d1 A6       		.byte	-90
 751 02d2 0E       		.byte	14
 752 02d3 C0       		.byte	-64
 753 02d4 10       		.byte	16
 754 02d5 24       		.byte	36
 755 02d6 14       		.byte	20
 756 02d7 08       		.byte	8
 757 02d8 15       		.byte	21
 758 02d9 02       		.byte	2
 759 02da 16       		.byte	22
 760 02db 46       		.byte	70
 761 02dc 19       		.byte	25
 762 02dd 80       		.byte	-128
 763 02de 1A       		.byte	26
 764 02df 0E       		.byte	14
 765 02e0 1D       		.byte	29
 766 02e1 54       		.byte	84
 767 02e2 21       		.byte	33
 768 02e3 81       		.byte	-127
 769 02e4 22       		.byte	34
 770 02e5 20       		.byte	32
 771 02e6 23       		.byte	35
 772 02e7 10       		.byte	16
 773 02e8 24       		.byte	36
 774 02e9 40       		.byte	64
 775 02ea 26       		.byte	38
 776 02eb 40       		.byte	64
 777 02ec 27       		.byte	39
 778 02ed 14       		.byte	20
 779 02ee 28       		.byte	40
 780 02ef 40       		.byte	64
 781 02f0 2B       		.byte	43
 782 02f1 04       		.byte	4
 783 02f2 2C       		.byte	44
 784 02f3 04       		.byte	4
 785 02f4 2F       		.byte	47
 786 02f5 28       		.byte	40
 787 02f6 31       		.byte	49
 788 02f7 01       		.byte	1
 789 02f8 32       		.byte	50
 790 02f9 80       		.byte	-128
 791 02fa 37       		.byte	55
 792 02fb 90       		.byte	-112
 793 02fc 3B       		.byte	59
 794 02fd 20       		.byte	32
 795 02fe 3D       		.byte	61
 796 02ff 08       		.byte	8
 797 0300 3E       		.byte	62
 798 0301 10       		.byte	16
ARM GAS  C:\Users\andre\AppData\Local\Temp\ccoeWTPE.s 			page 15


 799 0302 3F       		.byte	63
 800 0303 04       		.byte	4
 801 0304 40       		.byte	64
 802 0305 04       		.byte	4
 803 0306 43       		.byte	67
 804 0307 02       		.byte	2
 805 0308 45       		.byte	69
 806 0309 04       		.byte	4
 807 030a 47       		.byte	71
 808 030b 10       		.byte	16
 809 030c 48       		.byte	72
 810 030d 20       		.byte	32
 811 030e 49       		.byte	73
 812 030f 80       		.byte	-128
 813 0310 4B       		.byte	75
 814 0311 02       		.byte	2
 815 0312 4D       		.byte	77
 816 0313 02       		.byte	2
 817 0314 4F       		.byte	79
 818 0315 04       		.byte	4
 819 0316 50       		.byte	80
 820 0317 08       		.byte	8
 821 0318 56       		.byte	86
 822 0319 10       		.byte	16
 823 031a 57       		.byte	87
 824 031b 20       		.byte	32
 825 031c 58       		.byte	88
 826 031d 08       		.byte	8
 827 031e 59       		.byte	89
 828 031f 60       		.byte	96
 829 0320 61       		.byte	97
 830 0321 04       		.byte	4
 831 0322 77       		.byte	119
 832 0323 80       		.byte	-128
 833 0324 84       		.byte	-124
 834 0325 80       		.byte	-128
 835 0326 87       		.byte	-121
 836 0327 10       		.byte	16
 837 0328 89       		.byte	-119
 838 0329 80       		.byte	-128
 839 032a 8D       		.byte	-115
 840 032b 40       		.byte	64
 841 032c 92       		.byte	-110
 842 032d B0       		.byte	-80
 843 032e 94       		.byte	-108
 844 032f 04       		.byte	4
 845 0330 96       		.byte	-106
 846 0331 02       		.byte	2
 847 0332 99       		.byte	-103
 848 0333 21       		.byte	33
 849 0334 9A       		.byte	-102
 850 0335 06       		.byte	6
 851 0336 9B       		.byte	-101
 852 0337 01       		.byte	1
 853 0338 9C       		.byte	-100
 854 0339 90       		.byte	-112
 855 033a 9D       		.byte	-99
ARM GAS  C:\Users\andre\AppData\Local\Temp\ccoeWTPE.s 			page 16


 856 033b 08       		.byte	8
 857 033c 9E       		.byte	-98
 858 033d 90       		.byte	-112
 859 033e A6       		.byte	-90
 860 033f 20       		.byte	32
 861 0340 A7       		.byte	-89
 862 0341 0A       		.byte	10
 863 0342 C0       		.byte	-64
 864 0343 45       		.byte	69
 865 0344 C2       		.byte	-62
 866 0345 0F       		.byte	15
 867 0346 C4       		.byte	-60
 868 0347 C6       		.byte	-58
 869 0348 CA       		.byte	-54
 870 0349 45       		.byte	69
 871 034a CC       		.byte	-52
 872 034b 39       		.byte	57
 873 034c CE       		.byte	-50
 874 034d 64       		.byte	100
 875 034e D0       		.byte	-48
 876 034f 65       		.byte	101
 877 0350 D2       		.byte	-46
 878 0351 08       		.byte	8
 879 0352 D6       		.byte	-42
 880 0353 0E       		.byte	14
 881 0354 D8       		.byte	-40
 882 0355 02       		.byte	2
 883 0356 E6       		.byte	-26
 884 0357 02       		.byte	2
 885 0358 EE       		.byte	-18
 886 0359 01       		.byte	1
 887 035a E0       		.byte	-32
 888 035b 20       		.byte	32
 889 035c E4       		.byte	-28
 890 035d 10       		.byte	16
 891 035e E6       		.byte	-26
 892 035f 02       		.byte	2
 893 0360 EE       		.byte	-18
 894 0361 01       		.byte	1
 895 0362 E8       		.byte	-24
 896 0363 60       		.byte	96
 897 0364 E0       		.byte	-32
 898 0365 02       		.byte	2
 899 0366 E4       		.byte	-28
 900 0367 11       		.byte	17
 901 0368 0B       		.byte	11
 902 0369 01       		.byte	1
 903 036a 13       		.byte	19
 904 036b 01       		.byte	1
 905 036c 18       		.byte	24
 906 036d 01       		.byte	1
 907 036e 32       		.byte	50
 908 036f 01       		.byte	1
 909 0370 35       		.byte	53
 910 0371 01       		.byte	1
 911 0372 3E       		.byte	62
 912 0373 04       		.byte	4
ARM GAS  C:\Users\andre\AppData\Local\Temp\ccoeWTPE.s 			page 17


 913 0374 3F       		.byte	63
 914 0375 10       		.byte	16
 915 0376 40       		.byte	64
 916 0377 06       		.byte	6
 917 0378 47       		.byte	71
 918 0379 04       		.byte	4
 919 037a 49       		.byte	73
 920 037b FF       		.byte	-1
 921 037c 4A       		.byte	74
 922 037d 07       		.byte	7
 923 037e 4B       		.byte	75
 924 037f FF       		.byte	-1
 925 0380 4C       		.byte	76
 926 0381 40       		.byte	64
 927 0382 4D       		.byte	77
 928 0383 20       		.byte	32
 929 0384 4E       		.byte	78
 930 0385 F0       		.byte	-16
 931 0386 4F       		.byte	79
 932 0387 05       		.byte	5
 933 0388 50       		.byte	80
 934 0389 08       		.byte	8
 935 038a 54       		.byte	84
 936 038b 18       		.byte	24
 937 038c 56       		.byte	86
 938 038d 04       		.byte	4
 939 038e 58       		.byte	88
 940 038f 04       		.byte	4
 941 0390 59       		.byte	89
 942 0391 04       		.byte	4
 943 0392 5A       		.byte	90
 944 0393 04       		.byte	4
 945 0394 5B       		.byte	91
 946 0395 04       		.byte	4
 947 0396 5D       		.byte	93
 948 0397 11       		.byte	17
 949 0398 5F       		.byte	95
 950 0399 01       		.byte	1
 951 039a 60       		.byte	96
 952 039b 40       		.byte	64
 953 039c 61       		.byte	97
 954 039d A8       		.byte	-88
 955 039e 62       		.byte	98
 956 039f 40       		.byte	64
 957 03a0 63       		.byte	99
 958 03a1 20       		.byte	32
 959 03a2 80       		.byte	-128
 960 03a3 0C       		.byte	12
 961 03a4 81       		.byte	-127
 962 03a5 FF       		.byte	-1
 963 03a6 82       		.byte	-126
 964 03a7 33       		.byte	51
 965 03a8 84       		.byte	-124
 966 03a9 33       		.byte	51
 967 03aa 85       		.byte	-123
 968 03ab 08       		.byte	8
 969 03ac 86       		.byte	-122
ARM GAS  C:\Users\andre\AppData\Local\Temp\ccoeWTPE.s 			page 18


 970 03ad 0C       		.byte	12
 971 03ae 88       		.byte	-120
 972 03af 0F       		.byte	15
 973 03b0 8A       		.byte	-118
 974 03b1 30       		.byte	48
 975 03b2 8B       		.byte	-117
 976 03b3 04       		.byte	4
 977 03b4 8C       		.byte	-116
 978 03b5 08       		.byte	8
 979 03b6 8D       		.byte	-115
 980 03b7 10       		.byte	16
 981 03b8 93       		.byte	-109
 982 03b9 C3       		.byte	-61
 983 03ba 94       		.byte	-108
 984 03bb 01       		.byte	1
 985 03bc 95       		.byte	-107
 986 03bd 80       		.byte	-128
 987 03be 98       		.byte	-104
 988 03bf 02       		.byte	2
 989 03c0 99       		.byte	-103
 990 03c1 18       		.byte	24
 991 03c2 9C       		.byte	-100
 992 03c3 03       		.byte	3
 993 03c4 9D       		.byte	-99
 994 03c5 3C       		.byte	60
 995 03c6 9F       		.byte	-97
 996 03c7 C2       		.byte	-62
 997 03c8 A1       		.byte	-95
 998 03c9 C0       		.byte	-64
 999 03ca A2       		.byte	-94
 1000 03cb 13       		.byte	19
 1001 03cc A4       		.byte	-92
 1002 03cd 04       		.byte	4
 1003 03ce A5       		.byte	-91
 1004 03cf E7       		.byte	-25
 1005 03d0 A7       		.byte	-89
 1006 03d1 18       		.byte	24
 1007 03d2 A8       		.byte	-88
 1008 03d3 0C       		.byte	12
 1009 03d4 A9       		.byte	-87
 1010 03d5 3C       		.byte	60
 1011 03d6 AB       		.byte	-85
 1012 03d7 C1       		.byte	-63
 1013 03d8 AC       		.byte	-84
 1014 03d9 3F       		.byte	63
 1015 03da AD       		.byte	-83
 1016 03db 44       		.byte	68
 1017 03dc B0       		.byte	-80
 1018 03dd 20       		.byte	32
 1019 03de B1       		.byte	-79
 1020 03df 1F       		.byte	31
 1021 03e0 B2       		.byte	-78
 1022 03e1 1C       		.byte	28
 1023 03e2 B4       		.byte	-76
 1024 03e3 0F       		.byte	15
 1025 03e4 B5       		.byte	-75
 1026 03e5 20       		.byte	32
ARM GAS  C:\Users\andre\AppData\Local\Temp\ccoeWTPE.s 			page 19


 1027 03e6 B7       		.byte	-73
 1028 03e7 C0       		.byte	-64
 1029 03e8 B8       		.byte	-72
 1030 03e9 02       		.byte	2
 1031 03ea BA       		.byte	-70
 1032 03eb 28       		.byte	40
 1033 03ec BB       		.byte	-69
 1034 03ed 02       		.byte	2
 1035 03ee BF       		.byte	-65
 1036 03ef 10       		.byte	16
 1037 03f0 D6       		.byte	-42
 1038 03f1 02       		.byte	2
 1039 03f2 D7       		.byte	-41
 1040 03f3 11       		.byte	17
 1041 03f4 D8       		.byte	-40
 1042 03f5 04       		.byte	4
 1043 03f6 D9       		.byte	-39
 1044 03f7 04       		.byte	4
 1045 03f8 DB       		.byte	-37
 1046 03f9 04       		.byte	4
 1047 03fa DC       		.byte	-36
 1048 03fb 11       		.byte	17
 1049 03fc DD       		.byte	-35
 1050 03fd 10       		.byte	16
 1051 03fe DF       		.byte	-33
 1052 03ff 01       		.byte	1
 1053 0400 04       		.byte	4
 1054 0401 04       		.byte	4
 1055 0402 05       		.byte	5
 1056 0403 20       		.byte	32
 1057 0404 06       		.byte	6
 1058 0405 01       		.byte	1
 1059 0406 07       		.byte	7
 1060 0407 40       		.byte	64
 1061 0408 0A       		.byte	10
 1062 0409 08       		.byte	8
 1063 040a 0C       		.byte	12
 1064 040b 08       		.byte	8
 1065 040c 0D       		.byte	13
 1066 040d 20       		.byte	32
 1067 040e 0E       		.byte	14
 1068 040f 09       		.byte	9
 1069 0410 14       		.byte	20
 1070 0411 80       		.byte	-128
 1071 0412 16       		.byte	22
 1072 0413 02       		.byte	2
 1073 0414 17       		.byte	23
 1074 0415 19       		.byte	25
 1075 0416 1A       		.byte	26
 1076 0417 20       		.byte	32
 1077 0418 1C       		.byte	28
 1078 0419 04       		.byte	4
 1079 041a 1F       		.byte	31
 1080 041b 16       		.byte	22
 1081 041c 23       		.byte	35
 1082 041d 04       		.byte	4
 1083 041e 26       		.byte	38
ARM GAS  C:\Users\andre\AppData\Local\Temp\ccoeWTPE.s 			page 20


 1084 041f 10       		.byte	16
 1085 0420 27       		.byte	39
 1086 0421 42       		.byte	66
 1087 0422 2C       		.byte	44
 1088 0423 10       		.byte	16
 1089 0424 2D       		.byte	45
 1090 0425 20       		.byte	32
 1091 0426 2E       		.byte	46
 1092 0427 81       		.byte	-127
 1093 0428 2F       		.byte	47
 1094 0429 14       		.byte	20
 1095 042a 33       		.byte	51
 1096 042b 02       		.byte	2
 1097 042c 36       		.byte	54
 1098 042d 04       		.byte	4
 1099 042e 37       		.byte	55
 1100 042f 51       		.byte	81
 1101 0430 3A       		.byte	58
 1102 0431 10       		.byte	16
 1103 0432 3C       		.byte	60
 1104 0433 80       		.byte	-128
 1105 0434 3D       		.byte	61
 1106 0435 02       		.byte	2
 1107 0436 3E       		.byte	62
 1108 0437 0A       		.byte	10
 1109 0438 3F       		.byte	63
 1110 0439 10       		.byte	16
 1111 043a 44       		.byte	68
 1112 043b 40       		.byte	64
 1113 043c 46       		.byte	70
 1114 043d 80       		.byte	-128
 1115 043e 49       		.byte	73
 1116 043f 18       		.byte	24
 1117 0440 53       		.byte	83
 1118 0441 08       		.byte	8
 1119 0442 5B       		.byte	91
 1120 0443 02       		.byte	2
 1121 0444 5E       		.byte	94
 1122 0445 20       		.byte	32
 1123 0446 62       		.byte	98
 1124 0447 40       		.byte	64
 1125 0448 63       		.byte	99
 1126 0449 44       		.byte	68
 1127 044a 6C       		.byte	108
 1128 044b 15       		.byte	21
 1129 044c 74       		.byte	116
 1130 044d 60       		.byte	96
 1131 044e 76       		.byte	118
 1132 044f 09       		.byte	9
 1133 0450 77       		.byte	119
 1134 0451 18       		.byte	24
 1135 0452 80       		.byte	-128
 1136 0453 08       		.byte	8
 1137 0454 82       		.byte	-126
 1138 0455 90       		.byte	-112
 1139 0456 88       		.byte	-120
 1140 0457 40       		.byte	64
ARM GAS  C:\Users\andre\AppData\Local\Temp\ccoeWTPE.s 			page 21


 1141 0458 8B       		.byte	-117
 1142 0459 40       		.byte	64
 1143 045a 92       		.byte	-110
 1144 045b 09       		.byte	9
 1145 045c 93       		.byte	-109
 1146 045d 10       		.byte	16
 1147 045e 94       		.byte	-108
 1148 045f 2A       		.byte	42
 1149 0460 97       		.byte	-105
 1150 0461 08       		.byte	8
 1151 0462 98       		.byte	-104
 1152 0463 80       		.byte	-128
 1153 0464 99       		.byte	-103
 1154 0465 10       		.byte	16
 1155 0466 9A       		.byte	-102
 1156 0467 50       		.byte	80
 1157 0468 9C       		.byte	-100
 1158 0469 50       		.byte	80
 1159 046a 9D       		.byte	-99
 1160 046b 08       		.byte	8
 1161 046c 9F       		.byte	-97
 1162 046d 50       		.byte	80
 1163 046e A1       		.byte	-95
 1164 046f 21       		.byte	33
 1165 0470 A4       		.byte	-92
 1166 0471 60       		.byte	96
 1167 0472 A7       		.byte	-89
 1168 0473 08       		.byte	8
 1169 0474 C0       		.byte	-64
 1170 0475 F0       		.byte	-16
 1171 0476 C2       		.byte	-62
 1172 0477 E2       		.byte	-30
 1173 0478 C4       		.byte	-60
 1174 0479 F0       		.byte	-16
 1175 047a CA       		.byte	-54
 1176 047b F0       		.byte	-16
 1177 047c CC       		.byte	-52
 1178 047d F1       		.byte	-15
 1179 047e CE       		.byte	-50
 1180 047f F4       		.byte	-12
 1181 0480 D2       		.byte	-46
 1182 0481 04       		.byte	4
 1183 0482 D6       		.byte	-42
 1184 0483 21       		.byte	33
 1185 0484 D8       		.byte	-40
 1186 0485 0D       		.byte	13
 1187 0486 E0       		.byte	-32
 1188 0487 08       		.byte	8
 1189 0488 E2       		.byte	-30
 1190 0489 20       		.byte	32
 1191 048a E4       		.byte	-28
 1192 048b 05       		.byte	5
 1193 048c EA       		.byte	-22
 1194 048d 05       		.byte	5
 1195 048e EE       		.byte	-18
 1196 048f 04       		.byte	4
 1197 0490 00       		.byte	0
ARM GAS  C:\Users\andre\AppData\Local\Temp\ccoeWTPE.s 			page 22


 1198 0491 80       		.byte	-128
 1199 0492 01       		.byte	1
 1200 0493 0E       		.byte	14
 1201 0494 04       		.byte	4
 1202 0495 E7       		.byte	-25
 1203 0496 05       		.byte	5
 1204 0497 02       		.byte	2
 1205 0498 07       		.byte	7
 1206 0499 0C       		.byte	12
 1207 049a 08       		.byte	8
 1208 049b E7       		.byte	-25
 1209 049c 0D       		.byte	13
 1210 049d 08       		.byte	8
 1211 049e 13       		.byte	19
 1212 049f 02       		.byte	2
 1213 04a0 18       		.byte	24
 1214 04a1 44       		.byte	68
 1215 04a2 19       		.byte	25
 1216 04a3 0C       		.byte	12
 1217 04a4 1A       		.byte	26
 1218 04a5 31       		.byte	49
 1219 04a6 1C       		.byte	28
 1220 04a7 01       		.byte	1
 1221 04a8 1D       		.byte	29
 1222 04a9 0E       		.byte	14
 1223 04aa 1E       		.byte	30
 1224 04ab 0E       		.byte	14
 1225 04ac 20       		.byte	32
 1226 04ad 22       		.byte	34
 1227 04ae 22       		.byte	34
 1228 04af 51       		.byte	81
 1229 04b0 25       		.byte	37
 1230 04b1 04       		.byte	4
 1231 04b2 29       		.byte	41
 1232 04b3 0C       		.byte	12
 1233 04b4 2B       		.byte	43
 1234 04b5 02       		.byte	2
 1235 04b6 2D       		.byte	45
 1236 04b7 01       		.byte	1
 1237 04b8 30       		.byte	48
 1238 04b9 80       		.byte	-128
 1239 04ba 32       		.byte	50
 1240 04bb 18       		.byte	24
 1241 04bc 34       		.byte	52
 1242 04bd 60       		.byte	96
 1243 04be 35       		.byte	53
 1244 04bf 01       		.byte	1
 1245 04c0 36       		.byte	54
 1246 04c1 07       		.byte	7
 1247 04c2 37       		.byte	55
 1248 04c3 0E       		.byte	14
 1249 04c4 3B       		.byte	59
 1250 04c5 02       		.byte	2
 1251 04c6 3E       		.byte	62
 1252 04c7 04       		.byte	4
 1253 04c8 3F       		.byte	63
 1254 04c9 10       		.byte	16
ARM GAS  C:\Users\andre\AppData\Local\Temp\ccoeWTPE.s 			page 23


 1255 04ca 40       		.byte	64
 1256 04cb 34       		.byte	52
 1257 04cc 41       		.byte	65
 1258 04cd 05       		.byte	5
 1259 04ce 42       		.byte	66
 1260 04cf 01       		.byte	1
 1261 04d0 44       		.byte	68
 1262 04d1 02       		.byte	2
 1263 04d2 46       		.byte	70
 1264 04d3 E0       		.byte	-32
 1265 04d4 47       		.byte	71
 1266 04d5 0C       		.byte	12
 1267 04d6 48       		.byte	72
 1268 04d7 18       		.byte	24
 1269 04d8 49       		.byte	73
 1270 04d9 FF       		.byte	-1
 1271 04da 4A       		.byte	74
 1272 04db FF       		.byte	-1
 1273 04dc 4B       		.byte	75
 1274 04dd FF       		.byte	-1
 1275 04de 4C       		.byte	76
 1276 04df 62       		.byte	98
 1277 04e0 4D       		.byte	77
 1278 04e1 A0       		.byte	-96
 1279 04e2 4E       		.byte	78
 1280 04e3 F0       		.byte	-16
 1281 04e4 4F       		.byte	79
 1282 04e5 41       		.byte	65
 1283 04e6 50       		.byte	80
 1284 04e7 0C       		.byte	12
 1285 04e8 54       		.byte	84
 1286 04e9 01       		.byte	1
 1287 04ea 58       		.byte	88
 1288 04eb 04       		.byte	4
 1289 04ec 59       		.byte	89
 1290 04ed 04       		.byte	4
 1291 04ee 5A       		.byte	90
 1292 04ef 04       		.byte	4
 1293 04f0 5B       		.byte	91
 1294 04f1 04       		.byte	4
 1295 04f2 5C       		.byte	92
 1296 04f3 11       		.byte	17
 1297 04f4 5D       		.byte	93
 1298 04f5 11       		.byte	17
 1299 04f6 5F       		.byte	95
 1300 04f7 01       		.byte	1
 1301 04f8 66       		.byte	102
 1302 04f9 40       		.byte	64
 1303 04fa 67       		.byte	103
 1304 04fb 02       		.byte	2
 1305 04fc 69       		.byte	105
 1306 04fd 10       		.byte	16
 1307 04fe 6A       		.byte	106
 1308 04ff 30       		.byte	48
 1309 0500 6B       		.byte	107
 1310 0501 10       		.byte	16
 1311 0502 6D       		.byte	109
ARM GAS  C:\Users\andre\AppData\Local\Temp\ccoeWTPE.s 			page 24


 1312 0503 10       		.byte	16
 1313 0504 6E       		.byte	110
 1314 0505 10       		.byte	16
 1315 0506 6F       		.byte	111
 1316 0507 12       		.byte	18
 1317 0508 86       		.byte	-122
 1318 0509 55       		.byte	85
 1319 050a 8C       		.byte	-116
 1320 050b 73       		.byte	115
 1321 050c 8D       		.byte	-115
 1322 050d 01       		.byte	1
 1323 050e 8E       		.byte	-114
 1324 050f 0C       		.byte	12
 1325 0510 90       		.byte	-112
 1326 0511 2A       		.byte	42
 1327 0512 91       		.byte	-111
 1328 0513 01       		.byte	1
 1329 0514 92       		.byte	-110
 1330 0515 44       		.byte	68
 1331 0516 96       		.byte	-106
 1332 0517 08       		.byte	8
 1333 0518 9C       		.byte	-100
 1334 0519 73       		.byte	115
 1335 051a 9E       		.byte	-98
 1336 051b 04       		.byte	4
 1337 051c A8       		.byte	-88
 1338 051d 03       		.byte	3
 1339 051e AA       		.byte	-86
 1340 051f 44       		.byte	68
 1341 0520 B0       		.byte	-80
 1342 0521 0F       		.byte	15
 1343 0522 B4       		.byte	-76
 1344 0523 30       		.byte	48
 1345 0524 B6       		.byte	-74
 1346 0525 40       		.byte	64
 1347 0526 B7       		.byte	-73
 1348 0527 01       		.byte	1
 1349 0528 B8       		.byte	-72
 1350 0529 20       		.byte	32
 1351 052a B9       		.byte	-71
 1352 052b 80       		.byte	-128
 1353 052c BA       		.byte	-70
 1354 052d 02       		.byte	2
 1355 052e BE       		.byte	-66
 1356 052f 50       		.byte	80
 1357 0530 BF       		.byte	-65
 1358 0531 40       		.byte	64
 1359 0532 D2       		.byte	-46
 1360 0533 80       		.byte	-128
 1361 0534 D4       		.byte	-44
 1362 0535 05       		.byte	5
 1363 0536 D8       		.byte	-40
 1364 0537 04       		.byte	4
 1365 0538 D9       		.byte	-39
 1366 0539 04       		.byte	4
 1367 053a DB       		.byte	-37
 1368 053b 04       		.byte	4
ARM GAS  C:\Users\andre\AppData\Local\Temp\ccoeWTPE.s 			page 25


 1369 053c DC       		.byte	-36
 1370 053d 01       		.byte	1
 1371 053e DF       		.byte	-33
 1372 053f 01       		.byte	1
 1373 0540 00       		.byte	0
 1374 0541 04       		.byte	4
 1375 0542 01       		.byte	1
 1376 0543 08       		.byte	8
 1377 0544 03       		.byte	3
 1378 0545 02       		.byte	2
 1379 0546 04       		.byte	4
 1380 0547 2A       		.byte	42
 1381 0548 0A       		.byte	10
 1382 0549 A2       		.byte	-94
 1383 054a 0D       		.byte	13
 1384 054b 20       		.byte	32
 1385 054c 0E       		.byte	14
 1386 054d 01       		.byte	1
 1387 054e 10       		.byte	16
 1388 054f 08       		.byte	8
 1389 0550 11       		.byte	17
 1390 0551 10       		.byte	16
 1391 0552 14       		.byte	20
 1392 0553 40       		.byte	64
 1393 0554 19       		.byte	25
 1394 0555 90       		.byte	-112
 1395 0556 1B       		.byte	27
 1396 0557 02       		.byte	2
 1397 0558 1D       		.byte	29
 1398 0559 27       		.byte	39
 1399 055a 1E       		.byte	30
 1400 055b 01       		.byte	1
 1401 055c 21       		.byte	33
 1402 055d 40       		.byte	64
 1403 055e 25       		.byte	37
 1404 055f 41       		.byte	65
 1405 0560 26       		.byte	38
 1406 0561 82       		.byte	-126
 1407 0562 27       		.byte	39
 1408 0563 08       		.byte	8
 1409 0564 2C       		.byte	44
 1410 0565 20       		.byte	32
 1411 0566 2F       		.byte	47
 1412 0567 05       		.byte	5
 1413 0568 30       		.byte	48
 1414 0569 04       		.byte	4
 1415 056a 31       		.byte	49
 1416 056b 04       		.byte	4
 1417 056c 33       		.byte	51
 1418 056d 01       		.byte	1
 1419 056e 35       		.byte	53
 1420 056f 01       		.byte	1
 1421 0570 37       		.byte	55
 1422 0571 50       		.byte	80
 1423 0572 38       		.byte	56
 1424 0573 40       		.byte	64
 1425 0574 39       		.byte	57
ARM GAS  C:\Users\andre\AppData\Local\Temp\ccoeWTPE.s 			page 26


 1426 0575 01       		.byte	1
 1427 0576 3B       		.byte	59
 1428 0577 02       		.byte	2
 1429 0578 3C       		.byte	60
 1430 0579 80       		.byte	-128
 1431 057a 3D       		.byte	61
 1432 057b 0A       		.byte	10
 1433 057c 44       		.byte	68
 1434 057d 94       		.byte	-108
 1435 057e 45       		.byte	69
 1436 057f 46       		.byte	70
 1437 0580 4E       		.byte	78
 1438 0581 02       		.byte	2
 1439 0582 56       		.byte	86
 1440 0583 10       		.byte	16
 1441 0584 57       		.byte	87
 1442 0585 04       		.byte	4
 1443 0586 59       		.byte	89
 1444 0587 02       		.byte	2
 1445 0588 5A       		.byte	90
 1446 0589 40       		.byte	64
 1447 058a 5B       		.byte	91
 1448 058b 04       		.byte	4
 1449 058c 5D       		.byte	93
 1450 058d 91       		.byte	-111
 1451 058e 5F       		.byte	95
 1452 058f 08       		.byte	8
 1453 0590 72       		.byte	114
 1454 0591 80       		.byte	-128
 1455 0592 90       		.byte	-112
 1456 0593 40       		.byte	64
 1457 0594 92       		.byte	-110
 1458 0595 EA       		.byte	-22
 1459 0596 93       		.byte	-109
 1460 0597 12       		.byte	18
 1461 0598 94       		.byte	-108
 1462 0599 04       		.byte	4
 1463 059a 95       		.byte	-107
 1464 059b 80       		.byte	-128
 1465 059c 99       		.byte	-103
 1466 059d 02       		.byte	2
 1467 059e 9A       		.byte	-102
 1468 059f 40       		.byte	64
 1469 05a0 9B       		.byte	-101
 1470 05a1 05       		.byte	5
 1471 05a2 9C       		.byte	-100
 1472 05a3 40       		.byte	64
 1473 05a4 9E       		.byte	-98
 1474 05a5 80       		.byte	-128
 1475 05a6 A0       		.byte	-96
 1476 05a7 08       		.byte	8
 1477 05a8 A6       		.byte	-90
 1478 05a9 80       		.byte	-128
 1479 05aa A7       		.byte	-89
 1480 05ab 0E       		.byte	14
 1481 05ac AC       		.byte	-84
 1482 05ad 10       		.byte	16
ARM GAS  C:\Users\andre\AppData\Local\Temp\ccoeWTPE.s 			page 27


 1483 05ae B5       		.byte	-75
 1484 05af 08       		.byte	8
 1485 05b0 C0       		.byte	-64
 1486 05b1 75       		.byte	117
 1487 05b2 C2       		.byte	-62
 1488 05b3 CD       		.byte	-51
 1489 05b4 C4       		.byte	-60
 1490 05b5 12       		.byte	18
 1491 05b6 CA       		.byte	-54
 1492 05b7 70       		.byte	112
 1493 05b8 CC       		.byte	-52
 1494 05b9 B1       		.byte	-79
 1495 05ba CE       		.byte	-50
 1496 05bb D8       		.byte	-40
 1497 05bc D0       		.byte	-48
 1498 05bd F0       		.byte	-16
 1499 05be D2       		.byte	-46
 1500 05bf 10       		.byte	16
 1501 05c0 D6       		.byte	-42
 1502 05c1 FB       		.byte	-5
 1503 05c2 E2       		.byte	-30
 1504 05c3 04       		.byte	4
 1505 05c4 EE       		.byte	-18
 1506 05c5 02       		.byte	2
 1507 05c6 E2       		.byte	-30
 1508 05c7 04       		.byte	4
 1509 05c8 EA       		.byte	-22
 1510 05c9 40       		.byte	64
 1511 05ca EE       		.byte	-18
 1512 05cb 02       		.byte	2
 1513 05cc E0       		.byte	-32
 1514 05cd 08       		.byte	8
 1515 05ce E2       		.byte	-30
 1516 05cf 80       		.byte	-128
 1517 05d0 E4       		.byte	-28
 1518 05d1 05       		.byte	5
 1519 05d2 EA       		.byte	-22
 1520 05d3 05       		.byte	5
 1521 05d4 EE       		.byte	-18
 1522 05d5 04       		.byte	4
 1523 05d6 30       		.byte	48
 1524 05d7 10       		.byte	16
 1525 05d8 33       		.byte	51
 1526 05d9 08       		.byte	8
 1527 05da 36       		.byte	54
 1528 05db 44       		.byte	68
 1529 05dc 3B       		.byte	59
 1530 05dd 40       		.byte	64
 1531 05de CC       		.byte	-52
 1532 05df F0       		.byte	-16
 1533 05e0 CE       		.byte	-50
 1534 05e1 10       		.byte	16
 1535 05e2 84       		.byte	-124
 1536 05e3 10       		.byte	16
 1537 05e4 87       		.byte	-121
 1538 05e5 40       		.byte	64
 1539 05e6 97       		.byte	-105
ARM GAS  C:\Users\andre\AppData\Local\Temp\ccoeWTPE.s 			page 28


 1540 05e7 40       		.byte	64
 1541 05e8 9C       		.byte	-100
 1542 05e9 10       		.byte	16
 1543 05ea A6       		.byte	-90
 1544 05eb 44       		.byte	68
 1545 05ec A7       		.byte	-89
 1546 05ed 08       		.byte	8
 1547 05ee E6       		.byte	-26
 1548 05ef 40       		.byte	64
 1549 05f0 3E       		.byte	62
 1550 05f1 10       		.byte	16
 1551 05f2 A6       		.byte	-90
 1552 05f3 44       		.byte	68
 1553 05f4 A7       		.byte	-89
 1554 05f5 08       		.byte	8
 1555 05f6 CE       		.byte	-50
 1556 05f7 20       		.byte	32
 1557 05f8 96       		.byte	-106
 1558 05f9 10       		.byte	16
 1559 05fa A6       		.byte	-90
 1560 05fb 44       		.byte	68
 1561 05fc AB       		.byte	-85
 1562 05fd 08       		.byte	8
 1563 05fe EE       		.byte	-18
 1564 05ff 80       		.byte	-128
 1565 0600 50       		.byte	80
 1566 0601 01       		.byte	1
 1567 0602 51       		.byte	81
 1568 0603 08       		.byte	8
 1569 0604 54       		.byte	84
 1570 0605 40       		.byte	64
 1571 0606 5B       		.byte	91
 1572 0607 02       		.byte	2
 1573 0608 5F       		.byte	95
 1574 0609 80       		.byte	-128
 1575 060a 66       		.byte	102
 1576 060b 08       		.byte	8
 1577 060c 82       		.byte	-126
 1578 060d 08       		.byte	8
 1579 060e 84       		.byte	-124
 1580 060f 40       		.byte	64
 1581 0610 8F       		.byte	-113
 1582 0611 80       		.byte	-128
 1583 0612 D4       		.byte	-44
 1584 0613 07       		.byte	7
 1585 0614 D6       		.byte	-42
 1586 0615 06       		.byte	6
 1587 0616 D8       		.byte	-40
 1588 0617 01       		.byte	1
 1589 0618 E4       		.byte	-28
 1590 0619 08       		.byte	8
 1591 061a 1A       		.byte	26
 1592 061b 80       		.byte	-128
 1593 061c A5       		.byte	-91
 1594 061d 08       		.byte	8
 1595 061e B3       		.byte	-77
 1596 061f 02       		.byte	2
ARM GAS  C:\Users\andre\AppData\Local\Temp\ccoeWTPE.s 			page 29


 1597 0620 B4       		.byte	-76
 1598 0621 01       		.byte	1
 1599 0622 C6       		.byte	-58
 1600 0623 08       		.byte	8
 1601 0624 E8       		.byte	-24
 1602 0625 06       		.byte	6
 1603 0626 87       		.byte	-121
 1604 0627 10       		.byte	16
 1605 0628 88       		.byte	-120
 1606 0629 10       		.byte	16
 1607 062a 8D       		.byte	-115
 1608 062b 08       		.byte	8
 1609 062c A5       		.byte	-91
 1610 062d 08       		.byte	8
 1611 062e AA       		.byte	-86
 1612 062f 40       		.byte	64
 1613 0630 E0       		.byte	-32
 1614 0631 04       		.byte	4
 1615 0632 E4       		.byte	-28
 1616 0633 08       		.byte	8
 1617 0634 82       		.byte	-126
 1618 0635 20       		.byte	32
 1619 0636 96       		.byte	-106
 1620 0637 10       		.byte	16
 1621 0638 A6       		.byte	-90
 1622 0639 44       		.byte	68
 1623 063a E2       		.byte	-30
 1624 063b 20       		.byte	32
 1625 063c 12       		.byte	18
 1626 063d 20       		.byte	32
 1627 063e 16       		.byte	22
 1628 063f 40       		.byte	64
 1629 0640 72       		.byte	114
 1630 0641 20       		.byte	32
 1631 0642 77       		.byte	119
 1632 0643 10       		.byte	16
 1633 0644 82       		.byte	-126
 1634 0645 20       		.byte	32
 1635 0646 86       		.byte	-122
 1636 0647 40       		.byte	64
 1637 0648 8A       		.byte	-118
 1638 0649 40       		.byte	64
 1639 064a 9A       		.byte	-102
 1640 064b 20       		.byte	32
 1641 064c 9B       		.byte	-101
 1642 064d 10       		.byte	16
 1643 064e A6       		.byte	-90
 1644 064f 40       		.byte	64
 1645 0650 AA       		.byte	-86
 1646 0651 14       		.byte	20
 1647 0652 AB       		.byte	-85
 1648 0653 10       		.byte	16
 1649 0654 C4       		.byte	-60
 1650 0655 30       		.byte	48
 1651 0656 DC       		.byte	-36
 1652 0657 80       		.byte	-128
 1653 0658 DE       		.byte	-34
ARM GAS  C:\Users\andre\AppData\Local\Temp\ccoeWTPE.s 			page 30


 1654 0659 20       		.byte	32
 1655 065a E0       		.byte	-32
 1656 065b 10       		.byte	16
 1657 065c E4       		.byte	-28
 1658 065d 80       		.byte	-128
 1659 065e EA       		.byte	-22
 1660 065f A0       		.byte	-96
 1661 0660 EE       		.byte	-18
 1662 0661 20       		.byte	32
 1663 0662 0B       		.byte	11
 1664 0663 20       		.byte	32
 1665 0664 0F       		.byte	15
 1666 0665 48       		.byte	72
 1667 0666 10       		.byte	16
 1668 0667 80       		.byte	-128
 1669 0668 13       		.byte	19
 1670 0669 20       		.byte	32
 1671 066a 16       		.byte	22
 1672 066b 20       		.byte	32
 1673 066c 1F       		.byte	31
 1674 066d 80       		.byte	-128
 1675 066e 64       		.byte	100
 1676 066f 10       		.byte	16
 1677 0670 7B       		.byte	123
 1678 0671 10       		.byte	16
 1679 0672 7F       		.byte	127
 1680 0673 40       		.byte	64
 1681 0674 80       		.byte	-128
 1682 0675 80       		.byte	-128
 1683 0676 97       		.byte	-105
 1684 0677 60       		.byte	96
 1685 0678 98       		.byte	-104
 1686 0679 10       		.byte	16
 1687 067a A7       		.byte	-89
 1688 067b 04       		.byte	4
 1689 067c AF       		.byte	-81
 1690 067d 40       		.byte	64
 1691 067e B7       		.byte	-73
 1692 067f 04       		.byte	4
 1693 0680 C2       		.byte	-62
 1694 0681 0D       		.byte	13
 1695 0682 C4       		.byte	-60
 1696 0683 0E       		.byte	14
 1697 0684 C6       		.byte	-58
 1698 0685 01       		.byte	1
 1699 0686 D8       		.byte	-40
 1700 0687 01       		.byte	1
 1701 0688 DE       		.byte	-34
 1702 0689 03       		.byte	3
 1703 068a EA       		.byte	-22
 1704 068b 02       		.byte	2
 1705 068c 10       		.byte	16
 1706 068d 40       		.byte	64
 1707 068e 70       		.byte	112
 1708 068f 01       		.byte	1
 1709 0690 80       		.byte	-128
 1710 0691 01       		.byte	1
ARM GAS  C:\Users\andre\AppData\Local\Temp\ccoeWTPE.s 			page 31


 1711 0692 83       		.byte	-125
 1712 0693 10       		.byte	16
 1713 0694 87       		.byte	-121
 1714 0695 40       		.byte	64
 1715 0696 88       		.byte	-120
 1716 0697 40       		.byte	64
 1717 0698 97       		.byte	-105
 1718 0699 80       		.byte	-128
 1719 069a A7       		.byte	-89
 1720 069b 10       		.byte	16
 1721 069c AA       		.byte	-86
 1722 069d 20       		.byte	32
 1723 069e AB       		.byte	-85
 1724 069f A0       		.byte	-96
 1725 06a0 C4       		.byte	-60
 1726 06a1 08       		.byte	8
 1727 06a2 DC       		.byte	-36
 1728 06a3 01       		.byte	1
 1729 06a4 E2       		.byte	-30
 1730 06a5 01       		.byte	1
 1731 06a6 00       		.byte	0
 1732 06a7 07       		.byte	7
 1733 06a8 08       		.byte	8
 1734 06a9 05       		.byte	5
 1735 06aa 0A       		.byte	10
 1736 06ab 07       		.byte	7
 1737 06ac 10       		.byte	16
 1738 06ad 03       		.byte	3
 1739 06ae 1A       		.byte	26
 1740 06af 03       		.byte	3
 1741 06b0 00       		.byte	0
 1742 06b1 FF       		.byte	-1
 1743 06b2 01       		.byte	1
 1744 06b3 03       		.byte	3
 1745 06b4 03       		.byte	3
 1746 06b5 C0       		.byte	-64
 1747 06b6 00       		.byte	0
 1748 06b7 00       		.byte	0
 1749 06b8 02       		.byte	2
 1750 06b9 84       		.byte	-124
 1751 06ba 00       		.byte	0
 1752 06bb 00       		.byte	0
 1753 06bc 43       		.byte	67
 1754 06bd 00       		.byte	0
 1755 06be 00       		.byte	0
 1756 06bf 00       		.byte	0
 1757 06c0 00       		.byte	0
 1758 06c1 00       		.byte	0
 1759 06c2 00       		.byte	0
 1760 06c3 00       		.byte	0
 1761 06c4 20       		.byte	32
 1762 06c5 01       		.byte	1
 1763 06c6 03       		.byte	3
 1764 06c7 04       		.byte	4
 1765 06c8 00       		.byte	0
 1766 06c9 01       		.byte	1
 1767 06ca 08       		.byte	8
ARM GAS  C:\Users\andre\AppData\Local\Temp\ccoeWTPE.s 			page 32


 1768 06cb 08       		.byte	8
 1769 06cc 11       		.byte	17
 1770 06cd 10       		.byte	16
 1771 06ce 06       		.byte	6
 1772 06cf 01       		.byte	1
 1773 06d0 0C       		.byte	12
 1774 06d1 00       		.byte	0
 1775 06d2 13       		.byte	19
 1776 06d3 1E       		.byte	30
 1777 06d4 00       		.byte	0
 1778 06d5 00       		.byte	0
 1779 06d6 0C       		.byte	12
 1780 06d7 00       		.byte	0
 1781 06d8 00       		.byte	0
 1782 06d9 00       		.byte	0
 1783 06da 40       		.byte	64
 1784 06db 00       		.byte	0
 1785 06dc 11       		.byte	17
 1786 06dd 01       		.byte	1
 1787 06de 0E       		.byte	14
 1788 06df 02       		.byte	2
 1789 06e0 C0       		.byte	-64
 1790 06e1 40       		.byte	64
 1791 06e2 00       		.byte	0
 1792 06e3 00       		.byte	0
 1793 06e4 C0       		.byte	-64
 1794 06e5 00       		.byte	0
 1795 06e6 00       		.byte	0
 1796 06e7 21       		.byte	33
 1797 06e8 C0       		.byte	-64
 1798 06e9 00       		.byte	0
 1799 06ea 00       		.byte	0
 1800 06eb 00       		.byte	0
 1801 06ec 00       		.byte	0
 1802 06ed 00       		.byte	0
 1803 06ee C0       		.byte	-64
 1804 06ef 00       		.byte	0
 1805 06f0 0F       		.byte	15
 1806 06f1 20       		.byte	32
 1807 06f2 30       		.byte	48
 1808 06f3 40       		.byte	64
 1809 06f4 80       		.byte	-128
 1810 06f5 00       		.byte	0
 1811 06f6 40       		.byte	64
 1812 06f7 1F       		.byte	31
 1813 06f8 08       		.byte	8
 1814 06f9 00       		.byte	0
 1815 06fa 02       		.byte	2
 1816 06fb 00       		.byte	0
 1817 06fc 00       		.byte	0
 1818 06fd 00       		.byte	0
 1819 06fe 50       		.byte	80
 1820 06ff 44       		.byte	68
 1821 0700 02       		.byte	2
 1822 0701 06       		.byte	6
 1823 0702 20       		.byte	32
 1824 0703 00       		.byte	0
ARM GAS  C:\Users\andre\AppData\Local\Temp\ccoeWTPE.s 			page 33


 1825 0704 01       		.byte	1
 1826 0705 BC       		.byte	-68
 1827 0706 DF       		.byte	-33
 1828 0707 0E       		.byte	14
 1829 0708 1F       		.byte	31
 1830 0709 FF       		.byte	-1
 1831 070a FF       		.byte	-1
 1832 070b FF       		.byte	-1
 1833 070c 22       		.byte	34
 1834 070d 00       		.byte	0
 1835 070e F0       		.byte	-16
 1836 070f 0C       		.byte	12
 1837 0710 8C       		.byte	-116
 1838 0711 10       		.byte	16
 1839 0712 00       		.byte	0
 1840 0713 00       		.byte	0
 1841 0714 00       		.byte	0
 1842 0715 00       		.byte	0
 1843 0716 02       		.byte	2
 1844 0717 24       		.byte	36
 1845 0718 04       		.byte	4
 1846 0719 04       		.byte	4
 1847 071a 24       		.byte	36
 1848 071b 24       		.byte	36
 1849 071c 81       		.byte	-127
 1850 071d 88       		.byte	-120
 1851 071e 08       		.byte	8
 1852 071f 11       		.byte	17
 1853 0720 00       		.byte	0
 1854 0721 00       		.byte	0
 1855 0722 00       		.byte	0
 1856 0723 00       		.byte	0
 1857 0724 00       		.byte	0
 1858 0725 00       		.byte	0
 1859 0726 00       		.byte	0
 1860 0727 00       		.byte	0
 1861 0728 40       		.byte	64
 1862 0729 01       		.byte	1
 1863 072a C0       		.byte	-64
 1864 072b 01       		.byte	1
 1865 072c 00       		.byte	0
 1866 072d 00       		.byte	0
 1867 072e 00       		.byte	0
 1868 072f 00       		.byte	0
 1869 0730 00       		.byte	0
 1870 0731 00       		.byte	0
 1871 0732 00       		.byte	0
 1872 0733 00       		.byte	0
 1873 0734 00       		.byte	0
 1874 0735 00       		.byte	0
 1875 0736 00       		.byte	0
 1876 0737 00       		.byte	0
 1877 0738 00       		.byte	0
 1878 0739 00       		.byte	0
 1879 073a 00       		.byte	0
 1880 073b 00       		.byte	0
 1881 073c 00       		.byte	0
ARM GAS  C:\Users\andre\AppData\Local\Temp\ccoeWTPE.s 			page 34


 1882 073d 00       		.byte	0
 1883 073e 00       		.byte	0
 1884 073f 00       		.byte	0
 1885 0740 83       		.byte	-125
 1886 0741 00       		.byte	0
 1887 0742 40       		.byte	64
 1888 0743 80       		.byte	-128
 1889 0744 87       		.byte	-121
 1890 0745 00       		.byte	0
 1891 0746 83       		.byte	-125
 1892 0747 00       		.byte	0
 1893 0748 00       		.byte	0
 1894 0749 00       		.byte	0
 1895 074a 00       		.byte	0
 1896 074b 00       		.byte	0
 1897 074c B0       		.byte	-80
 1898 074d 4B       		.byte	75
 1899 074e 4B       		.byte	75
 1900 074f 00       		.byte	0
 1901 0750 40       		.byte	64
 1902 0751 00       		.byte	0
 1903 0752 00       		.byte	0
 1904 0753 00       		.byte	0
 1905 0754 00       		.byte	0
 1906 0755 3F       		.byte	63
 1907 0756 3F       		.byte	63
 1908 0757 00       		.byte	0
 1909 0758 3F       		.byte	63
 1910 0759 00       		.byte	0
 1911 075a C0       		.byte	-64
 1912 075b 00       		.byte	0
 1913 075c 0E       		.byte	14
 1914 075d 00       		.byte	0
 1915 075e 18       		.byte	24
 1916 075f 01       		.byte	1
 1917 0760 0E       		.byte	14
 1918 0761 00       		.byte	0
 1919 0762 18       		.byte	24
 1920 0763 01       		.byte	1
 1921              		.section	.cywolatch,"a",%progbits
 1922              		.align	2
 1923              		.type	cy_meta_wonvl, %object
 1924              		.size	cy_meta_wonvl, 4
 1925              	cy_meta_wonvl:
 1926 0000 BC       		.byte	-68
 1927 0001 90       		.byte	-112
 1928 0002 AC       		.byte	-84
 1929 0003 AF       		.byte	-81
 1930              		.section	.cycustnvl,"a",%progbits
 1931              		.align	2
 1932              		.type	cy_meta_custnvl, %object
 1933              		.size	cy_meta_custnvl, 4
 1934              	cy_meta_custnvl:
 1935 0000 00       		.byte	0
 1936 0001 00       		.byte	0
 1937 0002 40       		.byte	64
 1938 0003 05       		.byte	5
ARM GAS  C:\Users\andre\AppData\Local\Temp\ccoeWTPE.s 			page 35


 1939              		.section	.cymeta,"a",%progbits
 1940              		.align	2
 1941              		.type	cy_metadata, %object
 1942              		.size	cy_metadata, 12
 1943              	cy_metadata:
 1944 0000 00       		.byte	0
 1945 0001 01       		.byte	1
 1946 0002 2E       		.byte	46
 1947 0003 16       		.byte	22
 1948 0004 10       		.byte	16
 1949 0005 69       		.byte	105
 1950 0006 00       		.byte	0
 1951 0007 01       		.byte	1
 1952 0008 00       		.byte	0
 1953 0009 00       		.byte	0
 1954 000a 00       		.byte	0
 1955 000b 00       		.byte	0
 1956              		.section	.cyflashprotect,"a",%progbits
 1957              		.align	2
 1958              		.type	cy_meta_flashprotect, %object
 1959              		.size	cy_meta_flashprotect, 256
 1960              	cy_meta_flashprotect:
 1961 0000 00000000 		.space	256
 1961      00000000 
 1961      00000000 
 1961      00000000 
 1961      00000000 
 1962              		.text
 1963              	.Letext0:
 1964              		.file 1 "c:\\program files (x86)\\cypress\\psoc creator\\4.2\\psoc creator\\import\\gnu\\arm\\5.4.
 1965              		.file 2 "c:\\program files (x86)\\cypress\\psoc creator\\4.2\\psoc creator\\import\\gnu\\arm\\5.4.
 1966              		.file 3 "Generated_Source\\PSoC5\\cymetadata.c"
 1967              		.section	.debug_info,"",%progbits
 1968              	.Ldebug_info0:
 1969 0000 35010000 		.4byte	0x135
 1970 0004 0400     		.2byte	0x4
 1971 0006 00000000 		.4byte	.Ldebug_abbrev0
 1972 000a 04       		.byte	0x4
 1973 000b 01       		.uleb128 0x1
 1974 000c 5B000000 		.4byte	.LASF17
 1975 0010 0C       		.byte	0xc
 1976 0011 B5010000 		.4byte	.LASF18
 1977 0015 0A000000 		.4byte	.LASF19
 1978 0019 00000000 		.4byte	.Ldebug_line0
 1979 001d 02       		.uleb128 0x2
 1980 001e 01       		.byte	0x1
 1981 001f 06       		.byte	0x6
 1982 0020 A9010000 		.4byte	.LASF0
 1983 0024 03       		.uleb128 0x3
 1984 0025 00000000 		.4byte	.LASF9
 1985 0029 01       		.byte	0x1
 1986 002a 1D       		.byte	0x1d
 1987 002b 2F000000 		.4byte	0x2f
 1988 002f 02       		.uleb128 0x2
 1989 0030 01       		.byte	0x1
 1990 0031 08       		.byte	0x8
 1991 0032 4D000000 		.4byte	.LASF1
ARM GAS  C:\Users\andre\AppData\Local\Temp\ccoeWTPE.s 			page 36


 1992 0036 02       		.uleb128 0x2
 1993 0037 02       		.byte	0x2
 1994 0038 05       		.byte	0x5
 1995 0039 96010000 		.4byte	.LASF2
 1996 003d 02       		.uleb128 0x2
 1997 003e 02       		.byte	0x2
 1998 003f 07       		.byte	0x7
 1999 0040 FB000000 		.4byte	.LASF3
 2000 0044 02       		.uleb128 0x2
 2001 0045 04       		.byte	0x4
 2002 0046 05       		.byte	0x5
 2003 0047 A0010000 		.4byte	.LASF4
 2004 004b 02       		.uleb128 0x2
 2005 004c 04       		.byte	0x4
 2006 004d 07       		.byte	0x7
 2007 004e E9000000 		.4byte	.LASF5
 2008 0052 02       		.uleb128 0x2
 2009 0053 08       		.byte	0x8
 2010 0054 05       		.byte	0x5
 2011 0055 88010000 		.4byte	.LASF6
 2012 0059 02       		.uleb128 0x2
 2013 005a 08       		.byte	0x8
 2014 005b 07       		.byte	0x7
 2015 005c 3D010000 		.4byte	.LASF7
 2016 0060 04       		.uleb128 0x4
 2017 0061 04       		.byte	0x4
 2018 0062 05       		.byte	0x5
 2019 0063 696E7400 		.ascii	"int\000"
 2020 0067 02       		.uleb128 0x2
 2021 0068 04       		.byte	0x4
 2022 0069 07       		.byte	0x7
 2023 006a 30010000 		.4byte	.LASF8
 2024 006e 03       		.uleb128 0x3
 2025 006f 54010000 		.4byte	.LASF10
 2026 0073 02       		.byte	0x2
 2027 0074 18       		.byte	0x18
 2028 0075 24000000 		.4byte	0x24
 2029 0079 05       		.uleb128 0x5
 2030 007a 91000000 		.4byte	0x91
 2031 007e 8A000000 		.4byte	0x8a
 2032 0082 06       		.uleb128 0x6
 2033 0083 8A000000 		.4byte	0x8a
 2034 0087 6307     		.2byte	0x763
 2035 0089 00       		.byte	0
 2036 008a 02       		.uleb128 0x2
 2037 008b 04       		.byte	0x4
 2038 008c 07       		.byte	0x7
 2039 008d 7F010000 		.4byte	.LASF11
 2040 0091 07       		.uleb128 0x7
 2041 0092 6E000000 		.4byte	0x6e
 2042 0096 08       		.uleb128 0x8
 2043 0097 1E010000 		.4byte	.LASF12
 2044 009b 03       		.byte	0x3
 2045 009c 1F       		.byte	0x1f
 2046 009d A7000000 		.4byte	0xa7
 2047 00a1 05       		.uleb128 0x5
 2048 00a2 03       		.byte	0x3
ARM GAS  C:\Users\andre\AppData\Local\Temp\ccoeWTPE.s 			page 37


 2049 00a3 00000000 		.4byte	cy_meta_configecc
 2050 00a7 07       		.uleb128 0x7
 2051 00a8 79000000 		.4byte	0x79
 2052 00ac 05       		.uleb128 0x5
 2053 00ad 91000000 		.4byte	0x91
 2054 00b1 BC000000 		.4byte	0xbc
 2055 00b5 09       		.uleb128 0x9
 2056 00b6 8A000000 		.4byte	0x8a
 2057 00ba 03       		.byte	0x3
 2058 00bb 00       		.byte	0
 2059 00bc 0A       		.uleb128 0xa
 2060 00bd 0E010000 		.4byte	.LASF13
 2061 00c1 03       		.byte	0x3
 2062 00c2 1901     		.2byte	0x119
 2063 00c4 CE000000 		.4byte	0xce
 2064 00c8 05       		.uleb128 0x5
 2065 00c9 03       		.byte	0x3
 2066 00ca 00000000 		.4byte	cy_meta_custnvl
 2067 00ce 07       		.uleb128 0x7
 2068 00cf AC000000 		.4byte	0xac
 2069 00d3 0A       		.uleb128 0xa
 2070 00d4 71010000 		.4byte	.LASF14
 2071 00d8 03       		.byte	0x3
 2072 00d9 2701     		.2byte	0x127
 2073 00db E5000000 		.4byte	0xe5
 2074 00df 05       		.uleb128 0x5
 2075 00e0 03       		.byte	0x3
 2076 00e1 00000000 		.4byte	cy_meta_wonvl
 2077 00e5 07       		.uleb128 0x7
 2078 00e6 AC000000 		.4byte	0xac
 2079 00ea 05       		.uleb128 0x5
 2080 00eb 91000000 		.4byte	0x91
 2081 00ef FA000000 		.4byte	0xfa
 2082 00f3 09       		.uleb128 0x9
 2083 00f4 8A000000 		.4byte	0x8a
 2084 00f8 FF       		.byte	0xff
 2085 00f9 00       		.byte	0
 2086 00fa 0A       		.uleb128 0xa
 2087 00fb 5C010000 		.4byte	.LASF15
 2088 00ff 03       		.byte	0x3
 2089 0100 3501     		.2byte	0x135
 2090 0102 0C010000 		.4byte	0x10c
 2091 0106 05       		.uleb128 0x5
 2092 0107 03       		.byte	0x3
 2093 0108 00000000 		.4byte	cy_meta_flashprotect
 2094 010c 07       		.uleb128 0x7
 2095 010d EA000000 		.4byte	0xea
 2096 0111 05       		.uleb128 0x5
 2097 0112 91000000 		.4byte	0x91
 2098 0116 21010000 		.4byte	0x121
 2099 011a 09       		.uleb128 0x9
 2100 011b 8A000000 		.4byte	0x8a
 2101 011f 0B       		.byte	0xb
 2102 0120 00       		.byte	0
 2103 0121 0A       		.uleb128 0xa
 2104 0122 41000000 		.4byte	.LASF16
 2105 0126 03       		.byte	0x3
ARM GAS  C:\Users\andre\AppData\Local\Temp\ccoeWTPE.s 			page 38


 2106 0127 6201     		.2byte	0x162
 2107 0129 33010000 		.4byte	0x133
 2108 012d 05       		.uleb128 0x5
 2109 012e 03       		.byte	0x3
 2110 012f 00000000 		.4byte	cy_metadata
 2111 0133 07       		.uleb128 0x7
 2112 0134 11010000 		.4byte	0x111
 2113 0138 00       		.byte	0
 2114              		.section	.debug_abbrev,"",%progbits
 2115              	.Ldebug_abbrev0:
 2116 0000 01       		.uleb128 0x1
 2117 0001 11       		.uleb128 0x11
 2118 0002 01       		.byte	0x1
 2119 0003 25       		.uleb128 0x25
 2120 0004 0E       		.uleb128 0xe
 2121 0005 13       		.uleb128 0x13
 2122 0006 0B       		.uleb128 0xb
 2123 0007 03       		.uleb128 0x3
 2124 0008 0E       		.uleb128 0xe
 2125 0009 1B       		.uleb128 0x1b
 2126 000a 0E       		.uleb128 0xe
 2127 000b 10       		.uleb128 0x10
 2128 000c 17       		.uleb128 0x17
 2129 000d 00       		.byte	0
 2130 000e 00       		.byte	0
 2131 000f 02       		.uleb128 0x2
 2132 0010 24       		.uleb128 0x24
 2133 0011 00       		.byte	0
 2134 0012 0B       		.uleb128 0xb
 2135 0013 0B       		.uleb128 0xb
 2136 0014 3E       		.uleb128 0x3e
 2137 0015 0B       		.uleb128 0xb
 2138 0016 03       		.uleb128 0x3
 2139 0017 0E       		.uleb128 0xe
 2140 0018 00       		.byte	0
 2141 0019 00       		.byte	0
 2142 001a 03       		.uleb128 0x3
 2143 001b 16       		.uleb128 0x16
 2144 001c 00       		.byte	0
 2145 001d 03       		.uleb128 0x3
 2146 001e 0E       		.uleb128 0xe
 2147 001f 3A       		.uleb128 0x3a
 2148 0020 0B       		.uleb128 0xb
 2149 0021 3B       		.uleb128 0x3b
 2150 0022 0B       		.uleb128 0xb
 2151 0023 49       		.uleb128 0x49
 2152 0024 13       		.uleb128 0x13
 2153 0025 00       		.byte	0
 2154 0026 00       		.byte	0
 2155 0027 04       		.uleb128 0x4
 2156 0028 24       		.uleb128 0x24
 2157 0029 00       		.byte	0
 2158 002a 0B       		.uleb128 0xb
 2159 002b 0B       		.uleb128 0xb
 2160 002c 3E       		.uleb128 0x3e
 2161 002d 0B       		.uleb128 0xb
 2162 002e 03       		.uleb128 0x3
ARM GAS  C:\Users\andre\AppData\Local\Temp\ccoeWTPE.s 			page 39


 2163 002f 08       		.uleb128 0x8
 2164 0030 00       		.byte	0
 2165 0031 00       		.byte	0
 2166 0032 05       		.uleb128 0x5
 2167 0033 01       		.uleb128 0x1
 2168 0034 01       		.byte	0x1
 2169 0035 49       		.uleb128 0x49
 2170 0036 13       		.uleb128 0x13
 2171 0037 01       		.uleb128 0x1
 2172 0038 13       		.uleb128 0x13
 2173 0039 00       		.byte	0
 2174 003a 00       		.byte	0
 2175 003b 06       		.uleb128 0x6
 2176 003c 21       		.uleb128 0x21
 2177 003d 00       		.byte	0
 2178 003e 49       		.uleb128 0x49
 2179 003f 13       		.uleb128 0x13
 2180 0040 2F       		.uleb128 0x2f
 2181 0041 05       		.uleb128 0x5
 2182 0042 00       		.byte	0
 2183 0043 00       		.byte	0
 2184 0044 07       		.uleb128 0x7
 2185 0045 26       		.uleb128 0x26
 2186 0046 00       		.byte	0
 2187 0047 49       		.uleb128 0x49
 2188 0048 13       		.uleb128 0x13
 2189 0049 00       		.byte	0
 2190 004a 00       		.byte	0
 2191 004b 08       		.uleb128 0x8
 2192 004c 34       		.uleb128 0x34
 2193 004d 00       		.byte	0
 2194 004e 03       		.uleb128 0x3
 2195 004f 0E       		.uleb128 0xe
 2196 0050 3A       		.uleb128 0x3a
 2197 0051 0B       		.uleb128 0xb
 2198 0052 3B       		.uleb128 0x3b
 2199 0053 0B       		.uleb128 0xb
 2200 0054 49       		.uleb128 0x49
 2201 0055 13       		.uleb128 0x13
 2202 0056 3F       		.uleb128 0x3f
 2203 0057 19       		.uleb128 0x19
 2204 0058 02       		.uleb128 0x2
 2205 0059 18       		.uleb128 0x18
 2206 005a 00       		.byte	0
 2207 005b 00       		.byte	0
 2208 005c 09       		.uleb128 0x9
 2209 005d 21       		.uleb128 0x21
 2210 005e 00       		.byte	0
 2211 005f 49       		.uleb128 0x49
 2212 0060 13       		.uleb128 0x13
 2213 0061 2F       		.uleb128 0x2f
 2214 0062 0B       		.uleb128 0xb
 2215 0063 00       		.byte	0
 2216 0064 00       		.byte	0
 2217 0065 0A       		.uleb128 0xa
 2218 0066 34       		.uleb128 0x34
 2219 0067 00       		.byte	0
ARM GAS  C:\Users\andre\AppData\Local\Temp\ccoeWTPE.s 			page 40


 2220 0068 03       		.uleb128 0x3
 2221 0069 0E       		.uleb128 0xe
 2222 006a 3A       		.uleb128 0x3a
 2223 006b 0B       		.uleb128 0xb
 2224 006c 3B       		.uleb128 0x3b
 2225 006d 05       		.uleb128 0x5
 2226 006e 49       		.uleb128 0x49
 2227 006f 13       		.uleb128 0x13
 2228 0070 3F       		.uleb128 0x3f
 2229 0071 19       		.uleb128 0x19
 2230 0072 02       		.uleb128 0x2
 2231 0073 18       		.uleb128 0x18
 2232 0074 00       		.byte	0
 2233 0075 00       		.byte	0
 2234 0076 00       		.byte	0
 2235              		.section	.debug_aranges,"",%progbits
 2236 0000 14000000 		.4byte	0x14
 2237 0004 0200     		.2byte	0x2
 2238 0006 00000000 		.4byte	.Ldebug_info0
 2239 000a 04       		.byte	0x4
 2240 000b 00       		.byte	0
 2241 000c 0000     		.2byte	0
 2242 000e 0000     		.2byte	0
 2243 0010 00000000 		.4byte	0
 2244 0014 00000000 		.4byte	0
 2245              		.section	.debug_line,"",%progbits
 2246              	.Ldebug_line0:
 2247 0000 3D010000 		.section	.debug_str,"MS",%progbits,1
 2247      02003701 
 2247      00000201 
 2247      FB0E0D00 
 2247      01010101 
 2248              	.LASF9:
 2249 0000 5F5F7569 		.ascii	"__uint8_t\000"
 2249      6E74385F 
 2249      7400
 2250              	.LASF19:
 2251 000a 433A5C55 		.ascii	"C:\\Users\\andre\\Desktop\\Motorstyring\\Motorstyri"
 2251      73657273 
 2251      5C616E64 
 2251      72655C44 
 2251      65736B74 
 2252 0038 6E672E63 		.ascii	"ng.cydsn\000"
 2252      7964736E 
 2252      00
 2253              	.LASF16:
 2254 0041 63795F6D 		.ascii	"cy_metadata\000"
 2254      65746164 
 2254      61746100 
 2255              	.LASF1:
 2256 004d 756E7369 		.ascii	"unsigned char\000"
 2256      676E6564 
 2256      20636861 
 2256      7200
 2257              	.LASF17:
 2258 005b 474E5520 		.ascii	"GNU C11 5.4.1 20160609 (release) [ARM/embedded-5-br"
 2258      43313120 
ARM GAS  C:\Users\andre\AppData\Local\Temp\ccoeWTPE.s 			page 41


 2258      352E342E 
 2258      31203230 
 2258      31363036 
 2259 008e 616E6368 		.ascii	"anch revision 237715] -mcpu=cortex-m3 -mthumb -g -O"
 2259      20726576 
 2259      6973696F 
 2259      6E203233 
 2259      37373135 
 2260 00c1 67202D66 		.ascii	"g -ffunction-sections -ffat-lto-objects\000"
 2260      66756E63 
 2260      74696F6E 
 2260      2D736563 
 2260      74696F6E 
 2261              	.LASF5:
 2262 00e9 6C6F6E67 		.ascii	"long unsigned int\000"
 2262      20756E73 
 2262      69676E65 
 2262      6420696E 
 2262      7400
 2263              	.LASF3:
 2264 00fb 73686F72 		.ascii	"short unsigned int\000"
 2264      7420756E 
 2264      7369676E 
 2264      65642069 
 2264      6E7400
 2265              	.LASF13:
 2266 010e 63795F6D 		.ascii	"cy_meta_custnvl\000"
 2266      6574615F 
 2266      63757374 
 2266      6E766C00 
 2267              	.LASF12:
 2268 011e 63795F6D 		.ascii	"cy_meta_configecc\000"
 2268      6574615F 
 2268      636F6E66 
 2268      69676563 
 2268      6300
 2269              	.LASF8:
 2270 0130 756E7369 		.ascii	"unsigned int\000"
 2270      676E6564 
 2270      20696E74 
 2270      00
 2271              	.LASF7:
 2272 013d 6C6F6E67 		.ascii	"long long unsigned int\000"
 2272      206C6F6E 
 2272      6720756E 
 2272      7369676E 
 2272      65642069 
 2273              	.LASF10:
 2274 0154 75696E74 		.ascii	"uint8_t\000"
 2274      385F7400 
 2275              	.LASF15:
 2276 015c 63795F6D 		.ascii	"cy_meta_flashprotect\000"
 2276      6574615F 
 2276      666C6173 
 2276      6870726F 
 2276      74656374 
 2277              	.LASF14:
ARM GAS  C:\Users\andre\AppData\Local\Temp\ccoeWTPE.s 			page 42


 2278 0171 63795F6D 		.ascii	"cy_meta_wonvl\000"
 2278      6574615F 
 2278      776F6E76 
 2278      6C00
 2279              	.LASF11:
 2280 017f 73697A65 		.ascii	"sizetype\000"
 2280      74797065 
 2280      00
 2281              	.LASF6:
 2282 0188 6C6F6E67 		.ascii	"long long int\000"
 2282      206C6F6E 
 2282      6720696E 
 2282      7400
 2283              	.LASF2:
 2284 0196 73686F72 		.ascii	"short int\000"
 2284      7420696E 
 2284      7400
 2285              	.LASF4:
 2286 01a0 6C6F6E67 		.ascii	"long int\000"
 2286      20696E74 
 2286      00
 2287              	.LASF0:
 2288 01a9 7369676E 		.ascii	"signed char\000"
 2288      65642063 
 2288      68617200 
 2289              	.LASF18:
 2290 01b5 47656E65 		.ascii	"Generated_Source\\PSoC5\\cymetadata.c\000"
 2290      72617465 
 2290      645F536F 
 2290      75726365 
 2290      5C50536F 
 2291              		.ident	"GCC: (GNU Tools for ARM Embedded Processors) 5.4.1 20160609 (release) [ARM/embedded-5-bran
