ARM GAS  C:\Users\andre\AppData\Local\Temp\ccEQbMIT.s 			page 1


   1              		.syntax unified
   2              		.cpu cortex-m3
   3              		.fpu softvfp
   4              		.eabi_attribute 20, 1
   5              		.eabi_attribute 21, 1
   6              		.eabi_attribute 23, 3
   7              		.eabi_attribute 24, 1
   8              		.eabi_attribute 25, 1
   9              		.eabi_attribute 26, 1
  10              		.eabi_attribute 30, 1
  11              		.eabi_attribute 34, 1
  12              		.eabi_attribute 18, 4
  13              		.thumb
  14              		.syntax unified
  15              		.file	"main.c"
  16              		.text
  17              	.Ltext0:
  18              		.cfi_sections	.debug_frame
  19              		.section	.text.ISR_SPIS_rx_handler,"ax",%progbits
  20              		.align	2
  21              		.global	ISR_SPIS_rx_handler
  22              		.thumb
  23              		.thumb_func
  24              		.type	ISR_SPIS_rx_handler, %function
  25              	ISR_SPIS_rx_handler:
  26              	.LFB65:
  27              		.file 1 "main.c"
   1:main.c        **** /* ========================================
   2:main.c        ****  *
   3:main.c        ****  * Copyright YOUR COMPANY, THE YEAR
   4:main.c        ****  * All Rights Reserved
   5:main.c        ****  * UNPUBLISHED, LICENSED SOFTWARE.
   6:main.c        ****  *
   7:main.c        ****  * CONFIDENTIAL AND PROPRIETARY INFORMATION
   8:main.c        ****  * WHICH IS THE PROPERTY OF your company.
   9:main.c        ****  *
  10:main.c        ****  * ========================================
  11:main.c        **** */
  12:main.c        **** //Include filer 
  13:main.c        **** #include "project.h"
  14:main.c        **** #include "motorFunktioner.h"
  15:main.c        **** #include "stdio.h"
  16:main.c        **** #include "sonar.h"
  17:main.c        **** //Variabler
  18:main.c        **** #define searchBall_  1 
  19:main.c        **** #define forwards    2
  20:main.c        **** #define backwards   3
  21:main.c        **** #define stop_       4
  22:main.c        **** #define turn_r      5
  23:main.c        **** #define turn_l      6
  24:main.c        **** #define stop_f      7
  25:main.c        **** //Prototyper
  26:main.c        **** CY_ISR_PROTO(ISR_SPIS_rx_handler);
  27:main.c        **** CY_ISR_PROTO(ISR_UART_rx_handler); 
  28:main.c        **** void slaveBytesRec(uint8_t rec);
  29:main.c        **** uint8_t sendB_ = 0;
  30:main.c        **** uint8_t slave_bytesReceived;
ARM GAS  C:\Users\andre\AppData\Local\Temp\ccEQbMIT.s 			page 2


  31:main.c        **** uint8_t c; 
  32:main.c        **** int calR = 0; 
  33:main.c        **** int calL = 18; 
  34:main.c        **** int PWML = 165; 
  35:main.c        **** int PWMR = 165; 
  36:main.c        **** 
  37:main.c        **** int main(void)
  38:main.c        **** {
  39:main.c        ****     CyGlobalIntEnable; /* Enable global interrupts. */
  40:main.c        ****     Motorpwm_Left_Init();
  41:main.c        ****     Motorpwm_right_Init();
  42:main.c        ****     Motorpwm_right_Start();
  43:main.c        ****     Motorpwm_Left_Start();
  44:main.c        ****     ADC_calL_Init();
  45:main.c        ****     ADC_calR_Init();
  46:main.c        ****     ADC_calL_Start();
  47:main.c        ****     ADC_calR_Start();
  48:main.c        ****     ADC_calL_StartConvert();
  49:main.c        ****     ADC_calR_StartConvert();
  50:main.c        ****     SPIS_1_Start();
  51:main.c        ****     SPIS_1_FIFO_CLR;
  52:main.c        ****     ISR_SLAVE_RX_StartEx(ISR_SPIS_rx_handler);
  53:main.c        ****     UART_rx_StartEx(ISR_UART_rx_handler);
  54:main.c        ****     UART_1_Start(); 
  55:main.c        ****     I2C_Master_Start();
  56:main.c        ****         
  57:main.c        ****     for(;;){
  58:main.c        ****         slaveBytesRec(slave_bytesReceived); 
  59:main.c        ****         //sendData();
  60:main.c        ****     }
  61:main.c        **** }
  62:main.c        **** 
  63:main.c        **** CY_ISR(ISR_SPIS_rx_handler){
  28              		.loc 1 63 0
  29              		.cfi_startproc
  30              		@ args = 0, pretend = 0, frame = 128
  31              		@ frame_needed = 0, uses_anonymous_args = 0
  32 0000 00B5     		push	{lr}
  33              		.cfi_def_cfa_offset 4
  34              		.cfi_offset 14, -4
  35 0002 A1B0     		sub	sp, sp, #132
  36              		.cfi_def_cfa_offset 136
  64:main.c        ****         slave_bytesReceived = SPIS_1_ReadRxData(); //Læser dataen fra SPIS rx
  37              		.loc 1 64 0
  38 0004 FFF7FEFF 		bl	SPIS_1_ReadRxData
  39              	.LVL0:
  40 0008 0346     		mov	r3, r0
  41 000a 0B4A     		ldr	r2, .L3
  42 000c 1070     		strb	r0, [r2]
  65:main.c        ****         char buff[128];
  66:main.c        ****         snprintf(buff,sizeof(buff),"Byte received: %d\n",slave_bytesReceived); //Formaterer data fr
  43              		.loc 1 66 0
  44 000e 0B4A     		ldr	r2, .L3+4
  45 0010 8021     		movs	r1, #128
  46 0012 6846     		mov	r0, sp
  47 0014 FFF7FEFF 		bl	snprintf
  48              	.LVL1:
ARM GAS  C:\Users\andre\AppData\Local\Temp\ccEQbMIT.s 			page 3


  67:main.c        ****         UART_1_PutString(buff); //Skriver dataen ud på UART
  49              		.loc 1 67 0
  50 0018 6846     		mov	r0, sp
  51 001a FFF7FEFF 		bl	UART_1_PutString
  52              	.LVL2:
  68:main.c        **** 
  69:main.c        ****         uint8_t num = 75;
  70:main.c        ****         SPIS_1_WriteTxData(num);
  53              		.loc 1 70 0
  54 001e 4B20     		movs	r0, #75
  55 0020 FFF7FEFF 		bl	SPIS_1_WriteTxData
  56              	.LVL3:
  71:main.c        ****         //sendB_++;
  72:main.c        ****         //++num; 
  73:main.c        ****         SPIS_1_ClearFIFO();
  57              		.loc 1 73 0
  58 0024 FFF7FEFF 		bl	SPIS_1_ClearFIFO
  59              	.LVL4:
  74:main.c        ****         
  75:main.c        ****     CyDelay(300);
  60              		.loc 1 75 0
  61 0028 4FF49670 		mov	r0, #300
  62 002c FFF7FEFF 		bl	CyDelay
  63              	.LVL5:
  76:main.c        **** }
  64              		.loc 1 76 0
  65 0030 21B0     		add	sp, sp, #132
  66              		.cfi_def_cfa_offset 4
  67              		@ sp needed
  68 0032 5DF804FB 		ldr	pc, [sp], #4
  69              	.L4:
  70 0036 00BF     		.align	2
  71              	.L3:
  72 0038 00000000 		.word	slave_bytesReceived
  73 003c 00000000 		.word	.LC0
  74              		.cfi_endproc
  75              	.LFE65:
  76              		.size	ISR_SPIS_rx_handler, .-ISR_SPIS_rx_handler
  77              		.section	.text.ISR_UART_rx_handler,"ax",%progbits
  78              		.align	2
  79              		.global	ISR_UART_rx_handler
  80              		.thumb
  81              		.thumb_func
  82              		.type	ISR_UART_rx_handler, %function
  83              	ISR_UART_rx_handler:
  84              	.LFB66:
  77:main.c        **** 
  78:main.c        **** CY_ISR(ISR_UART_rx_handler)
  79:main.c        **** {
  85              		.loc 1 79 0
  86              		.cfi_startproc
  87              		@ args = 0, pretend = 0, frame = 0
  88              		@ frame_needed = 0, uses_anonymous_args = 0
  89 0000 10B5     		push	{r4, lr}
  90              		.cfi_def_cfa_offset 8
  91              		.cfi_offset 4, -8
  92              		.cfi_offset 14, -4
ARM GAS  C:\Users\andre\AppData\Local\Temp\ccEQbMIT.s 			page 4


  80:main.c        ****     uint8_t bytesToRead = UART_1_GetRxBufferSize();
  93              		.loc 1 80 0
  94 0002 FFF7FEFF 		bl	UART_1_GetRxBufferSize
  95              	.LVL6:
  96 0006 0446     		mov	r4, r0
  97              	.LVL7:
  81:main.c        ****     while (bytesToRead > 0)
  98              		.loc 1 81 0
  99 0008 07E0     		b	.L6
 100              	.L7:
  82:main.c        ****     {
  83:main.c        ****         c = UART_1_ReadRxData();
 101              		.loc 1 83 0
 102 000a FFF7FEFF 		bl	UART_1_ReadRxData
 103              	.LVL8:
 104 000e 044B     		ldr	r3, .L9
 105 0010 1870     		strb	r0, [r3]
  84:main.c        ****         UART_1_WriteTxData(c); // echo back
 106              		.loc 1 84 0
 107 0012 FFF7FEFF 		bl	UART_1_WriteTxData
 108              	.LVL9:
  85:main.c        ****         
  86:main.c        ****         bytesToRead--;
 109              		.loc 1 86 0
 110 0016 013C     		subs	r4, r4, #1
 111              	.LVL10:
 112 0018 E4B2     		uxtb	r4, r4
 113              	.LVL11:
 114              	.L6:
  81:main.c        ****     {
 115              		.loc 1 81 0
 116 001a 002C     		cmp	r4, #0
 117 001c F5D1     		bne	.L7
  87:main.c        ****     }
  88:main.c        **** }
 118              		.loc 1 88 0
 119 001e 10BD     		pop	{r4, pc}
 120              	.LVL12:
 121              	.L10:
 122              		.align	2
 123              	.L9:
 124 0020 00000000 		.word	c
 125              		.cfi_endproc
 126              	.LFE66:
 127              		.size	ISR_UART_rx_handler, .-ISR_UART_rx_handler
 128              		.section	.text.slaveBytesRec,"ax",%progbits
 129              		.align	2
 130              		.global	slaveBytesRec
 131              		.thumb
 132              		.thumb_func
 133              		.type	slaveBytesRec, %function
 134              	slaveBytesRec:
 135              	.LFB67:
  89:main.c        **** 
  90:main.c        **** void slaveBytesRec(uint8_t rec){
 136              		.loc 1 90 0
 137              		.cfi_startproc
ARM GAS  C:\Users\andre\AppData\Local\Temp\ccEQbMIT.s 			page 5


 138              		@ args = 0, pretend = 0, frame = 0
 139              		@ frame_needed = 0, uses_anonymous_args = 0
 140              	.LVL13:
 141 0000 08B5     		push	{r3, lr}
 142              		.cfi_def_cfa_offset 8
 143              		.cfi_offset 3, -8
 144              		.cfi_offset 14, -4
  91:main.c        ****     switch(rec){ 
 145              		.loc 1 91 0
 146 0002 0138     		subs	r0, r0, #1
 147              	.LVL14:
 148 0004 0628     		cmp	r0, #6
 149 0006 36D8     		bhi	.L11
 150 0008 DFE800F0 		tbb	[pc, r0]
 151              	.L14:
 152 000c 04       		.byte	(.L13-.L14)/2
 153 000d 0D       		.byte	(.L15-.L14)/2
 154 000e 16       		.byte	(.L16-.L14)/2
 155 000f 30       		.byte	(.L17-.L14)/2
 156 0010 27       		.byte	(.L18-.L14)/2
 157 0011 1F       		.byte	(.L19-.L14)/2
 158 0012 33       		.byte	(.L20-.L14)/2
 159 0013 00       		.p2align 1
 160              	.L13:
  92:main.c        ****         case searchBall_: 
  93:main.c        ****         {
  94:main.c        ****             searchBall(calL, calR, 150, 150); 
 161              		.loc 1 94 0
 162 0014 9623     		movs	r3, #150
 163 0016 1A46     		mov	r2, r3
 164 0018 1749     		ldr	r1, .L22
 165 001a 0968     		ldr	r1, [r1]
 166 001c 1748     		ldr	r0, .L22+4
 167 001e 0068     		ldr	r0, [r0]
 168 0020 FFF7FEFF 		bl	searchBall
 169              	.LVL15:
  95:main.c        ****         }
  96:main.c        ****         break; 
 170              		.loc 1 96 0
 171 0024 08BD     		pop	{r3, pc}
 172              	.L15:
  97:main.c        ****         case forwards:
  98:main.c        ****         {
  99:main.c        ****             korFrem(calL, calR, PWML, PWMR);
 173              		.loc 1 99 0
 174 0026 1548     		ldr	r0, .L22+4
 175 0028 4368     		ldr	r3, [r0, #4]
 176 002a 8268     		ldr	r2, [r0, #8]
 177 002c 1249     		ldr	r1, .L22
 178 002e 0968     		ldr	r1, [r1]
 179 0030 0068     		ldr	r0, [r0]
 180 0032 FFF7FEFF 		bl	korFrem
 181              	.LVL16:
 100:main.c        ****         }
 101:main.c        ****         break;
 182              		.loc 1 101 0
 183 0036 08BD     		pop	{r3, pc}
ARM GAS  C:\Users\andre\AppData\Local\Temp\ccEQbMIT.s 			page 6


 184              	.L16:
 102:main.c        ****         
 103:main.c        ****         case backwards:
 104:main.c        ****         {
 105:main.c        ****             kortilbage(calL, calR, PWML, PWMR);
 185              		.loc 1 105 0
 186 0038 1048     		ldr	r0, .L22+4
 187 003a 4368     		ldr	r3, [r0, #4]
 188 003c 8268     		ldr	r2, [r0, #8]
 189 003e 0E49     		ldr	r1, .L22
 190 0040 0968     		ldr	r1, [r1]
 191 0042 0068     		ldr	r0, [r0]
 192 0044 FFF7FEFF 		bl	kortilbage
 193              	.LVL17:
 106:main.c        ****         }
 107:main.c        ****         break;
 194              		.loc 1 107 0
 195 0048 08BD     		pop	{r3, pc}
 196              	.L19:
 108:main.c        ****         case turn_l:
 109:main.c        ****         {
 110:main.c        ****             drejVenstre(calL, 5, 0, 157);
 197              		.loc 1 110 0
 198 004a 9D23     		movs	r3, #157
 199 004c 0022     		movs	r2, #0
 200 004e 0521     		movs	r1, #5
 201 0050 0A48     		ldr	r0, .L22+4
 202 0052 0068     		ldr	r0, [r0]
 203 0054 FFF7FEFF 		bl	drejVenstre
 204              	.LVL18:
 111:main.c        ****         }
 112:main.c        ****         break;
 205              		.loc 1 112 0
 206 0058 08BD     		pop	{r3, pc}
 207              	.L18:
 113:main.c        ****         case turn_r:
 114:main.c        ****         {
 115:main.c        ****             drejHojre(calL, calR, 157, 0);
 208              		.loc 1 115 0
 209 005a 0023     		movs	r3, #0
 210 005c 9D22     		movs	r2, #157
 211 005e 0649     		ldr	r1, .L22
 212 0060 0968     		ldr	r1, [r1]
 213 0062 0648     		ldr	r0, .L22+4
 214 0064 0068     		ldr	r0, [r0]
 215 0066 FFF7FEFF 		bl	drejHojre
 216              	.LVL19:
 116:main.c        ****         }
 117:main.c        ****         break;
 217              		.loc 1 117 0
 218 006a 08BD     		pop	{r3, pc}
 219              	.L17:
 118:main.c        ****         case stop_:
 119:main.c        ****         {
 120:main.c        ****             stop();
 220              		.loc 1 120 0
 221 006c FFF7FEFF 		bl	stop
ARM GAS  C:\Users\andre\AppData\Local\Temp\ccEQbMIT.s 			page 7


 222              	.LVL20:
 121:main.c        ****         }
 122:main.c        ****         break;
 223              		.loc 1 122 0
 224 0070 08BD     		pop	{r3, pc}
 225              	.L20:
 123:main.c        ****         case stop_f:
 124:main.c        ****         {
 125:main.c        ****             fastStop();
 226              		.loc 1 125 0
 227 0072 FFF7FEFF 		bl	fastStop
 228              	.LVL21:
 229              	.L11:
 230 0076 08BD     		pop	{r3, pc}
 231              	.L23:
 232              		.align	2
 233              	.L22:
 234 0078 00000000 		.word	.LANCHOR0
 235 007c 00000000 		.word	.LANCHOR1
 236              		.cfi_endproc
 237              	.LFE67:
 238              		.size	slaveBytesRec, .-slaveBytesRec
 239              		.section	.text.main,"ax",%progbits
 240              		.align	2
 241              		.global	main
 242              		.thumb
 243              		.thumb_func
 244              		.type	main, %function
 245              	main:
 246              	.LFB64:
  38:main.c        ****     CyGlobalIntEnable; /* Enable global interrupts. */
 247              		.loc 1 38 0
 248              		.cfi_startproc
 249              		@ Volatile: function does not return.
 250              		@ args = 0, pretend = 0, frame = 0
 251              		@ frame_needed = 0, uses_anonymous_args = 0
 252 0000 08B5     		push	{r3, lr}
 253              		.cfi_def_cfa_offset 8
 254              		.cfi_offset 3, -8
 255              		.cfi_offset 14, -4
  39:main.c        ****     Motorpwm_Left_Init();
 256              		.loc 1 39 0
 257              		.syntax unified
 258              	@ 39 "main.c" 1
 259 0002 62B6     		CPSIE   i
 260              	@ 0 "" 2
  40:main.c        ****     Motorpwm_right_Init();
 261              		.loc 1 40 0
 262              		.thumb
 263              		.syntax unified
 264 0004 FFF7FEFF 		bl	Motorpwm_Left_Init
 265              	.LVL22:
  41:main.c        ****     Motorpwm_right_Start();
 266              		.loc 1 41 0
 267 0008 FFF7FEFF 		bl	Motorpwm_right_Init
 268              	.LVL23:
  42:main.c        ****     Motorpwm_Left_Start();
ARM GAS  C:\Users\andre\AppData\Local\Temp\ccEQbMIT.s 			page 8


 269              		.loc 1 42 0
 270 000c FFF7FEFF 		bl	Motorpwm_right_Start
 271              	.LVL24:
  43:main.c        ****     ADC_calL_Init();
 272              		.loc 1 43 0
 273 0010 FFF7FEFF 		bl	Motorpwm_Left_Start
 274              	.LVL25:
  44:main.c        ****     ADC_calR_Init();
 275              		.loc 1 44 0
 276 0014 FFF7FEFF 		bl	ADC_calL_Init
 277              	.LVL26:
  45:main.c        ****     ADC_calL_Start();
 278              		.loc 1 45 0
 279 0018 FFF7FEFF 		bl	ADC_calR_Init
 280              	.LVL27:
  46:main.c        ****     ADC_calR_Start();
 281              		.loc 1 46 0
 282 001c FFF7FEFF 		bl	ADC_calL_Start
 283              	.LVL28:
  47:main.c        ****     ADC_calL_StartConvert();
 284              		.loc 1 47 0
 285 0020 FFF7FEFF 		bl	ADC_calR_Start
 286              	.LVL29:
  48:main.c        ****     ADC_calR_StartConvert();
 287              		.loc 1 48 0
 288 0024 FFF7FEFF 		bl	ADC_calL_StartConvert
 289              	.LVL30:
  49:main.c        ****     SPIS_1_Start();
 290              		.loc 1 49 0
 291 0028 FFF7FEFF 		bl	ADC_calR_StartConvert
 292              	.LVL31:
  50:main.c        ****     SPIS_1_FIFO_CLR;
 293              		.loc 1 50 0
 294 002c FFF7FEFF 		bl	SPIS_1_Start
 295              	.LVL32:
  52:main.c        ****     UART_rx_StartEx(ISR_UART_rx_handler);
 296              		.loc 1 52 0
 297 0030 0748     		ldr	r0, .L27
 298 0032 FFF7FEFF 		bl	ISR_SLAVE_RX_StartEx
 299              	.LVL33:
  53:main.c        ****     UART_1_Start(); 
 300              		.loc 1 53 0
 301 0036 0748     		ldr	r0, .L27+4
 302 0038 FFF7FEFF 		bl	UART_rx_StartEx
 303              	.LVL34:
  54:main.c        ****     I2C_Master_Start();
 304              		.loc 1 54 0
 305 003c FFF7FEFF 		bl	UART_1_Start
 306              	.LVL35:
  55:main.c        ****         
 307              		.loc 1 55 0
 308 0040 FFF7FEFF 		bl	I2C_Master_Start
 309              	.LVL36:
 310              	.L25:
  58:main.c        ****         //sendData();
 311              		.loc 1 58 0 discriminator 1
 312 0044 044B     		ldr	r3, .L27+8
ARM GAS  C:\Users\andre\AppData\Local\Temp\ccEQbMIT.s 			page 9


 313 0046 1878     		ldrb	r0, [r3]	@ zero_extendqisi2
 314 0048 FFF7FEFF 		bl	slaveBytesRec
 315              	.LVL37:
 316 004c FAE7     		b	.L25
 317              	.L28:
 318 004e 00BF     		.align	2
 319              	.L27:
 320 0050 00000000 		.word	ISR_SPIS_rx_handler
 321 0054 00000000 		.word	ISR_UART_rx_handler
 322 0058 00000000 		.word	slave_bytesReceived
 323              		.cfi_endproc
 324              	.LFE64:
 325              		.size	main, .-main
 326              		.global	PWMR
 327              		.global	PWML
 328              		.global	calL
 329              		.global	calR
 330              		.comm	c,1,1
 331              		.comm	slave_bytesReceived,1,1
 332              		.global	sendB_
 333              		.data
 334              		.align	2
 335              		.set	.LANCHOR1,. + 0
 336              		.type	calL, %object
 337              		.size	calL, 4
 338              	calL:
 339 0000 12000000 		.word	18
 340              		.type	PWMR, %object
 341              		.size	PWMR, 4
 342              	PWMR:
 343 0004 A5000000 		.word	165
 344              		.type	PWML, %object
 345              		.size	PWML, 4
 346              	PWML:
 347 0008 A5000000 		.word	165
 348              		.section	.rodata.str1.4,"aMS",%progbits,1
 349              		.align	2
 350              	.LC0:
 351 0000 42797465 		.ascii	"Byte received: %d\012\000"
 351      20726563 
 351      65697665 
 351      643A2025 
 351      640A00
 352              		.bss
 353              		.align	2
 354              		.set	.LANCHOR0,. + 0
 355              		.type	calR, %object
 356              		.size	calR, 4
 357              	calR:
 358 0000 00000000 		.space	4
 359              		.type	sendB_, %object
 360              		.size	sendB_, 1
 361              	sendB_:
 362 0004 00       		.space	1
 363              		.text
 364              	.Letext0:
 365              		.file 2 "c:\\program files (x86)\\cypress\\psoc creator\\4.2\\psoc creator\\import\\gnu\\arm\\5.4.
ARM GAS  C:\Users\andre\AppData\Local\Temp\ccEQbMIT.s 			page 10


 366              		.file 3 "c:\\program files (x86)\\cypress\\psoc creator\\4.2\\psoc creator\\import\\gnu\\arm\\5.4.
 367              		.file 4 "Generated_Source\\PSoC5/core_cm3.h"
 368              		.file 5 "Generated_Source\\PSoC5/SPIS_1.h"
 369              		.file 6 "c:\\program files (x86)\\cypress\\psoc creator\\4.2\\psoc creator\\import\\gnu\\arm\\5.4.
 370              		.file 7 "Generated_Source\\PSoC5/UART_1.h"
 371              		.file 8 "Generated_Source\\PSoC5/CyLib.h"
 372              		.file 9 "motorFunktioner.h"
 373              		.file 10 "Generated_Source\\PSoC5/Motorpwm_Left.h"
 374              		.file 11 "Generated_Source\\PSoC5/Motorpwm_right.h"
 375              		.file 12 "Generated_Source\\PSoC5/ADC_calL.h"
 376              		.file 13 "Generated_Source\\PSoC5/ADC_calR.h"
 377              		.file 14 "Generated_Source\\PSoC5/ISR_SLAVE_RX.h"
 378              		.file 15 "Generated_Source\\PSoC5/UART_rx.h"
 379              		.file 16 "Generated_Source\\PSoC5/I2C_Master.h"
 380              		.section	.debug_info,"",%progbits
 381              	.Ldebug_info0:
 382 0000 E1040000 		.4byte	0x4e1
 383 0004 0400     		.2byte	0x4
 384 0006 00000000 		.4byte	.Ldebug_abbrev0
 385 000a 04       		.byte	0x4
 386 000b 01       		.uleb128 0x1
 387 000c 3C030000 		.4byte	.LASF61
 388 0010 0C       		.byte	0xc
 389 0011 58020000 		.4byte	.LASF62
 390 0015 EF020000 		.4byte	.LASF63
 391 0019 00000000 		.4byte	.Ldebug_ranges0+0
 392 001d 00000000 		.4byte	0
 393 0021 00000000 		.4byte	.Ldebug_line0
 394 0025 02       		.uleb128 0x2
 395 0026 01       		.byte	0x1
 396 0027 06       		.byte	0x6
 397 0028 A6010000 		.4byte	.LASF0
 398 002c 03       		.uleb128 0x3
 399 002d 3C010000 		.4byte	.LASF4
 400 0031 02       		.byte	0x2
 401 0032 1D       		.byte	0x1d
 402 0033 37000000 		.4byte	0x37
 403 0037 02       		.uleb128 0x2
 404 0038 01       		.byte	0x1
 405 0039 08       		.byte	0x8
 406 003a 64010000 		.4byte	.LASF1
 407 003e 02       		.uleb128 0x2
 408 003f 02       		.byte	0x2
 409 0040 05       		.byte	0x5
 410 0041 6A000000 		.4byte	.LASF2
 411 0045 02       		.uleb128 0x2
 412 0046 02       		.byte	0x2
 413 0047 07       		.byte	0x7
 414 0048 12020000 		.4byte	.LASF3
 415 004c 03       		.uleb128 0x3
 416 004d CD020000 		.4byte	.LASF5
 417 0051 02       		.byte	0x2
 418 0052 3F       		.byte	0x3f
 419 0053 57000000 		.4byte	0x57
 420 0057 02       		.uleb128 0x2
 421 0058 04       		.byte	0x4
 422 0059 05       		.byte	0x5
ARM GAS  C:\Users\andre\AppData\Local\Temp\ccEQbMIT.s 			page 11


 423 005a 33010000 		.4byte	.LASF6
 424 005e 02       		.uleb128 0x2
 425 005f 04       		.byte	0x4
 426 0060 07       		.byte	0x7
 427 0061 5F020000 		.4byte	.LASF7
 428 0065 02       		.uleb128 0x2
 429 0066 08       		.byte	0x8
 430 0067 05       		.byte	0x5
 431 0068 25010000 		.4byte	.LASF8
 432 006c 02       		.uleb128 0x2
 433 006d 08       		.byte	0x8
 434 006e 07       		.byte	0x7
 435 006f B2010000 		.4byte	.LASF9
 436 0073 04       		.uleb128 0x4
 437 0074 04       		.byte	0x4
 438 0075 05       		.byte	0x5
 439 0076 696E7400 		.ascii	"int\000"
 440 007a 02       		.uleb128 0x2
 441 007b 04       		.byte	0x4
 442 007c 07       		.byte	0x7
 443 007d D3010000 		.4byte	.LASF10
 444 0081 03       		.uleb128 0x3
 445 0082 DF000000 		.4byte	.LASF11
 446 0086 03       		.byte	0x3
 447 0087 18       		.byte	0x18
 448 0088 2C000000 		.4byte	0x2c
 449 008c 03       		.uleb128 0x3
 450 008d 2F020000 		.4byte	.LASF12
 451 0091 03       		.byte	0x3
 452 0092 2C       		.byte	0x2c
 453 0093 4C000000 		.4byte	0x4c
 454 0097 02       		.uleb128 0x2
 455 0098 04       		.byte	0x4
 456 0099 04       		.byte	0x4
 457 009a 0B010000 		.4byte	.LASF13
 458 009e 02       		.uleb128 0x2
 459 009f 08       		.byte	0x8
 460 00a0 04       		.byte	0x4
 461 00a1 94020000 		.4byte	.LASF14
 462 00a5 02       		.uleb128 0x2
 463 00a6 01       		.byte	0x1
 464 00a7 08       		.byte	0x8
 465 00a8 2A020000 		.4byte	.LASF15
 466 00ac 02       		.uleb128 0x2
 467 00ad 08       		.byte	0x8
 468 00ae 04       		.byte	0x4
 469 00af 86010000 		.4byte	.LASF16
 470 00b3 02       		.uleb128 0x2
 471 00b4 04       		.byte	0x4
 472 00b5 07       		.byte	0x7
 473 00b6 89000000 		.4byte	.LASF17
 474 00ba 05       		.uleb128 0x5
 475 00bb 72010000 		.4byte	.LASF19
 476 00bf 01       		.byte	0x1
 477 00c0 3F       		.byte	0x3f
 478 00c1 00000000 		.4byte	.LFB65
 479 00c5 40000000 		.4byte	.LFE65-.LFB65
ARM GAS  C:\Users\andre\AppData\Local\Temp\ccEQbMIT.s 			page 12


 480 00c9 01       		.uleb128 0x1
 481 00ca 9C       		.byte	0x9c
 482 00cb 59010000 		.4byte	0x159
 483 00cf 06       		.uleb128 0x6
 484 00d0 AC000000 		.4byte	.LASF18
 485 00d4 01       		.byte	0x1
 486 00d5 41       		.byte	0x41
 487 00d6 59010000 		.4byte	0x159
 488 00da 03       		.uleb128 0x3
 489 00db 91       		.byte	0x91
 490 00dc F87E     		.sleb128 -136
 491 00de 07       		.uleb128 0x7
 492 00df 6E756D00 		.ascii	"num\000"
 493 00e3 01       		.byte	0x1
 494 00e4 45       		.byte	0x45
 495 00e5 81000000 		.4byte	0x81
 496 00e9 4B       		.byte	0x4b
 497 00ea 08       		.uleb128 0x8
 498 00eb 08000000 		.4byte	.LVL0
 499 00ef 8F030000 		.4byte	0x38f
 500 00f3 09       		.uleb128 0x9
 501 00f4 18000000 		.4byte	.LVL1
 502 00f8 9A030000 		.4byte	0x39a
 503 00fc 16010000 		.4byte	0x116
 504 0100 0A       		.uleb128 0xa
 505 0101 01       		.uleb128 0x1
 506 0102 50       		.byte	0x50
 507 0103 02       		.uleb128 0x2
 508 0104 7D       		.byte	0x7d
 509 0105 00       		.sleb128 0
 510 0106 0A       		.uleb128 0xa
 511 0107 01       		.uleb128 0x1
 512 0108 51       		.byte	0x51
 513 0109 02       		.uleb128 0x2
 514 010a 08       		.byte	0x8
 515 010b 80       		.byte	0x80
 516 010c 0A       		.uleb128 0xa
 517 010d 01       		.uleb128 0x1
 518 010e 52       		.byte	0x52
 519 010f 05       		.uleb128 0x5
 520 0110 03       		.byte	0x3
 521 0111 00000000 		.4byte	.LC0
 522 0115 00       		.byte	0
 523 0116 09       		.uleb128 0x9
 524 0117 1E000000 		.4byte	.LVL2
 525 011b A5030000 		.4byte	0x3a5
 526 011f 2A010000 		.4byte	0x12a
 527 0123 0A       		.uleb128 0xa
 528 0124 01       		.uleb128 0x1
 529 0125 50       		.byte	0x50
 530 0126 02       		.uleb128 0x2
 531 0127 7D       		.byte	0x7d
 532 0128 00       		.sleb128 0
 533 0129 00       		.byte	0
 534 012a 09       		.uleb128 0x9
 535 012b 24000000 		.4byte	.LVL3
 536 012f B0030000 		.4byte	0x3b0
ARM GAS  C:\Users\andre\AppData\Local\Temp\ccEQbMIT.s 			page 13


 537 0133 3E010000 		.4byte	0x13e
 538 0137 0A       		.uleb128 0xa
 539 0138 01       		.uleb128 0x1
 540 0139 50       		.byte	0x50
 541 013a 02       		.uleb128 0x2
 542 013b 08       		.byte	0x8
 543 013c 4B       		.byte	0x4b
 544 013d 00       		.byte	0
 545 013e 08       		.uleb128 0x8
 546 013f 28000000 		.4byte	.LVL4
 547 0143 BB030000 		.4byte	0x3bb
 548 0147 0B       		.uleb128 0xb
 549 0148 30000000 		.4byte	.LVL5
 550 014c C6030000 		.4byte	0x3c6
 551 0150 0A       		.uleb128 0xa
 552 0151 01       		.uleb128 0x1
 553 0152 50       		.byte	0x50
 554 0153 03       		.uleb128 0x3
 555 0154 0A       		.byte	0xa
 556 0155 2C01     		.2byte	0x12c
 557 0157 00       		.byte	0
 558 0158 00       		.byte	0
 559 0159 0C       		.uleb128 0xc
 560 015a A5000000 		.4byte	0xa5
 561 015e 69010000 		.4byte	0x169
 562 0162 0D       		.uleb128 0xd
 563 0163 B3000000 		.4byte	0xb3
 564 0167 7F       		.byte	0x7f
 565 0168 00       		.byte	0
 566 0169 05       		.uleb128 0x5
 567 016a 4A000000 		.4byte	.LASF20
 568 016e 01       		.byte	0x1
 569 016f 4E       		.byte	0x4e
 570 0170 00000000 		.4byte	.LFB66
 571 0174 24000000 		.4byte	.LFE66-.LFB66
 572 0178 01       		.uleb128 0x1
 573 0179 9C       		.byte	0x9c
 574 017a A9010000 		.4byte	0x1a9
 575 017e 0E       		.uleb128 0xe
 576 017f 71020000 		.4byte	.LASF21
 577 0183 01       		.byte	0x1
 578 0184 50       		.byte	0x50
 579 0185 81000000 		.4byte	0x81
 580 0189 00000000 		.4byte	.LLST0
 581 018d 08       		.uleb128 0x8
 582 018e 06000000 		.4byte	.LVL6
 583 0192 D1030000 		.4byte	0x3d1
 584 0196 08       		.uleb128 0x8
 585 0197 0E000000 		.4byte	.LVL8
 586 019b DC030000 		.4byte	0x3dc
 587 019f 08       		.uleb128 0x8
 588 01a0 16000000 		.4byte	.LVL9
 589 01a4 E7030000 		.4byte	0x3e7
 590 01a8 00       		.byte	0
 591 01a9 05       		.uleb128 0x5
 592 01aa AC020000 		.4byte	.LASF22
 593 01ae 01       		.byte	0x1
ARM GAS  C:\Users\andre\AppData\Local\Temp\ccEQbMIT.s 			page 14


 594 01af 5A       		.byte	0x5a
 595 01b0 00000000 		.4byte	.LFB67
 596 01b4 80000000 		.4byte	.LFE67-.LFB67
 597 01b8 01       		.uleb128 0x1
 598 01b9 9C       		.byte	0x9c
 599 01ba 43020000 		.4byte	0x243
 600 01be 0F       		.uleb128 0xf
 601 01bf 72656300 		.ascii	"rec\000"
 602 01c3 01       		.byte	0x1
 603 01c4 5A       		.byte	0x5a
 604 01c5 81000000 		.4byte	0x81
 605 01c9 1E000000 		.4byte	.LLST1
 606 01cd 09       		.uleb128 0x9
 607 01ce 24000000 		.4byte	.LVL15
 608 01d2 F2030000 		.4byte	0x3f2
 609 01d6 E7010000 		.4byte	0x1e7
 610 01da 0A       		.uleb128 0xa
 611 01db 01       		.uleb128 0x1
 612 01dc 52       		.byte	0x52
 613 01dd 02       		.uleb128 0x2
 614 01de 08       		.byte	0x8
 615 01df 96       		.byte	0x96
 616 01e0 0A       		.uleb128 0xa
 617 01e1 01       		.uleb128 0x1
 618 01e2 53       		.byte	0x53
 619 01e3 02       		.uleb128 0x2
 620 01e4 08       		.byte	0x8
 621 01e5 96       		.byte	0x96
 622 01e6 00       		.byte	0
 623 01e7 08       		.uleb128 0x8
 624 01e8 36000000 		.4byte	.LVL16
 625 01ec FD030000 		.4byte	0x3fd
 626 01f0 08       		.uleb128 0x8
 627 01f1 48000000 		.4byte	.LVL17
 628 01f5 08040000 		.4byte	0x408
 629 01f9 09       		.uleb128 0x9
 630 01fa 58000000 		.4byte	.LVL18
 631 01fe 13040000 		.4byte	0x413
 632 0202 17020000 		.4byte	0x217
 633 0206 0A       		.uleb128 0xa
 634 0207 01       		.uleb128 0x1
 635 0208 51       		.byte	0x51
 636 0209 01       		.uleb128 0x1
 637 020a 35       		.byte	0x35
 638 020b 0A       		.uleb128 0xa
 639 020c 01       		.uleb128 0x1
 640 020d 52       		.byte	0x52
 641 020e 01       		.uleb128 0x1
 642 020f 30       		.byte	0x30
 643 0210 0A       		.uleb128 0xa
 644 0211 01       		.uleb128 0x1
 645 0212 53       		.byte	0x53
 646 0213 02       		.uleb128 0x2
 647 0214 08       		.byte	0x8
 648 0215 9D       		.byte	0x9d
 649 0216 00       		.byte	0
 650 0217 09       		.uleb128 0x9
ARM GAS  C:\Users\andre\AppData\Local\Temp\ccEQbMIT.s 			page 15


 651 0218 6A000000 		.4byte	.LVL19
 652 021c 1E040000 		.4byte	0x41e
 653 0220 30020000 		.4byte	0x230
 654 0224 0A       		.uleb128 0xa
 655 0225 01       		.uleb128 0x1
 656 0226 52       		.byte	0x52
 657 0227 02       		.uleb128 0x2
 658 0228 08       		.byte	0x8
 659 0229 9D       		.byte	0x9d
 660 022a 0A       		.uleb128 0xa
 661 022b 01       		.uleb128 0x1
 662 022c 53       		.byte	0x53
 663 022d 01       		.uleb128 0x1
 664 022e 30       		.byte	0x30
 665 022f 00       		.byte	0
 666 0230 08       		.uleb128 0x8
 667 0231 70000000 		.4byte	.LVL20
 668 0235 29040000 		.4byte	0x429
 669 0239 08       		.uleb128 0x8
 670 023a 76000000 		.4byte	.LVL21
 671 023e 34040000 		.4byte	0x434
 672 0242 00       		.byte	0
 673 0243 10       		.uleb128 0x10
 674 0244 A7000000 		.4byte	.LASF64
 675 0248 01       		.byte	0x1
 676 0249 25       		.byte	0x25
 677 024a 73000000 		.4byte	0x73
 678 024e 00000000 		.4byte	.LFB64
 679 0252 5C000000 		.4byte	.LFE64-.LFB64
 680 0256 01       		.uleb128 0x1
 681 0257 9C       		.byte	0x9c
 682 0258 09030000 		.4byte	0x309
 683 025c 08       		.uleb128 0x8
 684 025d 08000000 		.4byte	.LVL22
 685 0261 3F040000 		.4byte	0x43f
 686 0265 08       		.uleb128 0x8
 687 0266 0C000000 		.4byte	.LVL23
 688 026a 4A040000 		.4byte	0x44a
 689 026e 08       		.uleb128 0x8
 690 026f 10000000 		.4byte	.LVL24
 691 0273 55040000 		.4byte	0x455
 692 0277 08       		.uleb128 0x8
 693 0278 14000000 		.4byte	.LVL25
 694 027c 60040000 		.4byte	0x460
 695 0280 08       		.uleb128 0x8
 696 0281 18000000 		.4byte	.LVL26
 697 0285 6B040000 		.4byte	0x46b
 698 0289 08       		.uleb128 0x8
 699 028a 1C000000 		.4byte	.LVL27
 700 028e 76040000 		.4byte	0x476
 701 0292 08       		.uleb128 0x8
 702 0293 20000000 		.4byte	.LVL28
 703 0297 81040000 		.4byte	0x481
 704 029b 08       		.uleb128 0x8
 705 029c 24000000 		.4byte	.LVL29
 706 02a0 8C040000 		.4byte	0x48c
 707 02a4 08       		.uleb128 0x8
ARM GAS  C:\Users\andre\AppData\Local\Temp\ccEQbMIT.s 			page 16


 708 02a5 28000000 		.4byte	.LVL30
 709 02a9 97040000 		.4byte	0x497
 710 02ad 08       		.uleb128 0x8
 711 02ae 2C000000 		.4byte	.LVL31
 712 02b2 A2040000 		.4byte	0x4a2
 713 02b6 08       		.uleb128 0x8
 714 02b7 30000000 		.4byte	.LVL32
 715 02bb AD040000 		.4byte	0x4ad
 716 02bf 09       		.uleb128 0x9
 717 02c0 36000000 		.4byte	.LVL33
 718 02c4 B8040000 		.4byte	0x4b8
 719 02c8 D6020000 		.4byte	0x2d6
 720 02cc 0A       		.uleb128 0xa
 721 02cd 01       		.uleb128 0x1
 722 02ce 50       		.byte	0x50
 723 02cf 05       		.uleb128 0x5
 724 02d0 03       		.byte	0x3
 725 02d1 00000000 		.4byte	ISR_SPIS_rx_handler
 726 02d5 00       		.byte	0
 727 02d6 09       		.uleb128 0x9
 728 02d7 3C000000 		.4byte	.LVL34
 729 02db C3040000 		.4byte	0x4c3
 730 02df ED020000 		.4byte	0x2ed
 731 02e3 0A       		.uleb128 0xa
 732 02e4 01       		.uleb128 0x1
 733 02e5 50       		.byte	0x50
 734 02e6 05       		.uleb128 0x5
 735 02e7 03       		.byte	0x3
 736 02e8 00000000 		.4byte	ISR_UART_rx_handler
 737 02ec 00       		.byte	0
 738 02ed 08       		.uleb128 0x8
 739 02ee 40000000 		.4byte	.LVL35
 740 02f2 CE040000 		.4byte	0x4ce
 741 02f6 08       		.uleb128 0x8
 742 02f7 44000000 		.4byte	.LVL36
 743 02fb D9040000 		.4byte	0x4d9
 744 02ff 08       		.uleb128 0x8
 745 0300 4C000000 		.4byte	.LVL37
 746 0304 A9010000 		.4byte	0x1a9
 747 0308 00       		.byte	0
 748 0309 11       		.uleb128 0x11
 749 030a 2F030000 		.4byte	.LASF23
 750 030e 04       		.byte	0x4
 751 030f 1207     		.2byte	0x712
 752 0311 15030000 		.4byte	0x315
 753 0315 12       		.uleb128 0x12
 754 0316 8C000000 		.4byte	0x8c
 755 031a 13       		.uleb128 0x13
 756 031b E8020000 		.4byte	.LASF24
 757 031f 01       		.byte	0x1
 758 0320 1D       		.byte	0x1d
 759 0321 81000000 		.4byte	0x81
 760 0325 05       		.uleb128 0x5
 761 0326 03       		.byte	0x3
 762 0327 00000000 		.4byte	sendB_
 763 032b 13       		.uleb128 0x13
 764 032c 11010000 		.4byte	.LASF25
ARM GAS  C:\Users\andre\AppData\Local\Temp\ccEQbMIT.s 			page 17


 765 0330 01       		.byte	0x1
 766 0331 1E       		.byte	0x1e
 767 0332 81000000 		.4byte	0x81
 768 0336 05       		.uleb128 0x5
 769 0337 03       		.byte	0x3
 770 0338 00000000 		.4byte	slave_bytesReceived
 771 033c 14       		.uleb128 0x14
 772 033d 6300     		.ascii	"c\000"
 773 033f 01       		.byte	0x1
 774 0340 1F       		.byte	0x1f
 775 0341 81000000 		.4byte	0x81
 776 0345 05       		.uleb128 0x5
 777 0346 03       		.byte	0x3
 778 0347 00000000 		.4byte	c
 779 034b 13       		.uleb128 0x13
 780 034c E7000000 		.4byte	.LASF26
 781 0350 01       		.byte	0x1
 782 0351 20       		.byte	0x20
 783 0352 73000000 		.4byte	0x73
 784 0356 05       		.uleb128 0x5
 785 0357 03       		.byte	0x3
 786 0358 00000000 		.4byte	calR
 787 035c 13       		.uleb128 0x13
 788 035d DA000000 		.4byte	.LASF27
 789 0361 01       		.byte	0x1
 790 0362 21       		.byte	0x21
 791 0363 73000000 		.4byte	0x73
 792 0367 05       		.uleb128 0x5
 793 0368 03       		.byte	0x3
 794 0369 00000000 		.4byte	calL
 795 036d 13       		.uleb128 0x13
 796 036e BC000000 		.4byte	.LASF28
 797 0372 01       		.byte	0x1
 798 0373 22       		.byte	0x22
 799 0374 73000000 		.4byte	0x73
 800 0378 05       		.uleb128 0x5
 801 0379 03       		.byte	0x3
 802 037a 00000000 		.4byte	PWML
 803 037e 13       		.uleb128 0x13
 804 037f C1000000 		.4byte	.LASF29
 805 0383 01       		.byte	0x1
 806 0384 23       		.byte	0x23
 807 0385 73000000 		.4byte	0x73
 808 0389 05       		.uleb128 0x5
 809 038a 03       		.byte	0x3
 810 038b 00000000 		.4byte	PWMR
 811 038f 15       		.uleb128 0x15
 812 0390 F9000000 		.4byte	.LASF30
 813 0394 F9000000 		.4byte	.LASF30
 814 0398 05       		.byte	0x5
 815 0399 57       		.byte	0x57
 816 039a 15       		.uleb128 0x15
 817 039b 5B010000 		.4byte	.LASF31
 818 039f 5B010000 		.4byte	.LASF31
 819 03a3 06       		.byte	0x6
 820 03a4 FD       		.byte	0xfd
 821 03a5 15       		.uleb128 0x15
ARM GAS  C:\Users\andre\AppData\Local\Temp\ccEQbMIT.s 			page 18


 822 03a6 9B020000 		.4byte	.LASF32
 823 03aa 9B020000 		.4byte	.LASF32
 824 03ae 07       		.byte	0x7
 825 03af 8B       		.byte	0x8b
 826 03b0 15       		.uleb128 0x15
 827 03b1 FF010000 		.4byte	.LASF33
 828 03b5 FF010000 		.4byte	.LASF33
 829 03b9 05       		.byte	0x5
 830 03ba 50       		.byte	0x50
 831 03bb 15       		.uleb128 0x15
 832 03bc EE030000 		.4byte	.LASF34
 833 03c0 EE030000 		.4byte	.LASF34
 834 03c4 05       		.byte	0x5
 835 03c5 63       		.byte	0x63
 836 03c6 15       		.uleb128 0x15
 837 03c7 CA030000 		.4byte	.LASF35
 838 03cb CA030000 		.4byte	.LASF35
 839 03cf 08       		.byte	0x8
 840 03d0 76       		.byte	0x76
 841 03d1 15       		.uleb128 0x15
 842 03d2 7D020000 		.4byte	.LASF36
 843 03d6 7D020000 		.4byte	.LASF36
 844 03da 07       		.byte	0x7
 845 03db 73       		.byte	0x73
 846 03dc 15       		.uleb128 0x15
 847 03dd 37020000 		.4byte	.LASF37
 848 03e1 37020000 		.4byte	.LASF37
 849 03e5 07       		.byte	0x7
 850 03e6 6F       		.byte	0x6f
 851 03e7 15       		.uleb128 0x15
 852 03e8 BA020000 		.4byte	.LASF38
 853 03ec BA020000 		.4byte	.LASF38
 854 03f0 07       		.byte	0x7
 855 03f1 88       		.byte	0x88
 856 03f2 15       		.uleb128 0x15
 857 03f3 B1000000 		.4byte	.LASF39
 858 03f7 B1000000 		.4byte	.LASF39
 859 03fb 09       		.byte	0x9
 860 03fc 0D       		.byte	0xd
 861 03fd 15       		.uleb128 0x15
 862 03fe 9F000000 		.4byte	.LASF40
 863 0402 9F000000 		.4byte	.LASF40
 864 0406 09       		.byte	0x9
 865 0407 0E       		.byte	0xe
 866 0408 15       		.uleb128 0x15
 867 0409 2C000000 		.4byte	.LASF41
 868 040d 2C000000 		.4byte	.LASF41
 869 0411 09       		.byte	0x9
 870 0412 11       		.byte	0x11
 871 0413 15       		.uleb128 0x15
 872 0414 5E000000 		.4byte	.LASF42
 873 0418 5E000000 		.4byte	.LASF42
 874 041c 09       		.byte	0x9
 875 041d 13       		.byte	0x13
 876 041e 15       		.uleb128 0x15
 877 041f C9010000 		.4byte	.LASF43
 878 0423 C9010000 		.4byte	.LASF43
ARM GAS  C:\Users\andre\AppData\Local\Temp\ccEQbMIT.s 			page 19


 879 0427 09       		.byte	0x9
 880 0428 12       		.byte	0x12
 881 0429 15       		.uleb128 0x15
 882 042a 25020000 		.4byte	.LASF44
 883 042e 25020000 		.4byte	.LASF44
 884 0432 09       		.byte	0x9
 885 0433 10       		.byte	0x10
 886 0434 15       		.uleb128 0x15
 887 0435 26030000 		.4byte	.LASF45
 888 0439 26030000 		.4byte	.LASF45
 889 043d 09       		.byte	0x9
 890 043e 0F       		.byte	0xf
 891 043f 15       		.uleb128 0x15
 892 0440 37000000 		.4byte	.LASF46
 893 0444 37000000 		.4byte	.LASF46
 894 0448 0A       		.byte	0xa
 895 0449 DA       		.byte	0xda
 896 044a 15       		.uleb128 0x15
 897 044b 92010000 		.4byte	.LASF47
 898 044f 92010000 		.4byte	.LASF47
 899 0453 0B       		.byte	0xb
 900 0454 DA       		.byte	0xda
 901 0455 15       		.uleb128 0x15
 902 0456 46010000 		.4byte	.LASF48
 903 045a 46010000 		.4byte	.LASF48
 904 045e 0B       		.byte	0xb
 905 045f 92       		.byte	0x92
 906 0460 15       		.uleb128 0x15
 907 0461 C6000000 		.4byte	.LASF49
 908 0465 C6000000 		.4byte	.LASF49
 909 0469 0A       		.byte	0xa
 910 046a 92       		.byte	0x92
 911 046b 15       		.uleb128 0x15
 912 046c E0030000 		.4byte	.LASF50
 913 0470 E0030000 		.4byte	.LASF50
 914 0474 0C       		.byte	0xc
 915 0475 43       		.byte	0x43
 916 0476 15       		.uleb128 0x15
 917 0477 D2030000 		.4byte	.LASF51
 918 047b D2030000 		.4byte	.LASF51
 919 047f 0D       		.byte	0xd
 920 0480 43       		.byte	0x43
 921 0481 15       		.uleb128 0x15
 922 0482 49020000 		.4byte	.LASF52
 923 0486 49020000 		.4byte	.LASF52
 924 048a 0C       		.byte	0xc
 925 048b 34       		.byte	0x34
 926 048c 15       		.uleb128 0x15
 927 048d F0010000 		.4byte	.LASF53
 928 0491 F0010000 		.4byte	.LASF53
 929 0495 0D       		.byte	0xd
 930 0496 34       		.byte	0x34
 931 0497 15       		.uleb128 0x15
 932 0498 00000000 		.4byte	.LASF54
 933 049c 00000000 		.4byte	.LASF54
 934 04a0 0C       		.byte	0xc
 935 04a1 D1       		.byte	0xd1
ARM GAS  C:\Users\andre\AppData\Local\Temp\ccEQbMIT.s 			page 20


 936 04a2 15       		.uleb128 0x15
 937 04a3 16000000 		.4byte	.LASF55
 938 04a7 16000000 		.4byte	.LASF55
 939 04ab 0D       		.byte	0xd
 940 04ac D1       		.byte	0xd1
 941 04ad 15       		.uleb128 0x15
 942 04ae 92000000 		.4byte	.LASF56
 943 04b2 92000000 		.4byte	.LASF56
 944 04b6 05       		.byte	0x5
 945 04b7 46       		.byte	0x46
 946 04b8 15       		.uleb128 0x15
 947 04b9 74000000 		.4byte	.LASF57
 948 04bd 74000000 		.4byte	.LASF57
 949 04c1 0E       		.byte	0xe
 950 04c2 18       		.byte	0x18
 951 04c3 15       		.uleb128 0x15
 952 04c4 E0010000 		.4byte	.LASF58
 953 04c8 E0010000 		.4byte	.LASF58
 954 04cc 0F       		.byte	0xf
 955 04cd 18       		.byte	0x18
 956 04ce 15       		.uleb128 0x15
 957 04cf EC000000 		.4byte	.LASF59
 958 04d3 EC000000 		.4byte	.LASF59
 959 04d7 07       		.byte	0x7
 960 04d8 54       		.byte	0x54
 961 04d9 15       		.uleb128 0x15
 962 04da D7020000 		.4byte	.LASF60
 963 04de D7020000 		.4byte	.LASF60
 964 04e2 10       		.byte	0x10
 965 04e3 93       		.byte	0x93
 966 04e4 00       		.byte	0
 967              		.section	.debug_abbrev,"",%progbits
 968              	.Ldebug_abbrev0:
 969 0000 01       		.uleb128 0x1
 970 0001 11       		.uleb128 0x11
 971 0002 01       		.byte	0x1
 972 0003 25       		.uleb128 0x25
 973 0004 0E       		.uleb128 0xe
 974 0005 13       		.uleb128 0x13
 975 0006 0B       		.uleb128 0xb
 976 0007 03       		.uleb128 0x3
 977 0008 0E       		.uleb128 0xe
 978 0009 1B       		.uleb128 0x1b
 979 000a 0E       		.uleb128 0xe
 980 000b 55       		.uleb128 0x55
 981 000c 17       		.uleb128 0x17
 982 000d 11       		.uleb128 0x11
 983 000e 01       		.uleb128 0x1
 984 000f 10       		.uleb128 0x10
 985 0010 17       		.uleb128 0x17
 986 0011 00       		.byte	0
 987 0012 00       		.byte	0
 988 0013 02       		.uleb128 0x2
 989 0014 24       		.uleb128 0x24
 990 0015 00       		.byte	0
 991 0016 0B       		.uleb128 0xb
 992 0017 0B       		.uleb128 0xb
ARM GAS  C:\Users\andre\AppData\Local\Temp\ccEQbMIT.s 			page 21


 993 0018 3E       		.uleb128 0x3e
 994 0019 0B       		.uleb128 0xb
 995 001a 03       		.uleb128 0x3
 996 001b 0E       		.uleb128 0xe
 997 001c 00       		.byte	0
 998 001d 00       		.byte	0
 999 001e 03       		.uleb128 0x3
 1000 001f 16       		.uleb128 0x16
 1001 0020 00       		.byte	0
 1002 0021 03       		.uleb128 0x3
 1003 0022 0E       		.uleb128 0xe
 1004 0023 3A       		.uleb128 0x3a
 1005 0024 0B       		.uleb128 0xb
 1006 0025 3B       		.uleb128 0x3b
 1007 0026 0B       		.uleb128 0xb
 1008 0027 49       		.uleb128 0x49
 1009 0028 13       		.uleb128 0x13
 1010 0029 00       		.byte	0
 1011 002a 00       		.byte	0
 1012 002b 04       		.uleb128 0x4
 1013 002c 24       		.uleb128 0x24
 1014 002d 00       		.byte	0
 1015 002e 0B       		.uleb128 0xb
 1016 002f 0B       		.uleb128 0xb
 1017 0030 3E       		.uleb128 0x3e
 1018 0031 0B       		.uleb128 0xb
 1019 0032 03       		.uleb128 0x3
 1020 0033 08       		.uleb128 0x8
 1021 0034 00       		.byte	0
 1022 0035 00       		.byte	0
 1023 0036 05       		.uleb128 0x5
 1024 0037 2E       		.uleb128 0x2e
 1025 0038 01       		.byte	0x1
 1026 0039 3F       		.uleb128 0x3f
 1027 003a 19       		.uleb128 0x19
 1028 003b 03       		.uleb128 0x3
 1029 003c 0E       		.uleb128 0xe
 1030 003d 3A       		.uleb128 0x3a
 1031 003e 0B       		.uleb128 0xb
 1032 003f 3B       		.uleb128 0x3b
 1033 0040 0B       		.uleb128 0xb
 1034 0041 27       		.uleb128 0x27
 1035 0042 19       		.uleb128 0x19
 1036 0043 11       		.uleb128 0x11
 1037 0044 01       		.uleb128 0x1
 1038 0045 12       		.uleb128 0x12
 1039 0046 06       		.uleb128 0x6
 1040 0047 40       		.uleb128 0x40
 1041 0048 18       		.uleb128 0x18
 1042 0049 9742     		.uleb128 0x2117
 1043 004b 19       		.uleb128 0x19
 1044 004c 01       		.uleb128 0x1
 1045 004d 13       		.uleb128 0x13
 1046 004e 00       		.byte	0
 1047 004f 00       		.byte	0
 1048 0050 06       		.uleb128 0x6
 1049 0051 34       		.uleb128 0x34
ARM GAS  C:\Users\andre\AppData\Local\Temp\ccEQbMIT.s 			page 22


 1050 0052 00       		.byte	0
 1051 0053 03       		.uleb128 0x3
 1052 0054 0E       		.uleb128 0xe
 1053 0055 3A       		.uleb128 0x3a
 1054 0056 0B       		.uleb128 0xb
 1055 0057 3B       		.uleb128 0x3b
 1056 0058 0B       		.uleb128 0xb
 1057 0059 49       		.uleb128 0x49
 1058 005a 13       		.uleb128 0x13
 1059 005b 02       		.uleb128 0x2
 1060 005c 18       		.uleb128 0x18
 1061 005d 00       		.byte	0
 1062 005e 00       		.byte	0
 1063 005f 07       		.uleb128 0x7
 1064 0060 34       		.uleb128 0x34
 1065 0061 00       		.byte	0
 1066 0062 03       		.uleb128 0x3
 1067 0063 08       		.uleb128 0x8
 1068 0064 3A       		.uleb128 0x3a
 1069 0065 0B       		.uleb128 0xb
 1070 0066 3B       		.uleb128 0x3b
 1071 0067 0B       		.uleb128 0xb
 1072 0068 49       		.uleb128 0x49
 1073 0069 13       		.uleb128 0x13
 1074 006a 1C       		.uleb128 0x1c
 1075 006b 0B       		.uleb128 0xb
 1076 006c 00       		.byte	0
 1077 006d 00       		.byte	0
 1078 006e 08       		.uleb128 0x8
 1079 006f 898201   		.uleb128 0x4109
 1080 0072 00       		.byte	0
 1081 0073 11       		.uleb128 0x11
 1082 0074 01       		.uleb128 0x1
 1083 0075 31       		.uleb128 0x31
 1084 0076 13       		.uleb128 0x13
 1085 0077 00       		.byte	0
 1086 0078 00       		.byte	0
 1087 0079 09       		.uleb128 0x9
 1088 007a 898201   		.uleb128 0x4109
 1089 007d 01       		.byte	0x1
 1090 007e 11       		.uleb128 0x11
 1091 007f 01       		.uleb128 0x1
 1092 0080 31       		.uleb128 0x31
 1093 0081 13       		.uleb128 0x13
 1094 0082 01       		.uleb128 0x1
 1095 0083 13       		.uleb128 0x13
 1096 0084 00       		.byte	0
 1097 0085 00       		.byte	0
 1098 0086 0A       		.uleb128 0xa
 1099 0087 8A8201   		.uleb128 0x410a
 1100 008a 00       		.byte	0
 1101 008b 02       		.uleb128 0x2
 1102 008c 18       		.uleb128 0x18
 1103 008d 9142     		.uleb128 0x2111
 1104 008f 18       		.uleb128 0x18
 1105 0090 00       		.byte	0
 1106 0091 00       		.byte	0
ARM GAS  C:\Users\andre\AppData\Local\Temp\ccEQbMIT.s 			page 23


 1107 0092 0B       		.uleb128 0xb
 1108 0093 898201   		.uleb128 0x4109
 1109 0096 01       		.byte	0x1
 1110 0097 11       		.uleb128 0x11
 1111 0098 01       		.uleb128 0x1
 1112 0099 31       		.uleb128 0x31
 1113 009a 13       		.uleb128 0x13
 1114 009b 00       		.byte	0
 1115 009c 00       		.byte	0
 1116 009d 0C       		.uleb128 0xc
 1117 009e 01       		.uleb128 0x1
 1118 009f 01       		.byte	0x1
 1119 00a0 49       		.uleb128 0x49
 1120 00a1 13       		.uleb128 0x13
 1121 00a2 01       		.uleb128 0x1
 1122 00a3 13       		.uleb128 0x13
 1123 00a4 00       		.byte	0
 1124 00a5 00       		.byte	0
 1125 00a6 0D       		.uleb128 0xd
 1126 00a7 21       		.uleb128 0x21
 1127 00a8 00       		.byte	0
 1128 00a9 49       		.uleb128 0x49
 1129 00aa 13       		.uleb128 0x13
 1130 00ab 2F       		.uleb128 0x2f
 1131 00ac 0B       		.uleb128 0xb
 1132 00ad 00       		.byte	0
 1133 00ae 00       		.byte	0
 1134 00af 0E       		.uleb128 0xe
 1135 00b0 34       		.uleb128 0x34
 1136 00b1 00       		.byte	0
 1137 00b2 03       		.uleb128 0x3
 1138 00b3 0E       		.uleb128 0xe
 1139 00b4 3A       		.uleb128 0x3a
 1140 00b5 0B       		.uleb128 0xb
 1141 00b6 3B       		.uleb128 0x3b
 1142 00b7 0B       		.uleb128 0xb
 1143 00b8 49       		.uleb128 0x49
 1144 00b9 13       		.uleb128 0x13
 1145 00ba 02       		.uleb128 0x2
 1146 00bb 17       		.uleb128 0x17
 1147 00bc 00       		.byte	0
 1148 00bd 00       		.byte	0
 1149 00be 0F       		.uleb128 0xf
 1150 00bf 05       		.uleb128 0x5
 1151 00c0 00       		.byte	0
 1152 00c1 03       		.uleb128 0x3
 1153 00c2 08       		.uleb128 0x8
 1154 00c3 3A       		.uleb128 0x3a
 1155 00c4 0B       		.uleb128 0xb
 1156 00c5 3B       		.uleb128 0x3b
 1157 00c6 0B       		.uleb128 0xb
 1158 00c7 49       		.uleb128 0x49
 1159 00c8 13       		.uleb128 0x13
 1160 00c9 02       		.uleb128 0x2
 1161 00ca 17       		.uleb128 0x17
 1162 00cb 00       		.byte	0
 1163 00cc 00       		.byte	0
ARM GAS  C:\Users\andre\AppData\Local\Temp\ccEQbMIT.s 			page 24


 1164 00cd 10       		.uleb128 0x10
 1165 00ce 2E       		.uleb128 0x2e
 1166 00cf 01       		.byte	0x1
 1167 00d0 3F       		.uleb128 0x3f
 1168 00d1 19       		.uleb128 0x19
 1169 00d2 03       		.uleb128 0x3
 1170 00d3 0E       		.uleb128 0xe
 1171 00d4 3A       		.uleb128 0x3a
 1172 00d5 0B       		.uleb128 0xb
 1173 00d6 3B       		.uleb128 0x3b
 1174 00d7 0B       		.uleb128 0xb
 1175 00d8 27       		.uleb128 0x27
 1176 00d9 19       		.uleb128 0x19
 1177 00da 49       		.uleb128 0x49
 1178 00db 13       		.uleb128 0x13
 1179 00dc 8701     		.uleb128 0x87
 1180 00de 19       		.uleb128 0x19
 1181 00df 11       		.uleb128 0x11
 1182 00e0 01       		.uleb128 0x1
 1183 00e1 12       		.uleb128 0x12
 1184 00e2 06       		.uleb128 0x6
 1185 00e3 40       		.uleb128 0x40
 1186 00e4 18       		.uleb128 0x18
 1187 00e5 9742     		.uleb128 0x2117
 1188 00e7 19       		.uleb128 0x19
 1189 00e8 01       		.uleb128 0x1
 1190 00e9 13       		.uleb128 0x13
 1191 00ea 00       		.byte	0
 1192 00eb 00       		.byte	0
 1193 00ec 11       		.uleb128 0x11
 1194 00ed 34       		.uleb128 0x34
 1195 00ee 00       		.byte	0
 1196 00ef 03       		.uleb128 0x3
 1197 00f0 0E       		.uleb128 0xe
 1198 00f1 3A       		.uleb128 0x3a
 1199 00f2 0B       		.uleb128 0xb
 1200 00f3 3B       		.uleb128 0x3b
 1201 00f4 05       		.uleb128 0x5
 1202 00f5 49       		.uleb128 0x49
 1203 00f6 13       		.uleb128 0x13
 1204 00f7 3F       		.uleb128 0x3f
 1205 00f8 19       		.uleb128 0x19
 1206 00f9 3C       		.uleb128 0x3c
 1207 00fa 19       		.uleb128 0x19
 1208 00fb 00       		.byte	0
 1209 00fc 00       		.byte	0
 1210 00fd 12       		.uleb128 0x12
 1211 00fe 35       		.uleb128 0x35
 1212 00ff 00       		.byte	0
 1213 0100 49       		.uleb128 0x49
 1214 0101 13       		.uleb128 0x13
 1215 0102 00       		.byte	0
 1216 0103 00       		.byte	0
 1217 0104 13       		.uleb128 0x13
 1218 0105 34       		.uleb128 0x34
 1219 0106 00       		.byte	0
 1220 0107 03       		.uleb128 0x3
ARM GAS  C:\Users\andre\AppData\Local\Temp\ccEQbMIT.s 			page 25


 1221 0108 0E       		.uleb128 0xe
 1222 0109 3A       		.uleb128 0x3a
 1223 010a 0B       		.uleb128 0xb
 1224 010b 3B       		.uleb128 0x3b
 1225 010c 0B       		.uleb128 0xb
 1226 010d 49       		.uleb128 0x49
 1227 010e 13       		.uleb128 0x13
 1228 010f 3F       		.uleb128 0x3f
 1229 0110 19       		.uleb128 0x19
 1230 0111 02       		.uleb128 0x2
 1231 0112 18       		.uleb128 0x18
 1232 0113 00       		.byte	0
 1233 0114 00       		.byte	0
 1234 0115 14       		.uleb128 0x14
 1235 0116 34       		.uleb128 0x34
 1236 0117 00       		.byte	0
 1237 0118 03       		.uleb128 0x3
 1238 0119 08       		.uleb128 0x8
 1239 011a 3A       		.uleb128 0x3a
 1240 011b 0B       		.uleb128 0xb
 1241 011c 3B       		.uleb128 0x3b
 1242 011d 0B       		.uleb128 0xb
 1243 011e 49       		.uleb128 0x49
 1244 011f 13       		.uleb128 0x13
 1245 0120 3F       		.uleb128 0x3f
 1246 0121 19       		.uleb128 0x19
 1247 0122 02       		.uleb128 0x2
 1248 0123 18       		.uleb128 0x18
 1249 0124 00       		.byte	0
 1250 0125 00       		.byte	0
 1251 0126 15       		.uleb128 0x15
 1252 0127 2E       		.uleb128 0x2e
 1253 0128 00       		.byte	0
 1254 0129 3F       		.uleb128 0x3f
 1255 012a 19       		.uleb128 0x19
 1256 012b 3C       		.uleb128 0x3c
 1257 012c 19       		.uleb128 0x19
 1258 012d 6E       		.uleb128 0x6e
 1259 012e 0E       		.uleb128 0xe
 1260 012f 03       		.uleb128 0x3
 1261 0130 0E       		.uleb128 0xe
 1262 0131 3A       		.uleb128 0x3a
 1263 0132 0B       		.uleb128 0xb
 1264 0133 3B       		.uleb128 0x3b
 1265 0134 0B       		.uleb128 0xb
 1266 0135 00       		.byte	0
 1267 0136 00       		.byte	0
 1268 0137 00       		.byte	0
 1269              		.section	.debug_loc,"",%progbits
 1270              	.Ldebug_loc0:
 1271              	.LLST0:
 1272 0000 08000000 		.4byte	.LVL7
 1273 0004 18000000 		.4byte	.LVL10
 1274 0008 0100     		.2byte	0x1
 1275 000a 54       		.byte	0x54
 1276 000b 1A000000 		.4byte	.LVL11
 1277 000f 20000000 		.4byte	.LVL12
ARM GAS  C:\Users\andre\AppData\Local\Temp\ccEQbMIT.s 			page 26


 1278 0013 0100     		.2byte	0x1
 1279 0015 54       		.byte	0x54
 1280 0016 00000000 		.4byte	0
 1281 001a 00000000 		.4byte	0
 1282              	.LLST1:
 1283 001e 00000000 		.4byte	.LVL13
 1284 0022 04000000 		.4byte	.LVL14
 1285 0026 0100     		.2byte	0x1
 1286 0028 50       		.byte	0x50
 1287 0029 04000000 		.4byte	.LVL14
 1288 002d 80000000 		.4byte	.LFE67
 1289 0031 0400     		.2byte	0x4
 1290 0033 F3       		.byte	0xf3
 1291 0034 01       		.uleb128 0x1
 1292 0035 50       		.byte	0x50
 1293 0036 9F       		.byte	0x9f
 1294 0037 00000000 		.4byte	0
 1295 003b 00000000 		.4byte	0
 1296              		.section	.debug_aranges,"",%progbits
 1297 0000 34000000 		.4byte	0x34
 1298 0004 0200     		.2byte	0x2
 1299 0006 00000000 		.4byte	.Ldebug_info0
 1300 000a 04       		.byte	0x4
 1301 000b 00       		.byte	0
 1302 000c 0000     		.2byte	0
 1303 000e 0000     		.2byte	0
 1304 0010 00000000 		.4byte	.LFB65
 1305 0014 40000000 		.4byte	.LFE65-.LFB65
 1306 0018 00000000 		.4byte	.LFB66
 1307 001c 24000000 		.4byte	.LFE66-.LFB66
 1308 0020 00000000 		.4byte	.LFB67
 1309 0024 80000000 		.4byte	.LFE67-.LFB67
 1310 0028 00000000 		.4byte	.LFB64
 1311 002c 5C000000 		.4byte	.LFE64-.LFB64
 1312 0030 00000000 		.4byte	0
 1313 0034 00000000 		.4byte	0
 1314              		.section	.debug_ranges,"",%progbits
 1315              	.Ldebug_ranges0:
 1316 0000 00000000 		.4byte	.LFB65
 1317 0004 40000000 		.4byte	.LFE65
 1318 0008 00000000 		.4byte	.LFB66
 1319 000c 24000000 		.4byte	.LFE66
 1320 0010 00000000 		.4byte	.LFB67
 1321 0014 80000000 		.4byte	.LFE67
 1322 0018 00000000 		.4byte	.LFB64
 1323 001c 5C000000 		.4byte	.LFE64
 1324 0020 00000000 		.4byte	0
 1325 0024 00000000 		.4byte	0
 1326              		.section	.debug_line,"",%progbits
 1327              	.Ldebug_line0:
 1328 0000 D1020000 		.section	.debug_str,"MS",%progbits,1
 1328      02005C02 
 1328      00000201 
 1328      FB0E0D00 
 1328      01010101 
 1329              	.LASF54:
 1330 0000 4144435F 		.ascii	"ADC_calL_StartConvert\000"
ARM GAS  C:\Users\andre\AppData\Local\Temp\ccEQbMIT.s 			page 27


 1330      63616C4C 
 1330      5F537461 
 1330      7274436F 
 1330      6E766572 
 1331              	.LASF55:
 1332 0016 4144435F 		.ascii	"ADC_calR_StartConvert\000"
 1332      63616C52 
 1332      5F537461 
 1332      7274436F 
 1332      6E766572 
 1333              	.LASF41:
 1334 002c 6B6F7274 		.ascii	"kortilbage\000"
 1334      696C6261 
 1334      676500
 1335              	.LASF46:
 1336 0037 4D6F746F 		.ascii	"Motorpwm_Left_Init\000"
 1336      7270776D 
 1336      5F4C6566 
 1336      745F496E 
 1336      697400
 1337              	.LASF20:
 1338 004a 4953525F 		.ascii	"ISR_UART_rx_handler\000"
 1338      55415254 
 1338      5F72785F 
 1338      68616E64 
 1338      6C657200 
 1339              	.LASF42:
 1340 005e 6472656A 		.ascii	"drejVenstre\000"
 1340      56656E73 
 1340      74726500 
 1341              	.LASF2:
 1342 006a 73686F72 		.ascii	"short int\000"
 1342      7420696E 
 1342      7400
 1343              	.LASF57:
 1344 0074 4953525F 		.ascii	"ISR_SLAVE_RX_StartEx\000"
 1344      534C4156 
 1344      455F5258 
 1344      5F537461 
 1344      72744578 
 1345              	.LASF17:
 1346 0089 73697A65 		.ascii	"sizetype\000"
 1346      74797065 
 1346      00
 1347              	.LASF56:
 1348 0092 53504953 		.ascii	"SPIS_1_Start\000"
 1348      5F315F53 
 1348      74617274 
 1348      00
 1349              	.LASF40:
 1350 009f 6B6F7246 		.ascii	"korFrem\000"
 1350      72656D00 
 1351              	.LASF64:
 1352 00a7 6D61696E 		.ascii	"main\000"
 1352      00
 1353              	.LASF18:
 1354 00ac 62756666 		.ascii	"buff\000"
ARM GAS  C:\Users\andre\AppData\Local\Temp\ccEQbMIT.s 			page 28


 1354      00
 1355              	.LASF39:
 1356 00b1 73656172 		.ascii	"searchBall\000"
 1356      63684261 
 1356      6C6C00
 1357              	.LASF28:
 1358 00bc 50574D4C 		.ascii	"PWML\000"
 1358      00
 1359              	.LASF29:
 1360 00c1 50574D52 		.ascii	"PWMR\000"
 1360      00
 1361              	.LASF49:
 1362 00c6 4D6F746F 		.ascii	"Motorpwm_Left_Start\000"
 1362      7270776D 
 1362      5F4C6566 
 1362      745F5374 
 1362      61727400 
 1363              	.LASF27:
 1364 00da 63616C4C 		.ascii	"calL\000"
 1364      00
 1365              	.LASF11:
 1366 00df 75696E74 		.ascii	"uint8_t\000"
 1366      385F7400 
 1367              	.LASF26:
 1368 00e7 63616C52 		.ascii	"calR\000"
 1368      00
 1369              	.LASF59:
 1370 00ec 55415254 		.ascii	"UART_1_Start\000"
 1370      5F315F53 
 1370      74617274 
 1370      00
 1371              	.LASF30:
 1372 00f9 53504953 		.ascii	"SPIS_1_ReadRxData\000"
 1372      5F315F52 
 1372      65616452 
 1372      78446174 
 1372      6100
 1373              	.LASF13:
 1374 010b 666C6F61 		.ascii	"float\000"
 1374      7400
 1375              	.LASF25:
 1376 0111 736C6176 		.ascii	"slave_bytesReceived\000"
 1376      655F6279 
 1376      74657352 
 1376      65636569 
 1376      76656400 
 1377              	.LASF8:
 1378 0125 6C6F6E67 		.ascii	"long long int\000"
 1378      206C6F6E 
 1378      6720696E 
 1378      7400
 1379              	.LASF6:
 1380 0133 6C6F6E67 		.ascii	"long int\000"
 1380      20696E74 
 1380      00
 1381              	.LASF4:
 1382 013c 5F5F7569 		.ascii	"__uint8_t\000"
ARM GAS  C:\Users\andre\AppData\Local\Temp\ccEQbMIT.s 			page 29


 1382      6E74385F 
 1382      7400
 1383              	.LASF48:
 1384 0146 4D6F746F 		.ascii	"Motorpwm_right_Start\000"
 1384      7270776D 
 1384      5F726967 
 1384      68745F53 
 1384      74617274 
 1385              	.LASF31:
 1386 015b 736E7072 		.ascii	"snprintf\000"
 1386      696E7466 
 1386      00
 1387              	.LASF1:
 1388 0164 756E7369 		.ascii	"unsigned char\000"
 1388      676E6564 
 1388      20636861 
 1388      7200
 1389              	.LASF19:
 1390 0172 4953525F 		.ascii	"ISR_SPIS_rx_handler\000"
 1390      53504953 
 1390      5F72785F 
 1390      68616E64 
 1390      6C657200 
 1391              	.LASF16:
 1392 0186 6C6F6E67 		.ascii	"long double\000"
 1392      20646F75 
 1392      626C6500 
 1393              	.LASF47:
 1394 0192 4D6F746F 		.ascii	"Motorpwm_right_Init\000"
 1394      7270776D 
 1394      5F726967 
 1394      68745F49 
 1394      6E697400 
 1395              	.LASF0:
 1396 01a6 7369676E 		.ascii	"signed char\000"
 1396      65642063 
 1396      68617200 
 1397              	.LASF9:
 1398 01b2 6C6F6E67 		.ascii	"long long unsigned int\000"
 1398      206C6F6E 
 1398      6720756E 
 1398      7369676E 
 1398      65642069 
 1399              	.LASF43:
 1400 01c9 6472656A 		.ascii	"drejHojre\000"
 1400      486F6A72 
 1400      6500
 1401              	.LASF10:
 1402 01d3 756E7369 		.ascii	"unsigned int\000"
 1402      676E6564 
 1402      20696E74 
 1402      00
 1403              	.LASF58:
 1404 01e0 55415254 		.ascii	"UART_rx_StartEx\000"
 1404      5F72785F 
 1404      53746172 
 1404      74457800 
ARM GAS  C:\Users\andre\AppData\Local\Temp\ccEQbMIT.s 			page 30


 1405              	.LASF53:
 1406 01f0 4144435F 		.ascii	"ADC_calR_Start\000"
 1406      63616C52 
 1406      5F537461 
 1406      727400
 1407              	.LASF33:
 1408 01ff 53504953 		.ascii	"SPIS_1_WriteTxData\000"
 1408      5F315F57 
 1408      72697465 
 1408      54784461 
 1408      746100
 1409              	.LASF3:
 1410 0212 73686F72 		.ascii	"short unsigned int\000"
 1410      7420756E 
 1410      7369676E 
 1410      65642069 
 1410      6E7400
 1411              	.LASF44:
 1412 0225 73746F70 		.ascii	"stop\000"
 1412      00
 1413              	.LASF15:
 1414 022a 63686172 		.ascii	"char\000"
 1414      00
 1415              	.LASF12:
 1416 022f 696E7433 		.ascii	"int32_t\000"
 1416      325F7400 
 1417              	.LASF37:
 1418 0237 55415254 		.ascii	"UART_1_ReadRxData\000"
 1418      5F315F52 
 1418      65616452 
 1418      78446174 
 1418      6100
 1419              	.LASF52:
 1420 0249 4144435F 		.ascii	"ADC_calL_Start\000"
 1420      63616C4C 
 1420      5F537461 
 1420      727400
 1421              	.LASF62:
 1422 0258 6D61696E 		.ascii	"main.c\000"
 1422      2E6300
 1423              	.LASF7:
 1424 025f 6C6F6E67 		.ascii	"long unsigned int\000"
 1424      20756E73 
 1424      69676E65 
 1424      6420696E 
 1424      7400
 1425              	.LASF21:
 1426 0271 62797465 		.ascii	"bytesToRead\000"
 1426      73546F52 
 1426      65616400 
 1427              	.LASF36:
 1428 027d 55415254 		.ascii	"UART_1_GetRxBufferSize\000"
 1428      5F315F47 
 1428      65745278 
 1428      42756666 
 1428      65725369 
 1429              	.LASF14:
ARM GAS  C:\Users\andre\AppData\Local\Temp\ccEQbMIT.s 			page 31


 1430 0294 646F7562 		.ascii	"double\000"
 1430      6C6500
 1431              	.LASF32:
 1432 029b 55415254 		.ascii	"UART_1_PutString\000"
 1432      5F315F50 
 1432      75745374 
 1432      72696E67 
 1432      00
 1433              	.LASF22:
 1434 02ac 736C6176 		.ascii	"slaveBytesRec\000"
 1434      65427974 
 1434      65735265 
 1434      6300
 1435              	.LASF38:
 1436 02ba 55415254 		.ascii	"UART_1_WriteTxData\000"
 1436      5F315F57 
 1436      72697465 
 1436      54784461 
 1436      746100
 1437              	.LASF5:
 1438 02cd 5F5F696E 		.ascii	"__int32_t\000"
 1438      7433325F 
 1438      7400
 1439              	.LASF60:
 1440 02d7 4932435F 		.ascii	"I2C_Master_Start\000"
 1440      4D617374 
 1440      65725F53 
 1440      74617274 
 1440      00
 1441              	.LASF24:
 1442 02e8 73656E64 		.ascii	"sendB_\000"
 1442      425F00
 1443              	.LASF63:
 1444 02ef 433A5C55 		.ascii	"C:\\Users\\andre\\Desktop\\Motorstyring\\Motorstyri"
 1444      73657273 
 1444      5C616E64 
 1444      72655C44 
 1444      65736B74 
 1445 031d 6E672E63 		.ascii	"ng.cydsn\000"
 1445      7964736E 
 1445      00
 1446              	.LASF45:
 1447 0326 66617374 		.ascii	"fastStop\000"
 1447      53746F70 
 1447      00
 1448              	.LASF23:
 1449 032f 49544D5F 		.ascii	"ITM_RxBuffer\000"
 1449      52784275 
 1449      66666572 
 1449      00
 1450              	.LASF61:
 1451 033c 474E5520 		.ascii	"GNU C11 5.4.1 20160609 (release) [ARM/embedded-5-br"
 1451      43313120 
 1451      352E342E 
 1451      31203230 
 1451      31363036 
 1452 036f 616E6368 		.ascii	"anch revision 237715] -mcpu=cortex-m3 -mthumb -g -O"
ARM GAS  C:\Users\andre\AppData\Local\Temp\ccEQbMIT.s 			page 32


 1452      20726576 
 1452      6973696F 
 1452      6E203233 
 1452      37373135 
 1453 03a2 67202D66 		.ascii	"g -ffunction-sections -ffat-lto-objects\000"
 1453      66756E63 
 1453      74696F6E 
 1453      2D736563 
 1453      74696F6E 
 1454              	.LASF35:
 1455 03ca 43794465 		.ascii	"CyDelay\000"
 1455      6C617900 
 1456              	.LASF51:
 1457 03d2 4144435F 		.ascii	"ADC_calR_Init\000"
 1457      63616C52 
 1457      5F496E69 
 1457      7400
 1458              	.LASF50:
 1459 03e0 4144435F 		.ascii	"ADC_calL_Init\000"
 1459      63616C4C 
 1459      5F496E69 
 1459      7400
 1460              	.LASF34:
 1461 03ee 53504953 		.ascii	"SPIS_1_ClearFIFO\000"
 1461      5F315F43 
 1461      6C656172 
 1461      4649464F 
 1461      00
 1462              		.ident	"GCC: (GNU Tools for ARM Embedded Processors) 5.4.1 20160609 (release) [ARM/embedded-5-bran
